================================================================================
Browser Console Log - 2025-12-26T05:34:18.448947
================================================================================

[05:34:22.042] [WARNING] [GroupMarkerNotSet(crbug.com/242999)!:A0101C0034050000]Automatic fallback to software WebGL has been deprecated. Please use the --enable-unsafe-swiftshader (about:flags#enable-unsafe-swiftshader) flag to opt in to lower security guarantees for trusted content.
[05:34:22.447] [ERROR] Access to XMLHttpRequest at 'https://libraweb-sg.tiktok.com/service/2/abtest_config/' from origin 'https://www.tiktok.com' has been blocked by CORS policy: Request header field upgrade-insecure-requests is not allowed by Access-Control-Allow-Headers in preflight response.
[05:34:22.449] [ERROR] Failed to load resource: net::ERR_FAILED
[05:34:22.826] [ERROR] Access to fetch at 'https://v16-webapp.tiktok.com/b93ee6dfd65463263155ee089fcaab4a/6950bf28/video/tos/maliva/tos-maliva-ve-0068c799-us/o0JopINEBz1Q6ASBwifRAPQFiimLC0BCn2JIuH/?a=1988&bti=ODszNWYuMDE6&ch=0&cr=3&dr=0&lr=all&cd=0%7C0%7C0%7C&cv=1&br=3150&bt=1575&cs=0&ds=3&ft=IecA0oTzD12Nvlm__.IxRZ5NWlBF-UjNSiopiX&mime_type=video_mp4&qs=0&rc=ZmQ6M2RkOzw8NjY3NTYzaEBpajRoNXA5cjluODMzZzczNEAyMl40NDYuXy4xLi9iMmAyYSMxMXJnMmRzZDBhLS1kMS9zcw%3D%3D&vvpl=1&l=2025122613244625FE3282073FDBB2844F&btag=e000b0000' from origin 'https://www.tiktok.com' has been blocked by CORS policy: Request header field upgrade-insecure-requests is not allowed by Access-Control-Allow-Headers in preflight response.
[05:34:22.826] [ERROR] Failed to load resource: net::ERR_FAILED
[05:34:22.831] [ERROR] Access to XMLHttpRequest at 'https://mon.tiktokv.com/monitor_web/settings/browser-settings?bid=pns_communication_service&store=1' from origin 'https://www.tiktok.com' has been blocked by CORS policy: Request header field upgrade-insecure-requests is not allowed by Access-Control-Allow-Headers in preflight response.
[05:34:22.831] [ERROR] Failed to load resource: net::ERR_FAILED
[05:34:22.974] [ERROR] Access to fetch at 'https://v16-webapp.tiktok.com/b93ee6dfd65463263155ee089fcaab4a/6950bf28/video/tos/maliva/tos-maliva-ve-0068c799-us/o0JopINEBz1Q6ASBwifRAPQFiimLC0BCn2JIuH/?a=1988&bti=ODszNWYuMDE6&ch=0&cr=3&dr=0&lr=all&cd=0%7C0%7C0%7C&cv=1&br=3150&bt=1575&cs=0&ds=3&ft=IecA0oTzD12Nvlm__.IxRZ5NWlBF-UjNSiopiX&mime_type=video_mp4&qs=0&rc=ZmQ6M2RkOzw8NjY3NTYzaEBpajRoNXA5cjluODMzZzczNEAyMl40NDYuXy4xLi9iMmAyYSMxMXJnMmRzZDBhLS1kMS9zcw%3D%3D&vvpl=1&l=2025122613244625FE3282073FDBB2844F&btag=e000b0000' from origin 'https://www.tiktok.com' has been blocked by CORS policy: Request header field upgrade-insecure-requests is not allowed by Access-Control-Allow-Headers in preflight response.
[05:34:22.974] [ERROR] Failed to load resource: net::ERR_FAILED
[05:34:23.516] [ERROR] Access to fetch at 'https://v19-web-newkey.tiktokcdn.com/38dcc7cbd1c99d9adf9dfe591abcf742/694e72c9/video/tos/maliva/tos-maliva-ve-0068c799-us/o0JopINEBz1Q6ASBwifRAPQFiimLC0BCn2JIuH/?a=1988&bti=bGRuZHxvMXIxcm53Zm1cYF9ebWFzaHFmOg%3D%3D&ch=0&cr=0&dr=0&er=0&cd=0%7C0%7C0%7C0&cv=1&br=3150&bt=1575&cs=0&ds=3&ft=JE3-IDHhNF6VQZqG0mq-sdxOhhXqYl3E5F5~hWLrK&mime_type=video_mp4&qs=0&rc=ZmQ6M2RkOzw8NjY3NTYzaEBpajRoNXA5cjluODMzZzczNEAyMl40NDYuXy4xLi9iMmAyYSMxMXJnMmRzZDBhLS1kMS9zcw%3D%3D&vvpl=1&l=202512261334232175EFFC28BFC0AA3ED2&btag=e000b0000' (redirected from 'https://www.tiktok.com/aweme/v1/play/?faid=1988&file_id=5ec053e224134319b9189a7a70a75a5c&is_play_url=1&item_id=7586112300378033422&line=0&signaturev3=dmlkZW9faWQ7ZmlsZV9pZDtpdGVtX2lkLjIzOTY3NjU3N2VhOTMzMzVhZjZlNzdjNGJiMjVmZDY1&video_id=v12044gd0000d53kg6vog65mj2ue414g') from origin 'https://www.tiktok.com' has been blocked by CORS policy: Request header field upgrade-insecure-requests is not allowed by Access-Control-Allow-Headers in preflight response.
[05:34:23.516] [ERROR] Failed to load resource: net::ERR_FAILED
[05:34:23.807] [ERROR] Access to XMLHttpRequest at 'https://mon.tiktokv.com/monitor_web/settings/browser-settings?bid=tiktok_webapp&store=1' from origin 'https://www.tiktok.com' has been blocked by CORS policy: Request header field upgrade-insecure-requests is not allowed by Access-Control-Allow-Headers in preflight response.
[05:34:23.809] [ERROR] Failed to load resource: net::ERR_FAILED
[05:34:24.152] [WARNING] [GroupMarkerNotSet(crbug.com/242999)!:A0101C0034050000]Automatic fallback to software WebGL has been deprecated. Please use the --enable-unsafe-swiftshader (about:flags#enable-unsafe-swiftshader) flag to opt in to lower security guarantees for trusted content.
[05:34:24.412] [ERROR] Access to XMLHttpRequest at 'https://mon.tiktokv.com/monitor_web/settings/browser-settings?bid=webmssdk&store=1' from origin 'https://www.tiktok.com' has been blocked by CORS policy: Request header field upgrade-insecure-requests is not allowed by Access-Control-Allow-Headers in preflight response.
[05:34:24.414] [ERROR] Failed to load resource: net::ERR_FAILED
[05:34:24.720] [ERROR] Access to fetch at 'https://webcast.tiktok.com/webcast/wallet_api_tiktok/recharge/check_external_entry?WebIdLastTime=1766727260&aid=1988&app_language=en&app_name=tiktok_web&browser_language=en-US&browser_name=Mozilla&browser_online=true&browser_platform=Win32&browser_version=5.0%20%28Windows%20NT%2010.0%3B%20Win64%3B%20x64%29%20AppleWebKit%2F537.36%20%28KHTML%2C%20like%20Gecko%29%20Chrome%2F143.0.0.0%20Safari%2F537.36&channel=tiktok_web&cookie_enabled=true&data_collection_enabled=false&device_id=7588035779576022535&device_platform=web_pc&focus_state=true&from_page=&history_len=2&is_experiment_group=false&is_fullscreen=false&is_page_visible=true&odinId=7588035578350060551&os=windows&page_source=0&priority_region=&referer=&region=VN&screen_height=960&screen_width=1536&tz_name=Asia%2FSaigon&user_is_login=false&webcast_language=en&msToken=&X-Bogus=DFSzswVOOaUANJLHCFP5pxQeLMJP&X-Gnarly=MPS0p4JDAslYLWcZSFCbDpOqSX5faKES4JSyUS92oOVpXXCxt1uzed32NVqwLS7/NFum639tyxORQEg75pLviep7B/Y6WD-cvgYguCYDCNbruR-3gTZJBPi5RfmrFPaP5Fg4lnatiad7xRJZAQGJ/hM2hA9LZy3SUvHcvzMjFco7Upnilz2wLJ4ifMYQcM1QCUTMGQl9eA1kp8tSf7ZkfxspZHvjz41sPmOjiVVy9nfTyt4Ba78VNeIxEeOqhr4Iz97/7b1xTj01Rwf46axZMjQw4v4dqhKdBHg5F0PmiHowBGqcQ0LiYzlFYzsBug6KC0W=' from origin 'https://www.tiktok.com' has been blocked by CORS policy: Request header field upgrade-insecure-requests is not allowed by Access-Control-Allow-Headers in preflight response.
[05:34:24.724] [ERROR] Failed to load resource: net::ERR_FAILED
[05:34:25.271] [WARNING] [GroupMarkerNotSet(crbug.com/242999)!:A0101C0034050000]Automatic fallback to software WebGL has been deprecated. Please use the --enable-unsafe-swiftshader (about:flags#enable-unsafe-swiftshader) flag to opt in to lower security guarantees for trusted content.
[05:34:25.559] [ERROR] Access to XMLHttpRequest at 'https://mon.tiktokv.com/monitor_web/settings/browser-settings?bid=webmssdk&store=1' from origin 'https://www.tiktok.com' has been blocked by CORS policy: Request header field upgrade-insecure-requests is not allowed by Access-Control-Allow-Headers in preflight response.
[05:34:25.562] [ERROR] Failed to load resource: net::ERR_FAILED
[05:34:25.655] [ERROR] Access to XMLHttpRequest at 'https://libraweb-sg.tiktok.com/service/2/abtest_config/' from origin 'https://www.tiktok.com' has been blocked by CORS policy: Request header field upgrade-insecure-requests is not allowed by Access-Control-Allow-Headers in preflight response.
[05:34:25.658] [ERROR] Failed to load resource: net::ERR_FAILED
[05:34:25.906] [ERROR] Access to XMLHttpRequest at 'https://mon.tiktokv.com/monitor_web/settings/browser-settings?bid=pns_communication_service&store=1' from origin 'https://www.tiktok.com' has been blocked by CORS policy: Request header field upgrade-insecure-requests is not allowed by Access-Control-Allow-Headers in preflight response.
[05:34:25.909] [ERROR] Failed to load resource: net::ERR_FAILED
[05:34:26.187] [ERROR] Access to XMLHttpRequest at 'https://mon.tiktokv.com/monitor_web/settings/browser-settings?bid=tiktok_webapp&store=1' from origin 'https://www.tiktok.com' has been blocked by CORS policy: Request header field upgrade-insecure-requests is not allowed by Access-Control-Allow-Headers in preflight response.
[05:34:26.188] [ERROR] Failed to load resource: net::ERR_FAILED
[05:34:26.594] [ERROR] Access to XMLHttpRequest at 'https://mssdk-sg.tiktok.com/web/resource?eq=pdCANGq4rcOmB1fQj3OAD30k8dkjyzmgZ9yFaBsbwUtnwouRwvVwgMGfVd4RhxyEMPqTFaPCMQ93uMk3rGVSkJFkfSwF6NL=' from origin 'https://www.tiktok.com' has been blocked by CORS policy: Request header field upgrade-insecure-requests is not allowed by Access-Control-Allow-Headers in preflight response.
[05:34:26.595] [ERROR] Failed to load resource: net::ERR_FAILED
[05:34:26.955] [ERROR] Access to fetch at 'https://webcast.tiktok.com/webcast/wallet_api_tiktok/recharge/check_external_entry?WebIdLastTime=1766727260&aid=1988&app_language=en&app_name=tiktok_web&browser_language=en-US&browser_name=Mozilla&browser_online=true&browser_platform=Win32&browser_version=5.0%20%28Windows%20NT%2010.0%3B%20Win64%3B%20x64%29%20AppleWebKit%2F537.36%20%28KHTML%2C%20like%20Gecko%29%20Chrome%2F143.0.0.0%20Safari%2F537.36&channel=tiktok_web&cookie_enabled=true&data_collection_enabled=false&device_id=7588035779576022535&device_platform=web_pc&focus_state=true&from_page=user&history_len=3&is_experiment_group=false&is_fullscreen=false&is_page_visible=true&odinId=7588035578350060551&os=windows&page_source=0&priority_region=&referer=&region=VN&screen_height=960&screen_width=1536&tz_name=Asia%2FSaigon&user_is_login=false&webcast_language=en&msToken=TCd03JMinT2rS_lgoezbKOsY7JKRVnWw8BPPJoH1GI1hvkdPtdpt444X1tuBBC0Q8N5vJRJsnRyy57Mp6ryVoCgAA5627wuwStuU0V59AxONx42iANqbPG2_7iLTFw==&X-Bogus=DFSzswVOPthANJLHCFP5pXQeLMjB&X-Gnarly=MJYX/zv7HaIbOXqsUhUpYTXMl97RAVB-fwbHF8rrEh97f6sjr9pWQqam5zhqaCofoKSw-pxeoO1Yuli2oc6YloBUjWZttKJYmWxJSSqnKY/uSdBnfYOIQHunlCLkXEYR7MfPQep3gQt5v0cpP0neputhJHIa/Sj0lFph79feUUp9mI8kynGMw/Ui69vAjnTxrwiBMKzTRnC2AgjnIiusj-HbTlLJLsas9Vpg2evHTF3ZNRGBLxhEqVavpTu3VsYk9fZTYQwUuPXMM5mb68RbLgdcYf7MB5rF/SdWNqXWEP/CwWakZkAebEWZiJFCEzwLHau=' from origin 'https://www.tiktok.com' has been blocked by CORS policy: Request header field upgrade-insecure-requests is not allowed by Access-Control-Allow-Headers in preflight response.
[05:34:26.958] [ERROR] Failed to load resource: net::ERR_FAILED
[05:34:27.683] [ERROR] Access to XMLHttpRequest at 'https://mssdk-sg.tiktok.com/web/report?msToken=TCd03JMinT2rS_lgoezbKOsY7JKRVnWw8BPPJoH1GI1hvkdPtdpt444X1tuBBC0Q8N5vJRJsnRyy57Mp6ryVoCgAA5627wuwStuU0V59AxONx42iANqbPG2_7iLTFw==&X-Bogus=DFSzswcmqOVxUd3BCFP5phQeLMnv&X-Gnarly=M8f5nvDq17QyI-23VhOWnLDyjLm6RgXDFMlv0wPcMv0fv5TIT4q5eeoqI/OVlJT889jrtxpwhniLfywWMEJ2PujiwfXCivQm34BKDX2KIFUj8WRwn4SQodF/AZXD7n6BFaNJfNlH/ZV28p4GyVX04GNE8WJQFQliZd/drOQ/YnZfGl10sEcuR6HQEWbw9VjAFpRWL9wn/xq4GvqsC9-S1Au/0NnRPsdnH2t/Y-pPgIJjNmW7j-2JQLLNm9BK5FX9UKfxKX0WL/fCeu0qOuppAmyUbko3KdC-wjEnj27MkbFfs552zhu/tpEmrDcpvLvltnf=' from origin 'https://www.tiktok.com' has been blocked by CORS policy: Request header field upgrade-insecure-requests is not allowed by Access-Control-Allow-Headers in preflight response.
[05:34:27.697] [ERROR] Failed to load resource: net::ERR_FAILED
[05:34:27.836] [ERROR] Access to XMLHttpRequest at 'https://mssdk-sg.tiktok.com/web/common?msToken=du2ZxiDW4pW-Tl484lAD0xJHfI8XHtJtw5VtDLmxH_5d4-cI_sTHvFvLOcc-EFsmJLkH1ILfZcRXkoYKSnksnWQM0qaFKmUCkG3XAEF_MJe3ejH0LbLh8mSGw8xFcQ==&X-Bogus=DFSzswcmUAgxUd3BCFP5phQeLMjx&X-Gnarly=MCxtNzdk2F-TGLR1j6SrKXR4dFCnUS67wk-WxDeISHc7eC-bcJ4wP2BdsbEI6UtTSBKHo/g/6JQnFOi6nhrrFCx2iE-ZTp-C2islccEgr8r-0fP3ZVFFoAjR0NZ2lrO1lxCkg3mvKskEjYPHpLMJe1OlTA2jsC3g0hxQ-lKWUVJRvT-PrGEkTVcgfxTlcQo/MxXi1m74Y4jsjHnOlOJDMOM7xy7il4hiqniHnu5J7xLwI9AC6LKVggbJHuBLIN69MgPCWwpefiv2AY7q/5xfAOIqjmNkIzNcxwWEYdMNYoIooyDIIwx5X2khk40XQDO7sbv=' from origin 'https://www.tiktok.com' has been blocked by CORS policy: Request header field upgrade-insecure-requests is not allowed by Access-Control-Allow-Headers in preflight response.
[05:34:27.837] [ERROR] Failed to load resource: net::ERR_FAILED
[05:34:28.745] [ERROR] Access to XMLHttpRequest at 'https://mssdk-sg.tiktok.com/web/resource?eq=pdCANGq4rcOmB1fQj3OAD30k8dkjyzmgZ9yFaBsbwUtnwouRwvVwgMGfVd4RhxyEMPqTFaPCMQ93uMk3rGVSkJFkfSwF6NL=' from origin 'https://www.tiktok.com' has been blocked by CORS policy: Request header field upgrade-insecure-requests is not allowed by Access-Control-Allow-Headers in preflight response.
[05:34:28.746] [ERROR] Failed to load resource: net::ERR_FAILED
[05:34:29.183] [ERROR] Access to XMLHttpRequest at 'https://mon.tiktokv.com/monitor_browser/collect/batch/?biz_id=tiktok_webapp' from origin 'https://www.tiktok.com' has been blocked by CORS policy: Request header field upgrade-insecure-requests is not allowed by Access-Control-Allow-Headers in preflight response.
[05:34:29.184] [ERROR] Failed to load resource: net::ERR_FAILED
[05:34:31.550] [ERROR] Access to fetch at 'https://mon.tiktokv.com/monitor_browser/collect/batch/?bid=tiktok_pns_web_runtime' from origin 'https://www.tiktok.com' has been blocked by CORS policy: Request header field upgrade-insecure-requests is not allowed by Access-Control-Allow-Headers in preflight response.
[05:34:31.550] [ERROR] Failed to load resource: net::ERR_FAILED
[05:34:33.550] [WARNING] [GroupMarkerNotSet(crbug.com/242999)!:A0101C0034050000]Automatic fallback to software WebGL has been deprecated. Please use the --enable-unsafe-swiftshader (about:flags#enable-unsafe-swiftshader) flag to opt in to lower security guarantees for trusted content.
[05:34:33.860] [ERROR] Access to XMLHttpRequest at 'https://mon.tiktokv.com/monitor_web/settings/browser-settings?bid=webmssdk&store=1' from origin 'https://www.tiktok.com' has been blocked by CORS policy: Request header field upgrade-insecure-requests is not allowed by Access-Control-Allow-Headers in preflight response.
[05:34:33.861] [ERROR] Failed to load resource: net::ERR_FAILED
[05:34:34.450] [ERROR] Access to XMLHttpRequest at 'https://libraweb-sg.tiktok.com/service/2/abtest_config/' from origin 'https://www.tiktok.com' has been blocked by CORS policy: Request header field upgrade-insecure-requests is not allowed by Access-Control-Allow-Headers in preflight response.
[05:34:34.451] [ERROR] Failed to load resource: net::ERR_FAILED
[05:34:34.649] [ERROR] Access to XMLHttpRequest at 'https://mon.tiktokv.com/monitor_web/settings/browser-settings?bid=tiktok_webapp&store=1' from origin 'https://www.tiktok.com' has been blocked by CORS policy: Request header field upgrade-insecure-requests is not allowed by Access-Control-Allow-Headers in preflight response.
[05:34:34.650] [ERROR] Failed to load resource: net::ERR_FAILED
[05:34:34.652] [ERROR] Access to XMLHttpRequest at 'https://mssdk-sg.tiktok.com/web/resource?eq=QP2a4uBaQD9oI1wNbG5pnbwRrRlFYt1d/qRfp8GH2ZJCH4NCYtbjWKiqwTGuwU5NOVqdWQ/j4ipIsvdvXD==' from origin 'https://www.tiktok.com' has been blocked by CORS policy: Request header field upgrade-insecure-requests is not allowed by Access-Control-Allow-Headers in preflight response.
[05:34:34.653] [ERROR] Failed to load resource: net::ERR_FAILED
[05:34:34.693] [ERROR] Access to XMLHttpRequest at 'https://mon.tiktokv.com/monitor_web/settings/browser-settings?bid=pns_communication_service&store=1' from origin 'https://www.tiktok.com' has been blocked by CORS policy: Request header field upgrade-insecure-requests is not allowed by Access-Control-Allow-Headers in preflight response.
[05:34:34.694] [ERROR] Failed to load resource: net::ERR_FAILED
[05:34:35.655] [ERROR] Access to fetch at 'https://webcast.tiktok.com/webcast/wallet_api_tiktok/recharge/check_external_entry?WebIdLastTime=1766727260&aid=1988&app_language=en&app_name=tiktok_web&browser_language=en-US&browser_name=Mozilla&browser_online=true&browser_platform=Win32&browser_version=5.0%20%28Windows%20NT%2010.0%3B%20Win64%3B%20x64%29%20AppleWebKit%2F537.36%20%28KHTML%2C%20like%20Gecko%29%20Chrome%2F143.0.0.0%20Safari%2F537.36&channel=tiktok_web&cookie_enabled=true&data_collection_enabled=false&device_id=7588035779576022535&device_platform=web_pc&focus_state=true&from_page=user&history_len=4&is_experiment_group=false&is_fullscreen=false&is_page_visible=true&odinId=7588035578350060551&os=windows&page_source=0&priority_region=&referer=&region=VN&screen_height=960&screen_width=1536&tz_name=Asia%2FSaigon&user_is_login=false&webcast_language=en&msToken=VwehMovb2mVdVLrPy3PXdir2wCokfZjT-A--KgfqWfTv85FXt9X7DNzk96doVk4Irs2LR99Adrc6o0Kq7I5Uhc6O4jWtbB18wHYsKqB8fEJc7W0qQYCEPeELdbBLeg==&X-Bogus=DFSzswVOo0kANJLHCFP5khQeLMjy&X-Gnarly=MJuP6bbpgGifcb2d3rtG-0wU7ff8IcNzELmmhZ4lbSGgciDHLw75LYC1ZZ4hLNHDyLlBYo2TTguujkRMCBcKb9n0TiCLRVtVX9hzC0IO7VuV2w1pEAj8jNWa7Nz22IzpJliCyFoa7KqfQ-w8Sjnbhu2G/RZqvAszBr17h5wtA93MhD-UBXmKsCQmazfES3FNJmyvv5IwHNm2f2eat47pAJBh4NjO5CTgCBFu3BTwaQhqm1qMuFDP5wUCiIUIDFTxWocHoIdR2WXCbxBdWV78aRLBlYv7W0vUhdxcp1dEaAA1hEIdhlEMv2q-LB8iNUqJSTz=' from origin 'https://www.tiktok.com' has been blocked by CORS policy: Request header field upgrade-insecure-requests is not allowed by Access-Control-Allow-Headers in preflight response.
[05:34:35.657] [ERROR] Failed to load resource: net::ERR_FAILED
[05:34:36.240] [ERROR] Access to XMLHttpRequest at 'https://mssdk-sg.tiktok.com/web/report?msToken=h8rqlAJNoEcf-gyWLnTZxthO6N_herR4AckUgRJtgIsjWwuBb0CV00p72K6vsLQlORC4dhSeERQzHPqYcZU7r9-HrVuCAZYiSX-SY4eM0IFB6spv21Xi9rL43LLgCw==&X-Bogus=DFSzswcmQn5Dsw3BCFP5DxQeLMJZ&X-Gnarly=MCaHFpIytjwb5AfuDwkROfFDu5uYDsj6qWQsaLT-ebm/e5l13oquUReqYaZlCinc5CD5uPCyjEhMVguewM34cCx4b5YOS7VKrV5BiHG6mRebY2Sj8qLdCg9Qio3Mf6Y/OhuA45F3-oQnu-VJ7gB7Sqc7oMLcdRrV5tK2NvuY1vPTZCHUwsPdJqOaXbDAkLL5rtcUyXnhLsTRwuVL6tksYISOh0kDx0M2wJ88rfPTZ7uDxUK2s8m0rQVJL1J5L6H1emfPq/FmhEFuRQzOjZ9/al1YS6yyJ/EGhIAAnuv9rsZpy17mHRHEnRKFfMlXkjFpAJW=' from origin 'https://www.tiktok.com' has been blocked by CORS policy: Request header field upgrade-insecure-requests is not allowed by Access-Control-Allow-Headers in preflight response.
[05:34:36.248] [ERROR] Failed to load resource: net::ERR_FAILED
[05:34:36.393] [ERROR] Access to XMLHttpRequest at 'https://mssdk-sg.tiktok.com/web/common?msToken=h8rqlAJNoEcf-gyWLnTZxthO6N_herR4AckUgRJtgIsjWwuBb0CV00p72K6vsLQlORC4dhSeERQzHPqYcZU7r9-HrVuCAZYiSX-SY4eM0IFB6spv21Xi9rL43LLgCw==&X-Bogus=DFSzswcmQn5Dsw3BCFP5DxQeLMJZ&X-Gnarly=M/YkfK8NZ8JQt93Gn5qmKXWZcaaxh5EWaaYyvijztKDBHyEg7eza00l2-9JYSBMC2c46stD-WESUp6TD2PV7JMW1dAaPjYgX685aqKql8PbMbV4zZrQnuRHgyZfdEmaRfWZJI/8iFBDbtJPo9eFAoR8PrfnjQof85Jr31-dAmtHndgR2bOAEtIq7P5SOxzXHPbdc-vpmdeuHwp9-9vo84yBFunSX9ehNAi-vzW2kpxAWp2WQuy9w9mU/i2GE26SFYyrI1lkxI/He2/mOy/kr1P8XBFR4md5W8Nb3EREzUcZtSAwtU52j9DAgAqFNKwn9k0f=' from origin 'https://www.tiktok.com' has been blocked by CORS policy: Request header field upgrade-insecure-requests is not allowed by Access-Control-Allow-Headers in preflight response.
[05:34:36.393] [ERROR] Failed to load resource: net::ERR_FAILED
[05:34:36.797] [ERROR] Access to XMLHttpRequest at 'https://mssdk-sg.tiktok.com/web/resource?eq=QP2a4uBaQD9oI1wNbG5pnbwRrRlFYt1d/qRfp8GH2ZJCH4NCYtbjWKiqwTGuwU5NOVqdWQ/j4ipIsvdvXD==' from origin 'https://www.tiktok.com' has been blocked by CORS policy: Request header field upgrade-insecure-requests is not allowed by Access-Control-Allow-Headers in preflight response.
[05:34:36.797] [ERROR] Failed to load resource: net::ERR_FAILED
[05:34:37.238] [ERROR] Access to XMLHttpRequest at 'https://mon.tiktokv.com/monitor_browser/collect/batch/?biz_id=tiktok_webapp' from origin 'https://www.tiktok.com' has been blocked by CORS policy: Request header field upgrade-insecure-requests is not allowed by Access-Control-Allow-Headers in preflight response.
[05:34:37.240] [ERROR] Failed to load resource: net::ERR_FAILED
[05:34:37.699] [ERROR] Access to fetch at 'https://mon.tiktokv.com/monitor_browser/collect/batch/?bid=tiktok_pns_web_runtime' from origin 'https://www.tiktok.com' has been blocked by CORS policy: Request header field upgrade-insecure-requests is not allowed by Access-Control-Allow-Headers in preflight response.
[05:34:37.699] [ERROR] Failed to load resource: net::ERR_FAILED
[05:34:38.298] [ERROR] Access to XMLHttpRequest at 'https://mon.tiktokv.com/monitor_browser/collect/batch/?biz_id=tiktok_webapp' from origin 'https://www.tiktok.com' has been blocked by CORS policy: Request header field upgrade-insecure-requests is not allowed by Access-Control-Allow-Headers in preflight response.
[05:34:38.298] [ERROR] Failed to load resource: net::ERR_FAILED

================================================================================
Console logging ended - 2025-12-26T05:34:38.761282
================================================================================
