================================================================================
Browser Console Log - 2025-12-30T00:16:27.519969
================================================================================

[00:16:30.326] [DEBUG] set global cache {exploreItemList: Object}
[00:16:30.532] [WARNING] Reflect is already polyfilled.
[00:16:30.645] [WARNING] AppContext will be overwritten
[00:16:30.646] [WARNING] AppContext will be overwritten
[00:16:30.647] [WARNING] AppContext will be overwritten
[00:16:30.649] [WARNING] AppContext will be overwritten
[00:16:30.659] [WARNING] AppContext will be overwritten
[00:16:30.662] [WARNING] AppContext will be overwritten
[00:16:30.663] [WARNING] AppContext will be overwritten
[00:16:30.664] [WARNING] AppContext will be overwritten
[00:16:30.730] [WARNING] AppContext will be overwritten
[00:16:30.736] [WARNING] AppContext will be overwritten
[00:16:30.737] [WARNING] loadable: `loadableReady()` requires state, please use `getScriptTags` or `getScriptElements` server-side
[00:16:30.790] [WARNING] [GroupMarkerNotSet(crbug.com/242999)!:A020240064380000]Automatic fallback to software WebGL has been deprecated. Please use the --enable-unsafe-swiftshader (about:flags#enable-unsafe-swiftshader) flag to opt in to lower security guarantees for trusted content.
[00:16:30.946] [ERROR] Error: Unable to determine theme from timezone. Falling back to local time-based method. Error: Timezone "Asia/Saigon" not found
    at w (https://sf16-website-login.neutral.ttwstatic.com/obj/tiktok_web_login_static/tiktok/webapp/main/landing-opt/webapp-desktop/static/js/93271.43d8d1c9.js:2:102006)
    at x (https://sf16-website-login.neutral.ttwstatic.com/obj/tiktok_web_login_static/tiktok/webapp/main/landing-opt/webapp-desktop/static/js/webapp-desktop.02006c2b.js:1:150765)
    at https://sf16-website-login.neutral.ttwstatic.com/obj/tiktok_web_login_static/tiktok/webapp/main/landing-opt/webapp-desktop/static/js/webapp-desktop.02006c2b.js:1:152027
    at lI (https://sf16-website-login.neutral.ttwstatic.com/obj/tiktok_web_login_static/tiktok/webapp/main/landing-opt/webapp-desktop/static/js/npm-react.c57fe319.js:2:165676)
    at iU (https://sf16-website-login.neutral.ttwstatic.com/obj/tiktok_web_login_static/tiktok/webapp/main/landing-opt/webapp-desktop/static/js/npm-react.c57fe319.js:2:194669)
    at iT (https://sf16-website-login.neutral.ttwstatic.com/obj/tiktok_web_login_static/tiktok/webapp/main/landing-opt/webapp-desktop/static/js/npm-react.c57fe319.js:2:177525)
    at r6 (https://sf16-website-login.neutral.ttwstatic.com/obj/tiktok_web_login_static/tiktok/webapp/main/landing-opt/webapp-desktop/static/js/npm-react.c57fe319.js:2:126479)
    at https://sf16-website-login.neutral.ttwstatic.com/obj/tiktok_web_login_static/tiktok/webapp/main/landing-opt/webapp-desktop/static/js/npm-react.c57fe319.js:2:193115
    at i$ (https://sf16-website-login.neutral.ttwstatic.com/obj/tiktok_web_login_static/tiktok/webapp/main/landing-opt/webapp-desktop/static/js/npm-react.c57fe319.js:2:193121)
    at iE (https://sf16-website-login.neutral.ttwstatic.com/obj/tiktok_web_login_static/tiktok/webapp/main/landing-opt/webapp-desktop/static/js/npm-react.c57fe319.js:2:176528)
[00:16:31.178] [ERROR] Error: Unable to determine theme from timezone. Falling back to local time-based method. Error: Timezone "Asia/Saigon" not found
    at w (https://sf16-website-login.neutral.ttwstatic.com/obj/tiktok_web_login_static/tiktok/webapp/main/landing-opt/webapp-desktop/static/js/93271.43d8d1c9.js:2:102006)
    at x (https://sf16-website-login.neutral.ttwstatic.com/obj/tiktok_web_login_static/tiktok/webapp/main/landing-opt/webapp-desktop/static/js/webapp-desktop.02006c2b.js:1:150765)
    at https://sf16-website-login.neutral.ttwstatic.com/obj/tiktok_web_login_static/tiktok/webapp/main/landing-opt/webapp-desktop/static/js/webapp-desktop.02006c2b.js:1:152027
    at lI (https://sf16-website-login.neutral.ttwstatic.com/obj/tiktok_web_login_static/tiktok/webapp/main/landing-opt/webapp-desktop/static/js/npm-react.c57fe319.js:2:165676)
    at iU (https://sf16-website-login.neutral.ttwstatic.com/obj/tiktok_web_login_static/tiktok/webapp/main/landing-opt/webapp-desktop/static/js/npm-react.c57fe319.js:2:194669)
    at iT (https://sf16-website-login.neutral.ttwstatic.com/obj/tiktok_web_login_static/tiktok/webapp/main/landing-opt/webapp-desktop/static/js/npm-react.c57fe319.js:2:177525)
    at r6 (https://sf16-website-login.neutral.ttwstatic.com/obj/tiktok_web_login_static/tiktok/webapp/main/landing-opt/webapp-desktop/static/js/npm-react.c57fe319.js:2:126479)
    at https://sf16-website-login.neutral.ttwstatic.com/obj/tiktok_web_login_static/tiktok/webapp/main/landing-opt/webapp-desktop/static/js/npm-react.c57fe319.js:2:193115
    at i$ (https://sf16-website-login.neutral.ttwstatic.com/obj/tiktok_web_login_static/tiktok/webapp/main/landing-opt/webapp-desktop/static/js/npm-react.c57fe319.js:2:193121)
    at iE (https://sf16-website-login.neutral.ttwstatic.com/obj/tiktok_web_login_static/tiktok/webapp/main/landing-opt/webapp-desktop/static/js/npm-react.c57fe319.js:2:176528)
[00:16:31.226] [ERROR] Access to XMLHttpRequest at 'https://libraweb-sg.tiktok.com/service/2/abtest_config/' from origin 'https://www.tiktok.com' has been blocked by CORS policy: Request header field upgrade-insecure-requests is not allowed by Access-Control-Allow-Headers in preflight response.
[00:16:31.230] [ERROR] Failed to load resource: net::ERR_FAILED
[00:16:31.772] [INFO] .
[00:16:31.825] [ERROR] Access to fetch at 'https://v16-webapp.tiktok.com/0e729125edb88c7d46e43a3481c862dd/69555a78/video/tos/maliva/tos-maliva-ve-0068c799-us/o0JopINEBz1Q6ASBwifRAPQFiimLC0BCn2JIuH/?a=1988&bti=ODszNWYuMDE6&ch=0&cr=3&dr=0&lr=all&cd=0%7C0%7C0%7C&cv=1&br=3150&bt=1575&cs=0&ds=3&ft=IecA0oTzD12NvDNSP.IxR46_HlBF-UjNSlopiX&mime_type=video_mp4&qs=0&rc=ZmQ6M2RkOzw8NjY3NTYzaEBpajRoNXA5cjluODMzZzczNEAyMl40NDYuXy4xLi9iMmAyYSMxMXJnMmRzZDBhLS1kMS9zcw%3D%3D&vvpl=1&l=20251230011630EE934715B1FBF9003C56&btag=e000b0000' from origin 'https://www.tiktok.com' has been blocked by CORS policy: Request header field upgrade-insecure-requests is not allowed by Access-Control-Allow-Headers in preflight response.
[00:16:31.828] [ERROR] Failed to load resource: net::ERR_FAILED
[00:16:31.829] [WARNING] [00:02.659][warn][demux.fetch](6) TypeError: Failed to fetch
    at D.__splitFetch (https://sf16-website-login.neutral.ttwstatic.com/obj/tiktok_web_login_static/tiktok/webapp/main/landing-opt/webapp-desktop/static/js/async/54690.7856583b.js:11:41253)
    at D.loadRange (https://sf16-website-login.neutral.ttwstatic.com/obj/tiktok_web_login_static/tiktok/webapp/main/landing-opt/webapp-desktop/static/js/async/54690.7856583b.js:11:43786)
    at D.load (https://sf16-website-login.neutral.ttwstatic.com/obj/tiktok_web_login_static/tiktok/webapp/main/landing-opt/webapp-desktop/static/js/async/54690.7856583b.js:11:39155)
    at Z.load (https://sf16-website-login.neutral.ttwstatic.com/obj/tiktok_web_login_static/tiktok/webapp/main/landing-opt/webapp-desktop/static/js/async/54690.7856583b.js:12:14004)
    at ta._load (https://sf16-website-login.neutral.ttwstatic.com/obj/tiktok_web_login_static/tiktok/webapp/main/landing-opt/webapp-desktop/static/js/async/54690.7856583b.js:12:109006)
    at https://sf16-website-login.neutral.ttwstatic.com/obj/tiktok_web_login_static/tiktok/webapp/main/landing-opt/webapp-desktop/static/js/async/54690.7856583b.js:12:106103
    at Object.set (https://sf16-website-login.neutral.ttwstatic.com/obj/tiktok_web_login_static/tiktok/webapp/main/landing-opt/webapp-desktop/static/js/async/54690.7856583b.js:25:59172)
    at set src (https://sf16-website-login.neutral.ttwstatic.com/obj/tiktok_web_login_static/tiktok/webapp/main/landing-opt/webapp-desktop/static/js/async/54690.7856583b.js:25:66347)
    at tk.load (https://sf16-website-login.neutral.ttwstatic.com/obj/tiktok_web_login_static/tiktok/webapp/main/landing-opt/webapp-desktop/static/js/async/54690.7856583b.js:24:117122)
    at tk._init (https://sf16-website-login.neutral.ttwstatic.com/obj/tiktok_web_login_static/tiktok/webapp/main/landing-opt/webapp-desktop/static/js/async/54690.7856583b.js:24:111142)
[00:16:31.916] [DEBUG] Error
[00:16:31.927] [ERROR] Access to fetch at 'https://v16-webapp.tiktok.com/0e729125edb88c7d46e43a3481c862dd/69555a78/video/tos/maliva/tos-maliva-ve-0068c799-us/o0JopINEBz1Q6ASBwifRAPQFiimLC0BCn2JIuH/?a=1988&bti=ODszNWYuMDE6&ch=0&cr=3&dr=0&lr=all&cd=0%7C0%7C0%7C&cv=1&br=3150&bt=1575&cs=0&ds=3&ft=IecA0oTzD12NvDNSP.IxR46_HlBF-UjNSlopiX&mime_type=video_mp4&qs=0&rc=ZmQ6M2RkOzw8NjY3NTYzaEBpajRoNXA5cjluODMzZzczNEAyMl40NDYuXy4xLi9iMmAyYSMxMXJnMmRzZDBhLS1kMS9zcw%3D%3D&vvpl=1&l=20251230011630EE934715B1FBF9003C56&btag=e000b0000' from origin 'https://www.tiktok.com' has been blocked by CORS policy: Request header field upgrade-insecure-requests is not allowed by Access-Control-Allow-Headers in preflight response.
[00:16:31.928] [ERROR] Failed to load resource: net::ERR_FAILED
[00:16:31.929] [WARNING] [00:02.759][warn][demux.fetch](6) TypeError: Failed to fetch
    at I (https://sf16-website-login.neutral.ttwstatic.com/obj/tiktok_web_login_static/tiktok_privacy_protection_framework/loader/1.0.0.927/index.js:4:74444)
    at window.fetch (https://sf16-website-login.neutral.ttwstatic.com/obj/tiktok_web_login_static/tiktok_privacy_protection_framework/loader/1.0.0.927/index.js:4:74530)
    at https://sf16-website-login.neutral.ttwstatic.com/obj/tiktok_web_login_static/slardar/fe/sdk-web/browser.sg.js?bid=tiktok_webapp&globalName=SlardarClient:1:15616
    at o (https://sf16-website-login.neutral.ttwstatic.com/obj/tiktok_web_login_static/slardar/fe/sdk-web/browser.sg.js?bid=tiktok_webapp&globalName=SlardarClient:1:3178)
    at Array.d (https://sf16-website-login.neutral.ttwstatic.com/obj/tiktok_web_login_static/webmssdk/1.0.0.328/webmssdk.js:1:124784)
    at S (https://sf16-website-login.neutral.ttwstatic.com/obj/tiktok_web_login_static/webmssdk/1.0.0.328/webmssdk.js:1:226826)
    at https://sf16-website-login.neutral.ttwstatic.com/obj/tiktok_web_login_static/webmssdk/1.0.0.328/webmssdk.js:1:135236
    at window.fetch (https://sf16-website-login.neutral.ttwstatic.com/obj/tiktok_web_login_static/secsdk/secsdk-lastest.umd.js:5211:40)
    at D.__splitFetch (https://sf16-website-login.neutral.ttwstatic.com/obj/tiktok_web_login_static/tiktok/webapp/main/landing-opt/webapp-desktop/static/js/async/54690.7856583b.js:11:41253)
    at D.loadRange (https://sf16-website-login.neutral.ttwstatic.com/obj/tiktok_web_login_static/tiktok/webapp/main/landing-opt/webapp-desktop/static/js/async/54690.7856583b.js:11:43786)
[00:16:31.966] [DEBUG] Error
[00:16:32.077] [ERROR] Access to XMLHttpRequest at 'https://mon.tiktokv.com/monitor_web/settings/browser-settings?bid=tiktok_webapp&store=1' from origin 'https://www.tiktok.com' has been blocked by CORS policy: Request header field upgrade-insecure-requests is not allowed by Access-Control-Allow-Headers in preflight response.
[00:16:32.078] [ERROR] Failed to load resource: net::ERR_FAILED
[00:16:32.150] [ERROR] Access to XMLHttpRequest at 'https://mon.tiktokv.com/monitor_web/settings/browser-settings?bid=webmssdk&store=1' from origin 'https://www.tiktok.com' has been blocked by CORS policy: Request header field upgrade-insecure-requests is not allowed by Access-Control-Allow-Headers in preflight response.
[00:16:32.152] [ERROR] Failed to load resource: net::ERR_FAILED
[00:16:32.197] [LOG] ws.opened
[00:16:32.431] [ERROR] Access to fetch at 'https://v19-web-newkey.tiktokcdn.com/2949d388fe8bcb732bbf5c391de5e0e9/69530bda/video/tos/maliva/tos-maliva-ve-0068c799-us/o0JopINEBz1Q6ASBwifRAPQFiimLC0BCn2JIuH/?a=1988&bti=bGRuZHxvMXIxcm53Zm1cYF9ebWFzaHFmOg%3D%3D&ch=0&cr=0&dr=0&er=0&cd=0%7C0%7C0%7C0&cv=1&br=3150&bt=1575&cs=0&ds=3&ft=JE3-IDHhNF6VQZqG0mq-sdQsrxXqYl3E5F5~hWLrK&mime_type=video_mp4&qs=0&rc=ZmQ6M2RkOzw8NjY3NTYzaEBpajRoNXA5cjluODMzZzczNEAyMl40NDYuXy4xLi9iMmAyYSMxMXJnMmRzZDBhLS1kMS9zcw%3D%3D&vvpl=1&l=20251230011632F1746BE5D0A6040F8BA3&btag=e000b0000' (redirected from 'https://www.tiktok.com/aweme/v1/play/?faid=1988&file_id=5ec053e224134319b9189a7a70a75a5c&is_play_url=1&item_id=7586112300378033422&line=0&signaturev3=dmlkZW9faWQ7ZmlsZV9pZDtpdGVtX2lkLjIzOTY3NjU3N2VhOTMzMzVhZjZlNzdjNGJiMjVmZDY1&video_id=v12044gd0000d53kg6vog65mj2ue414g') from origin 'https://www.tiktok.com' has been blocked by CORS policy: Request header field upgrade-insecure-requests is not allowed by Access-Control-Allow-Headers in preflight response.
[00:16:32.431] [ERROR] Failed to load resource: net::ERR_FAILED
[00:16:32.432] [ERROR] [00:03.263][error][demux.fetch](6) TypeError: Failed to fetch
    at I (https://sf16-website-login.neutral.ttwstatic.com/obj/tiktok_web_login_static/tiktok_privacy_protection_framework/loader/1.0.0.927/index.js:4:74444)
    at window.fetch (https://sf16-website-login.neutral.ttwstatic.com/obj/tiktok_web_login_static/tiktok_privacy_protection_framework/loader/1.0.0.927/index.js:4:74530)
    at https://sf16-website-login.neutral.ttwstatic.com/obj/tiktok_web_login_static/slardar/fe/sdk-web/browser.sg.js?bid=tiktok_webapp&globalName=SlardarClient:1:15616
    at o (https://sf16-website-login.neutral.ttwstatic.com/obj/tiktok_web_login_static/slardar/fe/sdk-web/browser.sg.js?bid=tiktok_webapp&globalName=SlardarClient:1:3178)
    at Array.d (https://sf16-website-login.neutral.ttwstatic.com/obj/tiktok_web_login_static/webmssdk/1.0.0.328/webmssdk.js:1:124784)
    at S (https://sf16-website-login.neutral.ttwstatic.com/obj/tiktok_web_login_static/webmssdk/1.0.0.328/webmssdk.js:1:226826)
    at https://sf16-website-login.neutral.ttwstatic.com/obj/tiktok_web_login_static/webmssdk/1.0.0.328/webmssdk.js:1:135236
    at window.fetch (https://sf16-website-login.neutral.ttwstatic.com/obj/tiktok_web_login_static/secsdk/secsdk-lastest.umd.js:5211:40)
    at D.__splitFetch (https://sf16-website-login.neutral.ttwstatic.com/obj/tiktok_web_login_static/tiktok/webapp/main/landing-opt/webapp-desktop/static/js/async/54690.7856583b.js:11:41253)
    at D.loadRange (https://sf16-website-login.neutral.ttwstatic.com/obj/tiktok_web_login_static/tiktok/webapp/main/landing-opt/webapp-desktop/static/js/async/54690.7856583b.js:11:43786)
[00:16:32.434] [WARNING] [00:03.266][warn][controller](1) AbortError: The play() request was interrupted by a new load request. https://goo.gl/LdLk22
[00:16:32.435] [WARNING] [00:03.266][warn][controller](1) AbortError: The play() request was interrupted by a new load request. https://goo.gl/LdLk22
[00:16:32.716] [ERROR] Access to XMLHttpRequest at 'https://mon.tiktokv.com/monitor_web/settings/browser-settings?bid=pns_communication_service&store=1' from origin 'https://www.tiktok.com' has been blocked by CORS policy: Request header field upgrade-insecure-requests is not allowed by Access-Control-Allow-Headers in preflight response.
[00:16:32.718] [ERROR] Failed to load resource: net::ERR_FAILED
[00:16:33.045] [ERROR] Access to XMLHttpRequest at 'https://mssdk-sg.tiktok.com/web/resource?eq=IK3Tb1LewRaSmENokByGIBfEK-yZxB8re83FUsJHNThCcST4LQBT/3c5njMBcPdCQ-dCoAhASa0sdD==' from origin 'https://www.tiktok.com' has been blocked by CORS policy: Request header field upgrade-insecure-requests is not allowed by Access-Control-Allow-Headers in preflight response.
[00:16:33.049] [ERROR] Failed to load resource: net::ERR_FAILED
[00:16:33.734] [DEBUG] Error
[00:16:33.735] [DEBUG] Error
    at Array.d (https://sf16-website-login.neutral.ttwstatic.com/obj/tiktok_web_login_static/webmssdk/1.0.0.328/webmssdk.js:1:5522)
    at S (https://sf16-website-login.neutral.ttwstatic.com/obj/tiktok_web_login_static/webmssdk/1.0.0.328/webmssdk.js:1:226826)
    at v (https://sf16-website-login.neutral.ttwstatic.com/obj/tiktok_web_login_static/webmssdk/1.0.0.328/webmssdk.js:1:81351)
    at Array.d (https://sf16-website-login.neutral.ttwstatic.com/obj/tiktok_web_login_static/webmssdk/1.0.0.328/webmssdk.js:1:71251)
    at S (https://sf16-website-login.neutral.ttwstatic.com/obj/tiktok_web_login_static/webmssdk/1.0.0.328/webmssdk.js:1:226826)
    at v (https://sf16-website-login.neutral.ttwstatic.com/obj/tiktok_web_login_static/webmssdk/1.0.0.328/webmssdk.js:1:81541)
    at Array.d (https://sf16-website-login.neutral.ttwstatic.com/obj/tiktok_web_login_static/webmssdk/1.0.0.328/webmssdk.js:1:119076)
    at S (https://sf16-website-login.neutral.ttwstatic.com/obj/tiktok_web_login_static/webmssdk/1.0.0.328/webmssdk.js:1:226826)
    at v (https://sf16-website-login.neutral.ttwstatic.com/obj/tiktok_web_login_static/webmssdk/1.0.0.328/webmssdk.js:1:82258)
    at Array.d (https://sf16-website-login.neutral.ttwstatic.com/obj/tiktok_web_login_static/webmssdk/1.0.0.328/webmssdk.js:1:148339)
[00:16:33.909] [WARNING] [GroupMarkerNotSet(crbug.com/242999)!:A020240064380000]Automatic fallback to software WebGL has been deprecated. Please use the --enable-unsafe-swiftshader (about:flags#enable-unsafe-swiftshader) flag to opt in to lower security guarantees for trusted content.
[00:16:34.068] [WARNING] The AudioContext was not allowed to start. It must be resumed (or created) after a user gesture on the page. https://developer.chrome.com/blog/autoplay/#web_audio
[00:16:34.132] [WARNING] The AudioContext was not allowed to start. It must be resumed (or created) after a user gesture on the page. https://developer.chrome.com/blog/autoplay/#web_audio
[00:16:34.132] [WARNING] The AudioContext was not allowed to start. It must be resumed (or created) after a user gesture on the page. https://developer.chrome.com/blog/autoplay/#web_audio
[00:16:34.217] [ERROR] Access to fetch at 'https://webcast.tiktok.com/webcast/wallet_api_tiktok/recharge/check_external_entry?WebIdLastTime=1767028589&aid=1988&app_language=en&app_name=tiktok_web&browser_language=en-US&browser_name=Mozilla&browser_online=true&browser_platform=Win32&browser_version=5.0%20%28Windows%20NT%2010.0%3B%20Win64%3B%20x64%29%20AppleWebKit%2F537.36%20%28KHTML%2C%20like%20Gecko%29%20Chrome%2F143.0.0.0%20Safari%2F537.36&channel=tiktok_web&cookie_enabled=true&data_collection_enabled=false&device_id=7589329978082149906&device_platform=web_pc&focus_state=true&from_page=&history_len=2&is_experiment_group=false&is_fullscreen=false&is_page_visible=true&odinId=7589329748146111496&os=windows&page_source=0&priority_region=&referer=&region=VN&screen_height=960&screen_width=1536&tz_name=Asia%2FSaigon&user_is_login=false&webcast_language=en&msToken=&X-Bogus=DFSzsIVOiWJANVlZCm2rZEoEuhGn&X-Gnarly=MxgX5JaqWP/VP0U-afAmNLBeAT7PmgyP9DNR41RAgYWWtnVDemencI0Z/x26/MwssDs0Lbi4Ew6w6Pnf19BNHCIQqRCaB7sBMnh-6p-djJRWLbkfd8PelEIIlaxvACvGnPsEsfEXyBcp5W2PbpTnKKDGuIbDgA6b/M0WAgvDq35-X/VUglBmdQRi0ZuybarmhHzfdIXyMrSsdQ71sUXTAKB4o3z4PcekpE7isE/mBNGBLUUQ9V5C9JH9GCMCx3pIUHKLQxhh7/reFz/GlvS8l1CwW2YzDe0X1bgxGq/XmmmI/0sInWbC9mZMDzVyf6bZowu=' from origin 'https://www.tiktok.com' has been blocked by CORS policy: Request header field upgrade-insecure-requests is not allowed by Access-Control-Allow-Headers in preflight response.
[00:16:34.224] [ERROR] Failed to load resource: net::ERR_FAILED
[00:16:34.225] [ERROR] Check show get coins entrance failed TypeError: Cannot read properties of undefined (reading 'data')
[00:16:34.930] [ERROR] Access to XMLHttpRequest at 'https://starling-sg.tiktokv.com/check_and_get_text/5dc26cf008d511e9b571e1bc0c9e23b5/normal/WebApp_Login?lang=en,zh' from origin 'https://www.tiktok.com' has been blocked by CORS policy: Response to preflight request doesn't pass access control check: No 'Access-Control-Allow-Origin' header is present on the requested resource.
[00:16:34.932] [ERROR] [I18nContext] load starling error Error: Network Error
    at new t (https://sf16-website-login.neutral.ttwstatic.com/obj/tiktok_web_login_static/tiktok/webapp/main/landing-opt/webapp-desktop/static/js/i18n.04d6df56.js:2:15704)
    at i.onerror (https://sf16-website-login.neutral.ttwstatic.com/obj/tiktok_web_login_static/tiktok/webapp/main/landing-opt/webapp-desktop/static/js/i18n.04d6df56.js:2:16589)
[00:16:34.934] [ERROR] Failed to load resource: net::ERR_FAILED
[00:16:34.936] [ERROR] Access to XMLHttpRequest at 'https://starling-sg.tiktokv.com/check_and_get_text/2e1fcc60aeaa11e99ef535aeebd27c9b/normal/account_server?lang=en,zh' from origin 'https://www.tiktok.com' has been blocked by CORS policy: Response to preflight request doesn't pass access control check: No 'Access-Control-Allow-Origin' header is present on the requested resource.
[00:16:34.936] [ERROR] [I18nContext] load starling error Error: Network Error
    at new t (https://sf16-website-login.neutral.ttwstatic.com/obj/tiktok_web_login_static/tiktok/webapp/main/landing-opt/webapp-desktop/static/js/i18n.04d6df56.js:2:15704)
    at i.onerror (https://sf16-website-login.neutral.ttwstatic.com/obj/tiktok_web_login_static/tiktok/webapp/main/landing-opt/webapp-desktop/static/js/i18n.04d6df56.js:2:16589)
[00:16:34.938] [ERROR] Failed to load resource: net::ERR_FAILED
[00:16:35.316] [LOG] %c %s color: yellow; background-color: black; [instance: pns_sdk_common_modules_0.0.0_1767028595259] appid: 1988, userInfo:{"user_unique_id":"7589329984461555208","web_id":"7589329984461555208"}
[00:16:35.317] [LOG] %c %s color: yellow; background-color: black; [instance: pns_sdk_common_modules_0.0.0_1767028595259] appid: 1988, sdk is ready, version is 5.3.12_oversea, you can report now !!!
[00:16:35.600] [ERROR] Access to XMLHttpRequest at 'https://mssdk-sg.tiktok.com/web/resource?eq=IK3Tb1LewRaSmENokByGIBfEK-yZxB8re83FUsJHNThCcST4LQBT/3c5njMBcPdCQ-dCoAhASa0sdD==' from origin 'https://www.tiktok.com' has been blocked by CORS policy: Request header field upgrade-insecure-requests is not allowed by Access-Control-Allow-Headers in preflight response.
[00:16:35.601] [ERROR] Failed to load resource: net::ERR_FAILED
[00:16:35.928] [LOG] [browser check] %s, os:  Chrome Windows
[00:16:36.060] [ERROR] Access to XMLHttpRequest at 'https://mon.tiktokv.com/monitor_web/settings/browser-settings?bid=pns_consent_system&store=1' from origin 'https://www.tiktok.com' has been blocked by CORS policy: Request header field upgrade-insecure-requests is not allowed by Access-Control-Allow-Headers in preflight response.
[00:16:36.062] [ERROR] Failed to load resource: net::ERR_FAILED
[00:16:36.114] [ERROR] Access to XMLHttpRequest at 'https://mon.tiktokv.com/monitor_web/settings/browser-settings?bid=pns_cookie_banner_slardar&store=1' from origin 'https://www.tiktok.com' has been blocked by CORS policy: Request header field upgrade-insecure-requests is not allowed by Access-Control-Allow-Headers in preflight response.
[00:16:36.114] [ERROR] Failed to load resource: net::ERR_FAILED
[00:16:36.117] [INFO] Loading the script 'https://accounts.google.com/gsi/client' violates the following Content Security Policy directive: "script-src 'report-sample' 'unsafe-eval' apis.google.com c.paypal.com cdn.ampproject.org client-api.arkoselabs.com code.jquery.com connect.facebook.net developers.kakao.com interactives.ap.org js.hcaptcha.com js.hsforms.net pay.google.com recaptcha.google.com s20.tiktokcdn.com s3.amazonaws.com sf16-website-login.neutral.ttwstatic.com sf16-website.neutral.ttwstatic.com sf16m-website-login.neutral.ttwstatic.com ssl.bing.com static.captchami.com tiktok.captchami.com unpkg.com www.vimeo.com". Note that 'script-src-elem' was not explicitly set, so 'script-src' is used as a fallback. The policy is report-only, so the violation has been logged but no further action has been taken.
[00:16:36.135] [ERROR] [I18nContext] load starling error Error: Network Error
    at new t (https://sf16-website-login.neutral.ttwstatic.com/obj/tiktok_web_login_static/tiktok/webapp/main/landing-opt/webapp-desktop/static/js/i18n.04d6df56.js:2:15704)
    at i.onerror (https://sf16-website-login.neutral.ttwstatic.com/obj/tiktok_web_login_static/tiktok/webapp/main/landing-opt/webapp-desktop/static/js/i18n.04d6df56.js:2:16589)
[00:16:36.136] [ERROR] [I18nContext] load starling error Error: Network Error
    at new t (https://sf16-website-login.neutral.ttwstatic.com/obj/tiktok_web_login_static/tiktok/webapp/main/landing-opt/webapp-desktop/static/js/i18n.04d6df56.js:2:15704)
    at i.onerror (https://sf16-website-login.neutral.ttwstatic.com/obj/tiktok_web_login_static/tiktok/webapp/main/landing-opt/webapp-desktop/static/js/i18n.04d6df56.js:2:16589)
[00:16:36.496] [ERROR] Access to XMLHttpRequest at 'https://mon.tiktokv.com/monitor_browser/collect/batch/?biz_id=tiktok_webapp' from origin 'https://www.tiktok.com' has been blocked by CORS policy: Request header field upgrade-insecure-requests is not allowed by Access-Control-Allow-Headers in preflight response.
[00:16:36.505] [ERROR] Failed to load resource: net::ERR_FAILED
[00:16:36.731] [WARNING] [GSI_LOGGER]: Your client application uses one of the Google One Tap prompt UI status methods that may stop functioning when FedCM becomes mandatory. Refer to the migration guide to update your code accordingly and opt-in to FedCM to test your changes. Learn more: https://developers.google.com/identity/gsi/web/guides/fedcm-migration?s=dc#display_moment and https://developers.google.com/identity/gsi/web/guides/fedcm-migration?s=dc#skipped_moment
[00:16:37.116] [ERROR] Access to XMLHttpRequest at 'https://accounts.google.com/gsi/status?client_id=1096011445005-sdea0nf5jvj14eia93icpttv27cidkvk.apps.googleusercontent.com&cas=yh%2BWnJ3LvbQLLOxK7uAnOs2kgsU3oq6cGMdLVlGLBOw&bs=DteU2Ht%2B9MZinYigW%2B9MqheflfJKy7AgQFZJWvs8F%2Bk&has_opted_out_fedcm=false&is_itp=false' from origin 'https://www.tiktok.com' has been blocked by CORS policy: Response to preflight request doesn't pass access control check: No 'Access-Control-Allow-Origin' header is present on the requested resource.
[00:16:37.118] [ERROR] [GSI_LOGGER]: Check credential status returns invalid response.
[00:16:37.120] [ERROR] Failed to load resource: net::ERR_FAILED
[00:16:37.479] [WARNING] The AudioContext was not allowed to start. It must be resumed (or created) after a user gesture on the page. https://developer.chrome.com/blog/autoplay/#web_audio
[00:16:37.520] [WARNING] The AudioContext was not allowed to start. It must be resumed (or created) after a user gesture on the page. https://developer.chrome.com/blog/autoplay/#web_audio
[00:16:37.525] [WARNING] The AudioContext was not allowed to start. It must be resumed (or created) after a user gesture on the page. https://developer.chrome.com/blog/autoplay/#web_audio
[00:16:37.573] [WARNING] The AudioContext was not allowed to start. It must be resumed (or created) after a user gesture on the page. https://developer.chrome.com/blog/autoplay/#web_audio
[00:16:37.574] [WARNING] [00:08.404][warn][controller](1) AbortError: The play() request was interrupted by a call to pause(). https://goo.gl/LdLk22
[00:16:37.577] [WARNING] [00:08.404][warn][controller](1) AbortError: The play() request was interrupted by a call to pause(). https://goo.gl/LdLk22
[00:16:37.612] [WARNING] The AudioContext was not allowed to start. It must be resumed (or created) after a user gesture on the page. https://developer.chrome.com/blog/autoplay/#web_audio
[00:16:37.617] [WARNING] The AudioContext was not allowed to start. It must be resumed (or created) after a user gesture on the page. https://developer.chrome.com/blog/autoplay/#web_audio
[00:16:37.684] [WARNING] The AudioContext was not allowed to start. It must be resumed (or created) after a user gesture on the page. https://developer.chrome.com/blog/autoplay/#web_audio
[00:16:37.689] [WARNING] [00:08.517][warn][controller](1) AbortError: The play() request was interrupted by a call to pause(). https://goo.gl/LdLk22
[00:16:37.691] [WARNING] [00:08.517][warn][controller](1) AbortError: The play() request was interrupted by a call to pause(). https://goo.gl/LdLk22
[00:16:37.718] [ERROR] Access to fetch at 'https://v16-webapp.tiktok.com/54b296a2054bab52a01aa426dbb7f916/69555a85/video/tos/alisg/tos-alisg-pve-0037/oYQCSFpsSBGAB5DeIfvHsUggEnU5YSqbOSmAV4/?a=1988&bti=ODszNWYuMDE6&ch=0&cr=3&dr=0&lr=all&cd=0%7C0%7C0%7C&cv=1&br=2296&bt=1148&cs=0&ds=6&ft=IecA0oTzD12NvDNSP.IxR46_HlBF-UjNSlopiX&mime_type=video_mp4&qs=0&rc=OmZmNzVlNmg8NTw8PGdoZkBpMzNsOm85cjlsODMzODgzNEAwYWJfNjJgNmAxYV9fMC9gYSMzYjRfMmRzZzFhLS1kLzFzcw%3D%3D&vvpl=1&l=20251230011630EE934715B1FBF9003C56&btag=e000b8000' from origin 'https://www.tiktok.com' has been blocked by CORS policy: Request header field upgrade-insecure-requests is not allowed by Access-Control-Allow-Headers in preflight response.
[00:16:37.722] [ERROR] Failed to load resource: net::ERR_FAILED
[00:16:37.724] [WARNING] The AudioContext was not allowed to start. It must be resumed (or created) after a user gesture on the page. https://developer.chrome.com/blog/autoplay/#web_audio
[00:16:37.740] [WARNING] The AudioContext was not allowed to start. It must be resumed (or created) after a user gesture on the page. https://developer.chrome.com/blog/autoplay/#web_audio
[00:16:37.818] [WARNING] The AudioContext was not allowed to start. It must be resumed (or created) after a user gesture on the page. https://developer.chrome.com/blog/autoplay/#web_audio
[00:16:37.822] [WARNING] [00:08.650][warn][controller](1) AbortError: The play() request was interrupted by a call to pause(). https://goo.gl/LdLk22
[00:16:37.822] [WARNING] [00:08.650][warn][controller](1) AbortError: The play() request was interrupted by a call to pause(). https://goo.gl/LdLk22
[00:16:37.830] [ERROR] Access to fetch at 'https://v16-webapp.tiktok.com/8cfae32d2033b39fc912b6f82928542b/69555a78/video/tos/alisg/tos-alisg-pve-0037c001/oYXRuSENWELWtKcyEB8aLXgIDfADFBQejBLpiE/?a=1988&bti=ODszNWYuMDE6&ch=0&cr=3&dr=0&lr=all&cd=0%7C0%7C0%7C&cv=1&br=6294&bt=3147&cs=0&ds=6&ft=IecA0oTzD12NvDNSP.IxR46_HlBF-UjNSlopiX&mime_type=video_mp4&qs=0&rc=OTlnaGk4MzhnMzs4NDk4O0BpanhncnE5cjk1ODMzODczNEBeNTUxYWBfX2MxYC0tMzRfYSNfMDIvMmRrcjJhLS1kMWBzcw%3D%3D&vvpl=1&l=20251230011630EE934715B1FBF9003C56&btag=e000b0000' from origin 'https://www.tiktok.com' has been blocked by CORS policy: Request header field upgrade-insecure-requests is not allowed by Access-Control-Allow-Headers in preflight response.
[00:16:37.834] [ERROR] Failed to load resource: net::ERR_FAILED
[00:16:37.858] [WARNING] The AudioContext was not allowed to start. It must be resumed (or created) after a user gesture on the page. https://developer.chrome.com/blog/autoplay/#web_audio
[00:16:37.911] [WARNING] The AudioContext was not allowed to start. It must be resumed (or created) after a user gesture on the page. https://developer.chrome.com/blog/autoplay/#web_audio
[00:16:37.911] [WARNING] [00:08.744][warn][controller](1) AbortError: The play() request was interrupted by a call to pause(). https://goo.gl/LdLk22
[00:16:37.963] [WARNING] The AudioContext was not allowed to start. It must be resumed (or created) after a user gesture on the page. https://developer.chrome.com/blog/autoplay/#web_audio
[00:16:37.967] [WARNING] The AudioContext was not allowed to start. It must be resumed (or created) after a user gesture on the page. https://developer.chrome.com/blog/autoplay/#web_audio
[00:16:38.058] [WARNING] The AudioContext was not allowed to start. It must be resumed (or created) after a user gesture on the page. https://developer.chrome.com/blog/autoplay/#web_audio
[00:16:38.059] [WARNING] [00:08.888][warn][controller](1) AbortError: The play() request was interrupted by a call to pause(). https://goo.gl/LdLk22
[00:16:38.059] [WARNING] [00:08.889][warn][controller](1) AbortError: The play() request was interrupted by a call to pause(). https://goo.gl/LdLk22
[00:16:38.065] [ERROR] Access to fetch at 'https://v16-webapp.tiktok.com/62ed18110ac41ca59980c800aa320422/69555a78/video/tos/maliva/tos-maliva-ve-0068c799-us/oUtUQqIGfpeIWgXgoS0DIf8IqCLrBjAh5jCJNA/?a=1988&bti=ODszNWYuMDE6&ch=0&cr=3&dr=0&lr=all&cd=0%7C0%7C0%7C&cv=1&br=2416&bt=1208&cs=0&ds=6&ft=IecA0oTzD12NvDNSP.IxR46_HlBF-UjNSlopiX&mime_type=video_mp4&qs=4&rc=N2U5NDtkZ2g6PGZoMzdnM0BpM2lzN3I5cjd0ODMzaTczNEA2MjA1MS0zNWExX2IvLmA1YSNzXzAyMmRjMi5hLS1kMTJzcw%3D%3D&vvpl=1&l=20251230011630EE934715B1FBF9003C56&btag=e000b0000' from origin 'https://www.tiktok.com' has been blocked by CORS policy: Request header field upgrade-insecure-requests is not allowed by Access-Control-Allow-Headers in preflight response.
[00:16:38.067] [ERROR] Failed to load resource: net::ERR_FAILED
[00:16:38.099] [WARNING] The AudioContext was not allowed to start. It must be resumed (or created) after a user gesture on the page. https://developer.chrome.com/blog/autoplay/#web_audio
[00:16:38.150] [ERROR] Access to fetch at 'https://v16-webapp.tiktok.com/8cfae32d2033b39fc912b6f82928542b/69555a78/video/tos/alisg/tos-alisg-pve-0037c001/oYXRuSENWELWtKcyEB8aLXgIDfADFBQejBLpiE/?a=1988&bti=ODszNWYuMDE6&ch=0&cr=3&dr=0&lr=all&cd=0%7C0%7C0%7C&cv=1&br=6294&bt=3147&cs=0&ds=6&ft=IecA0oTzD12NvDNSP.IxR46_HlBF-UjNSlopiX&mime_type=video_mp4&qs=0&rc=OTlnaGk4MzhnMzs4NDk4O0BpanhncnE5cjk1ODMzODczNEBeNTUxYWBfX2MxYC0tMzRfYSNfMDIvMmRrcjJhLS1kMWBzcw%3D%3D&vvpl=1&l=20251230011630EE934715B1FBF9003C56&btag=e000b0000' from origin 'https://www.tiktok.com' has been blocked by CORS policy: Request header field upgrade-insecure-requests is not allowed by Access-Control-Allow-Headers in preflight response.
[00:16:38.151] [ERROR] Failed to load resource: net::ERR_FAILED
[00:16:38.153] [WARNING] [00:08.983][warn][demux.fetch](6) TypeError: Failed to fetch
    at I (https://sf16-website-login.neutral.ttwstatic.com/obj/tiktok_web_login_static/tiktok_privacy_protection_framework/loader/1.0.0.927/index.js:4:74444)
    at window.fetch (https://sf16-website-login.neutral.ttwstatic.com/obj/tiktok_web_login_static/tiktok_privacy_protection_framework/loader/1.0.0.927/index.js:4:74530)
    at https://sf16-website-login.neutral.ttwstatic.com/obj/tiktok_web_login_static/slardar/fe/sdk-web/browser.sg.js?bid=tiktok_webapp&globalName=SlardarClient:1:15616
    at o (https://sf16-website-login.neutral.ttwstatic.com/obj/tiktok_web_login_static/slardar/fe/sdk-web/browser.sg.js?bid=tiktok_webapp&globalName=SlardarClient:1:3178)
    at Array.d (https://sf16-website-login.neutral.ttwstatic.com/obj/tiktok_web_login_static/webmssdk/1.0.0.328/webmssdk.js:1:124784)
    at S (https://sf16-website-login.neutral.ttwstatic.com/obj/tiktok_web_login_static/webmssdk/1.0.0.328/webmssdk.js:1:226826)
    at https://sf16-website-login.neutral.ttwstatic.com/obj/tiktok_web_login_static/webmssdk/1.0.0.328/webmssdk.js:1:135236
    at window.fetch (https://sf16-website-login.neutral.ttwstatic.com/obj/tiktok_web_login_static/secsdk/secsdk-lastest.umd.js:5211:40)
    at D.__splitFetch (https://sf16-website-login.neutral.ttwstatic.com/obj/tiktok_web_login_static/tiktok/webapp/main/landing-opt/webapp-desktop/static/js/async/54690.7856583b.js:11:41253)
    at D.loadRange (https://sf16-website-login.neutral.ttwstatic.com/obj/tiktok_web_login_static/tiktok/webapp/main/landing-opt/webapp-desktop/static/js/async/54690.7856583b.js:11:43786)
[00:16:38.258] [ERROR] Access to fetch at 'https://v16-webapp.tiktok.com/8cfae32d2033b39fc912b6f82928542b/69555a78/video/tos/alisg/tos-alisg-pve-0037c001/oYXRuSENWELWtKcyEB8aLXgIDfADFBQejBLpiE/?a=1988&bti=ODszNWYuMDE6&ch=0&cr=3&dr=0&lr=all&cd=0%7C0%7C0%7C&cv=1&br=6294&bt=3147&cs=0&ds=6&ft=IecA0oTzD12NvDNSP.IxR46_HlBF-UjNSlopiX&mime_type=video_mp4&qs=0&rc=OTlnaGk4MzhnMzs4NDk4O0BpanhncnE5cjk1ODMzODczNEBeNTUxYWBfX2MxYC0tMzRfYSNfMDIvMmRrcjJhLS1kMWBzcw%3D%3D&vvpl=1&l=20251230011630EE934715B1FBF9003C56&btag=e000b0000' from origin 'https://www.tiktok.com' has been blocked by CORS policy: Request header field upgrade-insecure-requests is not allowed by Access-Control-Allow-Headers in preflight response.
[00:16:38.259] [ERROR] Failed to load resource: net::ERR_FAILED
[00:16:38.260] [WARNING] [00:09.090][warn][demux.fetch](6) TypeError: Failed to fetch
    at I (https://sf16-website-login.neutral.ttwstatic.com/obj/tiktok_web_login_static/tiktok_privacy_protection_framework/loader/1.0.0.927/index.js:4:74444)
    at window.fetch (https://sf16-website-login.neutral.ttwstatic.com/obj/tiktok_web_login_static/tiktok_privacy_protection_framework/loader/1.0.0.927/index.js:4:74530)
    at https://sf16-website-login.neutral.ttwstatic.com/obj/tiktok_web_login_static/slardar/fe/sdk-web/browser.sg.js?bid=tiktok_webapp&globalName=SlardarClient:1:15616
    at o (https://sf16-website-login.neutral.ttwstatic.com/obj/tiktok_web_login_static/slardar/fe/sdk-web/browser.sg.js?bid=tiktok_webapp&globalName=SlardarClient:1:3178)
    at Array.d (https://sf16-website-login.neutral.ttwstatic.com/obj/tiktok_web_login_static/webmssdk/1.0.0.328/webmssdk.js:1:124784)
    at S (https://sf16-website-login.neutral.ttwstatic.com/obj/tiktok_web_login_static/webmssdk/1.0.0.328/webmssdk.js:1:226826)
    at https://sf16-website-login.neutral.ttwstatic.com/obj/tiktok_web_login_static/webmssdk/1.0.0.328/webmssdk.js:1:135236
    at window.fetch (https://sf16-website-login.neutral.ttwstatic.com/obj/tiktok_web_login_static/secsdk/secsdk-lastest.umd.js:5211:40)
    at D.__splitFetch (https://sf16-website-login.neutral.ttwstatic.com/obj/tiktok_web_login_static/tiktok/webapp/main/landing-opt/webapp-desktop/static/js/async/54690.7856583b.js:11:41253)
    at D.loadRange (https://sf16-website-login.neutral.ttwstatic.com/obj/tiktok_web_login_static/tiktok/webapp/main/landing-opt/webapp-desktop/static/js/async/54690.7856583b.js:11:43786)
[00:16:38.338] [WARNING] The AudioContext was not allowed to start. It must be resumed (or created) after a user gesture on the page. https://developer.chrome.com/blog/autoplay/#web_audio
[00:16:38.339] [WARNING] [00:09.169][warn][controller](1) AbortError: The play() request was interrupted by a call to pause(). https://goo.gl/LdLk22
[00:16:38.366] [WARNING] The AudioContext was not allowed to start. It must be resumed (or created) after a user gesture on the page. https://developer.chrome.com/blog/autoplay/#web_audio
[00:16:38.493] [WARNING] The AudioContext was not allowed to start. It must be resumed (or created) after a user gesture on the page. https://developer.chrome.com/blog/autoplay/#web_audio
[00:16:38.495] [WARNING] [00:09.325][warn][controller](1) AbortError: The play() request was interrupted by a call to pause(). https://goo.gl/LdLk22
[00:16:38.501] [ERROR] Access to fetch at 'https://v16-webapp.tiktok.com/54b296a2054bab52a01aa426dbb7f916/69555a85/video/tos/alisg/tos-alisg-pve-0037/oYQCSFpsSBGAB5DeIfvHsUggEnU5YSqbOSmAV4/?a=1988&bti=ODszNWYuMDE6&ch=0&cr=3&dr=0&lr=all&cd=0%7C0%7C0%7C&cv=1&br=2296&bt=1148&cs=0&ds=6&ft=IecA0oTzD12NvDNSP.IxR46_HlBF-UjNSlopiX&mime_type=video_mp4&qs=0&rc=OmZmNzVlNmg8NTw8PGdoZkBpMzNsOm85cjlsODMzODgzNEAwYWJfNjJgNmAxYV9fMC9gYSMzYjRfMmRzZzFhLS1kLzFzcw%3D%3D&vvpl=1&l=20251230011630EE934715B1FBF9003C56&btag=e000b8000' from origin 'https://www.tiktok.com' has been blocked by CORS policy: Request header field upgrade-insecure-requests is not allowed by Access-Control-Allow-Headers in preflight response.
[00:16:38.502] [ERROR] Failed to load resource: net::ERR_FAILED
[00:16:38.525] [WARNING] The AudioContext was not allowed to start. It must be resumed (or created) after a user gesture on the page. https://developer.chrome.com/blog/autoplay/#web_audio
[00:16:38.531] [WARNING] The AudioContext was not allowed to start. It must be resumed (or created) after a user gesture on the page. https://developer.chrome.com/blog/autoplay/#web_audio
[00:16:38.600] [WARNING] The AudioContext was not allowed to start. It must be resumed (or created) after a user gesture on the page. https://developer.chrome.com/blog/autoplay/#web_audio
[00:16:38.606] [WARNING] [00:09.435][warn][controller](1) AbortError: The play() request was interrupted by a call to pause(). https://goo.gl/LdLk22
[00:16:38.607] [WARNING] [00:09.436][warn][controller](1) AbortError: The play() request was interrupted by a call to pause(). https://goo.gl/LdLk22
[00:16:38.645] [WARNING] The AudioContext was not allowed to start. It must be resumed (or created) after a user gesture on the page. https://developer.chrome.com/blog/autoplay/#web_audio
[00:16:38.696] [WARNING] The AudioContext was not allowed to start. It must be resumed (or created) after a user gesture on the page. https://developer.chrome.com/blog/autoplay/#web_audio
[00:16:38.698] [WARNING] [00:09.530][warn][controller](1) AbortError: The play() request was interrupted by a call to pause(). https://goo.gl/LdLk22
[00:16:38.741] [WARNING] The AudioContext was not allowed to start. It must be resumed (or created) after a user gesture on the page. https://developer.chrome.com/blog/autoplay/#web_audio
[00:16:38.744] [WARNING] The AudioContext was not allowed to start. It must be resumed (or created) after a user gesture on the page. https://developer.chrome.com/blog/autoplay/#web_audio
[00:16:38.782] [WARNING] The AudioContext was not allowed to start. It must be resumed (or created) after a user gesture on the page. https://developer.chrome.com/blog/autoplay/#web_audio
[00:16:38.785] [WARNING] [00:09.615][warn][controller](1) AbortError: The play() request was interrupted by a call to pause(). https://goo.gl/LdLk22
[00:16:38.787] [WARNING] [00:09.616][warn][controller](1) AbortError: The play() request was interrupted by a call to pause(). https://goo.gl/LdLk22
[00:16:38.814] [WARNING] The AudioContext was not allowed to start. It must be resumed (or created) after a user gesture on the page. https://developer.chrome.com/blog/autoplay/#web_audio
[00:16:38.832] [WARNING] The AudioContext was not allowed to start. It must be resumed (or created) after a user gesture on the page. https://developer.chrome.com/blog/autoplay/#web_audio
[00:16:38.883] [WARNING] The AudioContext was not allowed to start. It must be resumed (or created) after a user gesture on the page. https://developer.chrome.com/blog/autoplay/#web_audio
[00:16:38.887] [WARNING] [00:09.716][warn][controller](1) AbortError: The play() request was interrupted by a call to pause(). https://goo.gl/LdLk22
[00:16:38.889] [WARNING] [00:09.717][warn][controller](1) AbortError: The play() request was interrupted by a call to pause(). https://goo.gl/LdLk22
[00:16:38.898] [ERROR] Access to XMLHttpRequest at 'https://mon.tiktokv.com/monitor_browser/collect/batch/?biz_id=tiktok_webapp' from origin 'https://www.tiktok.com' has been blocked by CORS policy: Request header field upgrade-insecure-requests is not allowed by Access-Control-Allow-Headers in preflight response.
[00:16:38.908] [ERROR] Failed to load resource: net::ERR_FAILED
[00:16:38.924] [WARNING] The AudioContext was not allowed to start. It must be resumed (or created) after a user gesture on the page. https://developer.chrome.com/blog/autoplay/#web_audio
[00:16:38.925] [WARNING] The AudioContext was not allowed to start. It must be resumed (or created) after a user gesture on the page. https://developer.chrome.com/blog/autoplay/#web_audio
[00:16:38.967] [WARNING] The AudioContext was not allowed to start. It must be resumed (or created) after a user gesture on the page. https://developer.chrome.com/blog/autoplay/#web_audio
[00:16:38.972] [WARNING] [00:09.800][warn][controller](1) AbortError: The play() request was interrupted by a call to pause(). https://goo.gl/LdLk22
[00:16:38.973] [WARNING] [00:09.800][warn][controller](1) AbortError: The play() request was interrupted by a call to pause(). https://goo.gl/LdLk22
[00:16:39.024] [WARNING] The AudioContext was not allowed to start. It must be resumed (or created) after a user gesture on the page. https://developer.chrome.com/blog/autoplay/#web_audio
[00:16:39.032] [WARNING] The AudioContext was not allowed to start. It must be resumed (or created) after a user gesture on the page. https://developer.chrome.com/blog/autoplay/#web_audio
[00:16:39.089] [WARNING] The AudioContext was not allowed to start. It must be resumed (or created) after a user gesture on the page. https://developer.chrome.com/blog/autoplay/#web_audio
[00:16:39.091] [WARNING] [00:09.922][warn][controller](1) AbortError: The play() request was interrupted by a call to pause(). https://goo.gl/LdLk22
[00:16:39.091] [WARNING] [00:09.922][warn][controller](1) AbortError: The play() request was interrupted by a call to pause(). https://goo.gl/LdLk22
[00:16:39.117] [WARNING] The AudioContext was not allowed to start. It must be resumed (or created) after a user gesture on the page. https://developer.chrome.com/blog/autoplay/#web_audio
[00:16:39.125] [WARNING] The AudioContext was not allowed to start. It must be resumed (or created) after a user gesture on the page. https://developer.chrome.com/blog/autoplay/#web_audio
[00:16:39.242] [WARNING] The AudioContext was not allowed to start. It must be resumed (or created) after a user gesture on the page. https://developer.chrome.com/blog/autoplay/#web_audio
[00:16:39.244] [WARNING] [00:10.075][warn][controller](1) AbortError: The play() request was interrupted by a call to pause(). https://goo.gl/LdLk22
[00:16:39.244] [WARNING] [00:10.075][warn][controller](1) AbortError: The play() request was interrupted by a call to pause(). https://goo.gl/LdLk22
[00:16:39.267] [WARNING] The AudioContext was not allowed to start. It must be resumed (or created) after a user gesture on the page. https://developer.chrome.com/blog/autoplay/#web_audio
[00:16:39.449] [ERROR] Access to fetch at 'https://v16-webapp-prime.tiktok.com/video/tos/alisg/tos-alisg-pve-0037c001/oQEVaDREQBAfOIiFgpMgSygTcBFIgZQDrnitfq/?a=1988&bti=ODszNWYuMDE6&ch=0&cr=3&dr=0&lr=all&cd=0%7C0%7C0%7C&cv=1&br=2670&bt=1335&cs=0&ds=6&ft=I~da4oTzD12NvgNSP.IxRNqjHlBF-UjNSkopiX&mime_type=video_mp4&qs=0&rc=cnF8b2hsc2d3SkBwaHIxaDFybndmN2Q1ZDo3NGQ4OjQ5NWY3OkBpampuNW85cmVlODMzODczNEBjRl5Nc3FePmJKYSNvYF90aHFmOiMtYS42YC5iXmIxY2JgMC8yYSNgZzY1MmRjMS5hLS1kMWBzcw%3D%3D&btag=e000b0000&expire=1767201403&l=20251230011634DAC4DA2043067F0565CE&ply_type=2&policy=2&signature=7153f5ab0d727a7904d149876662c167&tk=tt_chain_token' from origin 'https://www.tiktok.com' has been blocked by CORS policy: Request header field upgrade-insecure-requests is not allowed by Access-Control-Allow-Headers in preflight response.
[00:16:39.450] [ERROR] Failed to load resource: net::ERR_FAILED
[00:16:39.451] [WARNING] [00:10.281][warn][demux.fetch](6) TypeError: Failed to fetch
    at I (https://sf16-website-login.neutral.ttwstatic.com/obj/tiktok_web_login_static/tiktok_privacy_protection_framework/loader/1.0.0.927/index.js:4:74444)
    at window.fetch (https://sf16-website-login.neutral.ttwstatic.com/obj/tiktok_web_login_static/tiktok_privacy_protection_framework/loader/1.0.0.927/index.js:4:74530)
    at https://sf16-website-login.neutral.ttwstatic.com/obj/tiktok_web_login_static/slardar/fe/sdk-web/browser.sg.js?bid=tiktok_webapp&globalName=SlardarClient:1:15616
    at o (https://sf16-website-login.neutral.ttwstatic.com/obj/tiktok_web_login_static/slardar/fe/sdk-web/browser.sg.js?bid=tiktok_webapp&globalName=SlardarClient:1:3178)
    at Array.d (https://sf16-website-login.neutral.ttwstatic.com/obj/tiktok_web_login_static/webmssdk/1.0.0.328/webmssdk.js:1:124784)
    at S (https://sf16-website-login.neutral.ttwstatic.com/obj/tiktok_web_login_static/webmssdk/1.0.0.328/webmssdk.js:1:226826)
    at https://sf16-website-login.neutral.ttwstatic.com/obj/tiktok_web_login_static/webmssdk/1.0.0.328/webmssdk.js:1:135236
    at window.fetch (https://sf16-website-login.neutral.ttwstatic.com/obj/tiktok_web_login_static/secsdk/secsdk-lastest.umd.js:5211:40)
    at D.__splitFetch (https://sf16-website-login.neutral.ttwstatic.com/obj/tiktok_web_login_static/tiktok/webapp/main/landing-opt/webapp-desktop/static/js/async/54690.7856583b.js:11:41253)
    at D.loadRange (https://sf16-website-login.neutral.ttwstatic.com/obj/tiktok_web_login_static/tiktok/webapp/main/landing-opt/webapp-desktop/static/js/async/54690.7856583b.js:11:43786)
[00:16:39.693] [ERROR] Access to XMLHttpRequest at 'https://mssdk-sg.tiktok.com/web/resource?eq=IK3Tb1LewRaSmENokByGIBfEK-yZxB8re83FUsJHNThCcST4LQBT/3c5njMBcPdCQ-dCoAhASa0sdD==' from origin 'https://www.tiktok.com' has been blocked by CORS policy: Request header field upgrade-insecure-requests is not allowed by Access-Control-Allow-Headers in preflight response.
[00:16:39.694] [ERROR] Failed to load resource: net::ERR_FAILED
[00:16:40.015] [WARNING] The AudioContext was not allowed to start. It must be resumed (or created) after a user gesture on the page. https://developer.chrome.com/blog/autoplay/#web_audio
[00:16:40.016] [WARNING] [00:10.847][warn][controller](1) AbortError: The play() request was interrupted by a call to pause(). https://goo.gl/LdLk22
[00:16:40.023] [ERROR] Access to XMLHttpRequest at 'https://mssdk-sg.tiktok.com/web/report?msToken=U7ik1kk9D68L8vK9GCbLVIShIXLmKhrBD-kFx6kZdod04aHn8zyZSqUYCTKe22ck51dXd7sv0VUgx26k-FpgezK5bjkfgD4za7koHSiLCHkPh3UASLXVZXPCr73QoA==&X-Bogus=DFSzsIVYeOjQtgEvCm2r4DoEuhG-&X-Gnarly=Mwa4CBluTuQsh3Z5WooqUkua2K/ntbGrSIzNJebLAEbVUvdFv9Nl-2-yN0yUtshv-XUeMq3-RvgwIXXyW9WEXQsKK-YXt5UrHKja/KgEqIIFjxZvPvm0IpY3FhzbQEyuo-LTvgS6h7uEf-mtm7XskReBfSAIzGAJuNpRW0VKyQkeszMatNutJiQJKxS10wzVwXm45ehq6dTJHZFE2IWrm1StpWjlBuz1SAVGFZ1-5IQQ297K2Zd32UiVl6eyH-7GKRlhQV4XTOZkI9sYhMJqt3bAF5t11F64NuB0xG5IasLbY6I9EzGMuIyW1GKSgQcJeVz=' from origin 'https://www.tiktok.com' has been blocked by CORS policy: Request header field upgrade-insecure-requests is not allowed by Access-Control-Allow-Headers in preflight response.
[00:16:40.037] [ERROR] Failed to load resource: net::ERR_FAILED
[00:16:40.063] [WARNING] The AudioContext was not allowed to start. It must be resumed (or created) after a user gesture on the page. https://developer.chrome.com/blog/autoplay/#web_audio
[00:16:40.068] [WARNING] The AudioContext was not allowed to start. It must be resumed (or created) after a user gesture on the page. https://developer.chrome.com/blog/autoplay/#web_audio
[00:16:40.105] [WARNING] The AudioContext was not allowed to start. It must be resumed (or created) after a user gesture on the page. https://developer.chrome.com/blog/autoplay/#web_audio
[00:16:40.106] [WARNING] [00:10.937][warn][controller](1) AbortError: The play() request was interrupted by a call to pause(). https://goo.gl/LdLk22
[00:16:40.108] [WARNING] [00:10.937][warn][controller](1) AbortError: The play() request was interrupted by a call to pause(). https://goo.gl/LdLk22
[00:16:40.155] [ERROR] Access to fetch at 'https://mon.tiktokv.com/monitor_browser/collect/batch/?bid=tiktok_pns_web_runtime' from origin 'https://www.tiktok.com' has been blocked by CORS policy: Request header field upgrade-insecure-requests is not allowed by Access-Control-Allow-Headers in preflight response.
[00:16:40.157] [ERROR] Failed to load resource: net::ERR_FAILED
[00:16:40.158] [ERROR] Access to XMLHttpRequest at 'https://mssdk-sg.tiktok.com/web/report?msToken=U7ik1kk9D68L8vK9GCbLVIShIXLmKhrBD-kFx6kZdod04aHn8zyZSqUYCTKe22ck51dXd7sv0VUgx26k-FpgezK5bjkfgD4za7koHSiLCHkPh3UASLXVZXPCr73QoA==&X-Bogus=DFSzsIVYeOrJB6EvCm2r4DoEuhGG&X-Gnarly=MkOEbFvamxiIUtkEpAza-Ufxl1rt/xP4fj/3qwde9EACinnA6ryfeG8fXJ8snKVdveRdxWnNWHP1NQDf6vjMs1RqlarXdAnW3nBk0ninPgjoGbb0sIWAQ8-Ot62UFFfaz7Du37rc-D2qEmcrQIcXBpld0ffiXVEJyS6ovExfJUgj9-MJ7lMc4cDCGcGU2vXwMA/YAttoanR6127baOKxOnmoeeC/nRR5ACFrA9wcShyLVuoe1ART5AWN8YCAC6yLUKv5uQ9bRT45rBDnEev6FP9lP18KCk1Yp11vsZBO9-PHquB/tSz-FEbdYY/43qrSwhb=' from origin 'https://www.tiktok.com' has been blocked by CORS policy: Request header field upgrade-insecure-requests is not allowed by Access-Control-Allow-Headers in preflight response.
[00:16:40.171] [ERROR] Failed to load resource: net::ERR_FAILED
[00:16:40.172] [WARNING] The AudioContext was not allowed to start. It must be resumed (or created) after a user gesture on the page. https://developer.chrome.com/blog/autoplay/#web_audio
[00:16:40.180] [WARNING] The AudioContext was not allowed to start. It must be resumed (or created) after a user gesture on the page. https://developer.chrome.com/blog/autoplay/#web_audio
[00:16:40.200] [ERROR] Access to XMLHttpRequest at 'https://mssdk-sg.tiktok.com/web/common?msToken=U7ik1kk9D68L8vK9GCbLVIShIXLmKhrBD-kFx6kZdod04aHn8zyZSqUYCTKe22ck51dXd7sv0VUgx26k-FpgezK5bjkfgD4za7koHSiLCHkPh3UASLXVZXPCr73QoA==&X-Bogus=DFSzsIVYeOjQtgEvCm2rhjoEuhG6&X-Gnarly=Mw79uRg9qHaDFli2XiXA/cp/EjpA/8DgeKh0vyefAFBvjVgerCAHgmDAC/VMmdv5ZARI5QJWFX-L77JDvQ68JwJnxnH2qUrt9kgqCmSfSoRzjUmHnOd/ftRCkUPe1jERvBMMYbDrHMYxpqxSKoysWZpz1xpD-jE5TlvXjBAbo-ZaPPwiOFGBbXAv15jQjUDoQ31O3FRGGrSKgCKJ2TlgNENMXLS2de//CFLtuRugXHW7Yipy2tbW22WRlvryfaH1H0zdMpS8e8ifomuIEuYxPV7hvCxQ3yQpzbJKDqcqClfGzNECalVIbPspS6GOvo0-p-w=' from origin 'https://www.tiktok.com' has been blocked by CORS policy: Request header field upgrade-insecure-requests is not allowed by Access-Control-Allow-Headers in preflight response.
[00:16:40.201] [ERROR] Failed to load resource: net::ERR_FAILED
[00:16:40.207] [ERROR] Access to fetch at 'https://v16-webapp.tiktok.com/8cfae32d2033b39fc912b6f82928542b/69555a78/video/tos/alisg/tos-alisg-pve-0037c001/oYXRuSENWELWtKcyEB8aLXgIDfADFBQejBLpiE/?a=1988&bti=ODszNWYuMDE6&ch=0&cr=3&dr=0&lr=all&cd=0%7C0%7C0%7C&cv=1&br=6294&bt=3147&cs=0&ds=6&ft=IecA0oTzD12NvDNSP.IxR46_HlBF-UjNSlopiX&mime_type=video_mp4&qs=0&rc=OTlnaGk4MzhnMzs4NDk4O0BpanhncnE5cjk1ODMzODczNEBeNTUxYWBfX2MxYC0tMzRfYSNfMDIvMmRrcjJhLS1kMWBzcw%3D%3D&vvpl=1&l=20251230011630EE934715B1FBF9003C56&btag=e000b0000' from origin 'https://www.tiktok.com' has been blocked by CORS policy: Request header field upgrade-insecure-requests is not allowed by Access-Control-Allow-Headers in preflight response.
[00:16:40.208] [ERROR] Failed to load resource: net::ERR_FAILED
[00:16:40.209] [WARNING] [00:11.038][warn][demux.fetch](6) TypeError: Failed to fetch
    at I (https://sf16-website-login.neutral.ttwstatic.com/obj/tiktok_web_login_static/tiktok_privacy_protection_framework/loader/1.0.0.927/index.js:4:74444)
    at window.fetch (https://sf16-website-login.neutral.ttwstatic.com/obj/tiktok_web_login_static/tiktok_privacy_protection_framework/loader/1.0.0.927/index.js:4:74530)
    at https://sf16-website-login.neutral.ttwstatic.com/obj/tiktok_web_login_static/slardar/fe/sdk-web/browser.sg.js?bid=tiktok_webapp&globalName=SlardarClient:1:15616
    at o (https://sf16-website-login.neutral.ttwstatic.com/obj/tiktok_web_login_static/slardar/fe/sdk-web/browser.sg.js?bid=tiktok_webapp&globalName=SlardarClient:1:3178)
    at Array.d (https://sf16-website-login.neutral.ttwstatic.com/obj/tiktok_web_login_static/webmssdk/1.0.0.328/webmssdk.js:1:124784)
    at S (https://sf16-website-login.neutral.ttwstatic.com/obj/tiktok_web_login_static/webmssdk/1.0.0.328/webmssdk.js:1:226826)
    at https://sf16-website-login.neutral.ttwstatic.com/obj/tiktok_web_login_static/webmssdk/1.0.0.328/webmssdk.js:1:135236
    at window.fetch (https://sf16-website-login.neutral.ttwstatic.com/obj/tiktok_web_login_static/secsdk/secsdk-lastest.umd.js:5211:40)
    at D.__splitFetch (https://sf16-website-login.neutral.ttwstatic.com/obj/tiktok_web_login_static/tiktok/webapp/main/landing-opt/webapp-desktop/static/js/async/54690.7856583b.js:11:41253)
    at D.loadRange (https://sf16-website-login.neutral.ttwstatic.com/obj/tiktok_web_login_static/tiktok/webapp/main/landing-opt/webapp-desktop/static/js/async/54690.7856583b.js:11:43786)
[00:16:40.278] [ERROR] Access to XMLHttpRequest at 'https://mssdk-sg.tiktok.com/web/common?msToken=U7ik1kk9D68L8vK9GCbLVIShIXLmKhrBD-kFx6kZdod04aHn8zyZSqUYCTKe22ck51dXd7sv0VUgx26k-FpgezK5bjkfgD4za7koHSiLCHkPh3UASLXVZXPCr73QoA==&X-Bogus=DFSzsIVYeOrJB6EvCm2rhjoEuhG9&X-Gnarly=M8SPw9XpmbmJiuXnVJMG3xwcFdALnv1rAtC/yiZBo2lhmE2hwwuLQtrjllf8O6-AiHK6Uttn4lPkPaNnNohfvkVo0CnceZqCUwuPqiVKu9eNWtwDVksU/vq/ia5RzCitdjcNm-zwmVNNj8xCuaK6jJB9QHa-/RcWWQm0CCegUWHAwIIFUHAcjFhKI-xqD2P7e0cVPOxTggOJa8STyPQUBp2jjqnC/Ca6jRAe8OrN80JXSxN1w2mj6CKrwEmzB4OlB5Kv3SVy7G/Sq7xaP1LZAN4zVJCQxwibua6F3RTFF/dlQ-AWDzsmIFPBRW9C1Ke/mmf=' from origin 'https://www.tiktok.com' has been blocked by CORS policy: Request header field upgrade-insecure-requests is not allowed by Access-Control-Allow-Headers in preflight response.
[00:16:40.279] [ERROR] Failed to load resource: net::ERR_FAILED
[00:16:40.306] [ERROR] Access to fetch at 'https://v16-webapp.tiktok.com/8cfae32d2033b39fc912b6f82928542b/69555a78/video/tos/alisg/tos-alisg-pve-0037c001/oYXRuSENWELWtKcyEB8aLXgIDfADFBQejBLpiE/?a=1988&bti=ODszNWYuMDE6&ch=0&cr=3&dr=0&lr=all&cd=0%7C0%7C0%7C&cv=1&br=6294&bt=3147&cs=0&ds=6&ft=IecA0oTzD12NvDNSP.IxR46_HlBF-UjNSlopiX&mime_type=video_mp4&qs=0&rc=OTlnaGk4MzhnMzs4NDk4O0BpanhncnE5cjk1ODMzODczNEBeNTUxYWBfX2MxYC0tMzRfYSNfMDIvMmRrcjJhLS1kMWBzcw%3D%3D&vvpl=1&l=20251230011630EE934715B1FBF9003C56&btag=e000b0000' from origin 'https://www.tiktok.com' has been blocked by CORS policy: Request header field upgrade-insecure-requests is not allowed by Access-Control-Allow-Headers in preflight response.
[00:16:40.307] [ERROR] Failed to load resource: net::ERR_FAILED
[00:16:40.308] [WARNING] [00:11.137][warn][demux.fetch](6) TypeError: Failed to fetch
    at I (https://sf16-website-login.neutral.ttwstatic.com/obj/tiktok_web_login_static/tiktok_privacy_protection_framework/loader/1.0.0.927/index.js:4:74444)
    at window.fetch (https://sf16-website-login.neutral.ttwstatic.com/obj/tiktok_web_login_static/tiktok_privacy_protection_framework/loader/1.0.0.927/index.js:4:74530)
    at https://sf16-website-login.neutral.ttwstatic.com/obj/tiktok_web_login_static/slardar/fe/sdk-web/browser.sg.js?bid=tiktok_webapp&globalName=SlardarClient:1:15616
    at o (https://sf16-website-login.neutral.ttwstatic.com/obj/tiktok_web_login_static/slardar/fe/sdk-web/browser.sg.js?bid=tiktok_webapp&globalName=SlardarClient:1:3178)
    at Array.d (https://sf16-website-login.neutral.ttwstatic.com/obj/tiktok_web_login_static/webmssdk/1.0.0.328/webmssdk.js:1:124784)
    at S (https://sf16-website-login.neutral.ttwstatic.com/obj/tiktok_web_login_static/webmssdk/1.0.0.328/webmssdk.js:1:226826)
    at https://sf16-website-login.neutral.ttwstatic.com/obj/tiktok_web_login_static/webmssdk/1.0.0.328/webmssdk.js:1:135236
    at window.fetch (https://sf16-website-login.neutral.ttwstatic.com/obj/tiktok_web_login_static/secsdk/secsdk-lastest.umd.js:5211:40)
    at D.__splitFetch (https://sf16-website-login.neutral.ttwstatic.com/obj/tiktok_web_login_static/tiktok/webapp/main/landing-opt/webapp-desktop/static/js/async/54690.7856583b.js:11:41253)
    at D.loadRange (https://sf16-website-login.neutral.ttwstatic.com/obj/tiktok_web_login_static/tiktok/webapp/main/landing-opt/webapp-desktop/static/js/async/54690.7856583b.js:11:43786)
[00:16:40.537] [ERROR] Access to fetch at 'https://v19-web-newkey.tiktokcdn.com/577fe288cadedf39b3e22e8004316cd3/69530be2/video/tos/alisg/tos-alisg-pve-0037c001/oYXRuSENWELWtKcyEB8aLXgIDfADFBQejBLpiE/?a=1988&bti=bGRuZHxvMXIxcm53Zm1cYF9ebWFzaHFmOg%3D%3D&ch=0&cr=0&dr=0&er=0&cd=0%7C0%7C0%7C0&cv=1&br=6294&bt=3147&cs=0&ds=6&ft=JE3-IDHhNF6VQZqG0mq-sdFsrxXqYl3E5F5~hWLrK&mime_type=video_mp4&qs=0&rc=OTlnaGk4MzhnMzs4NDk4O0BpanhncnE5cjk1ODMzODczNEBeNTUxYWBfX2MxYC0tMzRfYSNfMDIvMmRrcjJhLS1kMWBzcw%3D%3D&vvpl=1&l=20251230011640EAF8D5040D535918E608&btag=e000b0000' (redirected from 'https://www.tiktok.com/aweme/v1/play/?faid=1988&file_id=b875660105c840fdb5b0c5df4e8d86a6&is_play_url=1&item_id=7586928320579652872&line=0&signaturev3=dmlkZW9faWQ7ZmlsZV9pZDtpdGVtX2lkLmI5OWE0N2U1M2M2M2ZmNTM3MWMyYzkwNGE5NmM1Mzg5&video_id=v1c044g50000d552u6nog65n2o5d3ubg') from origin 'https://www.tiktok.com' has been blocked by CORS policy: Request header field upgrade-insecure-requests is not allowed by Access-Control-Allow-Headers in preflight response.
[00:16:40.538] [ERROR] Failed to load resource: net::ERR_FAILED
[00:16:40.538] [ERROR] [00:11.370][error][demux.fetch](6) TypeError: Failed to fetch
    at I (https://sf16-website-login.neutral.ttwstatic.com/obj/tiktok_web_login_static/tiktok_privacy_protection_framework/loader/1.0.0.927/index.js:4:74444)
    at window.fetch (https://sf16-website-login.neutral.ttwstatic.com/obj/tiktok_web_login_static/tiktok_privacy_protection_framework/loader/1.0.0.927/index.js:4:74530)
    at https://sf16-website-login.neutral.ttwstatic.com/obj/tiktok_web_login_static/slardar/fe/sdk-web/browser.sg.js?bid=tiktok_webapp&globalName=SlardarClient:1:15616
    at o (https://sf16-website-login.neutral.ttwstatic.com/obj/tiktok_web_login_static/slardar/fe/sdk-web/browser.sg.js?bid=tiktok_webapp&globalName=SlardarClient:1:3178)
    at Array.d (https://sf16-website-login.neutral.ttwstatic.com/obj/tiktok_web_login_static/webmssdk/1.0.0.328/webmssdk.js:1:124784)
    at S (https://sf16-website-login.neutral.ttwstatic.com/obj/tiktok_web_login_static/webmssdk/1.0.0.328/webmssdk.js:1:226826)
    at https://sf16-website-login.neutral.ttwstatic.com/obj/tiktok_web_login_static/webmssdk/1.0.0.328/webmssdk.js:1:135236
    at window.fetch (https://sf16-website-login.neutral.ttwstatic.com/obj/tiktok_web_login_static/secsdk/secsdk-lastest.umd.js:5211:40)
    at D.__splitFetch (https://sf16-website-login.neutral.ttwstatic.com/obj/tiktok_web_login_static/tiktok/webapp/main/landing-opt/webapp-desktop/static/js/async/54690.7856583b.js:11:41253)
    at D.loadRange (https://sf16-website-login.neutral.ttwstatic.com/obj/tiktok_web_login_static/tiktok/webapp/main/landing-opt/webapp-desktop/static/js/async/54690.7856583b.js:11:43786)
[00:16:40.541] [WARNING] [00:11.372][warn][controller](1) AbortError: The play() request was interrupted by a new load request. https://goo.gl/LdLk22
[00:16:40.541] [WARNING] [00:11.372][warn][controller](1) AbortError: The play() request was interrupted by a new load request. https://goo.gl/LdLk22
[00:16:40.545] [WARNING] The AudioContext was not allowed to start. It must be resumed (or created) after a user gesture on the page. https://developer.chrome.com/blog/autoplay/#web_audio
[00:16:41.509] [WARNING] The AudioContext was not allowed to start. It must be resumed (or created) after a user gesture on the page. https://developer.chrome.com/blog/autoplay/#web_audio
[00:16:41.517] [WARNING] The AudioContext was not allowed to start. It must be resumed (or created) after a user gesture on the page. https://developer.chrome.com/blog/autoplay/#web_audio
[00:16:41.811] [ERROR] Access to XMLHttpRequest at 'https://mssdk-sg.tiktok.com/web/report?msToken=U7ik1kk9D68L8vK9GCbLVIShIXLmKhrBD-kFx6kZdod04aHn8zyZSqUYCTKe22ck51dXd7sv0VUgx26k-FpgezK5bjkfgD4za7koHSiLCHkPh3UASLXVZXPCr73QoA==&X-Bogus=DFSzsIVYeOrS9gEvCm2rhEoEuhcM&X-Gnarly=M/j-QSwG0gZNAa-W4TUnu-LaXH-MLgKlk6GoQKuBP/wMuuATwPh4SNq0v/AL1Qd8B5m5zcFhlX6Ml6Hgy0w5WDGb72yxe2B6a2ILPQ0D2e0p4qcwbaZC0cJVlC/O8tLiVkbFyNbH1GQoMyc6XbIUxIOpPAen5xSxdSJtSIPkdWUbcr7wAYKbatT67zTlFPE/nf0hSo9u2Cuau0t/G/gvNuyOsfB/4wm52sgUoGpotQxnX27bnwUHvwuOysUlluSEihcvlI6qv2wlWcXa4KhaWx/q7-xfWx-ybD787SUuQo0092svrAvflBcDhXrePRa1Ccv=' from origin 'https://www.tiktok.com' has been blocked by CORS policy: Request header field upgrade-insecure-requests is not allowed by Access-Control-Allow-Headers in preflight response.
[00:16:41.822] [ERROR] Failed to load resource: net::ERR_FAILED
[00:16:41.926] [ERROR] Access to XMLHttpRequest at 'https://mssdk-sg.tiktok.com/web/common?msToken=U7ik1kk9D68L8vK9GCbLVIShIXLmKhrBD-kFx6kZdod04aHn8zyZSqUYCTKe22ck51dXd7sv0VUgx26k-FpgezK5bjkfgD4za7koHSiLCHkPh3UASLXVZXPCr73QoA==&X-Bogus=DFSzsIVYeOrS9gEvCm2rhEoEuhcM&X-Gnarly=MwdnV6Oixmcz345nugFUTNi6BzADe1E3oEa0FhYjcJsXbckaP26yBTUgFp4MUbmsN8DvlFnrU98FLPasXpqO9KdReYFEmUaIuHPM9O2rGSX06w6bc85BRC8ar5sSXKMwM1LNZ7JJPHD1pDj8mRBDbI0GN2Mb3Okun2MaAas/jxzZmwqwf0LkGweD6gBrOifbQjxcfDhHv7rkqoBGZs3/BPlp6lvOMv-Zy6dZ3LBVJUwwnC3DuE8n62TU8A0w5Pkd-KeCLD2/TtlQ36HziMp1DUiLNWj2Rqaocx1Vm1xLdwfX0WOO3kLN0RB5gwpOgWXGu5z=' from origin 'https://www.tiktok.com' has been blocked by CORS policy: Request header field upgrade-insecure-requests is not allowed by Access-Control-Allow-Headers in preflight response.
[00:16:41.927] [ERROR] Failed to load resource: net::ERR_FAILED
[00:16:42.673] [ERROR] Access to XMLHttpRequest at 'https://mon.tiktokv.com/monitor_browser/collect/batch/?biz_id=tiktok_webapp' from origin 'https://www.tiktok.com' has been blocked by CORS policy: Request header field upgrade-insecure-requests is not allowed by Access-Control-Allow-Headers in preflight response.
[00:16:42.677] [ERROR] Failed to load resource: net::ERR_FAILED
[00:16:43.462] [ERROR] Access to XMLHttpRequest at 'https://mon.tiktokv.com/monitor_browser/collect/batch/?biz_id=tiktok_webapp' from origin 'https://www.tiktok.com' has been blocked by CORS policy: Request header field upgrade-insecure-requests is not allowed by Access-Control-Allow-Headers in preflight response.
[00:16:43.463] [ERROR] Failed to load resource: net::ERR_FAILED
[00:16:43.511] [WARNING] The AudioContext was not allowed to start. It must be resumed (or created) after a user gesture on the page. https://developer.chrome.com/blog/autoplay/#web_audio
[00:16:43.535] [WARNING] The AudioContext was not allowed to start. It must be resumed (or created) after a user gesture on the page. https://developer.chrome.com/blog/autoplay/#web_audio
[00:16:43.540] [WARNING] The AudioContext was not allowed to start. It must be resumed (or created) after a user gesture on the page. https://developer.chrome.com/blog/autoplay/#web_audio
[00:16:43.593] [WARNING] The AudioContext was not allowed to start. It must be resumed (or created) after a user gesture on the page. https://developer.chrome.com/blog/autoplay/#web_audio
[00:16:43.599] [WARNING] [00:14.424][warn][controller](1) AbortError: The play() request was interrupted by a call to pause(). https://goo.gl/LdLk22
[00:16:43.601] [WARNING] [00:14.425][warn][controller](1) AbortError: The play() request was interrupted by a call to pause(). https://goo.gl/LdLk22
[00:16:43.637] [WARNING] The AudioContext was not allowed to start. It must be resumed (or created) after a user gesture on the page. https://developer.chrome.com/blog/autoplay/#web_audio
[00:16:43.644] [WARNING] The AudioContext was not allowed to start. It must be resumed (or created) after a user gesture on the page. https://developer.chrome.com/blog/autoplay/#web_audio
[00:16:43.710] [ERROR] Access to fetch at 'https://v16-webapp-prime.tiktok.com/video/tos/alisg/tos-alisg-pve-0037c001/oIpQ12cQEVkiBQ2EIrCCyBAUQRF36cfZKgfDNE/?a=1988&bti=ODszNWYuMDE6&ch=0&cr=3&dr=0&lr=all&cd=0%7C0%7C0%7C&cv=1&br=1672&bt=836&cs=0&ds=6&ft=I~da4oTzD12NvgNSP.IxRNqjHlBF-UjNSkopiX&mime_type=video_mp4&qs=0&rc=aGdlNGU8NzZlO2hmZGY7ZEBpM3Z3bXU5cnQ3ODMzODczNEAtMjNhMzY0X2MxMDYxLzEwYSNlLTRhMmRzMy5hLS1kMWBzcw%3D%3D&btag=e000b8000&expire=1767201416&l=20251230011634DAC4DA2043067F0565CE&ply_type=2&policy=2&signature=9fa85dfb870a974dfae70cd9f89ff8cd&tk=tt_chain_token' from origin 'https://www.tiktok.com' has been blocked by CORS policy: Request header field upgrade-insecure-requests is not allowed by Access-Control-Allow-Headers in preflight response.
[00:16:43.711] [ERROR] Failed to load resource: net::ERR_FAILED
[00:16:43.713] [WARNING] [00:14.541][warn][demux.fetch](6) TypeError: Failed to fetch
    at I (https://sf16-website-login.neutral.ttwstatic.com/obj/tiktok_web_login_static/tiktok_privacy_protection_framework/loader/1.0.0.927/index.js:4:74444)
    at window.fetch (https://sf16-website-login.neutral.ttwstatic.com/obj/tiktok_web_login_static/tiktok_privacy_protection_framework/loader/1.0.0.927/index.js:4:74530)
    at https://sf16-website-login.neutral.ttwstatic.com/obj/tiktok_web_login_static/slardar/fe/sdk-web/browser.sg.js?bid=tiktok_webapp&globalName=SlardarClient:1:15616
    at o (https://sf16-website-login.neutral.ttwstatic.com/obj/tiktok_web_login_static/slardar/fe/sdk-web/browser.sg.js?bid=tiktok_webapp&globalName=SlardarClient:1:3178)
    at Array.d (https://sf16-website-login.neutral.ttwstatic.com/obj/tiktok_web_login_static/webmssdk/1.0.0.328/webmssdk.js:1:124784)
    at S (https://sf16-website-login.neutral.ttwstatic.com/obj/tiktok_web_login_static/webmssdk/1.0.0.328/webmssdk.js:1:226826)
    at https://sf16-website-login.neutral.ttwstatic.com/obj/tiktok_web_login_static/webmssdk/1.0.0.328/webmssdk.js:1:135236
    at window.fetch (https://sf16-website-login.neutral.ttwstatic.com/obj/tiktok_web_login_static/secsdk/secsdk-lastest.umd.js:5211:40)
    at D.__splitFetch (https://sf16-website-login.neutral.ttwstatic.com/obj/tiktok_web_login_static/tiktok/webapp/main/landing-opt/webapp-desktop/static/js/async/54690.7856583b.js:11:41253)
    at D.loadRange (https://sf16-website-login.neutral.ttwstatic.com/obj/tiktok_web_login_static/tiktok/webapp/main/landing-opt/webapp-desktop/static/js/async/54690.7856583b.js:11:43786)
[00:16:43.809] [ERROR] Access to fetch at 'https://v19-webapp-prime.tiktok.com/video/tos/alisg/tos-alisg-pve-0037c001/oIpQ12cQEVkiBQ2EIrCCyBAUQRF36cfZKgfDNE/?a=1988&bti=ODszNWYuMDE6&ch=0&cr=3&dr=0&lr=all&cd=0%7C0%7C0%7C&cv=1&br=1672&bt=836&cs=0&ds=6&ft=I~da4oTzD12NvgNSP.IxRNqjHlBF-UjNSkopiX&mime_type=video_mp4&qs=0&rc=aGdlNGU8NzZlO2hmZGY7ZEBpM3Z3bXU5cnQ3ODMzODczNEAtMjNhMzY0X2MxMDYxLzEwYSNlLTRhMmRzMy5hLS1kMWBzcw%3D%3D&btag=e000b8000&expire=1767201416&l=20251230011634DAC4DA2043067F0565CE&ply_type=2&policy=2&signature=9fa85dfb870a974dfae70cd9f89ff8cd&tk=tt_chain_token' from origin 'https://www.tiktok.com' has been blocked by CORS policy: Response to preflight request doesn't pass access control check: It does not have HTTP ok status.
[00:16:43.810] [ERROR] Failed to load resource: net::ERR_FAILED
[00:16:43.810] [WARNING] [00:14.636][warn][demux.fetch](6) TypeError: Failed to fetch
    at I (https://sf16-website-login.neutral.ttwstatic.com/obj/tiktok_web_login_static/tiktok_privacy_protection_framework/loader/1.0.0.927/index.js:4:74444)
    at window.fetch (https://sf16-website-login.neutral.ttwstatic.com/obj/tiktok_web_login_static/tiktok_privacy_protection_framework/loader/1.0.0.927/index.js:4:74530)
    at https://sf16-website-login.neutral.ttwstatic.com/obj/tiktok_web_login_static/slardar/fe/sdk-web/browser.sg.js?bid=tiktok_webapp&globalName=SlardarClient:1:15616
    at o (https://sf16-website-login.neutral.ttwstatic.com/obj/tiktok_web_login_static/slardar/fe/sdk-web/browser.sg.js?bid=tiktok_webapp&globalName=SlardarClient:1:3178)
    at Array.d (https://sf16-website-login.neutral.ttwstatic.com/obj/tiktok_web_login_static/webmssdk/1.0.0.328/webmssdk.js:1:124784)
    at S (https://sf16-website-login.neutral.ttwstatic.com/obj/tiktok_web_login_static/webmssdk/1.0.0.328/webmssdk.js:1:226826)
    at https://sf16-website-login.neutral.ttwstatic.com/obj/tiktok_web_login_static/webmssdk/1.0.0.328/webmssdk.js:1:135236
    at window.fetch (https://sf16-website-login.neutral.ttwstatic.com/obj/tiktok_web_login_static/secsdk/secsdk-lastest.umd.js:5211:40)
    at D.__splitFetch (https://sf16-website-login.neutral.ttwstatic.com/obj/tiktok_web_login_static/tiktok/webapp/main/landing-opt/webapp-desktop/static/js/async/54690.7856583b.js:11:41253)
    at D.loadRange (https://sf16-website-login.neutral.ttwstatic.com/obj/tiktok_web_login_static/tiktok/webapp/main/landing-opt/webapp-desktop/static/js/async/54690.7856583b.js:11:43786)
[00:16:44.076] [ERROR] Access to fetch at 'https://v16-webapp-prime.tiktok.com/video/tos/alisg/tos-alisg-pve-0037c001/oIpQ12cQEVkiBQ2EIrCCyBAUQRF36cfZKgfDNE/?a=1988&bti=bGRuZHxvMXIxcm53Zm1cYF9ebWFzaHFmOg%3D%3D&ch=0&cr=0&dr=0&er=0&cd=0%7C0%7C0%7C0&cv=1&br=1672&bt=836&cs=0&ds=6&ft=7S~-gDHhNF6VQZqG0mq-sdnsrxXqYl3E5F5~hWLrK&mime_type=video_mp4&qs=0&rc=aGdlNGU8NzZlO2hmZGY7ZEBpM3Z3bXU5cnQ3ODMzODczNEAtMjNhMzY0X2MxMDYxLzEwYSNlLTRhMmRzMy5hLS1kMWBzcw%3D%3D&btag=e000b8000&expire=1767050225&l=202512300116434BA7586A57CD83163CD3&ply_type=2&policy=2&signature=09bb0d2715f5296fdb271ab48fd7e00c&tk=tt_chain_token' (redirected from 'https://www.tiktok.com/aweme/v1/play/?faid=1988&file_id=3a482c4a9c3e48fbb374996bd16b5d0e&is_play_url=1&item_id=7584698868877593876&line=0&ply_type=2&signaturev3=dmlkZW9faWQ7ZmlsZV9pZDtpdGVtX2lkLjkyYjNjOTRlMzNiODMwMWZkM2U3YTM2MDU3NjU2NGRi&tk=tt_chain_token&video_id=v1c044g50000d5146qvog65rdj7t0sh0') from origin 'https://www.tiktok.com' has been blocked by CORS policy: Request header field upgrade-insecure-requests is not allowed by Access-Control-Allow-Headers in preflight response.
[00:16:44.076] [ERROR] Failed to load resource: net::ERR_FAILED
[00:16:44.077] [ERROR] [00:14.902][error][demux.fetch](6) TypeError: Failed to fetch
    at I (https://sf16-website-login.neutral.ttwstatic.com/obj/tiktok_web_login_static/tiktok_privacy_protection_framework/loader/1.0.0.927/index.js:4:74444)
    at window.fetch (https://sf16-website-login.neutral.ttwstatic.com/obj/tiktok_web_login_static/tiktok_privacy_protection_framework/loader/1.0.0.927/index.js:4:74530)
    at https://sf16-website-login.neutral.ttwstatic.com/obj/tiktok_web_login_static/slardar/fe/sdk-web/browser.sg.js?bid=tiktok_webapp&globalName=SlardarClient:1:15616
    at o (https://sf16-website-login.neutral.ttwstatic.com/obj/tiktok_web_login_static/slardar/fe/sdk-web/browser.sg.js?bid=tiktok_webapp&globalName=SlardarClient:1:3178)
    at Array.d (https://sf16-website-login.neutral.ttwstatic.com/obj/tiktok_web_login_static/webmssdk/1.0.0.328/webmssdk.js:1:124784)
    at S (https://sf16-website-login.neutral.ttwstatic.com/obj/tiktok_web_login_static/webmssdk/1.0.0.328/webmssdk.js:1:226826)
    at https://sf16-website-login.neutral.ttwstatic.com/obj/tiktok_web_login_static/webmssdk/1.0.0.328/webmssdk.js:1:135236
    at window.fetch (https://sf16-website-login.neutral.ttwstatic.com/obj/tiktok_web_login_static/secsdk/secsdk-lastest.umd.js:5211:40)
    at D.__splitFetch (https://sf16-website-login.neutral.ttwstatic.com/obj/tiktok_web_login_static/tiktok/webapp/main/landing-opt/webapp-desktop/static/js/async/54690.7856583b.js:11:41253)
    at D.loadRange (https://sf16-website-login.neutral.ttwstatic.com/obj/tiktok_web_login_static/tiktok/webapp/main/landing-opt/webapp-desktop/static/js/async/54690.7856583b.js:11:43786)
[00:16:44.081] [WARNING] [00:14.907][warn][controller](1) AbortError: The play() request was interrupted by a new load request. https://goo.gl/LdLk22
[00:16:44.082] [WARNING] [00:14.908][warn][controller](1) AbortError: The play() request was interrupted by a new load request. https://goo.gl/LdLk22
[00:16:44.095] [WARNING] The AudioContext was not allowed to start. It must be resumed (or created) after a user gesture on the page. https://developer.chrome.com/blog/autoplay/#web_audio
[00:16:44.478] [WARNING] The AudioContext was not allowed to start. It must be resumed (or created) after a user gesture on the page. https://developer.chrome.com/blog/autoplay/#web_audio
[00:16:44.479] [WARNING] The AudioContext was not allowed to start. It must be resumed (or created) after a user gesture on the page. https://developer.chrome.com/blog/autoplay/#web_audio
[00:16:46.395] [ERROR] Access to XMLHttpRequest at 'https://mon.tiktokv.com/monitor_browser/collect/batch/?biz_id=tiktok_webapp' from origin 'https://www.tiktok.com' has been blocked by CORS policy: Request header field upgrade-insecure-requests is not allowed by Access-Control-Allow-Headers in preflight response.
[00:16:46.397] [ERROR] Failed to load resource: net::ERR_FAILED

================================================================================
Console logging ended - 2025-12-30T00:16:47.594868
================================================================================
