================================================================================
Browser Console Log - 2025-12-30T12:43:04.960310
================================================================================

[12:43:08.623] [DEBUG] set global cache {exploreItemList: Object}
[12:43:08.716] [WARNING] Reflect is already polyfilled.
[12:43:08.894] [WARNING] AppContext will be overwritten
[12:43:08.896] [WARNING] AppContext will be overwritten
[12:43:08.897] [WARNING] AppContext will be overwritten
[12:43:08.898] [WARNING] AppContext will be overwritten
[12:43:08.906] [WARNING] AppContext will be overwritten
[12:43:08.909] [WARNING] AppContext will be overwritten
[12:43:08.912] [WARNING] AppContext will be overwritten
[12:43:08.916] [WARNING] AppContext will be overwritten
[12:43:09.037] [WARNING] AppContext will be overwritten
[12:43:09.042] [WARNING] AppContext will be overwritten
[12:43:09.042] [WARNING] loadable: `loadableReady()` requires state, please use `getScriptTags` or `getScriptElements` server-side
[12:43:09.420] [ERROR] Error: Unable to determine theme from timezone. Falling back to local time-based method. Error: Timezone "Asia/Saigon" not found
    at w (https://sf16-website-login.neutral.ttwstatic.com/obj/tiktok_web_login_static/tiktok/webapp/main/react-v18/webapp-desktop/static/js/64709.b132f7f3.js:2:102006)
    at I (https://sf16-website-login.neutral.ttwstatic.com/obj/tiktok_web_login_static/tiktok/webapp/main/react-v18/webapp-desktop/static/js/webapp-desktop.b0db16dd.js:1:155831)
    at https://sf16-website-login.neutral.ttwstatic.com/obj/tiktok_web_login_static/tiktok/webapp/main/react-v18/webapp-desktop/static/js/webapp-desktop.b0db16dd.js:1:157092
    at lI (https://sf16-website-login.neutral.ttwstatic.com/obj/tiktok_web_login_static/tiktok/webapp/main/react-v18/webapp-desktop/static/js/npm-react.c57fe319.js:2:165676)
    at iU (https://sf16-website-login.neutral.ttwstatic.com/obj/tiktok_web_login_static/tiktok/webapp/main/react-v18/webapp-desktop/static/js/npm-react.c57fe319.js:2:194669)
    at iT (https://sf16-website-login.neutral.ttwstatic.com/obj/tiktok_web_login_static/tiktok/webapp/main/react-v18/webapp-desktop/static/js/npm-react.c57fe319.js:2:177525)
    at r6 (https://sf16-website-login.neutral.ttwstatic.com/obj/tiktok_web_login_static/tiktok/webapp/main/react-v18/webapp-desktop/static/js/npm-react.c57fe319.js:2:126479)
    at https://sf16-website-login.neutral.ttwstatic.com/obj/tiktok_web_login_static/tiktok/webapp/main/react-v18/webapp-desktop/static/js/npm-react.c57fe319.js:2:193115
    at i$ (https://sf16-website-login.neutral.ttwstatic.com/obj/tiktok_web_login_static/tiktok/webapp/main/react-v18/webapp-desktop/static/js/npm-react.c57fe319.js:2:193121)
    at iE (https://sf16-website-login.neutral.ttwstatic.com/obj/tiktok_web_login_static/tiktok/webapp/main/react-v18/webapp-desktop/static/js/npm-react.c57fe319.js:2:176528)
[12:43:09.916] [ERROR] Error: Unable to determine theme from timezone. Falling back to local time-based method. Error: Timezone "Asia/Saigon" not found
    at w (https://sf16-website-login.neutral.ttwstatic.com/obj/tiktok_web_login_static/tiktok/webapp/main/react-v18/webapp-desktop/static/js/64709.b132f7f3.js:2:102006)
    at I (https://sf16-website-login.neutral.ttwstatic.com/obj/tiktok_web_login_static/tiktok/webapp/main/react-v18/webapp-desktop/static/js/webapp-desktop.b0db16dd.js:1:155831)
    at https://sf16-website-login.neutral.ttwstatic.com/obj/tiktok_web_login_static/tiktok/webapp/main/react-v18/webapp-desktop/static/js/webapp-desktop.b0db16dd.js:1:157092
    at lI (https://sf16-website-login.neutral.ttwstatic.com/obj/tiktok_web_login_static/tiktok/webapp/main/react-v18/webapp-desktop/static/js/npm-react.c57fe319.js:2:165676)
    at iU (https://sf16-website-login.neutral.ttwstatic.com/obj/tiktok_web_login_static/tiktok/webapp/main/react-v18/webapp-desktop/static/js/npm-react.c57fe319.js:2:194669)
    at iT (https://sf16-website-login.neutral.ttwstatic.com/obj/tiktok_web_login_static/tiktok/webapp/main/react-v18/webapp-desktop/static/js/npm-react.c57fe319.js:2:177525)
    at r6 (https://sf16-website-login.neutral.ttwstatic.com/obj/tiktok_web_login_static/tiktok/webapp/main/react-v18/webapp-desktop/static/js/npm-react.c57fe319.js:2:126479)
    at https://sf16-website-login.neutral.ttwstatic.com/obj/tiktok_web_login_static/tiktok/webapp/main/react-v18/webapp-desktop/static/js/npm-react.c57fe319.js:2:193115
    at i$ (https://sf16-website-login.neutral.ttwstatic.com/obj/tiktok_web_login_static/tiktok/webapp/main/react-v18/webapp-desktop/static/js/npm-react.c57fe319.js:2:193121)
    at iE (https://sf16-website-login.neutral.ttwstatic.com/obj/tiktok_web_login_static/tiktok/webapp/main/react-v18/webapp-desktop/static/js/npm-react.c57fe319.js:2:176528)
[12:43:11.837] [INFO] .
[12:43:12.489] [ERROR] Feature access control initialization error TypeError: Failed to fetch
    at I (https://sf16-website-login.neutral.ttwstatic.com/obj/tiktok_web_login_static/tiktok_privacy_protection_framework/loader/1.0.0.927/index.js:4:74444)
    at window.fetch (https://sf16-website-login.neutral.ttwstatic.com/obj/tiktok_web_login_static/tiktok_privacy_protection_framework/loader/1.0.0.927/index.js:4:74530)
    at https://sf16-website-login.neutral.ttwstatic.com/obj/tiktok_web_login_static/slardar/fe/sdk-web/browser.sg.js?bid=tiktok_webapp&globalName=SlardarClient:1:15616
    at o (https://sf16-website-login.neutral.ttwstatic.com/obj/tiktok_web_login_static/slardar/fe/sdk-web/browser.sg.js?bid=tiktok_webapp&globalName=SlardarClient:1:3178)
    at Array.d (https://sf16-website-login.neutral.ttwstatic.com/obj/tiktok_web_login_static/webmssdk/1.0.0.328/webmssdk.js:1:124784)
    at S (https://sf16-website-login.neutral.ttwstatic.com/obj/tiktok_web_login_static/webmssdk/1.0.0.328/webmssdk.js:1:226826)
    at https://sf16-website-login.neutral.ttwstatic.com/obj/tiktok_web_login_static/webmssdk/1.0.0.328/webmssdk.js:1:135236
    at window.fetch (https://sf16-website-login.neutral.ttwstatic.com/obj/tiktok_web_login_static/secsdk/secsdk-lastest.umd.js:5211:40)
    at e.<anonymous> (https://sf16-website-login.neutral.ttwstatic.com/obj/tiktok_web_login_static/tiktok/webapp/main/react-v18/webapp-desktop/static/js/biz.common.lib.65a31f6b.js:1:32915)
    at Object.next (https://sf16-website-login.neutral.ttwstatic.com/obj/tiktok_web_login_static/tiktok/webapp/main/react-v18/webapp-desktop/static/js/64709.b132f7f3.js:2:217254)
[12:43:13.122] [INFO] .
[12:43:13.262] [WARNING] Reflect is already polyfilled.
[12:43:13.365] [WARNING] AppContext will be overwritten
[12:43:13.366] [WARNING] AppContext will be overwritten
[12:43:13.370] [WARNING] AppContext will be overwritten
[12:43:13.372] [WARNING] AppContext will be overwritten
[12:43:13.373] [WARNING] AppContext will be overwritten
[12:43:13.373] [WARNING] AppContext will be overwritten
[12:43:13.379] [WARNING] AppContext will be overwritten
[12:43:13.379] [WARNING] AppContext will be overwritten
[12:43:13.464] [WARNING] AppContext will be overwritten
[12:43:13.465] [WARNING] AppContext will be overwritten
[12:43:13.465] [WARNING] loadable: `loadableReady()` requires state, please use `getScriptTags` or `getScriptElements` server-side
[12:43:13.522] [DEBUG] set global cache {userPostList: Object}
[12:43:13.522] [DEBUG] set global cache {userPostList: Object, userPlayList: Object}
[12:43:13.533] [DEBUG] Error
[12:43:13.534] [DEBUG] Error
    at Array.d (https://sf16-website-login.neutral.ttwstatic.com/obj/tiktok_web_login_static/webmssdk/1.0.0.328/webmssdk.js:1:5522)
    at S (https://sf16-website-login.neutral.ttwstatic.com/obj/tiktok_web_login_static/webmssdk/1.0.0.328/webmssdk.js:1:226826)
    at v (https://sf16-website-login.neutral.ttwstatic.com/obj/tiktok_web_login_static/webmssdk/1.0.0.328/webmssdk.js:1:81351)
    at Array.d (https://sf16-website-login.neutral.ttwstatic.com/obj/tiktok_web_login_static/webmssdk/1.0.0.328/webmssdk.js:1:71251)
    at S (https://sf16-website-login.neutral.ttwstatic.com/obj/tiktok_web_login_static/webmssdk/1.0.0.328/webmssdk.js:1:226826)
    at v (https://sf16-website-login.neutral.ttwstatic.com/obj/tiktok_web_login_static/webmssdk/1.0.0.328/webmssdk.js:1:81541)
    at Array.d (https://sf16-website-login.neutral.ttwstatic.com/obj/tiktok_web_login_static/webmssdk/1.0.0.328/webmssdk.js:1:119076)
    at S (https://sf16-website-login.neutral.ttwstatic.com/obj/tiktok_web_login_static/webmssdk/1.0.0.328/webmssdk.js:1:226826)
    at v (https://sf16-website-login.neutral.ttwstatic.com/obj/tiktok_web_login_static/webmssdk/1.0.0.328/webmssdk.js:1:82258)
    at Array.d (https://sf16-website-login.neutral.ttwstatic.com/obj/tiktok_web_login_static/webmssdk/1.0.0.328/webmssdk.js:1:148339)
[12:43:13.844] [ERROR] Error: Unable to determine theme from timezone. Falling back to local time-based method. Error: Timezone "Asia/Saigon" not found
    at w (https://sf16-website-login.neutral.ttwstatic.com/obj/tiktok_web_login_static/tiktok/webapp/main/react-v18/webapp-desktop/static/js/64709.b132f7f3.js:2:102006)
    at I (https://sf16-website-login.neutral.ttwstatic.com/obj/tiktok_web_login_static/tiktok/webapp/main/react-v18/webapp-desktop/static/js/webapp-desktop.b0db16dd.js:1:155831)
    at https://sf16-website-login.neutral.ttwstatic.com/obj/tiktok_web_login_static/tiktok/webapp/main/react-v18/webapp-desktop/static/js/webapp-desktop.b0db16dd.js:1:157092
    at lI (https://sf16-website-login.neutral.ttwstatic.com/obj/tiktok_web_login_static/tiktok/webapp/main/react-v18/webapp-desktop/static/js/npm-react.c57fe319.js:2:165676)
    at iU (https://sf16-website-login.neutral.ttwstatic.com/obj/tiktok_web_login_static/tiktok/webapp/main/react-v18/webapp-desktop/static/js/npm-react.c57fe319.js:2:194669)
    at iT (https://sf16-website-login.neutral.ttwstatic.com/obj/tiktok_web_login_static/tiktok/webapp/main/react-v18/webapp-desktop/static/js/npm-react.c57fe319.js:2:177525)
    at r6 (https://sf16-website-login.neutral.ttwstatic.com/obj/tiktok_web_login_static/tiktok/webapp/main/react-v18/webapp-desktop/static/js/npm-react.c57fe319.js:2:126479)
    at https://sf16-website-login.neutral.ttwstatic.com/obj/tiktok_web_login_static/tiktok/webapp/main/react-v18/webapp-desktop/static/js/npm-react.c57fe319.js:2:193115
    at i$ (https://sf16-website-login.neutral.ttwstatic.com/obj/tiktok_web_login_static/tiktok/webapp/main/react-v18/webapp-desktop/static/js/npm-react.c57fe319.js:2:193121)
    at iE (https://sf16-website-login.neutral.ttwstatic.com/obj/tiktok_web_login_static/tiktok/webapp/main/react-v18/webapp-desktop/static/js/npm-react.c57fe319.js:2:176528)
[12:43:16.315] [WARNING] [i18n] missing key [en] Webapp Close_button Close_button
[12:43:16.912] [DEBUG] Error
[12:43:17.813] [LOG] ws.opened
[12:43:19.912] [WARNING] The AudioContext was not allowed to start. It must be resumed (or created) after a user gesture on the page. https://developer.chrome.com/blog/autoplay/#web_audio
[12:43:19.935] [WARNING] [00:08.085][warn][multiplex](1) demux waterlevel change to full, abort request
[12:43:22.163] [WARNING] The AudioContext was not allowed to start. It must be resumed (or created) after a user gesture on the page. https://developer.chrome.com/blog/autoplay/#web_audio
[12:43:22.167] [WARNING] [TikTok desktop app SDK Monitor]:   WARN:[printFirstFeedShow]The current environment is not inside the client.
[12:43:22.173] [WARNING] The AudioContext was not allowed to start. It must be resumed (or created) after a user gesture on the page. https://developer.chrome.com/blog/autoplay/#web_audio
[12:43:23.728] [LOG] %c %s color: yellow; background-color: black; [instance: pns_sdk_common_modules_0.0.0_1767073403559] appid: 1988, userInfo:{"user_unique_id":"7589522392003790356","web_id":"7589522400187631124"}
[12:43:23.729] [LOG] %c %s color: yellow; background-color: black; [instance: pns_sdk_common_modules_0.0.0_1767073403559] appid: 1988, sdk is ready, version is 5.3.12_oversea, you can report now !!!
[12:43:24.004] [DEBUG] Error
[12:43:24.066] [DEBUG] Error
[12:43:25.788] [DEBUG] Error
[12:43:26.591] [LOG] === Page Data Extraction ===
[12:43:26.594] [LOG] Found __UNIVERSAL_DATA_FOR_REHYDRATION__
[12:43:26.596] [LOG] Data type: object
[12:43:26.597] [LOG] Successfully cloned data
[12:43:26.912] [LOG] Trying alternative extraction...
[12:43:26.916] [LOG] Found data in: window.__UNIVERSAL_DATA_FOR_REHYDRATION__
[12:43:26.917] [LOG] Successfully serialized from: window.__UNIVERSAL_DATA_FOR_REHYDRATION__
[12:43:30.334] [INFO] .
[12:43:30.378] [DEBUG] set global cache {userPostList: Object}
[12:43:30.382] [DEBUG] set global cache {userPostList: Object, userPlayList: Object}
[12:43:30.383] [DEBUG] Error
[12:43:30.383] [DEBUG] Error
    at Array.d (https://sf16-website-login.neutral.ttwstatic.com/obj/tiktok_web_login_static/webmssdk/1.0.0.328/webmssdk.js:1:5522)
    at S (https://sf16-website-login.neutral.ttwstatic.com/obj/tiktok_web_login_static/webmssdk/1.0.0.328/webmssdk.js:1:226826)
    at v (https://sf16-website-login.neutral.ttwstatic.com/obj/tiktok_web_login_static/webmssdk/1.0.0.328/webmssdk.js:1:81351)
    at Array.d (https://sf16-website-login.neutral.ttwstatic.com/obj/tiktok_web_login_static/webmssdk/1.0.0.328/webmssdk.js:1:71251)
    at S (https://sf16-website-login.neutral.ttwstatic.com/obj/tiktok_web_login_static/webmssdk/1.0.0.328/webmssdk.js:1:226826)
    at v (https://sf16-website-login.neutral.ttwstatic.com/obj/tiktok_web_login_static/webmssdk/1.0.0.328/webmssdk.js:1:81541)
    at Array.d (https://sf16-website-login.neutral.ttwstatic.com/obj/tiktok_web_login_static/webmssdk/1.0.0.328/webmssdk.js:1:119076)
    at S (https://sf16-website-login.neutral.ttwstatic.com/obj/tiktok_web_login_static/webmssdk/1.0.0.328/webmssdk.js:1:226826)
    at v (https://sf16-website-login.neutral.ttwstatic.com/obj/tiktok_web_login_static/webmssdk/1.0.0.328/webmssdk.js:1:82258)
    at Array.d (https://sf16-website-login.neutral.ttwstatic.com/obj/tiktok_web_login_static/webmssdk/1.0.0.328/webmssdk.js:1:148339)
[12:43:30.512] [WARNING] Reflect is already polyfilled.
[12:43:30.565] [WARNING] AppContext will be overwritten
[12:43:30.570] [WARNING] AppContext will be overwritten
[12:43:30.576] [WARNING] AppContext will be overwritten
[12:43:30.578] [WARNING] AppContext will be overwritten
[12:43:30.583] [WARNING] AppContext will be overwritten
[12:43:30.590] [WARNING] AppContext will be overwritten
[12:43:30.591] [WARNING] AppContext will be overwritten
[12:43:30.593] [WARNING] AppContext will be overwritten
[12:43:30.630] [WARNING] AppContext will be overwritten
[12:43:30.637] [WARNING] AppContext will be overwritten
[12:43:30.643] [WARNING] loadable: `loadableReady()` requires state, please use `getScriptTags` or `getScriptElements` server-side
[12:43:30.877] [ERROR] Error: Unable to determine theme from timezone. Falling back to local time-based method. Error: Timezone "Asia/Saigon" not found
    at w (https://sf16-website-login.neutral.ttwstatic.com/obj/tiktok_web_login_static/tiktok/webapp/main/react-v18/webapp-desktop/static/js/64709.b132f7f3.js:2:102006)
    at I (https://sf16-website-login.neutral.ttwstatic.com/obj/tiktok_web_login_static/tiktok/webapp/main/react-v18/webapp-desktop/static/js/webapp-desktop.b0db16dd.js:1:155831)
    at https://sf16-website-login.neutral.ttwstatic.com/obj/tiktok_web_login_static/tiktok/webapp/main/react-v18/webapp-desktop/static/js/webapp-desktop.b0db16dd.js:1:157092
    at lI (https://sf16-website-login.neutral.ttwstatic.com/obj/tiktok_web_login_static/tiktok/webapp/main/react-v18/webapp-desktop/static/js/npm-react.c57fe319.js:2:165676)
    at iU (https://sf16-website-login.neutral.ttwstatic.com/obj/tiktok_web_login_static/tiktok/webapp/main/react-v18/webapp-desktop/static/js/npm-react.c57fe319.js:2:194669)
    at iT (https://sf16-website-login.neutral.ttwstatic.com/obj/tiktok_web_login_static/tiktok/webapp/main/react-v18/webapp-desktop/static/js/npm-react.c57fe319.js:2:177525)
    at r6 (https://sf16-website-login.neutral.ttwstatic.com/obj/tiktok_web_login_static/tiktok/webapp/main/react-v18/webapp-desktop/static/js/npm-react.c57fe319.js:2:126479)
    at https://sf16-website-login.neutral.ttwstatic.com/obj/tiktok_web_login_static/tiktok/webapp/main/react-v18/webapp-desktop/static/js/npm-react.c57fe319.js:2:193115
    at i$ (https://sf16-website-login.neutral.ttwstatic.com/obj/tiktok_web_login_static/tiktok/webapp/main/react-v18/webapp-desktop/static/js/npm-react.c57fe319.js:2:193121)
    at iE (https://sf16-website-login.neutral.ttwstatic.com/obj/tiktok_web_login_static/tiktok/webapp/main/react-v18/webapp-desktop/static/js/npm-react.c57fe319.js:2:176528)
[12:43:32.574] [DEBUG] Error
[12:43:33.028] [WARNING] [i18n] missing key [en] Webapp Close_button Close_button
[12:43:34.254] [LOG] ws.opened
[12:43:34.923] [WARNING] [00:05.876][warn][multiplex](1) demux waterlevel change to full, abort request
[12:43:34.964] [WARNING] The AudioContext was not allowed to start. It must be resumed (or created) after a user gesture on the page. https://developer.chrome.com/blog/autoplay/#web_audio
[12:43:35.692] [LOG] %c %s color: yellow; background-color: black; [instance: pns_sdk_common_modules_0.0.0_1767073415593] appid: 1988, userInfo:{"user_unique_id":"7589522392003790356","web_id":"7589522400187631124"}
[12:43:35.703] [LOG] %c %s color: yellow; background-color: black; [instance: pns_sdk_common_modules_0.0.0_1767073415593] appid: 1988, sdk is ready, version is 5.3.12_oversea, you can report now !!!
[12:43:37.204] [WARNING] The AudioContext was not allowed to start. It must be resumed (or created) after a user gesture on the page. https://developer.chrome.com/blog/autoplay/#web_audio
[12:43:37.208] [WARNING] [TikTok desktop app SDK Monitor]:   WARN:[printFirstFeedShow]The current environment is not inside the client.
[12:43:37.219] [WARNING] The AudioContext was not allowed to start. It must be resumed (or created) after a user gesture on the page. https://developer.chrome.com/blog/autoplay/#web_audio
[12:43:37.350] [DEBUG] Error
[12:43:37.505] [DEBUG] Error
[12:43:37.836] [DEBUG] Error
[12:43:42.086] [LOG] === Page Data Extraction ===
[12:43:42.089] [LOG] Found __UNIVERSAL_DATA_FOR_REHYDRATION__
[12:43:42.090] [LOG] Data type: object
[12:43:42.091] [LOG] Successfully cloned data
[12:43:42.108] [LOG] Trying alternative extraction...
[12:43:42.109] [LOG] Found data in: window.__UNIVERSAL_DATA_FOR_REHYDRATION__
[12:43:42.109] [LOG] Successfully serialized from: window.__UNIVERSAL_DATA_FOR_REHYDRATION__

================================================================================
Console logging ended - 2025-12-30T12:43:43.218075
================================================================================
