================================================================================
Browser Console Log - 2025-12-30T12:16:43.084555
================================================================================

[12:16:46.109] [ERROR] Access to XMLHttpRequest at 'https://mon-va.byteoversea.com/monitor_web/settings/browser-settings?bid=slardar_us_waf&store=1' from origin 'https://www.tiktok.com' has been blocked by CORS policy: Request header field upgrade-insecure-requests is not allowed by Access-Control-Allow-Headers in preflight response.
[12:16:46.110] [ERROR] Failed to load resource: net::ERR_FAILED
[12:16:48.397] [DEBUG] set global cache {exploreItemList: Object}
[12:16:48.519] [WARNING] Reflect is already polyfilled.
[12:16:48.711] [WARNING] AppContext will be overwritten
[12:16:48.712] [WARNING] AppContext will be overwritten
[12:16:48.718] [WARNING] AppContext will be overwritten
[12:16:48.718] [WARNING] AppContext will be overwritten
[12:16:48.729] [WARNING] AppContext will be overwritten
[12:16:48.732] [WARNING] AppContext will be overwritten
[12:16:48.738] [WARNING] AppContext will be overwritten
[12:16:48.740] [WARNING] AppContext will be overwritten
[12:16:48.861] [WARNING] AppContext will be overwritten
[12:16:48.886] [WARNING] AppContext will be overwritten
[12:16:48.888] [WARNING] loadable: `loadableReady()` requires state, please use `getScriptTags` or `getScriptElements` server-side
[12:16:49.368] [ERROR] Error: Unable to determine theme from timezone. Falling back to local time-based method. Error: Timezone "Asia/Saigon" not found
    at w (https://sf16-website-login.neutral.ttwstatic.com/obj/tiktok_web_login_static/tiktok/webapp/main/landing-opt/webapp-desktop/static/js/93271.43d8d1c9.js:2:102006)
    at x (https://sf16-website-login.neutral.ttwstatic.com/obj/tiktok_web_login_static/tiktok/webapp/main/landing-opt/webapp-desktop/static/js/webapp-desktop.02006c2b.js:1:150765)
    at https://sf16-website-login.neutral.ttwstatic.com/obj/tiktok_web_login_static/tiktok/webapp/main/landing-opt/webapp-desktop/static/js/webapp-desktop.02006c2b.js:1:152027
    at lI (https://sf16-website-login.neutral.ttwstatic.com/obj/tiktok_web_login_static/tiktok/webapp/main/landing-opt/webapp-desktop/static/js/npm-react.c57fe319.js:2:165676)
    at iU (https://sf16-website-login.neutral.ttwstatic.com/obj/tiktok_web_login_static/tiktok/webapp/main/landing-opt/webapp-desktop/static/js/npm-react.c57fe319.js:2:194669)
    at iT (https://sf16-website-login.neutral.ttwstatic.com/obj/tiktok_web_login_static/tiktok/webapp/main/landing-opt/webapp-desktop/static/js/npm-react.c57fe319.js:2:177525)
    at r6 (https://sf16-website-login.neutral.ttwstatic.com/obj/tiktok_web_login_static/tiktok/webapp/main/landing-opt/webapp-desktop/static/js/npm-react.c57fe319.js:2:126479)
    at https://sf16-website-login.neutral.ttwstatic.com/obj/tiktok_web_login_static/tiktok/webapp/main/landing-opt/webapp-desktop/static/js/npm-react.c57fe319.js:2:193115
    at i$ (https://sf16-website-login.neutral.ttwstatic.com/obj/tiktok_web_login_static/tiktok/webapp/main/landing-opt/webapp-desktop/static/js/npm-react.c57fe319.js:2:193121)
    at iE (https://sf16-website-login.neutral.ttwstatic.com/obj/tiktok_web_login_static/tiktok/webapp/main/landing-opt/webapp-desktop/static/js/npm-react.c57fe319.js:2:176528)
[12:16:50.005] [ERROR] Access to XMLHttpRequest at 'https://libraweb-sg.tiktok.com/service/2/abtest_config/' from origin 'https://www.tiktok.com' has been blocked by CORS policy: Request header field upgrade-insecure-requests is not allowed by Access-Control-Allow-Headers in preflight response.
[12:16:50.010] [ERROR] Failed to load resource: net::ERR_FAILED
[12:16:50.011] [ERROR] Access to XMLHttpRequest at 'https://mon.tiktokv.com/monitor_web/settings/browser-settings?bid=tiktok_webapp&store=1' from origin 'https://www.tiktok.com' has been blocked by CORS policy: Request header field upgrade-insecure-requests is not allowed by Access-Control-Allow-Headers in preflight response.
[12:16:50.040] [ERROR] Failed to load resource: net::ERR_FAILED
[12:16:50.251] [ERROR] Error: Unable to determine theme from timezone. Falling back to local time-based method. Error: Timezone "Asia/Saigon" not found
    at w (https://sf16-website-login.neutral.ttwstatic.com/obj/tiktok_web_login_static/tiktok/webapp/main/landing-opt/webapp-desktop/static/js/93271.43d8d1c9.js:2:102006)
    at x (https://sf16-website-login.neutral.ttwstatic.com/obj/tiktok_web_login_static/tiktok/webapp/main/landing-opt/webapp-desktop/static/js/webapp-desktop.02006c2b.js:1:150765)
    at https://sf16-website-login.neutral.ttwstatic.com/obj/tiktok_web_login_static/tiktok/webapp/main/landing-opt/webapp-desktop/static/js/webapp-desktop.02006c2b.js:1:152027
    at lI (https://sf16-website-login.neutral.ttwstatic.com/obj/tiktok_web_login_static/tiktok/webapp/main/landing-opt/webapp-desktop/static/js/npm-react.c57fe319.js:2:165676)
    at iU (https://sf16-website-login.neutral.ttwstatic.com/obj/tiktok_web_login_static/tiktok/webapp/main/landing-opt/webapp-desktop/static/js/npm-react.c57fe319.js:2:194669)
    at iT (https://sf16-website-login.neutral.ttwstatic.com/obj/tiktok_web_login_static/tiktok/webapp/main/landing-opt/webapp-desktop/static/js/npm-react.c57fe319.js:2:177525)
    at r6 (https://sf16-website-login.neutral.ttwstatic.com/obj/tiktok_web_login_static/tiktok/webapp/main/landing-opt/webapp-desktop/static/js/npm-react.c57fe319.js:2:126479)
    at https://sf16-website-login.neutral.ttwstatic.com/obj/tiktok_web_login_static/tiktok/webapp/main/landing-opt/webapp-desktop/static/js/npm-react.c57fe319.js:2:193115
    at i$ (https://sf16-website-login.neutral.ttwstatic.com/obj/tiktok_web_login_static/tiktok/webapp/main/landing-opt/webapp-desktop/static/js/npm-react.c57fe319.js:2:193121)
    at iE (https://sf16-website-login.neutral.ttwstatic.com/obj/tiktok_web_login_static/tiktok/webapp/main/landing-opt/webapp-desktop/static/js/npm-react.c57fe319.js:2:176528)
[12:16:50.332] [ERROR] Access to XMLHttpRequest at 'https://mon.tiktokv.com/monitor_web/settings/browser-settings?bid=pns_communication_service&store=1' from origin 'https://www.tiktok.com' has been blocked by CORS policy: Request header field upgrade-insecure-requests is not allowed by Access-Control-Allow-Headers in preflight response.
[12:16:50.337] [ERROR] Failed to load resource: net::ERR_FAILED
[12:16:51.054] [INFO] .
[12:16:51.130] [WARNING] Reflect is already polyfilled.
[12:16:51.178] [WARNING] AppContext will be overwritten
[12:16:51.179] [WARNING] AppContext will be overwritten
[12:16:51.180] [WARNING] AppContext will be overwritten
[12:16:51.181] [WARNING] AppContext will be overwritten
[12:16:51.181] [WARNING] AppContext will be overwritten
[12:16:51.181] [WARNING] AppContext will be overwritten
[12:16:51.182] [WARNING] AppContext will be overwritten
[12:16:51.182] [WARNING] AppContext will be overwritten
[12:16:51.223] [WARNING] AppContext will be overwritten
[12:16:51.224] [WARNING] AppContext will be overwritten
[12:16:51.224] [WARNING] loadable: `loadableReady()` requires state, please use `getScriptTags` or `getScriptElements` server-side
[12:16:51.276] [DEBUG] set global cache {userPostList: Object}
[12:16:51.278] [DEBUG] set global cache {userPostList: Object, userPlayList: Object}
[12:16:51.281] [DEBUG] Error
[12:16:51.283] [DEBUG] Error
    at Array.d (https://sf16-website-login.neutral.ttwstatic.com/obj/tiktok_web_login_static/webmssdk/1.0.0.328/webmssdk.js:1:5522)
    at S (https://sf16-website-login.neutral.ttwstatic.com/obj/tiktok_web_login_static/webmssdk/1.0.0.328/webmssdk.js:1:226826)
    at v (https://sf16-website-login.neutral.ttwstatic.com/obj/tiktok_web_login_static/webmssdk/1.0.0.328/webmssdk.js:1:81351)
    at Array.d (https://sf16-website-login.neutral.ttwstatic.com/obj/tiktok_web_login_static/webmssdk/1.0.0.328/webmssdk.js:1:71251)
    at S (https://sf16-website-login.neutral.ttwstatic.com/obj/tiktok_web_login_static/webmssdk/1.0.0.328/webmssdk.js:1:226826)
    at v (https://sf16-website-login.neutral.ttwstatic.com/obj/tiktok_web_login_static/webmssdk/1.0.0.328/webmssdk.js:1:81541)
    at Array.d (https://sf16-website-login.neutral.ttwstatic.com/obj/tiktok_web_login_static/webmssdk/1.0.0.328/webmssdk.js:1:119076)
    at S (https://sf16-website-login.neutral.ttwstatic.com/obj/tiktok_web_login_static/webmssdk/1.0.0.328/webmssdk.js:1:226826)
    at v (https://sf16-website-login.neutral.ttwstatic.com/obj/tiktok_web_login_static/webmssdk/1.0.0.328/webmssdk.js:1:82258)
    at Array.d (https://sf16-website-login.neutral.ttwstatic.com/obj/tiktok_web_login_static/webmssdk/1.0.0.328/webmssdk.js:1:148339)
[12:16:51.643] [ERROR] Error: Unable to determine theme from timezone. Falling back to local time-based method. Error: Timezone "Asia/Saigon" not found
    at w (https://sf16-website-login.neutral.ttwstatic.com/obj/tiktok_web_login_static/tiktok/webapp/main/landing-opt/webapp-desktop/static/js/93271.43d8d1c9.js:2:102006)
    at x (https://sf16-website-login.neutral.ttwstatic.com/obj/tiktok_web_login_static/tiktok/webapp/main/landing-opt/webapp-desktop/static/js/webapp-desktop.02006c2b.js:1:150765)
    at https://sf16-website-login.neutral.ttwstatic.com/obj/tiktok_web_login_static/tiktok/webapp/main/landing-opt/webapp-desktop/static/js/webapp-desktop.02006c2b.js:1:152027
    at lI (https://sf16-website-login.neutral.ttwstatic.com/obj/tiktok_web_login_static/tiktok/webapp/main/landing-opt/webapp-desktop/static/js/npm-react.c57fe319.js:2:165676)
    at iU (https://sf16-website-login.neutral.ttwstatic.com/obj/tiktok_web_login_static/tiktok/webapp/main/landing-opt/webapp-desktop/static/js/npm-react.c57fe319.js:2:194669)
    at iT (https://sf16-website-login.neutral.ttwstatic.com/obj/tiktok_web_login_static/tiktok/webapp/main/landing-opt/webapp-desktop/static/js/npm-react.c57fe319.js:2:177525)
    at r6 (https://sf16-website-login.neutral.ttwstatic.com/obj/tiktok_web_login_static/tiktok/webapp/main/landing-opt/webapp-desktop/static/js/npm-react.c57fe319.js:2:126479)
    at https://sf16-website-login.neutral.ttwstatic.com/obj/tiktok_web_login_static/tiktok/webapp/main/landing-opt/webapp-desktop/static/js/npm-react.c57fe319.js:2:193115
    at i$ (https://sf16-website-login.neutral.ttwstatic.com/obj/tiktok_web_login_static/tiktok/webapp/main/landing-opt/webapp-desktop/static/js/npm-react.c57fe319.js:2:193121)
    at iE (https://sf16-website-login.neutral.ttwstatic.com/obj/tiktok_web_login_static/tiktok/webapp/main/landing-opt/webapp-desktop/static/js/npm-react.c57fe319.js:2:176528)
[12:16:51.704] [ERROR] prefetch image SyntaxError: Failed to execute 'json' on 'Response': Unexpected end of JSON input
    at https://sf16-website-login.neutral.ttwstatic.com/obj/tiktok_web_login_static/tiktok/webapp/main/experimental/webapp-desktop/user-prefetch.46d1dc82.js:2:86732
    at Object.next (https://sf16-website-login.neutral.ttwstatic.com/obj/tiktok_web_login_static/tiktok/webapp/main/experimental/webapp-desktop/user-prefetch.46d1dc82.js:2:20381)
    at e (https://sf16-website-login.neutral.ttwstatic.com/obj/tiktok_web_login_static/tiktok/webapp/main/experimental/webapp-desktop/user-prefetch.46d1dc82.js:2:16717)
    at o (https://sf16-website-login.neutral.ttwstatic.com/obj/tiktok_web_login_static/tiktok/webapp/main/experimental/webapp-desktop/user-prefetch.46d1dc82.js:2:16914)
    at https://sf16-website-login.neutral.ttwstatic.com/obj/tiktok_web_login_static/tiktok/webapp/main/experimental/webapp-desktop/user-prefetch.46d1dc82.js:2:16973
    at new Promise (<anonymous>)
    at https://sf16-website-login.neutral.ttwstatic.com/obj/tiktok_web_login_static/tiktok/webapp/main/experimental/webapp-desktop/user-prefetch.46d1dc82.js:2:16855
    at tT (https://sf16-website-login.neutral.ttwstatic.com/obj/tiktok_web_login_static/tiktok/webapp/main/experimental/webapp-desktop/user-prefetch.46d1dc82.js:2:87096)
    at https://sf16-website-login.neutral.ttwstatic.com/obj/tiktok_web_login_static/tiktok/webapp/main/experimental/webapp-desktop/user-prefetch.46d1dc82.js:2:91016
[12:16:51.728] [ERROR] Access to XMLHttpRequest at 'https://libraweb-sg.tiktok.com/service/2/abtest_config/' from origin 'https://www.tiktok.com' has been blocked by CORS policy: Request header field upgrade-insecure-requests is not allowed by Access-Control-Allow-Headers in preflight response.
[12:16:51.728] [ERROR] Failed to load resource: net::ERR_FAILED
[12:16:51.731] [ERROR] Access to XMLHttpRequest at 'https://mon.tiktokv.com/monitor_web/settings/browser-settings?bid=webmssdk&store=1' from origin 'https://www.tiktok.com' has been blocked by CORS policy: Request header field upgrade-insecure-requests is not allowed by Access-Control-Allow-Headers in preflight response.
[12:16:51.733] [ERROR] Failed to load resource: net::ERR_FAILED
[12:16:52.021] [ERROR] Access to XMLHttpRequest at 'https://mon.tiktokv.com/monitor_web/settings/browser-settings?bid=pns_communication_service&store=1' from origin 'https://www.tiktok.com' has been blocked by CORS policy: Request header field upgrade-insecure-requests is not allowed by Access-Control-Allow-Headers in preflight response.
[12:16:52.024] [ERROR] Failed to load resource: net::ERR_FAILED
[12:16:52.133] [DEBUG] Error
[12:16:52.563] [ERROR] Access to XMLHttpRequest at 'https://mon.tiktokv.com/monitor_web/settings/browser-settings?bid=tiktok_webapp&store=1' from origin 'https://www.tiktok.com' has been blocked by CORS policy: Request header field upgrade-insecure-requests is not allowed by Access-Control-Allow-Headers in preflight response.
[12:16:52.563] [ERROR] Failed to load resource: net::ERR_FAILED
[12:16:52.847] [ERROR] Access to XMLHttpRequest at 'https://mssdk-sg.tiktok.com/web/resource?eq=m0rOSokdDiAiz0j3wAvfrnHbvHpq4D6llv/V5EAihBb3b8Gi85DB/yE9M07FnhKs9l2jjtCAHnD3twP2njygFFeFcvikzhR=' from origin 'https://www.tiktok.com' has been blocked by CORS policy: Request header field upgrade-insecure-requests is not allowed by Access-Control-Allow-Headers in preflight response.
[12:16:52.861] [ERROR] Failed to load resource: net::ERR_FAILED
[12:16:53.773] [WARNING] user post atom, error getItemList! Response
[12:16:54.170] [LOG] ws.opened
[12:16:54.221] [WARNING] [i18n] missing key [en] Webapp Close_button Close_button
[12:16:54.506] [DEBUG] Error
[12:16:54.775] [ERROR] Access to fetch at 'https://webcast.tiktok.com/webcast/wallet_api_tiktok/recharge/check_external_entry?WebIdLastTime=1767071805&aid=1988&app_language=en&app_name=tiktok_web&browser_language=en-US&browser_name=Mozilla&browser_online=true&browser_platform=Win32&browser_version=5.0%20%28Windows%20NT%2010.0%3B%20Win64%3B%20x64%29%20AppleWebKit%2F537.36%20%28KHTML%2C%20like%20Gecko%29%20Chrome%2F143.0.0.0%20Safari%2F537.36&channel=tiktok_web&cookie_enabled=true&data_collection_enabled=false&device_id=7589515593155462663&device_platform=web_pc&focus_state=true&from_page=user&history_len=3&is_experiment_group=false&is_fullscreen=false&is_page_visible=true&odinId=7589515399080395797&os=windows&page_source=0&priority_region=&referer=&region=VN&root_referer=https%3A%2F%2Fwww.tiktok.com%2F&screen_height=960&screen_width=1536&tz_name=Asia%2FSaigon&user_is_login=false&webcast_language=en&msToken=_yGbz_9Azcl2-szK46a5le-W5i2ZNMvjyjWhSv8kO-dC9QUl-f55NCmoBNd03okOSWozUvHRhbXugM7Xj-kI5T9w7QPkFynt-AsaXqzaGjFZBnBc8WN1SXAwryYkQA==&X-Bogus=DFSzsIVO10XANVlZCmALQvv-VAx1&X-Gnarly=MxFAo6uPX/YM5x-cluK2AZjYw44fzbHqAzHCFdd1hd2soGvMH6ucwhgBs2-F8M-kHgBOcmJ/B2/Rs0kgpTDlUOYPYm0ZP/Lcr918uDYV7JNV1hHBBNR9kOx2Gd2XUPexOgrAjYnOykIv-0QMaTNS4oKsmLMrsnMhon/NxQAcC50Pv7G7h7ZMR7r9Sx2sDCcGG2APrRxhfRI19z/NBiYMVsWoiNgfXdDQLWDgo15jZJObALoWx7Kj/tDRBBXM32TI6FhOmZLownrM297g8FmNGjcGUZUoJNe6GbeY2D8DpVynWPvXpvp1nmCB1GG9i1YlEdb=' from origin 'https://www.tiktok.com' has been blocked by CORS policy: Request header field upgrade-insecure-requests is not allowed by Access-Control-Allow-Headers in preflight response.
[12:16:54.776] [ERROR] Failed to load resource: net::ERR_FAILED
[12:16:54.786] [ERROR] Check show get coins entrance failed TypeError: Cannot read properties of undefined (reading 'data')
[12:16:55.050] [ERROR] Access to XMLHttpRequest at 'https://mssdk-sg.tiktok.com/web/resource?eq=m0rOSokdDiAiz0j3wAvfrnHbvHpq4D6llv/V5EAihBb3b8Gi85DB/yE9M07FnhKs9l2jjtCAHnD3twP2njygFFeFcvikzhR=' from origin 'https://www.tiktok.com' has been blocked by CORS policy: Request header field upgrade-insecure-requests is not allowed by Access-Control-Allow-Headers in preflight response.
[12:16:55.050] [ERROR] Failed to load resource: net::ERR_FAILED
[12:16:55.611] [ERROR] Access to XMLHttpRequest at 'https://mssdk-sg.tiktok.com/web/report?msToken=_yGbz_9Azcl2-szK46a5le-W5i2ZNMvjyjWhSv8kO-dC9QUl-f55NCmoBNd03okOSWozUvHRhbXugM7Xj-kI5T9w7QPkFynt-AsaXqzaGjFZBnBc8WN1SXAwryYkQA==&X-Bogus=DFSzsIVOkp82SRlZCmALQkv-VAHv&X-Gnarly=M8ME3JTgjC4TjkFVfQO-9zWgxO1ygC3cHXqYbxQee5zfKt9/vroQJC42QpoHIfK9JenGxn4rmdd7fpZXPtrNi4eEJOymM-FzCRHKO5WjZ2inNcMiF5GO5YghwekaaHJWuJz4fWzloKnsJZgghFO8Xd1PSio-x57mi-5uackdErDhW4ATsNLceryEjqzbiKA4Pe5SuaH7F/78KXw7DwPkZCPFSgt3JLQxpeD4-L5X1FdyVV7HoyRHXOv0oSGPP-Lo9lEBzCaBEx5nJtPXrWQeMj17Fa8vFSPutDiCaXdlWG4cOoW75ZVp82wbTKMM43l-cnw=' from origin 'https://www.tiktok.com' has been blocked by CORS policy: Request header field upgrade-insecure-requests is not allowed by Access-Control-Allow-Headers in preflight response.
[12:16:55.640] [ERROR] Failed to load resource: net::ERR_FAILED
[12:16:55.706] [ERROR] Access to XMLHttpRequest at 'https://mssdk-sg.tiktok.com/web/common?msToken=_yGbz_9Azcl2-szK46a5le-W5i2ZNMvjyjWhSv8kO-dC9QUl-f55NCmoBNd03okOSWozUvHRhbXugM7Xj-kI5T9w7QPkFynt-AsaXqzaGjFZBnBc8WN1SXAwryYkQA==&X-Bogus=DFSzsIVOkp82SRlZCmALQkv-VAHv&X-Gnarly=MxaBl6TIpO-efHhz6qrwZVns2qtaZkw9XsNMCSUjZh00dftUyp28ZMMxgdGmeXTKTMhTxSGdCYZaFI/hSQyMU68dIxYHmVJbxB1TFYKPq0ymVs5DBHSQmCRbIKfAw6k7xWwy/C-FIXMrwNJZL8FksUBjjU8Ib/i6tBktxq4bhwbxJRgW3SRpN25nfdt0/skYmqezb1vk122XjhGEQih5U1VxTBB8PrMMqciW1A3K6NIxWlfktglQIBfrv01xdN/80jUmtCLTC/WWtwhjtllHm0GFbbDjlS2OYA87jW/FiwVe5fX6JmdlRpfer0xLSFcqZcz=' from origin 'https://www.tiktok.com' has been blocked by CORS policy: Request header field upgrade-insecure-requests is not allowed by Access-Control-Allow-Headers in preflight response.
[12:16:55.710] [ERROR] Failed to load resource: net::ERR_FAILED
[12:16:56.108] [ERROR] Access to XMLHttpRequest at 'https://mon.tiktokv.com/monitor_browser/collect/batch/?biz_id=tiktok_webapp' from origin 'https://www.tiktok.com' has been blocked by CORS policy: Request header field upgrade-insecure-requests is not allowed by Access-Control-Allow-Headers in preflight response.
[12:16:56.109] [ERROR] Failed to load resource: net::ERR_FAILED
[12:16:58.751] [ERROR] Access to fetch at 'https://mon.tiktokv.com/monitor_browser/collect/batch/?bid=tiktok_pns_web_runtime' from origin 'https://www.tiktok.com' has been blocked by CORS policy: Request header field upgrade-insecure-requests is not allowed by Access-Control-Allow-Headers in preflight response.
[12:16:58.751] [ERROR] Failed to load resource: net::ERR_FAILED
[12:16:59.472] [ERROR] Access to XMLHttpRequest at 'https://mssdk-sg.tiktok.com/web/resource?eq=m0rOSokdDiAiz0j3wAvfrnHbvHpq4D6llv/V5EAihBb3b8Gi85DB/yE9M07FnhKs9l2jjtCAHnD3twP2njygFFeFcvikzhR=' from origin 'https://www.tiktok.com' has been blocked by CORS policy: Request header field upgrade-insecure-requests is not allowed by Access-Control-Allow-Headers in preflight response.
[12:16:59.472] [ERROR] Failed to load resource: net::ERR_FAILED
[12:17:00.110] [ERROR] Access to XMLHttpRequest at 'https://mon.tiktokv.com/monitor_browser/collect/batch/?biz_id=tiktok_webapp' from origin 'https://www.tiktok.com' has been blocked by CORS policy: Request header field upgrade-insecure-requests is not allowed by Access-Control-Allow-Headers in preflight response.
[12:17:00.120] [ERROR] Failed to load resource: net::ERR_FAILED
[12:17:00.309] [LOG] %c %s color: yellow; background-color: black; [instance: pns_sdk_common_modules_0.0.0_1767071820208] appid: 1988, userInfo:{"user_unique_id":"7589515593155462663","web_id":"7589515614906926612"}
[12:17:00.310] [LOG] %c %s color: yellow; background-color: black; [instance: pns_sdk_common_modules_0.0.0_1767071820208] appid: 1988, sdk is ready, version is 5.3.12_oversea, you can report now !!!
[12:17:00.565] [ERROR] Access to XMLHttpRequest at 'https://mon.tiktokv.com/monitor_web/settings/browser-settings?bid=pns_cookie_banner_slardar&store=1' from origin 'https://www.tiktok.com' has been blocked by CORS policy: Request header field upgrade-insecure-requests is not allowed by Access-Control-Allow-Headers in preflight response.
[12:17:00.567] [ERROR] Failed to load resource: net::ERR_FAILED
[12:17:00.634] [ERROR] Access to XMLHttpRequest at 'https://mon.tiktokv.com/monitor_web/settings/browser-settings?bid=pns_consent_system&store=1' from origin 'https://www.tiktok.com' has been blocked by CORS policy: Request header field upgrade-insecure-requests is not allowed by Access-Control-Allow-Headers in preflight response.
[12:17:00.634] [ERROR] Failed to load resource: net::ERR_FAILED
[12:17:01.523] [ERROR] Access to fetch at 'https://mon.tiktokv.com/monitor_browser/collect/batch/?bid=tiktok_pns_web_runtime' from origin 'https://www.tiktok.com' has been blocked by CORS policy: Request header field upgrade-insecure-requests is not allowed by Access-Control-Allow-Headers in preflight response.
[12:17:01.524] [ERROR] Failed to load resource: net::ERR_FAILED
[12:17:02.703] [ERROR] Access to XMLHttpRequest at 'https://mon.tiktokv.com/monitor_browser/collect/batch/?biz_id=tiktok_webapp' from origin 'https://www.tiktok.com' has been blocked by CORS policy: Request header field upgrade-insecure-requests is not allowed by Access-Control-Allow-Headers in preflight response.
[12:17:02.704] [ERROR] Failed to load resource: net::ERR_FAILED
