================================================================================
Browser Console Log - 2025-12-30T12:40:44.639112
================================================================================

[12:40:48.027] [DEBUG] set global cache {exploreItemList: Object}
[12:40:48.074] [WARNING] Reflect is already polyfilled.
[12:40:48.195] [WARNING] AppContext will be overwritten
[12:40:48.196] [WARNING] AppContext will be overwritten
[12:40:48.196] [WARNING] AppContext will be overwritten
[12:40:48.197] [WARNING] AppContext will be overwritten
[12:40:48.205] [WARNING] AppContext will be overwritten
[12:40:48.207] [WARNING] AppContext will be overwritten
[12:40:48.210] [WARNING] AppContext will be overwritten
[12:40:48.215] [WARNING] AppContext will be overwritten
[12:40:48.279] [WARNING] AppContext will be overwritten
[12:40:48.289] [WARNING] AppContext will be overwritten
[12:40:48.289] [WARNING] loadable: `loadableReady()` requires state, please use `getScriptTags` or `getScriptElements` server-side
[12:40:48.555] [ERROR] Error: Unable to determine theme from timezone. Falling back to local time-based method. Error: Timezone "Asia/Saigon" not found
    at w (https://sf16-website-login.neutral.ttwstatic.com/obj/tiktok_web_login_static/tiktok/webapp/main/landing-opt/webapp-desktop/static/js/93271.43d8d1c9.js:2:102006)
    at x (https://sf16-website-login.neutral.ttwstatic.com/obj/tiktok_web_login_static/tiktok/webapp/main/landing-opt/webapp-desktop/static/js/webapp-desktop.02006c2b.js:1:150765)
    at https://sf16-website-login.neutral.ttwstatic.com/obj/tiktok_web_login_static/tiktok/webapp/main/landing-opt/webapp-desktop/static/js/webapp-desktop.02006c2b.js:1:152027
    at lI (https://sf16-website-login.neutral.ttwstatic.com/obj/tiktok_web_login_static/tiktok/webapp/main/landing-opt/webapp-desktop/static/js/npm-react.c57fe319.js:2:165676)
    at iU (https://sf16-website-login.neutral.ttwstatic.com/obj/tiktok_web_login_static/tiktok/webapp/main/landing-opt/webapp-desktop/static/js/npm-react.c57fe319.js:2:194669)
    at iT (https://sf16-website-login.neutral.ttwstatic.com/obj/tiktok_web_login_static/tiktok/webapp/main/landing-opt/webapp-desktop/static/js/npm-react.c57fe319.js:2:177525)
    at r6 (https://sf16-website-login.neutral.ttwstatic.com/obj/tiktok_web_login_static/tiktok/webapp/main/landing-opt/webapp-desktop/static/js/npm-react.c57fe319.js:2:126479)
    at https://sf16-website-login.neutral.ttwstatic.com/obj/tiktok_web_login_static/tiktok/webapp/main/landing-opt/webapp-desktop/static/js/npm-react.c57fe319.js:2:193115
    at i$ (https://sf16-website-login.neutral.ttwstatic.com/obj/tiktok_web_login_static/tiktok/webapp/main/landing-opt/webapp-desktop/static/js/npm-react.c57fe319.js:2:193121)
    at iE (https://sf16-website-login.neutral.ttwstatic.com/obj/tiktok_web_login_static/tiktok/webapp/main/landing-opt/webapp-desktop/static/js/npm-react.c57fe319.js:2:176528)
[12:40:48.910] [ERROR] Error: Unable to determine theme from timezone. Falling back to local time-based method. Error: Timezone "Asia/Saigon" not found
    at w (https://sf16-website-login.neutral.ttwstatic.com/obj/tiktok_web_login_static/tiktok/webapp/main/landing-opt/webapp-desktop/static/js/93271.43d8d1c9.js:2:102006)
    at x (https://sf16-website-login.neutral.ttwstatic.com/obj/tiktok_web_login_static/tiktok/webapp/main/landing-opt/webapp-desktop/static/js/webapp-desktop.02006c2b.js:1:150765)
    at https://sf16-website-login.neutral.ttwstatic.com/obj/tiktok_web_login_static/tiktok/webapp/main/landing-opt/webapp-desktop/static/js/webapp-desktop.02006c2b.js:1:152027
    at lI (https://sf16-website-login.neutral.ttwstatic.com/obj/tiktok_web_login_static/tiktok/webapp/main/landing-opt/webapp-desktop/static/js/npm-react.c57fe319.js:2:165676)
    at iU (https://sf16-website-login.neutral.ttwstatic.com/obj/tiktok_web_login_static/tiktok/webapp/main/landing-opt/webapp-desktop/static/js/npm-react.c57fe319.js:2:194669)
    at iT (https://sf16-website-login.neutral.ttwstatic.com/obj/tiktok_web_login_static/tiktok/webapp/main/landing-opt/webapp-desktop/static/js/npm-react.c57fe319.js:2:177525)
    at r6 (https://sf16-website-login.neutral.ttwstatic.com/obj/tiktok_web_login_static/tiktok/webapp/main/landing-opt/webapp-desktop/static/js/npm-react.c57fe319.js:2:126479)
    at https://sf16-website-login.neutral.ttwstatic.com/obj/tiktok_web_login_static/tiktok/webapp/main/landing-opt/webapp-desktop/static/js/npm-react.c57fe319.js:2:193115
    at i$ (https://sf16-website-login.neutral.ttwstatic.com/obj/tiktok_web_login_static/tiktok/webapp/main/landing-opt/webapp-desktop/static/js/npm-react.c57fe319.js:2:193121)
    at iE (https://sf16-website-login.neutral.ttwstatic.com/obj/tiktok_web_login_static/tiktok/webapp/main/landing-opt/webapp-desktop/static/js/npm-react.c57fe319.js:2:176528)
[12:40:50.099] [WARNING] The AudioContext was not allowed to start. It must be resumed (or created) after a user gesture on the page. https://developer.chrome.com/blog/autoplay/#web_audio
[12:40:50.289] [INFO] .
[12:40:50.769] [WARNING] The AudioContext was not allowed to start. It must be resumed (or created) after a user gesture on the page. https://developer.chrome.com/blog/autoplay/#web_audio
[12:40:50.780] [WARNING] The AudioContext was not allowed to start. It must be resumed (or created) after a user gesture on the page. https://developer.chrome.com/blog/autoplay/#web_audio
[12:40:51.262] [DEBUG] Error
[12:40:51.266] [DEBUG] Error
    at Array.d (https://sf16-website-login.neutral.ttwstatic.com/obj/tiktok_web_login_static/webmssdk/1.0.0.328/webmssdk.js:1:5522)
    at S (https://sf16-website-login.neutral.ttwstatic.com/obj/tiktok_web_login_static/webmssdk/1.0.0.328/webmssdk.js:1:226826)
    at v (https://sf16-website-login.neutral.ttwstatic.com/obj/tiktok_web_login_static/webmssdk/1.0.0.328/webmssdk.js:1:81351)
    at Array.d (https://sf16-website-login.neutral.ttwstatic.com/obj/tiktok_web_login_static/webmssdk/1.0.0.328/webmssdk.js:1:71251)
    at S (https://sf16-website-login.neutral.ttwstatic.com/obj/tiktok_web_login_static/webmssdk/1.0.0.328/webmssdk.js:1:226826)
    at v (https://sf16-website-login.neutral.ttwstatic.com/obj/tiktok_web_login_static/webmssdk/1.0.0.328/webmssdk.js:1:81541)
    at Array.d (https://sf16-website-login.neutral.ttwstatic.com/obj/tiktok_web_login_static/webmssdk/1.0.0.328/webmssdk.js:1:119076)
    at S (https://sf16-website-login.neutral.ttwstatic.com/obj/tiktok_web_login_static/webmssdk/1.0.0.328/webmssdk.js:1:226826)
    at v (https://sf16-website-login.neutral.ttwstatic.com/obj/tiktok_web_login_static/webmssdk/1.0.0.328/webmssdk.js:1:82258)
    at Array.d (https://sf16-website-login.neutral.ttwstatic.com/obj/tiktok_web_login_static/webmssdk/1.0.0.328/webmssdk.js:1:148339)
[12:40:51.842] [LOG] ws.opened
[12:40:51.954] [ERROR] Check show get coins entrance failed [object Response]
[12:40:52.318] [INFO] .
[12:40:52.510] [DEBUG] set global cache {userPostList: Object}
[12:40:52.510] [DEBUG] set global cache {userPostList: Object, userPlayList: Object}
[12:40:52.515] [DEBUG] Error
[12:40:52.516] [DEBUG] Error
    at Array.d (https://sf16-website-login.neutral.ttwstatic.com/obj/tiktok_web_login_static/webmssdk/1.0.0.328/webmssdk.js:1:5522)
    at S (https://sf16-website-login.neutral.ttwstatic.com/obj/tiktok_web_login_static/webmssdk/1.0.0.328/webmssdk.js:1:226826)
    at v (https://sf16-website-login.neutral.ttwstatic.com/obj/tiktok_web_login_static/webmssdk/1.0.0.328/webmssdk.js:1:81351)
    at Array.d (https://sf16-website-login.neutral.ttwstatic.com/obj/tiktok_web_login_static/webmssdk/1.0.0.328/webmssdk.js:1:71251)
    at S (https://sf16-website-login.neutral.ttwstatic.com/obj/tiktok_web_login_static/webmssdk/1.0.0.328/webmssdk.js:1:226826)
    at v (https://sf16-website-login.neutral.ttwstatic.com/obj/tiktok_web_login_static/webmssdk/1.0.0.328/webmssdk.js:1:81541)
    at Array.d (https://sf16-website-login.neutral.ttwstatic.com/obj/tiktok_web_login_static/webmssdk/1.0.0.328/webmssdk.js:1:119076)
    at S (https://sf16-website-login.neutral.ttwstatic.com/obj/tiktok_web_login_static/webmssdk/1.0.0.328/webmssdk.js:1:226826)
    at v (https://sf16-website-login.neutral.ttwstatic.com/obj/tiktok_web_login_static/webmssdk/1.0.0.328/webmssdk.js:1:82258)
    at Array.d (https://sf16-website-login.neutral.ttwstatic.com/obj/tiktok_web_login_static/webmssdk/1.0.0.328/webmssdk.js:1:148339)
[12:40:52.607] [WARNING] Reflect is already polyfilled.
[12:40:52.647] [WARNING] AppContext will be overwritten
[12:40:52.647] [WARNING] AppContext will be overwritten
[12:40:52.649] [WARNING] AppContext will be overwritten
[12:40:52.650] [WARNING] AppContext will be overwritten
[12:40:52.652] [WARNING] AppContext will be overwritten
[12:40:52.652] [WARNING] AppContext will be overwritten
[12:40:52.653] [WARNING] AppContext will be overwritten
[12:40:52.653] [WARNING] AppContext will be overwritten
[12:40:52.666] [WARNING] AppContext will be overwritten
[12:40:52.674] [WARNING] AppContext will be overwritten
[12:40:52.675] [WARNING] loadable: `loadableReady()` requires state, please use `getScriptTags` or `getScriptElements` server-side
[12:40:52.806] [ERROR] Error: Unable to determine theme from timezone. Falling back to local time-based method. Error: Timezone "Asia/Saigon" not found
    at w (https://sf16-website-login.neutral.ttwstatic.com/obj/tiktok_web_login_static/tiktok/webapp/main/landing-opt/webapp-desktop/static/js/93271.43d8d1c9.js:2:102006)
    at x (https://sf16-website-login.neutral.ttwstatic.com/obj/tiktok_web_login_static/tiktok/webapp/main/landing-opt/webapp-desktop/static/js/webapp-desktop.02006c2b.js:1:150765)
    at https://sf16-website-login.neutral.ttwstatic.com/obj/tiktok_web_login_static/tiktok/webapp/main/landing-opt/webapp-desktop/static/js/webapp-desktop.02006c2b.js:1:152027
    at lI (https://sf16-website-login.neutral.ttwstatic.com/obj/tiktok_web_login_static/tiktok/webapp/main/landing-opt/webapp-desktop/static/js/npm-react.c57fe319.js:2:165676)
    at iU (https://sf16-website-login.neutral.ttwstatic.com/obj/tiktok_web_login_static/tiktok/webapp/main/landing-opt/webapp-desktop/static/js/npm-react.c57fe319.js:2:194669)
    at iT (https://sf16-website-login.neutral.ttwstatic.com/obj/tiktok_web_login_static/tiktok/webapp/main/landing-opt/webapp-desktop/static/js/npm-react.c57fe319.js:2:177525)
    at r6 (https://sf16-website-login.neutral.ttwstatic.com/obj/tiktok_web_login_static/tiktok/webapp/main/landing-opt/webapp-desktop/static/js/npm-react.c57fe319.js:2:126479)
    at https://sf16-website-login.neutral.ttwstatic.com/obj/tiktok_web_login_static/tiktok/webapp/main/landing-opt/webapp-desktop/static/js/npm-react.c57fe319.js:2:193115
    at i$ (https://sf16-website-login.neutral.ttwstatic.com/obj/tiktok_web_login_static/tiktok/webapp/main/landing-opt/webapp-desktop/static/js/npm-react.c57fe319.js:2:193121)
    at iE (https://sf16-website-login.neutral.ttwstatic.com/obj/tiktok_web_login_static/tiktok/webapp/main/landing-opt/webapp-desktop/static/js/npm-react.c57fe319.js:2:176528)
[12:40:54.869] [DEBUG] Error
[12:40:56.173] [WARNING] [i18n] missing key [en] Webapp Close_button Close_button
[12:40:56.956] [LOG] ws.opened
[12:40:57.098] [WARNING] [00:05.748][warn][multiplex](1) demux waterlevel change to full, abort request
[12:40:57.344] [WARNING] The AudioContext was not allowed to start. It must be resumed (or created) after a user gesture on the page. https://developer.chrome.com/blog/autoplay/#web_audio
[12:40:58.567] [LOG] %c %s color: yellow; background-color: black; [instance: pns_sdk_common_modules_0.0.0_1767073258479] appid: 1988, userInfo:{"user_unique_id":"7589521787613283860","web_id":"7589521794203698709"}
[12:40:58.568] [LOG] %c %s color: yellow; background-color: black; [instance: pns_sdk_common_modules_0.0.0_1767073258479] appid: 1988, sdk is ready, version is 5.3.12_oversea, you can report now !!!
[12:40:58.727] [WARNING] The AudioContext was not allowed to start. It must be resumed (or created) after a user gesture on the page. https://developer.chrome.com/blog/autoplay/#web_audio
[12:40:58.733] [WARNING] [TikTok desktop app SDK Monitor]:   WARN:[printFirstFeedShow]The current environment is not inside the client.
[12:40:58.738] [WARNING] The AudioContext was not allowed to start. It must be resumed (or created) after a user gesture on the page. https://developer.chrome.com/blog/autoplay/#web_audio
[12:40:59.090] [DEBUG] Error
[12:40:59.384] [DEBUG] Error
[12:40:59.903] [DEBUG] Error
[12:41:04.643] [LOG] === Page Data Extraction ===
[12:41:04.644] [LOG] __UNIVERSAL_DATA_FOR_REHYDRATION__ exists: true
[12:41:04.644] [LOG] SIGI_STATE exists: false
[12:41:04.644] [LOG] Data type: object
[12:41:04.654] [LOG] Checking for data sources...
[12:41:04.655] [LOG] Found __UNIVERSAL_DATA_FOR_REHYDRATION__
[12:41:07.275] [INFO] .
[12:41:07.364] [DEBUG] set global cache {userPostList: Object}
[12:41:07.366] [DEBUG] set global cache {userPostList: Object, userPlayList: Object}
[12:41:07.368] [DEBUG] Error
[12:41:07.370] [DEBUG] Error
    at Array.d (https://sf16-website-login.neutral.ttwstatic.com/obj/tiktok_web_login_static/webmssdk/1.0.0.328/webmssdk.js:1:5522)
    at S (https://sf16-website-login.neutral.ttwstatic.com/obj/tiktok_web_login_static/webmssdk/1.0.0.328/webmssdk.js:1:226826)
    at v (https://sf16-website-login.neutral.ttwstatic.com/obj/tiktok_web_login_static/webmssdk/1.0.0.328/webmssdk.js:1:81351)
    at Array.d (https://sf16-website-login.neutral.ttwstatic.com/obj/tiktok_web_login_static/webmssdk/1.0.0.328/webmssdk.js:1:71251)
    at S (https://sf16-website-login.neutral.ttwstatic.com/obj/tiktok_web_login_static/webmssdk/1.0.0.328/webmssdk.js:1:226826)
    at v (https://sf16-website-login.neutral.ttwstatic.com/obj/tiktok_web_login_static/webmssdk/1.0.0.328/webmssdk.js:1:81541)
    at Array.d (https://sf16-website-login.neutral.ttwstatic.com/obj/tiktok_web_login_static/webmssdk/1.0.0.328/webmssdk.js:1:119076)
    at S (https://sf16-website-login.neutral.ttwstatic.com/obj/tiktok_web_login_static/webmssdk/1.0.0.328/webmssdk.js:1:226826)
    at v (https://sf16-website-login.neutral.ttwstatic.com/obj/tiktok_web_login_static/webmssdk/1.0.0.328/webmssdk.js:1:82258)
    at Array.d (https://sf16-website-login.neutral.ttwstatic.com/obj/tiktok_web_login_static/webmssdk/1.0.0.328/webmssdk.js:1:148339)
[12:41:07.443] [WARNING] Reflect is already polyfilled.
[12:41:07.487] [WARNING] AppContext will be overwritten
[12:41:07.488] [WARNING] AppContext will be overwritten
[12:41:07.488] [WARNING] AppContext will be overwritten
[12:41:07.491] [WARNING] AppContext will be overwritten
[12:41:07.492] [WARNING] AppContext will be overwritten
[12:41:07.493] [WARNING] AppContext will be overwritten
[12:41:07.493] [WARNING] AppContext will be overwritten
[12:41:07.495] [WARNING] AppContext will be overwritten
[12:41:07.507] [WARNING] AppContext will be overwritten
[12:41:07.514] [WARNING] AppContext will be overwritten
[12:41:07.514] [WARNING] loadable: `loadableReady()` requires state, please use `getScriptTags` or `getScriptElements` server-side
[12:41:07.732] [ERROR] Error: Unable to determine theme from timezone. Falling back to local time-based method. Error: Timezone "Asia/Saigon" not found
    at w (https://sf16-website-login.neutral.ttwstatic.com/obj/tiktok_web_login_static/tiktok/webapp/main/landing-opt/webapp-desktop/static/js/93271.43d8d1c9.js:2:102006)
    at x (https://sf16-website-login.neutral.ttwstatic.com/obj/tiktok_web_login_static/tiktok/webapp/main/landing-opt/webapp-desktop/static/js/webapp-desktop.02006c2b.js:1:150765)
    at https://sf16-website-login.neutral.ttwstatic.com/obj/tiktok_web_login_static/tiktok/webapp/main/landing-opt/webapp-desktop/static/js/webapp-desktop.02006c2b.js:1:152027
    at lI (https://sf16-website-login.neutral.ttwstatic.com/obj/tiktok_web_login_static/tiktok/webapp/main/landing-opt/webapp-desktop/static/js/npm-react.c57fe319.js:2:165676)
    at iU (https://sf16-website-login.neutral.ttwstatic.com/obj/tiktok_web_login_static/tiktok/webapp/main/landing-opt/webapp-desktop/static/js/npm-react.c57fe319.js:2:194669)
    at iT (https://sf16-website-login.neutral.ttwstatic.com/obj/tiktok_web_login_static/tiktok/webapp/main/landing-opt/webapp-desktop/static/js/npm-react.c57fe319.js:2:177525)
    at r6 (https://sf16-website-login.neutral.ttwstatic.com/obj/tiktok_web_login_static/tiktok/webapp/main/landing-opt/webapp-desktop/static/js/npm-react.c57fe319.js:2:126479)
    at https://sf16-website-login.neutral.ttwstatic.com/obj/tiktok_web_login_static/tiktok/webapp/main/landing-opt/webapp-desktop/static/js/npm-react.c57fe319.js:2:193115
    at i$ (https://sf16-website-login.neutral.ttwstatic.com/obj/tiktok_web_login_static/tiktok/webapp/main/landing-opt/webapp-desktop/static/js/npm-react.c57fe319.js:2:193121)
    at iE (https://sf16-website-login.neutral.ttwstatic.com/obj/tiktok_web_login_static/tiktok/webapp/main/landing-opt/webapp-desktop/static/js/npm-react.c57fe319.js:2:176528)
[12:41:09.569] [DEBUG] Error
[12:41:09.574] [WARNING] [i18n] missing key [en] Webapp Close_button Close_button
[12:41:10.253] [LOG] ws.opened
[12:41:10.775] [WARNING] The AudioContext was not allowed to start. It must be resumed (or created) after a user gesture on the page. https://developer.chrome.com/blog/autoplay/#web_audio
[12:41:11.367] [WARNING] [00:04.630][warn][multiplex](1) demux waterlevel change to full, abort request
[12:41:11.500] [WARNING] The AudioContext was not allowed to start. It must be resumed (or created) after a user gesture on the page. https://developer.chrome.com/blog/autoplay/#web_audio
[12:41:11.501] [WARNING] [TikTok desktop app SDK Monitor]:   WARN:[printFirstFeedShow]The current environment is not inside the client.
[12:41:11.510] [WARNING] The AudioContext was not allowed to start. It must be resumed (or created) after a user gesture on the page. https://developer.chrome.com/blog/autoplay/#web_audio
[12:41:12.601] [LOG] %c %s color: yellow; background-color: black; [instance: pns_sdk_common_modules_0.0.0_1767073272555] appid: 1988, userInfo:{"user_unique_id":"7589521787613283860","web_id":"7589521794203698709"}
[12:41:12.605] [LOG] %c %s color: yellow; background-color: black; [instance: pns_sdk_common_modules_0.0.0_1767073272555] appid: 1988, sdk is ready, version is 5.3.12_oversea, you can report now !!!
[12:41:12.797] [DEBUG] Error
[12:41:12.989] [DEBUG] Error
[12:41:13.670] [DEBUG] Error
[12:41:19.732] [LOG] === Page Data Extraction ===
[12:41:19.733] [LOG] __UNIVERSAL_DATA_FOR_REHYDRATION__ exists: true
[12:41:19.733] [LOG] SIGI_STATE exists: false
[12:41:19.734] [LOG] Data type: object
[12:41:19.742] [LOG] Checking for data sources...
[12:41:19.743] [LOG] Found __UNIVERSAL_DATA_FOR_REHYDRATION__
[12:41:22.317] [INFO] .
[12:41:22.360] [DEBUG] set global cache {userPostList: Object}
[12:41:22.360] [DEBUG] set global cache {userPostList: Object, userPlayList: Object}
[12:41:22.367] [DEBUG] Error
[12:41:22.370] [DEBUG] Error
    at Array.d (https://sf16-website-login.neutral.ttwstatic.com/obj/tiktok_web_login_static/webmssdk/1.0.0.328/webmssdk.js:1:5522)
    at S (https://sf16-website-login.neutral.ttwstatic.com/obj/tiktok_web_login_static/webmssdk/1.0.0.328/webmssdk.js:1:226826)
    at v (https://sf16-website-login.neutral.ttwstatic.com/obj/tiktok_web_login_static/webmssdk/1.0.0.328/webmssdk.js:1:81351)
    at Array.d (https://sf16-website-login.neutral.ttwstatic.com/obj/tiktok_web_login_static/webmssdk/1.0.0.328/webmssdk.js:1:71251)
    at S (https://sf16-website-login.neutral.ttwstatic.com/obj/tiktok_web_login_static/webmssdk/1.0.0.328/webmssdk.js:1:226826)
    at v (https://sf16-website-login.neutral.ttwstatic.com/obj/tiktok_web_login_static/webmssdk/1.0.0.328/webmssdk.js:1:81541)
    at Array.d (https://sf16-website-login.neutral.ttwstatic.com/obj/tiktok_web_login_static/webmssdk/1.0.0.328/webmssdk.js:1:119076)
    at S (https://sf16-website-login.neutral.ttwstatic.com/obj/tiktok_web_login_static/webmssdk/1.0.0.328/webmssdk.js:1:226826)
    at v (https://sf16-website-login.neutral.ttwstatic.com/obj/tiktok_web_login_static/webmssdk/1.0.0.328/webmssdk.js:1:82258)
    at Array.d (https://sf16-website-login.neutral.ttwstatic.com/obj/tiktok_web_login_static/webmssdk/1.0.0.328/webmssdk.js:1:148339)
[12:41:22.446] [WARNING] Reflect is already polyfilled.
[12:41:22.497] [WARNING] AppContext will be overwritten
[12:41:22.497] [WARNING] AppContext will be overwritten
[12:41:22.497] [WARNING] AppContext will be overwritten
[12:41:22.500] [WARNING] AppContext will be overwritten
[12:41:22.501] [WARNING] AppContext will be overwritten
[12:41:22.501] [WARNING] AppContext will be overwritten
[12:41:22.502] [WARNING] AppContext will be overwritten
[12:41:22.502] [WARNING] AppContext will be overwritten
[12:41:22.523] [WARNING] AppContext will be overwritten
[12:41:22.525] [WARNING] AppContext will be overwritten
[12:41:22.525] [WARNING] loadable: `loadableReady()` requires state, please use `getScriptTags` or `getScriptElements` server-side
[12:41:22.655] [ERROR] Error: Unable to determine theme from timezone. Falling back to local time-based method. Error: Timezone "Asia/Saigon" not found
    at w (https://sf16-website-login.neutral.ttwstatic.com/obj/tiktok_web_login_static/tiktok/webapp/main/landing-opt/webapp-desktop/static/js/93271.43d8d1c9.js:2:102006)
    at x (https://sf16-website-login.neutral.ttwstatic.com/obj/tiktok_web_login_static/tiktok/webapp/main/landing-opt/webapp-desktop/static/js/webapp-desktop.02006c2b.js:1:150765)
    at https://sf16-website-login.neutral.ttwstatic.com/obj/tiktok_web_login_static/tiktok/webapp/main/landing-opt/webapp-desktop/static/js/webapp-desktop.02006c2b.js:1:152027
    at lI (https://sf16-website-login.neutral.ttwstatic.com/obj/tiktok_web_login_static/tiktok/webapp/main/landing-opt/webapp-desktop/static/js/npm-react.c57fe319.js:2:165676)
    at iU (https://sf16-website-login.neutral.ttwstatic.com/obj/tiktok_web_login_static/tiktok/webapp/main/landing-opt/webapp-desktop/static/js/npm-react.c57fe319.js:2:194669)
    at iT (https://sf16-website-login.neutral.ttwstatic.com/obj/tiktok_web_login_static/tiktok/webapp/main/landing-opt/webapp-desktop/static/js/npm-react.c57fe319.js:2:177525)
    at r6 (https://sf16-website-login.neutral.ttwstatic.com/obj/tiktok_web_login_static/tiktok/webapp/main/landing-opt/webapp-desktop/static/js/npm-react.c57fe319.js:2:126479)
    at https://sf16-website-login.neutral.ttwstatic.com/obj/tiktok_web_login_static/tiktok/webapp/main/landing-opt/webapp-desktop/static/js/npm-react.c57fe319.js:2:193115
    at i$ (https://sf16-website-login.neutral.ttwstatic.com/obj/tiktok_web_login_static/tiktok/webapp/main/landing-opt/webapp-desktop/static/js/npm-react.c57fe319.js:2:193121)
    at iE (https://sf16-website-login.neutral.ttwstatic.com/obj/tiktok_web_login_static/tiktok/webapp/main/landing-opt/webapp-desktop/static/js/npm-react.c57fe319.js:2:176528)
[12:41:23.938] [DEBUG] Error
[12:41:24.516] [WARNING] [i18n] missing key [en] Webapp Close_button Close_button
[12:41:24.761] [LOG] ws.opened
[12:41:24.781] [WARNING] The AudioContext was not allowed to start. It must be resumed (or created) after a user gesture on the page. https://developer.chrome.com/blog/autoplay/#web_audio
[12:41:25.066] [DEBUG] Error
[12:41:25.073] [WARNING] The AudioContext was not allowed to start. It must be resumed (or created) after a user gesture on the page. https://developer.chrome.com/blog/autoplay/#web_audio
[12:41:25.075] [WARNING] [TikTok desktop app SDK Monitor]:   WARN:[printFirstFeedShow]The current environment is not inside the client.
[12:41:25.082] [WARNING] The AudioContext was not allowed to start. It must be resumed (or created) after a user gesture on the page. https://developer.chrome.com/blog/autoplay/#web_audio
[12:41:26.871] [LOG] %c %s color: yellow; background-color: black; [instance: pns_sdk_common_modules_0.0.0_1767073286815] appid: 1988, userInfo:{"user_unique_id":"7589521787613283860","web_id":"7589521794203698709"}
[12:41:26.873] [LOG] %c %s color: yellow; background-color: black; [instance: pns_sdk_common_modules_0.0.0_1767073286815] appid: 1988, sdk is ready, version is 5.3.12_oversea, you can report now !!!
[12:41:28.306] [DEBUG] Error
[12:41:28.569] [DEBUG] Error
[12:41:34.492] [LOG] === Page Data Extraction ===
[12:41:34.493] [LOG] __UNIVERSAL_DATA_FOR_REHYDRATION__ exists: true
[12:41:34.493] [LOG] SIGI_STATE exists: false
[12:41:34.494] [LOG] Data type: object
[12:41:34.501] [LOG] Checking for data sources...
[12:41:34.502] [LOG] Found __UNIVERSAL_DATA_FOR_REHYDRATION__

================================================================================
Console logging ended - 2025-12-30T12:41:36.845645
================================================================================
