2025-12-24 05:17:53,729 - ProfileTimeSeries - INFO - ======================================================================
2025-12-24 05:17:53,729 - ProfileTimeSeries - INFO - TIKTOK PROFILE TIME SERIES SCRAPING
2025-12-24 05:17:53,729 - ProfileTimeSeries - INFO - Period: daily
2025-12-24 05:17:53,729 - ProfileTimeSeries - INFO - Lookback: 365 days
2025-12-24 05:17:53,729 - ProfileTimeSeries - INFO - Max videos per profile: 1000
2025-12-24 05:17:53,729 - ProfileTimeSeries - INFO - Total profiles: 2
2025-12-24 05:17:53,729 - ProfileTimeSeries - INFO - Headless mode: False
2025-12-24 05:17:53,729 - ProfileTimeSeries - INFO - ======================================================================
2025-12-24 05:17:53,730 - TTCS.ObjTracker - INFO - Connected to SQLite database: progress_tracking/timeseries_daily_20251224_progress.db
2025-12-24 05:17:53,730 - TTCS.ObjTracker - INFO - Database tables created successfully
2025-12-24 05:17:53,730 - TTCS.ObjTracker - INFO - Database indexes created successfully
2025-12-24 05:17:53,730 - ProfileTracker - INFO - Added 2 profiles to tracker
2025-12-24 05:17:53,731 - ProfileTimeSeries - INFO - Resume mode: 8 already completed, 2 pending
2025-12-24 05:17:53,731 - TikTok.ProfileScraper - INFO - Proxy credentials found: HcgsFh:***
2025-12-24 05:17:53,731 - TikTok.ProfileScraper - INFO - Proxy server: http://14.224.198.119:44182
2025-12-24 05:17:53,731 - TikTok.ProfileScraper - INFO - Starting Playwright browser...
2025-12-24 05:17:53,731 - TikTok.ProfileScraper - INFO - Browser mode: NON-HEADLESS (visible)
2025-12-24 05:17:53,731 - TikTok.ProfileScraper - INFO - Platform: linux
2025-12-24 05:17:53,731 - TikTok.ProfileScraper - INFO - X Display: :1
2025-12-24 05:17:54,051 - TikTok.ProfileScraper - INFO - Using proxy: http://14.224.198.119:44182
2025-12-24 05:17:54,257 - TikTok.ProfileScraper - INFO - Proxy credentials added
2025-12-24 05:17:54,394 - TikTok.ProfileScraper - INFO - Navigating to TikTok...
2025-12-24 05:18:00,945 - TikTok.ProfileScraper - INFO - Browser ready!
2025-12-24 05:18:00,945 - ProfileTimeSeries - INFO - 
[1/2] Processing: mixigaming
2025-12-24 05:18:00,945 - TikTok.ProfileScraper - INFO - Starting time series scrape for @mixigaming
2025-12-24 05:18:00,945 - TikTok.ProfileScraper - INFO - Period: daily, Lookback: 365 days
2025-12-24 05:18:00,945 - TikTok.ProfileScraper - INFO - Date range: 2024-12-24 to 2025-12-24
2025-12-24 05:18:00,945 - TikTok.ProfileScraper - INFO - Navigating to @mixigaming...
2025-12-24 05:18:02,430 - TikTok.ProfileScraper - DEBUG - Intercepted API response: https://www.tiktok.com/api/post/item_list/?WebIdLastTime=1766553476&aid=1988&app_language=en&app_nam
2025-12-24 05:18:13,768 - TikTok.ProfileScraper - WARNING - Video grid not found, continuing anyway...
2025-12-24 05:18:13,772 - TikTok.ProfileScraper - DEBUG - Error extracting videos from page data: 'str' object has no attribute 'get'
2025-12-24 05:18:13,773 - TikTok.ProfileScraper - DEBUG - Traceback (most recent call last):
  File "/root/TikTok-Content-Scraper/TT_Content_Scraper/src/scraper_functions/playwright_scraper.py", line 805, in _extract_videos_from_page_data
    default_scope = data.get('__DEFAULT_SCOPE__', {})
                    ^^^^^^^^
AttributeError: 'str' object has no attribute 'get'

2025-12-24 05:18:13,773 - TikTok.ProfileScraper - INFO - Extracted 0 videos from page data
2025-12-24 05:18:18,800 - TikTok.ProfileScraper - INFO - No new videos in date range after 5 scrolls, stopping
2025-12-24 05:18:18,801 - TikTok.ProfileScraper - INFO - Total skipped (too old): 0 videos
2025-12-24 05:18:18,801 - TikTok.ProfileScraper - INFO - Total videos fetched: 0 (within 365 days)
2025-12-24 05:18:18,801 - TikTok.ProfileScraper - ERROR - No videos fetched
2025-12-24 05:18:18,801 - ProfileTimeSeries - WARNING -   Failed: No videos found
2025-12-24 05:18:18,832 - ProfileTracker - WARNING - Marked account mixigaming as error: No videos found
2025-12-24 05:18:18,832 - ProfileTimeSeries - INFO - 
[2/2] Processing: steadihan
2025-12-24 05:18:20,528 - TikTok.ProfileScraper - DEBUG - Intercepted API response: https://www.tiktok.com/api/post/item_list/?WebIdLastTime=1766553476&aid=1988&app_language=en&app_nam
2025-12-24 05:18:20,833 - TikTok.ProfileScraper - INFO - Starting time series scrape for @steadihan
2025-12-24 05:18:20,834 - TikTok.ProfileScraper - INFO - Period: daily, Lookback: 365 days
2025-12-24 05:18:20,834 - TikTok.ProfileScraper - INFO - Date range: 2024-12-24 to 2025-12-24
2025-12-24 05:18:20,834 - TikTok.ProfileScraper - INFO - Navigating to @steadihan...
2025-12-24 05:18:21,596 - TikTok.ProfileScraper - DEBUG - Intercepted API response: https://www.tiktok.com/api/post/item_list/?WebIdLastTime=1766553476&aid=1988&app_language=en&app_nam
2025-12-24 05:18:22,936 - TikTok.ProfileScraper - DEBUG - Intercepted API response: https://www.tiktok.com/api/post/item_list/?WebIdLastTime=1766553476&aid=1988&app_language=en&app_nam
2025-12-24 05:18:24,989 - TikTok.ProfileScraper - DEBUG - Error extracting videos from page data: 'str' object has no attribute 'get'
2025-12-24 05:18:24,989 - TikTok.ProfileScraper - DEBUG - Traceback (most recent call last):
  File "/root/TikTok-Content-Scraper/TT_Content_Scraper/src/scraper_functions/playwright_scraper.py", line 805, in _extract_videos_from_page_data
    default_scope = data.get('__DEFAULT_SCOPE__', {})
                    ^^^^^^^^
AttributeError: 'str' object has no attribute 'get'

2025-12-24 05:18:24,989 - TikTok.ProfileScraper - INFO - Extracted 0 videos from page data
2025-12-24 05:18:25,842 - TikTok.ProfileScraper - DEBUG - Intercepted API response: https://www.tiktok.com/api/post/item_list/?WebIdLastTime=1766553476&aid=1988&app_language=en&app_nam
2025-12-24 05:18:26,018 - TikTok.ProfileScraper - DEBUG - Processing response with 34 items
2025-12-24 05:18:26,018 - TikTok.ProfileScraper - DEBUG - Added video 7545420722819140872 from 2025-09-02T09:26:06
2025-12-24 05:18:26,018 - TikTok.ProfileScraper - DEBUG - Added video 7545470724333817106 from 2025-09-02T12:40:11
2025-12-24 05:18:26,018 - TikTok.ProfileScraper - DEBUG - Added video 7579833487973240084 from 2025-12-04T03:05:18
2025-12-24 05:18:26,018 - TikTok.ProfileScraper - DEBUG - Added video 7578119319070969108 from 2025-11-29T12:13:25
2025-12-24 05:18:26,018 - TikTok.ProfileScraper - DEBUG - Added video 7576974202364923157 from 2025-11-26T10:09:46
2025-12-24 05:18:26,018 - TikTok.ProfileScraper - DEBUG - Added video 7572080119272000789 from 2025-11-13T05:38:14
2025-12-24 05:18:26,018 - TikTok.ProfileScraper - DEBUG - Added video 7568698499261500692 from 2025-11-04T02:55:50
2025-12-24 05:18:26,018 - TikTok.ProfileScraper - DEBUG - Added video 7563520541299068168 from 2025-10-21T04:02:45
2025-12-24 05:18:26,018 - TikTok.ProfileScraper - DEBUG - Added video 7560596135954468103 from 2025-10-13T06:54:31
2025-12-24 05:18:26,018 - TikTok.ProfileScraper - DEBUG - Added video 7559534671793540359 from 2025-10-10T10:15:27
2025-12-24 05:18:26,018 - TikTok.ProfileScraper - DEBUG - Added video 7559027513146526994 from 2025-10-09T01:27:28
2025-12-24 05:18:26,019 - TikTok.ProfileScraper - DEBUG - Added video 7557242418433772808 from 2025-10-04T06:00:24
2025-12-24 05:18:26,019 - TikTok.ProfileScraper - DEBUG - Added video 7556834940483030279 from 2025-10-03T03:39:12
2025-12-24 05:18:26,019 - TikTok.ProfileScraper - DEBUG - Added video 7551677253709548818 from 2025-09-19T06:04:41
2025-12-24 05:18:26,019 - TikTok.ProfileScraper - DEBUG - Added video 7549160704008375560 from 2025-09-12T11:19:10
2025-12-24 05:18:26,019 - TikTok.ProfileScraper - DEBUG - Added video 7548439288828955912 from 2025-09-10T12:39:41
2025-12-24 05:18:26,019 - TikTok.ProfileScraper - DEBUG - Added video 7547511752246922503 from 2025-09-08T00:40:27
2025-12-24 05:18:26,019 - TikTok.ProfileScraper - DEBUG - Added video 7545771818666315015 from 2025-09-03T08:08:34
2025-12-24 05:18:26,019 - TikTok.ProfileScraper - DEBUG - Added video 7545087826539351314 from 2025-09-01T11:54:18
2025-12-24 05:18:26,019 - TikTok.ProfileScraper - DEBUG - Added video 7537171930948881682 from 2025-08-11T03:56:37
2025-12-24 05:18:26,019 - TikTok.ProfileScraper - DEBUG - Added video 7533025571878604040 from 2025-07-30T23:46:43
2025-12-24 05:18:26,019 - TikTok.ProfileScraper - DEBUG - Added video 7527577828007726344 from 2025-07-16T07:26:35
2025-12-24 05:18:26,019 - TikTok.ProfileScraper - DEBUG - Added video 7525759246256885000 from 2025-07-11T09:49:32
2025-12-24 05:18:26,019 - TikTok.ProfileScraper - DEBUG - Added video 7523518098436050184 from 2025-07-05T08:52:45
2025-12-24 05:18:26,019 - TikTok.ProfileScraper - DEBUG - Added video 7520223124697124104 from 2025-06-26T11:46:33
2025-12-24 05:18:26,019 - TikTok.ProfileScraper - DEBUG - Added video 7518590093867683079 from 2025-06-22T02:09:35
2025-12-24 05:18:26,019 - TikTok.ProfileScraper - DEBUG - Added video 7516555958223392007 from 2025-06-16T14:36:05
2025-12-24 05:18:26,019 - TikTok.ProfileScraper - DEBUG - Added video 7513398460091993362 from 2025-06-08T02:23:23
2025-12-24 05:18:26,019 - TikTok.ProfileScraper - DEBUG - Added video 7512025647703674120 from 2025-06-04T09:36:11
2025-12-24 05:18:26,019 - TikTok.ProfileScraper - DEBUG - Added video 7510184604041481490 from 2025-05-30T10:31:59
2025-12-24 05:18:26,019 - TikTok.ProfileScraper - DEBUG - Added video 7507447253657767176 from 2025-05-23T01:29:42
2025-12-24 05:18:26,019 - TikTok.ProfileScraper - DEBUG - Added video 7501924328875773202 from 2025-05-08T04:17:56
2025-12-24 05:18:26,019 - TikTok.ProfileScraper - DEBUG - Added video 7500150747116375304 from 2025-05-03T09:35:28
2025-12-24 05:18:26,019 - TikTok.ProfileScraper - DEBUG - Added video 7499680757015678215 from 2025-05-02T03:11:42
2025-12-24 05:18:26,019 - TikTok.ProfileScraper - DEBUG - Processing response with 15 items
2025-12-24 05:18:26,019 - TikTok.ProfileScraper - DEBUG - Added video 7494498716716403986 from 2025-04-18T04:02:44
2025-12-24 05:18:26,019 - TikTok.ProfileScraper - DEBUG - Added video 7494423338303966471 from 2025-04-17T23:10:18
2025-12-24 05:18:26,019 - TikTok.ProfileScraper - DEBUG - Added video 7492755404854775058 from 2025-04-13T11:17:47
2025-12-24 05:18:26,019 - TikTok.ProfileScraper - DEBUG - Added video 7492053790686792978 from 2025-04-11T13:55:11
2025-12-24 05:18:26,019 - TikTok.ProfileScraper - DEBUG - Added video 7484243028589153554 from 2025-03-21T12:45:23
2025-12-24 05:18:26,019 - TikTok.ProfileScraper - DEBUG - Added video 7481510109798042898 from 2025-03-14T04:00:19
2025-12-24 05:18:26,019 - TikTok.ProfileScraper - DEBUG - Added video 7475910683427671303 from 2025-02-27T01:51:46
2025-12-24 05:18:26,019 - TikTok.ProfileScraper - DEBUG - Added video 7458500254468443400 from 2025-01-11T03:50:21
2025-12-24 05:18:26,019 - TikTok.ProfileScraper - DEBUG - Added video 7455968687137295623 from 2025-01-04T08:06:33
2025-12-24 05:18:26,019 - TikTok.ProfileScraper - DEBUG - Added video 7455574215886998791 from 2025-01-03T06:35:49
2025-12-24 05:18:26,020 - TikTok.ProfileScraper - DEBUG - Added video 7453680036915186962 from 2024-12-29T04:05:26
2025-12-24 05:18:26,020 - TikTok.ProfileScraper - DEBUG - Skipped old video 7451772652555029768 from 2024-12-24T00:43:55
2025-12-24 05:18:26,020 - TikTok.ProfileScraper - DEBUG - Skipped old video 7450676924763950343 from 2024-12-21T01:51:55
2025-12-24 05:18:26,020 - TikTok.ProfileScraper - DEBUG - Skipped old video 7450358089754135815 from 2024-12-20T05:14:35
2025-12-24 05:18:26,020 - TikTok.ProfileScraper - DEBUG - Skipped old video 7448505490260249864 from 2024-12-15T05:25:33
2025-12-24 05:18:26,020 - TikTok.ProfileScraper - DEBUG - Scroll 0: +45 videos (total: 45)
2025-12-24 05:18:27,139 - TikTok.ProfileScraper - DEBUG - Intercepted API response: https://www.tiktok.com/api/post/item_list/?WebIdLastTime=1766553476&aid=1988&app_language=en&app_nam
2025-12-24 05:18:28,205 - TikTok.ProfileScraper - DEBUG - Processing response with 16 items
2025-12-24 05:18:28,205 - TikTok.ProfileScraper - DEBUG - Skipped old video 7447711551487872264 from 2024-12-13T02:04:43
2025-12-24 05:18:28,205 - TikTok.ProfileScraper - DEBUG - Skipped old video 7446809080783490311 from 2024-12-10T15:42:35
2025-12-24 05:18:28,205 - TikTok.ProfileScraper - DEBUG - Skipped old video 7446329499718782226 from 2024-12-09T08:41:34
2025-12-24 05:18:28,205 - TikTok.ProfileScraper - DEBUG - Skipped old video 7443396509153938706 from 2024-12-01T11:00:04
2025-12-24 05:18:28,205 - TikTok.ProfileScraper - DEBUG - Skipped old video 7441503425226984722 from 2024-11-26T08:33:57
2025-12-24 05:18:28,205 - TikTok.ProfileScraper - DEBUG - Skipped old video 7435208088409459975 from 2024-11-09T09:24:49
2025-12-24 05:18:28,205 - TikTok.ProfileScraper - DEBUG - Skipped old video 7431185513916271879 from 2024-10-29T13:15:10
2025-12-24 05:18:28,205 - TikTok.ProfileScraper - DEBUG - Skipped old video 7429890239407115538 from 2024-10-26T01:28:58
2025-12-24 05:18:28,205 - TikTok.ProfileScraper - DEBUG - Skipped old video 7428966061313232146 from 2024-10-23T13:42:33
2025-12-24 05:18:28,206 - TikTok.ProfileScraper - DEBUG - Skipped old video 7418023908126870791 from 2024-09-24T02:01:30
2025-12-24 05:18:28,206 - TikTok.ProfileScraper - DEBUG - Skipped old video 7417365758226812167 from 2024-09-22T07:27:28
2025-12-24 05:18:28,206 - TikTok.ProfileScraper - DEBUG - Skipped old video 7414016630285503751 from 2024-09-13T06:51:08
2025-12-24 05:18:28,206 - TikTok.ProfileScraper - DEBUG - Skipped old video 7409140257850985736 from 2024-08-31T03:28:21
2025-12-24 05:18:28,206 - TikTok.ProfileScraper - DEBUG - Skipped old video 7408176557983812871 from 2024-08-28T13:08:39
2025-12-24 05:18:28,206 - TikTok.ProfileScraper - DEBUG - Skipped old video 7405197376060722450 from 2024-08-20T12:27:55
2025-12-24 05:18:28,206 - TikTok.ProfileScraper - DEBUG - Skipped old video 7403214245170547975 from 2024-08-15T04:12:22
2025-12-24 05:18:28,566 - TikTok.ProfileScraper - DEBUG - Intercepted API response: https://www.tiktok.com/api/post/item_list/?WebIdLastTime=1766553476&aid=1988&app_language=en&app_nam
2025-12-24 05:18:29,246 - TikTok.ProfileScraper - DEBUG - Processing response with 15 items
2025-12-24 05:18:29,246 - TikTok.ProfileScraper - DEBUG - Skipped old video 7401437513753120018 from 2024-08-10T09:17:45
2025-12-24 05:18:29,246 - TikTok.ProfileScraper - DEBUG - Skipped old video 7395045292187356434 from 2024-07-24T03:52:39
2025-12-24 05:18:29,246 - TikTok.ProfileScraper - DEBUG - Skipped old video 7392414628292087048 from 2024-07-17T01:44:23
2025-12-24 05:18:29,246 - TikTok.ProfileScraper - DEBUG - Skipped old video 7392048016389098760 from 2024-07-16T02:01:44
2025-12-24 05:18:29,246 - TikTok.ProfileScraper - DEBUG - Skipped old video 7390618163655740680 from 2024-07-12T05:33:07
2025-12-24 05:18:29,246 - TikTok.ProfileScraper - DEBUG - Skipped old video 7388016107040328978 from 2024-07-05T05:15:50
2025-12-24 05:18:29,246 - TikTok.ProfileScraper - DEBUG - Skipped old video 7382045906687888661 from 2024-06-19T03:08:29
2025-12-24 05:18:29,246 - TikTok.ProfileScraper - DEBUG - Skipped old video 7376836998788631828 from 2024-06-05T02:15:18
2025-12-24 05:18:29,246 - TikTok.ProfileScraper - DEBUG - Skipped old video 7375542295824780565 from 2024-06-01T14:31:12
2025-12-24 05:18:29,246 - TikTok.ProfileScraper - DEBUG - Skipped old video 7375147621545037064 from 2024-05-31T12:59:41
2025-12-24 05:18:29,246 - TikTok.ProfileScraper - DEBUG - Skipped old video 7359796982421982484 from 2024-04-20T04:11:51
2025-12-24 05:18:29,246 - TikTok.ProfileScraper - DEBUG - Skipped old video 7349475650396294407 from 2024-03-23T08:39:43
2025-12-24 05:18:29,246 - TikTok.ProfileScraper - DEBUG - Skipped old video 7341591228963687698 from 2024-03-02T02:43:39
2025-12-24 05:18:29,247 - TikTok.ProfileScraper - DEBUG - Skipped old video 7340190574772899092 from 2024-02-27T08:08:56
2025-12-24 05:18:29,247 - TikTok.ProfileScraper - DEBUG - Skipped old video 7339495296763809025 from 2024-02-25T11:10:39
2025-12-24 05:18:30,212 - TikTok.ProfileScraper - DEBUG - Intercepted API response: https://www.tiktok.com/api/post/item_list/?WebIdLastTime=1766553476&aid=1988&app_language=en&app_nam
2025-12-24 05:18:30,303 - TikTok.ProfileScraper - DEBUG - Processing response with 16 items
2025-12-24 05:18:30,303 - TikTok.ProfileScraper - DEBUG - Skipped old video 7339437125156326676 from 2024-02-25T07:25:04
2025-12-24 05:18:30,303 - TikTok.ProfileScraper - DEBUG - Skipped old video 7339139976682114311 from 2024-02-24T12:11:55
2025-12-24 05:18:30,304 - TikTok.ProfileScraper - DEBUG - Skipped old video 7338788110571982100 from 2024-02-23T13:26:09
2025-12-24 05:18:30,304 - TikTok.ProfileScraper - DEBUG - Skipped old video 7326061237765164289 from 2024-01-20T06:19:23
2025-12-24 05:18:30,304 - TikTok.ProfileScraper - DEBUG - Skipped old video 7326015389555707138 from 2024-01-20T03:21:30
2025-12-24 05:18:30,304 - TikTok.ProfileScraper - DEBUG - Skipped old video 7324507125885979906 from 2024-01-16T01:48:44
2025-12-24 05:18:30,304 - TikTok.ProfileScraper - DEBUG - Skipped old video 7315236615721454850 from 2023-12-22T02:14:18
2025-12-24 05:18:30,304 - TikTok.ProfileScraper - DEBUG - Skipped old video 7310949638792563969 from 2023-12-10T12:58:34
2025-12-24 05:18:30,304 - TikTok.ProfileScraper - DEBUG - Skipped old video 7304878664376782081 from 2023-11-24T04:20:11
2025-12-24 05:18:30,304 - TikTok.ProfileScraper - DEBUG - Skipped old video 7295984451182464257 from 2023-10-31T05:06:01
2025-12-24 05:18:30,304 - TikTok.ProfileScraper - DEBUG - Skipped old video 7295257677511396609 from 2023-10-29T06:05:46
2025-12-24 05:18:30,304 - TikTok.ProfileScraper - DEBUG - Skipped old video 7294894358065712385 from 2023-10-28T06:35:54
2025-12-24 05:18:30,304 - TikTok.ProfileScraper - DEBUG - Skipped old video 7294477775946206466 from 2023-10-27T03:39:21
2025-12-24 05:18:30,304 - TikTok.ProfileScraper - DEBUG - Skipped old video 7294208680260668674 from 2023-10-26T10:15:07
2025-12-24 05:18:30,304 - TikTok.ProfileScraper - DEBUG - Skipped old video 7294137556290112769 from 2023-10-26T05:39:07
2025-12-24 05:18:30,304 - TikTok.ProfileScraper - DEBUG - Skipped old video 7292674260135365889 from 2023-10-22T07:00:46
2025-12-24 05:18:31,338 - TikTok.ProfileScraper - DEBUG - Intercepted API response: https://www.tiktok.com/api/post/item_list/?WebIdLastTime=1766553476&aid=1988&app_language=en&app_nam
2025-12-24 05:18:31,442 - TikTok.ProfileScraper - DEBUG - Processing response with 16 items
2025-12-24 05:18:31,442 - TikTok.ProfileScraper - DEBUG - Skipped old video 7292302975345691906 from 2023-10-21T07:00:02
2025-12-24 05:18:31,442 - TikTok.ProfileScraper - DEBUG - Skipped old video 7291870065614490881 from 2023-10-20T03:00:07
2025-12-24 05:18:31,442 - TikTok.ProfileScraper - DEBUG - Skipped old video 7291507065418190082 from 2023-10-19T03:31:30
2025-12-24 05:18:31,442 - TikTok.ProfileScraper - DEBUG - Skipped old video 7290421003702783234 from 2023-10-16T05:17:00
2025-12-24 05:18:31,442 - TikTok.ProfileScraper - DEBUG - Skipped old video 7287029189218209025 from 2023-10-07T01:55:04
2025-12-24 05:18:31,442 - TikTok.ProfileScraper - DEBUG - Skipped old video 7284606871548349698 from 2023-09-30T13:15:13
2025-12-24 05:18:31,442 - TikTok.ProfileScraper - DEBUG - Skipped old video 7281463720708951297 from 2023-09-22T01:58:10
2025-12-24 05:18:31,442 - TikTok.ProfileScraper - DEBUG - Skipped old video 7272346147551857921 from 2023-08-28T12:17:19
2025-12-24 05:18:31,442 - TikTok.ProfileScraper - DEBUG - Skipped old video 7271097281321979142 from 2023-08-25T03:31:04
2025-12-24 05:18:31,442 - TikTok.ProfileScraper - DEBUG - Skipped old video 7267789527647784197 from 2023-08-16T05:35:18
2025-12-24 05:18:31,442 - TikTok.ProfileScraper - DEBUG - Skipped old video 7266803946423962888 from 2023-08-13T13:50:44
2025-12-24 05:18:31,442 - TikTok.ProfileScraper - DEBUG - Skipped old video 7265691851678551314 from 2023-08-10T13:55:14
2025-12-24 05:18:31,443 - TikTok.ProfileScraper - DEBUG - Skipped old video 7265329100116512008 from 2023-08-09T14:27:35
2025-12-24 05:18:31,443 - TikTok.ProfileScraper - DEBUG - Skipped old video 7264583478262418695 from 2023-08-07T14:14:10
2025-12-24 05:18:31,443 - TikTok.ProfileScraper - DEBUG - Skipped old video 7262530666615639314 from 2023-08-02T01:28:19
2025-12-24 05:18:31,443 - TikTok.ProfileScraper - DEBUG - Skipped old video 7260407757482822920 from 2023-07-27T08:10:18
2025-12-24 05:18:31,443 - TikTok.ProfileScraper - INFO - No new videos in date range after 5 scrolls, stopping
2025-12-24 05:18:31,443 - TikTok.ProfileScraper - INFO - Total skipped (too old): 16 videos
2025-12-24 05:18:31,443 - TikTok.ProfileScraper - INFO - Total videos fetched: 45 (within 365 days)
2025-12-24 05:18:31,443 - TikTok.ProfileScraper - INFO - Fetched 45 videos, creating time series...
2025-12-24 05:18:31,445 - TikTok.ProfileScraper - INFO - Saved 45 videos to data/profile_time_series/daily_20251224_051753/steadihan/videos_raw_20251224_051831.json
2025-12-24 05:18:31,446 - TikTok.ProfileScraper - INFO - Saved time series with 44 points to data/profile_time_series/daily_20251224_051753/steadihan/time_series_daily_20251224_051831.json
2025-12-24 05:18:31,447 - TikTok.ProfileScraper - INFO - Saved CSV to data/profile_time_series/daily_20251224_051753/steadihan/time_series_daily_20251224_051831.csv
2025-12-24 05:18:31,448 - TikTok.ProfileScraper - INFO - Saved summary to data/profile_time_series/daily_20251224_051753/steadihan/summary_20251224_051831.json
2025-12-24 05:18:31,448 - ProfileTimeSeries - INFO -   ✓ Success: 45 videos, 44 time points
2025-12-24 05:18:31,448 - ProfileTracker - DEBUG - Marked account steadihan as completed
2025-12-24 05:18:31,743 - ProfileTimeSeries - INFO - 
======================================================================
2025-12-24 05:18:31,743 - ProfileTimeSeries - INFO - SCRAPING COMPLETED!
2025-12-24 05:18:31,743 - ProfileTimeSeries - INFO - ======================================================================
2025-12-24 05:18:31,743 - ProfileTimeSeries - INFO - Processed: 2
2025-12-24 05:18:31,743 - ProfileTimeSeries - INFO - Success: 1
2025-12-24 05:18:31,743 - ProfileTimeSeries - INFO - Failed: 1
2025-12-24 05:18:31,743 - ProfileTimeSeries - INFO - Total videos: 45
2025-12-24 05:18:31,743 - ProfileTimeSeries - INFO - Total time points: 44
2025-12-24 05:18:31,743 - ProfileTimeSeries - INFO - Output: data/profile_time_series/daily_20251224_051753
2025-12-24 05:18:31,744 - ProfileTimeSeries - INFO - Summary: data/profile_time_series/daily_20251224_051753/run_summary_20251224_051753.json
2025-12-24 05:18:31,744 - ProfileTimeSeries - INFO - ======================================================================
