2025-12-24 05:51:52,982 - ProfileTimeSeries - INFO - ======================================================================
2025-12-24 05:51:52,982 - ProfileTimeSeries - INFO - TIKTOK PROFILE TIME SERIES SCRAPING
2025-12-24 05:51:52,982 - ProfileTimeSeries - INFO - Period: daily
2025-12-24 05:51:52,982 - ProfileTimeSeries - INFO - Lookback: 365 days
2025-12-24 05:51:52,982 - ProfileTimeSeries - INFO - Max videos per profile: 1000
2025-12-24 05:51:52,982 - ProfileTimeSeries - INFO - Total profiles: 2
2025-12-24 05:51:52,982 - ProfileTimeSeries - INFO - Headless mode: False
2025-12-24 05:51:52,982 - ProfileTimeSeries - INFO - ======================================================================
2025-12-24 05:51:52,983 - TTCS.ObjTracker - INFO - Connected to SQLite database: progress_tracking/timeseries_daily_20251224_progress.db
2025-12-24 05:51:52,984 - TTCS.ObjTracker - INFO - Database tables created successfully
2025-12-24 05:51:52,984 - TTCS.ObjTracker - INFO - Database indexes created successfully
2025-12-24 05:51:52,984 - ProfileTracker - INFO - Added 2 profiles to tracker
2025-12-24 05:51:52,984 - TikTok.ProfileScraper - INFO - ✓ Loaded fingerprint from browser_fingerprint.json
2025-12-24 05:51:52,984 - TikTok.ProfileScraper - INFO -   Device: Win32
2025-12-24 05:51:52,984 - TikTok.ProfileScraper - INFO -   GPU: ANGLE (AMD, AMD Radeon(TM) Graphics (0x00001681) Direct3D11 ...
2025-12-24 05:51:52,984 - TikTok.ProfileScraper - INFO - Proxy: http://14.224.198.119:44182
2025-12-24 05:51:52,984 - TikTok.ProfileScraper - INFO - Starting Patchright browser with fingerprint replay...
2025-12-24 05:51:52,984 - TikTok.ProfileScraper - INFO - Mode: VISIBLE
2025-12-24 05:51:52,984 - TikTok.ProfileScraper - INFO - Platform: linux
2025-12-24 05:51:52,984 - TikTok.ProfileScraper - INFO - Display: :1
2025-12-24 05:51:53,328 - TikTok.ProfileScraper - INFO - Proxy: http://14.224.198.119:44182
2025-12-24 05:51:53,651 - TikTok.ProfileScraper - INFO - Navigating to TikTok...
2025-12-24 05:52:00,622 - TikTok.ProfileScraper - INFO - ✓ Browser ready with fingerprint!
2025-12-24 05:52:00,622 - ProfileTimeSeries - INFO - 
[1/2] Processing: phuongmychiofficial
2025-12-24 05:52:00,622 - TikTok.ProfileScraper - INFO - Starting time series scrape for @phuongmychiofficial
2025-12-24 05:52:00,622 - TikTok.ProfileScraper - INFO - Period: daily, Lookback: 365 days
2025-12-24 05:52:00,622 - TikTok.ProfileScraper - INFO - Date range: 2024-12-24 to 2025-12-24
2025-12-24 05:52:00,622 - TikTok.ProfileScraper - INFO - Navigating to @phuongmychiofficial...
2025-12-24 05:52:01,430 - TikTok.ProfileScraper - DEBUG - Intercepted API: https://www.tiktok.com/api/post/item_list/?WebIdLastTime=1766555517&aid=1988&app_language=en&app_nam
2025-12-24 05:52:13,231 - TikTok.ProfileScraper - WARNING - Video grid not found, continuing anyway...
2025-12-24 05:52:13,242 - TikTok.ProfileScraper - DEBUG - Error extracting videos from page data: 'str' object has no attribute 'get'
2025-12-24 05:52:13,242 - TikTok.ProfileScraper - DEBUG - Traceback (most recent call last):
  File "/root/TikTok-Content-Scraper/TT_Content_Scraper/src/scraper_functions/playwright_scraper.py", line 673, in _extract_videos_from_page_data
    default_scope = data.get('__DEFAULT_SCOPE__', {})
                    ^^^^^^^^
AttributeError: 'str' object has no attribute 'get'

2025-12-24 05:52:13,242 - TikTok.ProfileScraper - INFO - Extracted 0 videos from page data
2025-12-24 05:52:18,270 - TikTok.ProfileScraper - INFO - No new videos in date range after 5 scrolls, stopping
2025-12-24 05:52:18,270 - TikTok.ProfileScraper - INFO - Total skipped (too old): 0 videos
2025-12-24 05:52:18,270 - TikTok.ProfileScraper - INFO - Total videos fetched: 0 (within 365 days)
2025-12-24 05:52:18,270 - TikTok.ProfileScraper - ERROR - No videos fetched
2025-12-24 05:52:18,270 - ProfileTimeSeries - WARNING -   Failed: No videos found
2025-12-24 05:52:18,273 - ProfileTracker - WARNING - Marked account phuongmychiofficial as error: No videos found
2025-12-24 05:52:18,273 - ProfileTimeSeries - INFO - 
[2/2] Processing: ising52hz
2025-12-24 05:52:20,273 - TikTok.ProfileScraper - INFO - Starting time series scrape for @ising52hz
2025-12-24 05:52:20,274 - TikTok.ProfileScraper - INFO - Period: daily, Lookback: 365 days
2025-12-24 05:52:20,274 - TikTok.ProfileScraper - INFO - Date range: 2024-12-24 to 2025-12-24
2025-12-24 05:52:20,274 - TikTok.ProfileScraper - INFO - Navigating to @ising52hz...
2025-12-24 05:52:21,902 - TikTok.ProfileScraper - DEBUG - Intercepted API: https://www.tiktok.com/api/post/item_list/?WebIdLastTime=1766555517&aid=1988&app_language=en&app_nam
2025-12-24 05:52:33,422 - TikTok.ProfileScraper - WARNING - Video grid not found, continuing anyway...
2025-12-24 05:52:33,433 - TikTok.ProfileScraper - DEBUG - Error extracting videos from page data: 'str' object has no attribute 'get'
2025-12-24 05:52:33,433 - TikTok.ProfileScraper - DEBUG - Traceback (most recent call last):
  File "/root/TikTok-Content-Scraper/TT_Content_Scraper/src/scraper_functions/playwright_scraper.py", line 673, in _extract_videos_from_page_data
    default_scope = data.get('__DEFAULT_SCOPE__', {})
                    ^^^^^^^^
AttributeError: 'str' object has no attribute 'get'

2025-12-24 05:52:33,434 - TikTok.ProfileScraper - INFO - Extracted 0 videos from page data
2025-12-24 05:52:38,454 - TikTok.ProfileScraper - INFO - No new videos in date range after 5 scrolls, stopping
2025-12-24 05:52:38,454 - TikTok.ProfileScraper - INFO - Total skipped (too old): 0 videos
2025-12-24 05:52:38,454 - TikTok.ProfileScraper - INFO - Total videos fetched: 0 (within 365 days)
2025-12-24 05:52:38,454 - TikTok.ProfileScraper - ERROR - No videos fetched
2025-12-24 05:52:38,454 - ProfileTimeSeries - WARNING -   Failed: No videos found
2025-12-24 05:52:38,455 - ProfileTracker - WARNING - Marked account ising52hz as error: No videos found
2025-12-24 05:52:38,588 - ProfileTimeSeries - INFO - 
======================================================================
2025-12-24 05:52:38,588 - ProfileTimeSeries - INFO - SCRAPING COMPLETED!
2025-12-24 05:52:38,588 - ProfileTimeSeries - INFO - ======================================================================
2025-12-24 05:52:38,588 - ProfileTimeSeries - INFO - Processed: 2
2025-12-24 05:52:38,588 - ProfileTimeSeries - INFO - Success: 0
2025-12-24 05:52:38,588 - ProfileTimeSeries - INFO - Failed: 2
2025-12-24 05:52:38,588 - ProfileTimeSeries - INFO - Total videos: 0
2025-12-24 05:52:38,588 - ProfileTimeSeries - INFO - Total time points: 0
2025-12-24 05:52:38,588 - ProfileTimeSeries - INFO - Output: data/profile_time_series/daily_20251224_055152
2025-12-24 05:52:38,588 - ProfileTimeSeries - INFO - Summary: data/profile_time_series/daily_20251224_055152/run_summary_20251224_055152.json
2025-12-24 05:52:38,588 - ProfileTimeSeries - INFO - ======================================================================
