2025-12-24 05:18:54,827 - ProfileTimeSeries - INFO - ======================================================================
2025-12-24 05:18:54,827 - ProfileTimeSeries - INFO - TIKTOK PROFILE TIME SERIES SCRAPING
2025-12-24 05:18:54,828 - ProfileTimeSeries - INFO - Period: daily
2025-12-24 05:18:54,828 - ProfileTimeSeries - INFO - Lookback: 365 days
2025-12-24 05:18:54,828 - ProfileTimeSeries - INFO - Max videos per profile: 1000
2025-12-24 05:18:54,828 - ProfileTimeSeries - INFO - Total profiles: 2
2025-12-24 05:18:54,828 - ProfileTimeSeries - INFO - Headless mode: False
2025-12-24 05:18:54,828 - ProfileTimeSeries - INFO - ======================================================================
2025-12-24 05:18:54,828 - TTCS.ObjTracker - INFO - Connected to SQLite database: progress_tracking/timeseries_daily_20251224_progress.db
2025-12-24 05:18:54,829 - TTCS.ObjTracker - INFO - Database tables created successfully
2025-12-24 05:18:54,829 - TTCS.ObjTracker - INFO - Database indexes created successfully
2025-12-24 05:18:54,829 - ProfileTracker - INFO - Added 2 profiles to tracker
2025-12-24 05:18:54,829 - TikTok.ProfileScraper - INFO - Proxy credentials found: HcgsFh:***
2025-12-24 05:18:54,829 - TikTok.ProfileScraper - INFO - Proxy server: http://14.224.198.119:44182
2025-12-24 05:18:54,829 - TikTok.ProfileScraper - INFO - Starting Playwright browser...
2025-12-24 05:18:54,829 - TikTok.ProfileScraper - INFO - Browser mode: NON-HEADLESS (visible)
2025-12-24 05:18:54,829 - TikTok.ProfileScraper - INFO - Platform: linux
2025-12-24 05:18:54,829 - TikTok.ProfileScraper - INFO - X Display: :1
2025-12-24 05:18:55,165 - TikTok.ProfileScraper - INFO - Using proxy: http://14.224.198.119:44182
2025-12-24 05:18:55,403 - TikTok.ProfileScraper - INFO - Proxy credentials added
2025-12-24 05:18:55,523 - TikTok.ProfileScraper - INFO - Navigating to TikTok...
2025-12-24 05:19:02,186 - TikTok.ProfileScraper - INFO - Browser ready!
2025-12-24 05:19:02,186 - ProfileTimeSeries - INFO - 
[1/2] Processing: phuongmychiofficial
2025-12-24 05:19:02,186 - TikTok.ProfileScraper - INFO - Starting time series scrape for @phuongmychiofficial
2025-12-24 05:19:02,186 - TikTok.ProfileScraper - INFO - Period: daily, Lookback: 365 days
2025-12-24 05:19:02,186 - TikTok.ProfileScraper - INFO - Date range: 2024-12-24 to 2025-12-24
2025-12-24 05:19:02,186 - TikTok.ProfileScraper - INFO - Navigating to @phuongmychiofficial...
2025-12-24 05:19:04,285 - TikTok.ProfileScraper - DEBUG - Intercepted API response: https://www.tiktok.com/api/post/item_list/?WebIdLastTime=1766553537&aid=1988&app_language=en&app_nam
2025-12-24 05:19:05,020 - TikTok.ProfileScraper - DEBUG - Intercepted API response: https://www.tiktok.com/api/post/item_list/?WebIdLastTime=1766553537&aid=1988&app_language=en&app_nam
2025-12-24 05:19:14,881 - TikTok.ProfileScraper - WARNING - Video grid not found, continuing anyway...
2025-12-24 05:19:14,886 - TikTok.ProfileScraper - DEBUG - Error extracting videos from page data: 'str' object has no attribute 'get'
2025-12-24 05:19:14,887 - TikTok.ProfileScraper - DEBUG - Traceback (most recent call last):
  File "/root/TikTok-Content-Scraper/TT_Content_Scraper/src/scraper_functions/playwright_scraper.py", line 805, in _extract_videos_from_page_data
    default_scope = data.get('__DEFAULT_SCOPE__', {})
                    ^^^^^^^^
AttributeError: 'str' object has no attribute 'get'

2025-12-24 05:19:14,887 - TikTok.ProfileScraper - INFO - Extracted 0 videos from page data
2025-12-24 05:19:18,911 - TikTok.ProfileScraper - ERROR - Error getting user videos: Page.evaluate: Target page, context or browser has been closed
2025-12-24 05:19:18,911 - TikTok.ProfileScraper - ERROR - No videos fetched
2025-12-24 05:19:18,911 - ProfileTimeSeries - WARNING -   Failed: No videos found
2025-12-24 05:19:18,917 - ProfileTracker - WARNING - Marked account phuongmychiofficial as error: No videos found
2025-12-24 05:19:18,917 - ProfileTimeSeries - INFO - 
[2/2] Processing: ising52hz
2025-12-24 05:19:20,919 - TikTok.ProfileScraper - INFO - Starting time series scrape for @ising52hz
2025-12-24 05:19:20,919 - TikTok.ProfileScraper - INFO - Period: daily, Lookback: 365 days
2025-12-24 05:19:20,919 - TikTok.ProfileScraper - INFO - Date range: 2024-12-24 to 2025-12-24
2025-12-24 05:19:20,920 - TikTok.ProfileScraper - INFO - Navigating to @ising52hz...
2025-12-24 05:19:20,921 - TikTok.ProfileScraper - WARNING - Navigation attempt 1 failed, waiting 3s...
