2025-12-24 06:10:15,810 - ProfileTimeSeries - INFO - ======================================================================
2025-12-24 06:10:15,810 - ProfileTimeSeries - INFO - TIKTOK PROFILE TIME SERIES SCRAPING
2025-12-24 06:10:15,810 - ProfileTimeSeries - INFO - Period: daily
2025-12-24 06:10:15,810 - ProfileTimeSeries - INFO - Lookback: 365 days
2025-12-24 06:10:15,810 - ProfileTimeSeries - INFO - Max videos per profile: 1000
2025-12-24 06:10:15,810 - ProfileTimeSeries - INFO - Total profiles: 2
2025-12-24 06:10:15,810 - ProfileTimeSeries - INFO - Headless mode: False
2025-12-24 06:10:15,810 - ProfileTimeSeries - INFO - ======================================================================
2025-12-24 06:10:15,811 - TTCS.ObjTracker - INFO - Connected to SQLite database: progress_tracking/timeseries_daily_20251224_progress.db
2025-12-24 06:10:15,811 - TTCS.ObjTracker - INFO - Database tables created successfully
2025-12-24 06:10:15,811 - TTCS.ObjTracker - INFO - Database indexes created successfully
2025-12-24 06:10:15,811 - ProfileTracker - INFO - Added 2 profiles to tracker
2025-12-24 06:10:15,811 - TikTok.ProfileScraper - INFO - ✓ Loaded fingerprint from browser_fingerprint.json
2025-12-24 06:10:15,811 - TikTok.ProfileScraper - INFO -   Device: Win32
2025-12-24 06:10:15,812 - TikTok.ProfileScraper - INFO -   GPU: ANGLE (AMD, AMD Radeon(TM) Graphics (0x00001681) Direct3D11 ...
2025-12-24 06:10:15,812 - TikTok.ProfileScraper - INFO - Proxy: http://14.224.198.119:44182
2025-12-24 06:10:15,812 - TikTok.ProfileScraper - INFO - Starting Patchright browser with fingerprint replay...
2025-12-24 06:10:15,812 - TikTok.ProfileScraper - INFO - Mode: VISIBLE
2025-12-24 06:10:15,812 - TikTok.ProfileScraper - INFO - Platform: linux
2025-12-24 06:10:15,812 - TikTok.ProfileScraper - INFO - Display: :1
2025-12-24 06:10:16,138 - TikTok.ProfileScraper - INFO - Proxy: http://14.224.198.119:44182
2025-12-24 06:10:16,472 - TikTok.ProfileScraper - INFO - ✓ CDP Session established and webdriver masking script injected
2025-12-24 06:10:16,475 - TikTok.ProfileScraper - INFO - Navigating to TikTok...
2025-12-24 06:10:26,845 - TikTok.ProfileScraper - INFO - ✓ Browser ready with fingerprint!
2025-12-24 06:10:26,845 - ProfileTimeSeries - INFO - 
[1/2] Processing: phuongmychiofficial
2025-12-24 06:10:26,845 - TikTok.ProfileScraper - INFO - Starting time series scrape for @phuongmychiofficial
2025-12-24 06:10:26,845 - TikTok.ProfileScraper - INFO - Period: daily, Lookback: 365 days
2025-12-24 06:10:26,845 - TikTok.ProfileScraper - INFO - Date range: 2024-12-24 to 2025-12-24
2025-12-24 06:10:26,846 - TikTok.ProfileScraper - INFO - Navigating to @phuongmychiofficial...
2025-12-24 06:10:27,775 - TikTok.ProfileScraper - DEBUG - Intercepted API: https://www.tiktok.com/api/post/item_list/?WebIdLastTime=1766556624&aid=1988&app_language=en&app_nam
2025-12-24 06:10:39,590 - TikTok.ProfileScraper - WARNING - Video grid not found, continuing anyway...
2025-12-24 06:10:39,601 - TikTok.ProfileScraper - DEBUG - Error extracting videos from page data: 'str' object has no attribute 'get'
2025-12-24 06:10:39,601 - TikTok.ProfileScraper - DEBUG - Traceback (most recent call last):
  File "/root/TikTok-Content-Scraper/TT_Content_Scraper/src/scraper_functions/playwright_scraper.py", line 690, in _extract_videos_from_page_data
    default_scope = data.get('__DEFAULT_SCOPE__', {})
                    ^^^^^^^^
AttributeError: 'str' object has no attribute 'get'

2025-12-24 06:10:39,601 - TikTok.ProfileScraper - INFO - Extracted 0 videos from page data
2025-12-24 06:10:44,627 - TikTok.ProfileScraper - INFO - No new videos in date range after 5 scrolls, stopping
2025-12-24 06:10:44,628 - TikTok.ProfileScraper - INFO - Total skipped (too old): 0 videos
2025-12-24 06:10:44,628 - TikTok.ProfileScraper - INFO - Total videos fetched: 0 (within 365 days)
2025-12-24 06:10:44,628 - TikTok.ProfileScraper - ERROR - No videos fetched
2025-12-24 06:10:44,628 - ProfileTimeSeries - WARNING -   Failed: No videos found
2025-12-24 06:10:44,630 - ProfileTracker - WARNING - Marked account phuongmychiofficial as error: No videos found
2025-12-24 06:10:44,631 - ProfileTimeSeries - INFO - 
[2/2] Processing: ising52hz
2025-12-24 06:10:46,631 - TikTok.ProfileScraper - INFO - Starting time series scrape for @ising52hz
2025-12-24 06:10:46,631 - TikTok.ProfileScraper - INFO - Period: daily, Lookback: 365 days
2025-12-24 06:10:46,631 - TikTok.ProfileScraper - INFO - Date range: 2024-12-24 to 2025-12-24
2025-12-24 06:10:46,632 - TikTok.ProfileScraper - INFO - Navigating to @ising52hz...
2025-12-24 06:10:47,798 - TikTok.ProfileScraper - DEBUG - Intercepted API: https://www.tiktok.com/api/post/item_list/?WebIdLastTime=1766556624&aid=1988&app_language=en&app_nam
2025-12-24 06:10:51,592 - TikTok.ProfileScraper - WARNING - Video grid not found, continuing anyway...
2025-12-24 06:10:51,621 - TikTok.ProfileScraper - DEBUG - Error extracting page data: Page.evaluate: Target page, context or browser has been closed
2025-12-24 06:10:51,626 - TikTok.ProfileScraper - ERROR - Error getting user videos: Page.evaluate: Target page, context or browser has been closed
2025-12-24 06:10:51,626 - TikTok.ProfileScraper - ERROR - No videos fetched
2025-12-24 06:10:51,627 - ProfileTimeSeries - WARNING -   Failed: No videos found
2025-12-24 06:10:51,630 - ProfileTracker - WARNING - Marked account ising52hz as error: No videos found
2025-12-24 06:10:51,694 - ProfileTimeSeries - INFO - 
======================================================================
2025-12-24 06:10:51,694 - ProfileTimeSeries - INFO - SCRAPING COMPLETED!
2025-12-24 06:10:51,694 - ProfileTimeSeries - INFO - ======================================================================
2025-12-24 06:10:51,694 - ProfileTimeSeries - INFO - Processed: 2
2025-12-24 06:10:51,695 - ProfileTimeSeries - INFO - Success: 0
2025-12-24 06:10:51,695 - ProfileTimeSeries - INFO - Failed: 2
2025-12-24 06:10:51,695 - ProfileTimeSeries - INFO - Total videos: 0
2025-12-24 06:10:51,695 - ProfileTimeSeries - INFO - Total time points: 0
2025-12-24 06:10:51,695 - ProfileTimeSeries - INFO - Output: data/profile_time_series/daily_20251224_061015
2025-12-24 06:10:51,695 - ProfileTimeSeries - INFO - Summary: data/profile_time_series/daily_20251224_061015/run_summary_20251224_061015.json
2025-12-24 06:10:51,695 - ProfileTimeSeries - INFO - ======================================================================
2025-12-24 06:10:51,710 - asyncio - ERROR - Future exception was never retrieved
future: <Future finished exception=TargetClosedError('Target page, context or browser has been closed\nCall log:\n  - waiting for locator("[data-e2e=\\"user-post-item\\"]") to be visible\n')>
rebrowser_playwright._impl._errors.TargetClosedError: Target page, context or browser has been closed
Call log:
  - waiting for locator("[data-e2e=\"user-post-item\"]") to be visible

