2025-12-24 04:32:07,353 - ProfileTimeSeries - INFO - ======================================================================
2025-12-24 04:32:07,353 - ProfileTimeSeries - INFO - TIKTOK PROFILE TIME SERIES SCRAPING
2025-12-24 04:32:07,353 - ProfileTimeSeries - INFO - Period: daily
2025-12-24 04:32:07,353 - ProfileTimeSeries - INFO - Lookback: 365 days
2025-12-24 04:32:07,353 - ProfileTimeSeries - INFO - Max videos per profile: 1000
2025-12-24 04:32:07,353 - ProfileTimeSeries - INFO - Total profiles: 22
2025-12-24 04:32:07,353 - ProfileTimeSeries - INFO - ======================================================================
2025-12-24 04:32:07,358 - TTCS.ObjTracker - INFO - Connected to SQLite database: progress_tracking/timeseries_daily_20251224_progress.db
2025-12-24 04:32:07,360 - TTCS.ObjTracker - INFO - Database tables created successfully
2025-12-24 04:32:07,360 - TTCS.ObjTracker - INFO - Database indexes created successfully
2025-12-24 04:32:07,361 - ProfileTracker - INFO - Added 22 profiles to tracker
2025-12-24 04:32:07,362 - ProfileTimeSeries - INFO - Resume mode: 0 already completed, 22 pending
2025-12-24 04:32:07,362 - TikTok.ProfileScraper - INFO - Proxy credentials found: HcgsFh:***
2025-12-24 04:32:07,362 - TikTok.ProfileScraper - INFO - Proxy server: http://14.224.198.119:44182
2025-12-24 04:32:07,362 - TikTok.ProfileScraper - INFO - Starting Playwright browser...
2025-12-24 04:32:07,693 - TikTok.ProfileScraper - INFO - Using proxy: http://14.224.198.119:44182
2025-12-24 04:32:07,784 - TikTok.ProfileScraper - INFO - Proxy credentials added to context
2025-12-24 04:32:07,847 - TikTok.ProfileScraper - INFO - Navigating to TikTok...
2025-12-24 04:32:11,680 - TikTok.ProfileScraper - INFO - Browser ready!
2025-12-24 04:32:11,680 - ProfileTimeSeries - INFO - 
[1/22] Processing: phuongmychiofficial
2025-12-24 04:32:11,680 - TikTok.ProfileScraper - INFO - Starting time series scrape for @phuongmychiofficial
2025-12-24 04:32:11,680 - TikTok.ProfileScraper - INFO - Period: daily, Lookback: 365 days
2025-12-24 04:32:11,680 - TikTok.ProfileScraper - INFO - Date range: 2024-12-24 to 2025-12-24
2025-12-24 04:32:11,680 - TikTok.ProfileScraper - INFO - Navigating to @phuongmychiofficial...
2025-12-24 04:32:12,886 - TikTok.ProfileScraper - DEBUG - Intercepted API response: https://www.tiktok.com/api/post/item_list/?WebIdLastTime=1766550728&aid=1988&app_language=en&app_nam
2025-12-24 04:32:24,756 - TikTok.ProfileScraper - WARNING - Video grid not found, continuing anyway...
2025-12-24 04:32:24,760 - TikTok.ProfileScraper - DEBUG - Error extracting videos from page data: 'str' object has no attribute 'get'
2025-12-24 04:32:24,760 - TikTok.ProfileScraper - DEBUG - Traceback (most recent call last):
  File "/root/TikTok-Content-Scraper/TT_Content_Scraper/src/scraper_functions/playwright_scraper.py", line 503, in _extract_videos_from_page_data
    default_scope = data.get('__DEFAULT_SCOPE__', {})
                    ^^^^^^^^
AttributeError: 'str' object has no attribute 'get'

2025-12-24 04:32:24,760 - TikTok.ProfileScraper - INFO - Extracted 0 videos from page data
2025-12-24 04:32:29,782 - TikTok.ProfileScraper - INFO - No new videos in date range after 5 scrolls, stopping
2025-12-24 04:32:29,782 - TikTok.ProfileScraper - INFO - Total skipped (too old): 0 videos
2025-12-24 04:32:29,782 - TikTok.ProfileScraper - INFO - Total videos fetched: 0 (within 365 days)
2025-12-24 04:32:29,782 - TikTok.ProfileScraper - ERROR - No videos fetched
2025-12-24 04:32:29,782 - ProfileTimeSeries - WARNING -   Failed: No videos found
2025-12-24 04:32:29,783 - ProfileTracker - WARNING - Marked account phuongmychiofficial as error: No videos found
2025-12-24 04:32:29,783 - ProfileTimeSeries - INFO - 
[2/22] Processing: ising52hz
2025-12-24 04:32:31,785 - TikTok.ProfileScraper - INFO - Starting time series scrape for @ising52hz
2025-12-24 04:32:31,785 - TikTok.ProfileScraper - INFO - Period: daily, Lookback: 365 days
2025-12-24 04:32:31,785 - TikTok.ProfileScraper - INFO - Date range: 2024-12-24 to 2025-12-24
2025-12-24 04:32:31,786 - TikTok.ProfileScraper - INFO - Navigating to @ising52hz...
2025-12-24 04:32:32,584 - TikTok.ProfileScraper - DEBUG - Intercepted API response: https://www.tiktok.com/api/post/item_list/?WebIdLastTime=1766550728&aid=1988&app_language=en&app_nam
2025-12-24 04:32:44,427 - TikTok.ProfileScraper - WARNING - Video grid not found, continuing anyway...
2025-12-24 04:32:44,430 - TikTok.ProfileScraper - DEBUG - Error extracting videos from page data: 'str' object has no attribute 'get'
2025-12-24 04:32:44,431 - TikTok.ProfileScraper - DEBUG - Traceback (most recent call last):
  File "/root/TikTok-Content-Scraper/TT_Content_Scraper/src/scraper_functions/playwright_scraper.py", line 503, in _extract_videos_from_page_data
    default_scope = data.get('__DEFAULT_SCOPE__', {})
                    ^^^^^^^^
AttributeError: 'str' object has no attribute 'get'

2025-12-24 04:32:44,431 - TikTok.ProfileScraper - INFO - Extracted 0 videos from page data
2025-12-24 04:32:47,969 - XvfbDisplay - INFO - Xvfb stopped
