2025-12-24 05:45:59,936 - ProfileTimeSeries - INFO - ======================================================================
2025-12-24 05:45:59,936 - ProfileTimeSeries - INFO - TIKTOK PROFILE TIME SERIES SCRAPING
2025-12-24 05:45:59,936 - ProfileTimeSeries - INFO - Period: daily
2025-12-24 05:45:59,936 - ProfileTimeSeries - INFO - Lookback: 365 days
2025-12-24 05:45:59,936 - ProfileTimeSeries - INFO - Max videos per profile: 1000
2025-12-24 05:45:59,936 - ProfileTimeSeries - INFO - Total profiles: 2
2025-12-24 05:45:59,936 - ProfileTimeSeries - INFO - Headless mode: False
2025-12-24 05:45:59,936 - ProfileTimeSeries - INFO - ======================================================================
2025-12-24 05:45:59,937 - TTCS.ObjTracker - INFO - Connected to SQLite database: progress_tracking/timeseries_daily_20251224_progress.db
2025-12-24 05:45:59,937 - TTCS.ObjTracker - INFO - Database tables created successfully
2025-12-24 05:45:59,937 - TTCS.ObjTracker - INFO - Database indexes created successfully
2025-12-24 05:45:59,938 - ProfileTracker - INFO - Added 2 profiles to tracker
2025-12-24 05:45:59,938 - TikTok.ProfileScraper - INFO - ✓ Loaded fingerprint from browser_fingerprint.json
2025-12-24 05:45:59,938 - TikTok.ProfileScraper - INFO -   Device: Win32
2025-12-24 05:45:59,938 - TikTok.ProfileScraper - INFO -   GPU: ANGLE (AMD, AMD Radeon(TM) Graphics (0x00001681) Direct3D11 ...
2025-12-24 05:45:59,938 - TikTok.ProfileScraper - INFO - Proxy: http://14.224.198.119:44182
2025-12-24 05:45:59,938 - TikTok.ProfileScraper - INFO - Starting Patchright browser with fingerprint replay...
2025-12-24 05:45:59,938 - TikTok.ProfileScraper - INFO - Mode: VISIBLE
2025-12-24 05:45:59,938 - TikTok.ProfileScraper - INFO - Platform: linux
2025-12-24 05:45:59,938 - TikTok.ProfileScraper - INFO - Display: :1
2025-12-24 05:46:00,251 - TikTok.ProfileScraper - INFO - Proxy: http://14.224.198.119:44182
2025-12-24 05:46:00,597 - TikTok.ProfileScraper - INFO - Navigating to TikTok...
2025-12-24 05:46:07,700 - TikTok.ProfileScraper - INFO - ✓ Browser ready with fingerprint!
2025-12-24 05:46:07,700 - ProfileTimeSeries - INFO - 
[1/2] Processing: phuongmychiofficial
2025-12-24 05:46:07,700 - TikTok.ProfileScraper - INFO - Starting time series scrape for @phuongmychiofficial
2025-12-24 05:46:07,700 - TikTok.ProfileScraper - INFO - Period: daily, Lookback: 365 days
2025-12-24 05:46:07,700 - TikTok.ProfileScraper - INFO - Date range: 2024-12-24 to 2025-12-24
2025-12-24 05:46:07,701 - TikTok.ProfileScraper - INFO - Navigating to @phuongmychiofficial...
2025-12-24 05:46:09,411 - TikTok.ProfileScraper - DEBUG - Intercepted API: https://www.tiktok.com/api/post/item_list/?WebIdLastTime=1766555163&aid=1988&app_language=en&app_nam
2025-12-24 05:46:09,412 - TikTok.ProfileScraper - DEBUG - Intercepted API: https://www.tiktok.com/api/post/item_list/?WebIdLastTime=1766555163&aid=1988&app_language=en&app_nam
2025-12-24 05:46:14,571 - TikTok.ProfileScraper - WARNING - Video grid not found, continuing anyway...
2025-12-24 05:46:14,573 - TikTok.ProfileScraper - DEBUG - Error extracting page data: Page.evaluate: Target page, context or browser has been closed
2025-12-24 05:46:14,575 - TikTok.ProfileScraper - ERROR - Error getting user videos: Page.evaluate: Target page, context or browser has been closed
2025-12-24 05:46:14,575 - TikTok.ProfileScraper - ERROR - No videos fetched
2025-12-24 05:46:14,575 - ProfileTimeSeries - WARNING -   Failed: No videos found
2025-12-24 05:46:14,578 - ProfileTracker - WARNING - Marked account phuongmychiofficial as error: No videos found
2025-12-24 05:46:14,578 - ProfileTimeSeries - INFO - 
[2/2] Processing: ising52hz
2025-12-24 05:46:16,580 - TikTok.ProfileScraper - INFO - Starting time series scrape for @ising52hz
2025-12-24 05:46:16,580 - TikTok.ProfileScraper - INFO - Period: daily, Lookback: 365 days
2025-12-24 05:46:16,580 - TikTok.ProfileScraper - INFO - Date range: 2024-12-24 to 2025-12-24
2025-12-24 05:46:16,580 - TikTok.ProfileScraper - INFO - Navigating to @ising52hz...
2025-12-24 05:46:16,582 - TikTok.ProfileScraper - WARNING - Navigation attempt 1 failed, waiting 3s...
