2025-12-26 05:23:02,133 - ProfileScraper - INFO - ======================================================================
2025-12-26 05:23:02,134 - ProfileScraper - INFO - TIKTOK PROFILE & VIDEO SCRAPER
2025-12-26 05:23:02,134 - ProfileScraper - INFO - Lookback: 365 days
2025-12-26 05:23:02,134 - ProfileScraper - INFO - Max videos per profile: 1000
2025-12-26 05:23:02,134 - ProfileScraper - INFO - Include profile data: True
2025-12-26 05:23:02,134 - ProfileScraper - INFO - Total profiles: 2
2025-12-26 05:23:02,134 - ProfileScraper - INFO - Headless mode: False
2025-12-26 05:23:02,134 - ProfileScraper - INFO - ======================================================================
2025-12-26 05:23:02,135 - TTCS.ObjTracker - INFO - Connected to SQLite database: progress_tracking/profiles_20251226_progress.db
2025-12-26 05:23:02,135 - TTCS.ObjTracker - INFO - Database tables created successfully
2025-12-26 05:23:02,135 - TTCS.ObjTracker - INFO - Database indexes created successfully
2025-12-26 05:23:02,135 - ProfileTracker - INFO - Added 2 profiles to tracker
2025-12-26 05:23:02,136 - TikTok.ProfileScraper - INFO - ✓ Loaded fingerprint from browser_fingerprint.json
2025-12-26 05:23:02,136 - TikTok.ProfileScraper - INFO -   Device: Win32
2025-12-26 05:23:02,136 - TikTok.ProfileScraper - INFO -   GPU: ANGLE (AMD, AMD Radeon(TM) Graphics (0x00001681) Direct3D11 ...
2025-12-26 05:23:02,136 - TikTok.ProfileScraper - INFO - Proxy: http://14.224.198.119:44182
2025-12-26 05:23:02,136 - TikTok.ProfileScraper - INFO - ======================================================================
2025-12-26 05:23:02,136 - TikTok.ProfileScraper - INFO - STARTING PRODUCTION-READY STEALTH BROWSER
2025-12-26 05:23:02,136 - TikTok.ProfileScraper - INFO - ======================================================================
2025-12-26 05:23:02,136 - TikTok.ProfileScraper - INFO - Mode: VISIBLE
2025-12-26 05:23:02,136 - TikTok.ProfileScraper - INFO - Platform: linux
2025-12-26 05:23:02,136 - TikTok.ProfileScraper - INFO - Display: :1
2025-12-26 05:23:02,478 - TikTok.ProfileScraper - INFO - Found Chrome: /usr/bin/google-chrome-stable
2025-12-26 05:23:02,479 - TikTok.ProfileScraper - INFO - ✓ Using stable Chrome: /usr/bin/google-chrome-stable
2025-12-26 05:23:02,479 - TikTok.ProfileScraper - INFO - Proxy: http://14.224.198.119:44182
2025-12-26 05:23:02,801 - TikTok.ProfileScraper - INFO - ✓ CDP session established
2025-12-26 05:23:02,805 - TikTok.ProfileScraper - INFO - Navigating to TikTok...
2025-12-26 05:23:08,576 - TikTok.ProfileScraper - INFO - ✓ Browser ready!
2025-12-26 05:23:08,576 - TikTok.ProfileScraper - INFO - ======================================================================
2025-12-26 05:23:08,576 - ProfileScraper - INFO - 
[1/2] Processing: phuongmychiofficial
2025-12-26 05:23:08,576 - TikTok.ProfileScraper - INFO - ======================================================================
2025-12-26 05:23:08,576 - TikTok.ProfileScraper - INFO - Starting scrape for @phuongmychiofficial
2025-12-26 05:23:08,576 - TikTok.ProfileScraper - INFO - Max videos: 1000, Lookback: 365 days
2025-12-26 05:23:08,576 - TikTok.ProfileScraper - INFO - ======================================================================
2025-12-26 05:23:09,449 - TikTok.ProfileScraper - DEBUG - Intercepted API: https://www.tiktok.com/api/post/item_list/?WebIdLastTime=1766726584&aid=1988&app_language=en&app_nam
2025-12-26 05:23:09,933 - TikTok.ProfileScraper - DEBUG - Intercepted API: https://www.tiktok.com/api/post/item_list/?WebIdLastTime=1766726584&aid=1988&app_language=en&app_nam
2025-12-26 05:23:11,258 - TikTok.ProfileScraper - DEBUG - Error detecting captcha: Page.query_selector: Execution context was destroyed, most likely because of a navigation
2025-12-26 05:23:11,259 - TikTok.ProfileScraper - INFO - Extracting profile data for @phuongmychiofficial...
2025-12-26 05:23:11,296 - TikTok.ProfileScraper - ERROR - Error extracting profile data: 'str' object has no attribute 'get'
2025-12-26 05:23:11,297 - TikTok.ProfileScraper - DEBUG - Traceback (most recent call last):
  File "/root/TikTok-Content-Scraper/TT_Content_Scraper/src/scraper_functions/playwright_scraper.py", line 690, in get_profile_data
    default_scope = data.get('__DEFAULT_SCOPE__', {})
                    ^^^^^^^^
AttributeError: 'str' object has no attribute 'get'

2025-12-26 05:23:11,297 - TikTok.ProfileScraper - INFO - Navigating to @phuongmychiofficial...
2025-12-26 05:23:12,426 - TikTok.ProfileScraper - DEBUG - Intercepted API: https://www.tiktok.com/api/post/item_list/?WebIdLastTime=1766726584&aid=1988&app_language=en&app_nam
2025-12-26 05:23:12,798 - TikTok.ProfileScraper - DEBUG - Intercepted API: https://www.tiktok.com/api/post/item_list/?WebIdLastTime=1766726584&aid=1988&app_language=en&app_nam
2025-12-26 05:23:15,053 - TikTok.ProfileScraper - DEBUG - Error detecting captcha: Page.query_selector: Execution context was destroyed, most likely because of a navigation
2025-12-26 05:23:25,059 - TikTok.ProfileScraper - WARNING - Video grid not found, continuing anyway...
2025-12-26 05:23:25,070 - TikTok.ProfileScraper - DEBUG - Error extracting videos from page data: 'str' object has no attribute 'get'
2025-12-26 05:23:25,070 - TikTok.ProfileScraper - INFO - Extracted 0 videos from page data
2025-12-26 05:23:30,094 - TikTok.ProfileScraper - INFO - No new videos in date range after 5 scrolls, stopping
2025-12-26 05:23:30,094 - TikTok.ProfileScraper - INFO - Total videos fetched: 0 (within 365 days)
2025-12-26 05:23:30,094 - TikTok.ProfileScraper - WARNING - No videos fetched
2025-12-26 05:23:30,095 - TikTok.ProfileScraper - INFO - ======================================================================
2025-12-26 05:23:30,095 - TikTok.ProfileScraper - INFO - SCRAPE COMPLETE
2025-12-26 05:23:30,095 - TikTok.ProfileScraper - INFO - ======================================================================
2025-12-26 05:23:30,095 - TikTok.ProfileScraper - INFO - Summary saved to data/profiles/run_20251226_052302/phuongmychiofficial/summary_20251226_052330.json
2025-12-26 05:23:30,095 - TikTok.ProfileScraper - INFO - ======================================================================
2025-12-26 05:23:30,095 - ProfileScraper - INFO -   ✓ Success: 0 videos scraped
2025-12-26 05:23:30,100 - ProfileTracker - DEBUG - Marked account phuongmychiofficial as completed
2025-12-26 05:23:30,100 - ProfileScraper - INFO - 
[2/2] Processing: ising52hz
2025-12-26 05:23:32,101 - TikTok.ProfileScraper - INFO - ======================================================================
2025-12-26 05:23:32,101 - TikTok.ProfileScraper - INFO - Starting scrape for @ising52hz
2025-12-26 05:23:32,101 - TikTok.ProfileScraper - INFO - Max videos: 1000, Lookback: 365 days
2025-12-26 05:23:32,101 - TikTok.ProfileScraper - INFO - ======================================================================
2025-12-26 05:23:33,337 - TikTok.ProfileScraper - DEBUG - Intercepted API: https://www.tiktok.com/api/post/item_list/?WebIdLastTime=1766726584&aid=1988&app_language=en&app_nam
2025-12-26 05:23:34,712 - TikTok.ProfileScraper - DEBUG - Intercepted API: https://www.tiktok.com/api/post/item_list/?WebIdLastTime=1766726584&aid=1988&app_language=en&app_nam
2025-12-26 05:23:34,879 - TikTok.ProfileScraper - WARNING - Captcha keyword detected: captcha
2025-12-26 05:23:34,880 - TikTok.ProfileScraper - WARNING - Captcha detected: tiktok_custom
2025-12-26 05:23:34,880 - TikTok.ProfileScraper - INFO - ======================================================================
2025-12-26 05:23:34,880 - TikTok.ProfileScraper - INFO - ⚠️  CAPTCHA DETECTED - MANUAL SOLVING REQUIRED
2025-12-26 05:23:34,880 - TikTok.ProfileScraper - INFO - ======================================================================
2025-12-26 05:23:34,880 - TikTok.ProfileScraper - INFO - Please solve the captcha in the browser window
2025-12-26 05:23:34,880 - TikTok.ProfileScraper - INFO - Waiting for up to 120 seconds...
2025-12-26 05:23:34,880 - TikTok.ProfileScraper - INFO - ======================================================================
2025-12-26 05:23:36,017 - TikTok.ProfileScraper - WARNING - Captcha keyword detected: captcha
2025-12-26 05:23:37,073 - TikTok.ProfileScraper - WARNING - Captcha keyword detected: captcha
2025-12-26 05:23:38,119 - TikTok.ProfileScraper - WARNING - Captcha keyword detected: captcha
2025-12-26 05:23:39,166 - TikTok.ProfileScraper - WARNING - Captcha keyword detected: captcha
2025-12-26 05:23:40,528 - TikTok.ProfileScraper - WARNING - Captcha keyword detected: captcha
2025-12-26 05:23:41,608 - TikTok.ProfileScraper - WARNING - Captcha keyword detected: captcha
2025-12-26 05:23:42,673 - TikTok.ProfileScraper - WARNING - Captcha keyword detected: captcha
2025-12-26 05:23:43,727 - TikTok.ProfileScraper - WARNING - Captcha keyword detected: captcha
2025-12-26 05:23:44,774 - TikTok.ProfileScraper - WARNING - Captcha keyword detected: captcha
2025-12-26 05:23:45,821 - TikTok.ProfileScraper - WARNING - Captcha keyword detected: captcha
2025-12-26 05:23:46,893 - TikTok.ProfileScraper - WARNING - Captcha keyword detected: captcha
2025-12-26 05:23:47,942 - TikTok.ProfileScraper - WARNING - Captcha keyword detected: captcha
2025-12-26 05:23:48,990 - TikTok.ProfileScraper - WARNING - Captcha keyword detected: captcha
2025-12-26 05:23:50,037 - TikTok.ProfileScraper - WARNING - Captcha keyword detected: captcha
2025-12-26 05:23:51,088 - TikTok.ProfileScraper - WARNING - Captcha keyword detected: captcha
2025-12-26 05:23:51,088 - TikTok.ProfileScraper - INFO - Still waiting... (15s elapsed)
