2025-12-24 05:03:38,414 - ProfileTimeSeries - INFO - ======================================================================
2025-12-24 05:03:38,414 - ProfileTimeSeries - INFO - TIKTOK PROFILE TIME SERIES SCRAPING
2025-12-24 05:03:38,414 - ProfileTimeSeries - INFO - Period: daily
2025-12-24 05:03:38,414 - ProfileTimeSeries - INFO - Lookback: 365 days
2025-12-24 05:03:38,414 - ProfileTimeSeries - INFO - Max videos per profile: 1000
2025-12-24 05:03:38,414 - ProfileTimeSeries - INFO - Total profiles: 2
2025-12-24 05:03:38,414 - ProfileTimeSeries - INFO - Headless mode: False
2025-12-24 05:03:38,414 - ProfileTimeSeries - INFO - ======================================================================
2025-12-24 05:03:38,415 - TTCS.ObjTracker - INFO - Connected to SQLite database: progress_tracking/timeseries_daily_20251224_progress.db
2025-12-24 05:03:38,415 - TTCS.ObjTracker - INFO - Database tables created successfully
2025-12-24 05:03:38,415 - TTCS.ObjTracker - INFO - Database indexes created successfully
2025-12-24 05:03:38,416 - ProfileTracker - INFO - Added 2 profiles to tracker
2025-12-24 05:03:38,416 - ProfileTimeSeries - INFO - Resume mode: 8 already completed, 12 pending
2025-12-24 05:03:38,416 - TikTok.ProfileScraper - INFO - Proxy credentials found: HcgsFh:***
2025-12-24 05:03:38,416 - TikTok.ProfileScraper - INFO - Proxy server: http://14.224.198.119:44182
2025-12-24 05:03:38,416 - TikTok.ProfileScraper - INFO - Starting Playwright browser...
2025-12-24 05:03:38,416 - TikTok.ProfileScraper - INFO - Browser mode: NON-HEADLESS (visible)
2025-12-24 05:03:38,416 - TikTok.ProfileScraper - INFO - Platform: linux
2025-12-24 05:03:38,416 - TikTok.ProfileScraper - INFO - X Display: :1
2025-12-24 05:03:38,722 - TikTok.ProfileScraper - INFO - Using proxy: http://14.224.198.119:44182
2025-12-24 05:03:38,949 - TikTok.ProfileScraper - INFO - Proxy credentials added
2025-12-24 05:03:39,072 - TikTok.ProfileScraper - INFO - Navigating to TikTok...
2025-12-24 05:03:47,507 - TikTok.ProfileScraper - INFO - Browser ready!
2025-12-24 05:03:47,507 - ProfileTimeSeries - INFO - 
[1/12] Processing: haidang_doo
2025-12-24 05:03:47,507 - TikTok.ProfileScraper - INFO - Starting time series scrape for @haidang_doo
2025-12-24 05:03:47,507 - TikTok.ProfileScraper - INFO - Period: daily, Lookback: 365 days
2025-12-24 05:03:47,507 - TikTok.ProfileScraper - INFO - Date range: 2024-12-24 to 2025-12-24
2025-12-24 05:03:47,507 - TikTok.ProfileScraper - INFO - Navigating to @haidang_doo...
2025-12-24 05:03:48,970 - TikTok.ProfileScraper - DEBUG - Intercepted API response: https://www.tiktok.com/api/post/item_list/?WebIdLastTime=1766552622&aid=1988&app_language=en&app_nam
2025-12-24 05:03:49,575 - TikTok.ProfileScraper - DEBUG - Intercepted API response: https://www.tiktok.com/api/post/item_list/?WebIdLastTime=1766552622&aid=1988&app_language=en&app_nam
2025-12-24 05:04:00,393 - TikTok.ProfileScraper - WARNING - Video grid not found, continuing anyway...
2025-12-24 05:04:00,397 - TikTok.ProfileScraper - DEBUG - Error extracting videos from page data: 'str' object has no attribute 'get'
2025-12-24 05:04:00,398 - TikTok.ProfileScraper - DEBUG - Traceback (most recent call last):
  File "/root/TikTok-Content-Scraper/TT_Content_Scraper/src/scraper_functions/playwright_scraper.py", line 656, in _extract_videos_from_page_data
    default_scope = data.get('__DEFAULT_SCOPE__', {})
                    ^^^^^^^^
AttributeError: 'str' object has no attribute 'get'

2025-12-24 05:04:00,398 - TikTok.ProfileScraper - INFO - Extracted 0 videos from page data
2025-12-24 05:04:05,423 - TikTok.ProfileScraper - INFO - No new videos in date range after 5 scrolls, stopping
2025-12-24 05:04:05,423 - TikTok.ProfileScraper - INFO - Total skipped (too old): 0 videos
2025-12-24 05:04:05,424 - TikTok.ProfileScraper - INFO - Total videos fetched: 0 (within 365 days)
2025-12-24 05:04:05,424 - TikTok.ProfileScraper - ERROR - No videos fetched
2025-12-24 05:04:05,424 - ProfileTimeSeries - WARNING -   Failed: No videos found
2025-12-24 05:04:05,424 - ProfileTracker - WARNING - Marked account haidang_doo as error: No videos found
2025-12-24 05:04:05,424 - ProfileTimeSeries - INFO - 
[2/12] Processing: bac_hello2
2025-12-24 05:04:07,425 - TikTok.ProfileScraper - INFO - Starting time series scrape for @bac_hello2
2025-12-24 05:04:07,425 - TikTok.ProfileScraper - INFO - Period: daily, Lookback: 365 days
2025-12-24 05:04:07,425 - TikTok.ProfileScraper - INFO - Date range: 2024-12-24 to 2025-12-24
2025-12-24 05:04:07,425 - TikTok.ProfileScraper - INFO - Navigating to @bac_hello2...
