2025-12-29 23:54:13,777 - ProfileScraper - INFO - ======================================================================
2025-12-29 23:54:13,777 - ProfileScraper - INFO - TIKTOK PROFILE & VIDEO SCRAPER
2025-12-29 23:54:13,777 - ProfileScraper - INFO - Lookback: 365 days
2025-12-29 23:54:13,777 - ProfileScraper - INFO - Max videos per profile: 1000
2025-12-29 23:54:13,777 - ProfileScraper - INFO - Include profile data: True
2025-12-29 23:54:13,777 - ProfileScraper - INFO - Total profiles: 22
2025-12-29 23:54:13,777 - ProfileScraper - INFO - Headless mode: False
2025-12-29 23:54:13,777 - ProfileScraper - INFO - ======================================================================
2025-12-29 23:54:13,784 - TTCS.ObjTracker - INFO - Connected to SQLite database: progress_tracking/profiles_20251229_progress.db
2025-12-29 23:54:13,786 - TTCS.ObjTracker - INFO - Database tables created successfully
2025-12-29 23:54:13,787 - TTCS.ObjTracker - INFO - Database indexes created successfully
2025-12-29 23:54:13,788 - ProfileTracker - INFO - Added 22 profiles to tracker
2025-12-29 23:54:13,789 - ProfileScraper - INFO - Resume mode: 0 already completed, 22 pending
2025-12-29 23:54:13,790 - TikTok.ProfileScraper - INFO - ✓ Loaded fingerprint from browser_fingerprint.json
2025-12-29 23:54:13,790 - TikTok.ProfileScraper - INFO -   Device: Win32
2025-12-29 23:54:13,790 - TikTok.ProfileScraper - INFO -   GPU: ANGLE (AMD, AMD Radeon(TM) Graphics (0x00001681) Direct3D11 ...
2025-12-29 23:54:13,790 - TikTok.ProfileScraper - INFO - Proxy: http://14.224.198.119:44182
2025-12-29 23:54:13,790 - TikTok.ProfileScraper - INFO - ======================================================================
2025-12-29 23:54:13,790 - TikTok.ProfileScraper - INFO - STARTING PRODUCTION-READY STEALTH BROWSER (BRAVE)
2025-12-29 23:54:13,790 - TikTok.ProfileScraper - INFO - ======================================================================
2025-12-29 23:54:14,215 - TikTok.ProfileScraper - INFO - Found Brave: /usr/bin/brave-browser
2025-12-29 23:54:14,216 - TikTok.ProfileScraper - INFO - ✓ Using Brave: /usr/bin/brave-browser
2025-12-29 23:54:14,216 - TikTok.ProfileScraper - INFO - Proxy: http://14.224.198.119:44182
2025-12-29 23:54:14,579 - TikTok.ProfileScraper - WARNING - tiktok_cookies.json not found. You will be logged out.
2025-12-29 23:54:14,958 - TikTok.ProfileScraper - INFO - Console logging started: logs/console/console_20251229_235414.log
2025-12-29 23:54:14,986 - TikTok.ProfileScraper - INFO - ✓ CDP session established
2025-12-29 23:54:14,997 - TikTok.ProfileScraper - INFO - Navigating to TikTok...
2025-12-29 23:54:18,256 - TikTok.ProfileScraper - DEBUG - [Browser ERROR] prefetch image SyntaxError: Failed to execute 'json' on 'Response': Unexpected end of JSON input
    at https://sf16-website-login.neutral.ttwstatic.com/obj/tiktok_web_login_static/tiktok/webapp/main/react-v18/webapp-desktop/explore-prefetch.d0b410d5.js:2:42445
    at Object.next (https://sf16-website-login.neutral.ttwstatic.com/obj/tiktok_web_login_static/tiktok/webapp/main/react-v18/webapp-desktop/explore-prefetch.d0b410d5.js:2:19594)
    at e (https://sf16-website-login.neutral.ttwstatic.com/obj/tiktok_web_login_static/tiktok/webapp/main/react-v18/webapp-desktop/explore-prefetch.d0b410d5.js:2:16717)
    at s (https://sf16-website-login.neutral.ttwstatic.com/obj/tiktok_web_login_static/tiktok/webapp/main/react-v18/webapp-desktop/explore-prefetch.d0b410d5.js:2:16914)
    at https://sf16-website-login.neutral.ttwstatic.com/obj/tiktok_web_login_static/tiktok/webapp/main/react-v18/webapp-desktop/explore-prefetch.d0b410d5.js:2:16973
    at new Promise (<anonymous>)
    at https://sf16-website-login.neutral.ttwstatic.com/obj/tiktok_web_login_static/tiktok/webapp/main/react-v18/webapp-desktop/explore-prefetch.d0b410d5.js:2:16855
    at ep (https://sf16-website-login.neutral.ttwstatic.com/obj/tiktok_web_login_static/tiktok/webapp/main/react-v18/webapp-desktop/explore-prefetch.d0b410d5.js:2:42778)
    at https://sf16-website-login.neutral.ttwstatic.com/obj/tiktok_web_login_static/tiktok/webapp/main/react-v18/webapp-desktop/explore-prefetch.d0b410d5.js:2:45226
2025-12-29 23:54:18,460 - TikTok.ProfileScraper - DEBUG - [Browser WARNING] Reflect is already polyfilled.
2025-12-29 23:54:18,576 - TikTok.ProfileScraper - DEBUG - [Browser WARNING] AppContext will be overwritten
2025-12-29 23:54:18,576 - TikTok.ProfileScraper - DEBUG - [Browser WARNING] AppContext will be overwritten
2025-12-29 23:54:18,577 - TikTok.ProfileScraper - DEBUG - [Browser WARNING] AppContext will be overwritten
2025-12-29 23:54:18,577 - TikTok.ProfileScraper - DEBUG - [Browser WARNING] AppContext will be overwritten
2025-12-29 23:54:18,584 - TikTok.ProfileScraper - DEBUG - [Browser WARNING] AppContext will be overwritten
2025-12-29 23:54:18,585 - TikTok.ProfileScraper - DEBUG - [Browser WARNING] AppContext will be overwritten
2025-12-29 23:54:18,585 - TikTok.ProfileScraper - DEBUG - [Browser WARNING] AppContext will be overwritten
2025-12-29 23:54:18,586 - TikTok.ProfileScraper - DEBUG - [Browser WARNING] AppContext will be overwritten
2025-12-29 23:54:18,664 - TikTok.ProfileScraper - DEBUG - [Browser WARNING] AppContext will be overwritten
2025-12-29 23:54:18,669 - TikTok.ProfileScraper - DEBUG - [Browser WARNING] AppContext will be overwritten
2025-12-29 23:54:18,669 - TikTok.ProfileScraper - DEBUG - [Browser WARNING] loadable: `loadableReady()` requires state, please use `getScriptTags` or `getScriptElements` server-side
2025-12-29 23:54:18,718 - TikTok.ProfileScraper - DEBUG - [Browser WARNING] [GroupMarkerNotSet(crbug.com/242999)!:A02025002C0D0000]Automatic fallback to software WebGL has been deprecated. Please use the --enable-unsafe-swiftshader (about:flags#enable-unsafe-swiftshader) flag to opt in to lower security guarantees for trusted content.
2025-12-29 23:54:18,865 - TikTok.ProfileScraper - DEBUG - [Browser ERROR] Error: Unable to determine theme from timezone. Falling back to local time-based method. Error: Timezone "Asia/Saigon" not found
    at w (https://sf16-website-login.neutral.ttwstatic.com/obj/tiktok_web_login_static/tiktok/webapp/main/react-v18/webapp-desktop/static/js/64709.b132f7f3.js:2:102006)
    at I (https://sf16-website-login.neutral.ttwstatic.com/obj/tiktok_web_login_static/tiktok/webapp/main/react-v18/webapp-desktop/static/js/webapp-desktop.b0db16dd.js:1:155831)
    at https://sf16-website-login.neutral.ttwstatic.com/obj/tiktok_web_login_static/tiktok/webapp/main/react-v18/webapp-desktop/static/js/webapp-desktop.b0db16dd.js:1:157092
    at lI (https://sf16-website-login.neutral.ttwstatic.com/obj/tiktok_web_login_static/tiktok/webapp/main/react-v18/webapp-desktop/static/js/npm-react.c57fe319.js:2:165676)
    at iU (https://sf16-website-login.neutral.ttwstatic.com/obj/tiktok_web_login_static/tiktok/webapp/main/react-v18/webapp-desktop/static/js/npm-react.c57fe319.js:2:194669)
    at iT (https://sf16-website-login.neutral.ttwstatic.com/obj/tiktok_web_login_static/tiktok/webapp/main/react-v18/webapp-desktop/static/js/npm-react.c57fe319.js:2:177525)
    at r6 (https://sf16-website-login.neutral.ttwstatic.com/obj/tiktok_web_login_static/tiktok/webapp/main/react-v18/webapp-desktop/static/js/npm-react.c57fe319.js:2:126479)
    at https://sf16-website-login.neutral.ttwstatic.com/obj/tiktok_web_login_static/tiktok/webapp/main/react-v18/webapp-desktop/static/js/npm-react.c57fe319.js:2:193115
    at i$ (https://sf16-website-login.neutral.ttwstatic.com/obj/tiktok_web_login_static/tiktok/webapp/main/react-v18/webapp-desktop/static/js/npm-react.c57fe319.js:2:193121)
    at iE (https://sf16-website-login.neutral.ttwstatic.com/obj/tiktok_web_login_static/tiktok/webapp/main/react-v18/webapp-desktop/static/js/npm-react.c57fe319.js:2:176528)
2025-12-29 23:54:19,062 - TikTok.ProfileScraper - DEBUG - [Browser ERROR] Error: Unable to determine theme from timezone. Falling back to local time-based method. Error: Timezone "Asia/Saigon" not found
    at w (https://sf16-website-login.neutral.ttwstatic.com/obj/tiktok_web_login_static/tiktok/webapp/main/react-v18/webapp-desktop/static/js/64709.b132f7f3.js:2:102006)
    at I (https://sf16-website-login.neutral.ttwstatic.com/obj/tiktok_web_login_static/tiktok/webapp/main/react-v18/webapp-desktop/static/js/webapp-desktop.b0db16dd.js:1:155831)
    at https://sf16-website-login.neutral.ttwstatic.com/obj/tiktok_web_login_static/tiktok/webapp/main/react-v18/webapp-desktop/static/js/webapp-desktop.b0db16dd.js:1:157092
    at lI (https://sf16-website-login.neutral.ttwstatic.com/obj/tiktok_web_login_static/tiktok/webapp/main/react-v18/webapp-desktop/static/js/npm-react.c57fe319.js:2:165676)
    at iU (https://sf16-website-login.neutral.ttwstatic.com/obj/tiktok_web_login_static/tiktok/webapp/main/react-v18/webapp-desktop/static/js/npm-react.c57fe319.js:2:194669)
    at iT (https://sf16-website-login.neutral.ttwstatic.com/obj/tiktok_web_login_static/tiktok/webapp/main/react-v18/webapp-desktop/static/js/npm-react.c57fe319.js:2:177525)
    at r6 (https://sf16-website-login.neutral.ttwstatic.com/obj/tiktok_web_login_static/tiktok/webapp/main/react-v18/webapp-desktop/static/js/npm-react.c57fe319.js:2:126479)
    at https://sf16-website-login.neutral.ttwstatic.com/obj/tiktok_web_login_static/tiktok/webapp/main/react-v18/webapp-desktop/static/js/npm-react.c57fe319.js:2:193115
    at i$ (https://sf16-website-login.neutral.ttwstatic.com/obj/tiktok_web_login_static/tiktok/webapp/main/react-v18/webapp-desktop/static/js/npm-react.c57fe319.js:2:193121)
    at iE (https://sf16-website-login.neutral.ttwstatic.com/obj/tiktok_web_login_static/tiktok/webapp/main/react-v18/webapp-desktop/static/js/npm-react.c57fe319.js:2:176528)
2025-12-29 23:54:19,105 - TikTok.ProfileScraper - DEBUG - [Browser ERROR] Access to XMLHttpRequest at 'https://libraweb-sg.tiktok.com/service/2/abtest_config/' from origin 'https://www.tiktok.com' has been blocked by CORS policy: Request header field upgrade-insecure-requests is not allowed by Access-Control-Allow-Headers in preflight response.
2025-12-29 23:54:19,120 - TikTok.ProfileScraper - DEBUG - [Browser ERROR] Failed to load resource: net::ERR_FAILED
2025-12-29 23:54:19,527 - TikTok.ProfileScraper - DEBUG - [Browser ERROR] Access to XMLHttpRequest at 'https://mon.tiktokv.com/monitor_web/settings/browser-settings?bid=tiktok_webapp&store=1' from origin 'https://www.tiktok.com' has been blocked by CORS policy: Request header field upgrade-insecure-requests is not allowed by Access-Control-Allow-Headers in preflight response.
2025-12-29 23:54:19,535 - TikTok.ProfileScraper - DEBUG - [Browser ERROR] Failed to load resource: net::ERR_FAILED
2025-12-29 23:54:19,756 - TikTok.ProfileScraper - DEBUG - [Browser ERROR] Access to XMLHttpRequest at 'https://mon.tiktokv.com/monitor_web/settings/browser-settings?bid=webmssdk&store=1' from origin 'https://www.tiktok.com' has been blocked by CORS policy: Request header field upgrade-insecure-requests is not allowed by Access-Control-Allow-Headers in preflight response.
2025-12-29 23:54:19,765 - TikTok.ProfileScraper - DEBUG - [Browser ERROR] Failed to load resource: net::ERR_FAILED
2025-12-29 23:54:20,220 - TikTok.ProfileScraper - DEBUG - [Browser ERROR] Access to XMLHttpRequest at 'https://vcs-sg.tiktokv.com/vc/setting?aid=1988' from origin 'https://www.tiktok.com' has been blocked by CORS policy: Request header field upgrade-insecure-requests is not allowed by Access-Control-Allow-Headers in preflight response.
2025-12-29 23:54:20,225 - TikTok.ProfileScraper - DEBUG - [Browser ERROR] Failed to load resource: net::ERR_FAILED
2025-12-29 23:54:20,318 - TikTok.ProfileScraper - DEBUG - [Browser ERROR] Access to XMLHttpRequest at 'https://vcs-sg.tiktokv.com/vc/setting?aid=1988' from origin 'https://www.tiktok.com' has been blocked by CORS policy: Request header field upgrade-insecure-requests is not allowed by Access-Control-Allow-Headers in preflight response.
2025-12-29 23:54:20,325 - TikTok.ProfileScraper - DEBUG - [Browser ERROR] Failed to load resource: net::ERR_FAILED
2025-12-29 23:54:20,646 - TikTok.ProfileScraper - DEBUG - [Browser ERROR] Access to XMLHttpRequest at 'https://mssdk-sg.tiktok.com/web/resource?eq=55bS-fJBd3EI6R/K/E8kC39RC6yLic4oLRoS-dgt8NhJUCWYBVB04XWhQ1WHP4RshzUqf8Sm3Urr9f==' from origin 'https://www.tiktok.com' has been blocked by CORS policy: Request header field upgrade-insecure-requests is not allowed by Access-Control-Allow-Headers in preflight response.
2025-12-29 23:54:20,649 - TikTok.ProfileScraper - DEBUG - [Browser ERROR] Failed to load resource: net::ERR_FAILED
2025-12-29 23:54:21,492 - TikTok.ProfileScraper - DEBUG - [Browser WARNING] [GroupMarkerNotSet(crbug.com/242999)!:A02025002C0D0000]Automatic fallback to software WebGL has been deprecated. Please use the --enable-unsafe-swiftshader (about:flags#enable-unsafe-swiftshader) flag to opt in to lower security guarantees for trusted content.
2025-12-29 23:54:21,492 - TikTok.ProfileScraper - DEBUG - [Browser ERROR] Access to XMLHttpRequest at 'https://mon.tiktokv.com/monitor_web/settings/browser-settings?bid=pns_communication_service&store=1' from origin 'https://www.tiktok.com' has been blocked by CORS policy: Request header field upgrade-insecure-requests is not allowed by Access-Control-Allow-Headers in preflight response.
2025-12-29 23:54:21,495 - TikTok.ProfileScraper - DEBUG - [Browser ERROR] Failed to load resource: net::ERR_FAILED
2025-12-29 23:54:21,521 - TikTok.ProfileScraper - DEBUG - [Browser WARNING] [GroupMarkerNotSet(crbug.com/242999)!:A05025002C0D0000]Automatic fallback to software WebGL has been deprecated. Please use the --enable-unsafe-swiftshader (about:flags#enable-unsafe-swiftshader) flag to opt in to lower security guarantees for trusted content.
2025-12-29 23:54:21,556 - TikTok.ProfileScraper - INFO - ✓ Browser ready!
2025-12-29 23:54:21,556 - TikTok.ProfileScraper - INFO - ======================================================================
2025-12-29 23:54:21,556 - ProfileScraper - INFO - 
[1/22] Processing: phuongmychiofficial
2025-12-29 23:54:21,556 - ProfileScraper - ERROR -   Error: 'PlaywrightTimeSeriesScraper' object has no attribute 'scrape_user_profile'
2025-12-29 23:54:21,561 - ProfileScraper - DEBUG - Traceback (most recent call last):
  File "/home/thinh0704hcm/TikTok-Content-Scraper/run_crawler.py", line 382, in scrape_profiles
    summary = await scraper.scrape_user_profile(
                    ^^^^^^^^^^^^^^^^^^^^^^^^^^^
AttributeError: 'PlaywrightTimeSeriesScraper' object has no attribute 'scrape_user_profile'

2025-12-29 23:54:21,562 - ProfileTracker - WARNING - Marked account phuongmychiofficial as error: 'PlaywrightTimeSeriesScraper' object has no attribute 'scrape_user_profile'
2025-12-29 23:54:21,562 - ProfileScraper - INFO - 
[2/22] Processing: ising52hz
2025-12-29 23:54:21,722 - TikTok.ProfileScraper - DEBUG - [Browser ERROR] Access to XMLHttpRequest at 'https://starling-sg.tiktokv.com/check_and_get_text/51a6793082fe11ea9d096543164dfa7f/normal/BDTuringEn?lang=en,en' from origin 'https://www.tiktok.com' has been blocked by CORS policy: Response to preflight request doesn't pass access control check: No 'Access-Control-Allow-Origin' header is present on the requested resource.
2025-12-29 23:54:21,733 - TikTok.ProfileScraper - DEBUG - [Browser ERROR] Failed to load resource: net::ERR_FAILED
2025-12-29 23:54:22,078 - TikTok.ProfileScraper - DEBUG - [Browser ERROR] Access to XMLHttpRequest at 'https://mon.tiktokv.com/monitor_browser/collect/batch/' from origin 'https://www.tiktok.com' has been blocked by CORS policy: Request header field upgrade-insecure-requests is not allowed by Access-Control-Allow-Headers in preflight response.
2025-12-29 23:54:22,079 - TikTok.ProfileScraper - DEBUG - [Browser ERROR] Failed to load resource: net::ERR_FAILED
2025-12-29 23:54:22,188 - TikTok.ProfileScraper - DEBUG - [Browser ERROR] Access to XMLHttpRequest at 'https://mssdk-sg.tiktok.com/web/report?msToken=&X-Bogus=DFSzsIVOQDVSAVlZCm296v-21Y95&X-Gnarly=MxCWQ-9tVGjZ-L64n72vRlYhumCOzzlF6IbjX3fGaB-Eo7kHORD8iDNJD-8sgPA5RT0MLDvUFrM6wg9ULqjCbln5KK60IrKJG2QJgZEBlHoTCnSbfDe9PA1Cy5Of8o4gzzDwgdYI6X6UgRgZMFr0RIVjH6Qbo8zpyNiLGfPzZ3mdXdLk3jNFZCvVz40-LdYN8NOyVUs-Z-FKJAmXsAcO8M5LKXpVmnCZ7RbkadcT-haXXDCZY52uz6oMlS347TiuIn4mKJDUksd9cxASK9HHSoyUdN0d0othIsjHfVZEyUAqhj8f3lexZIb968cPnfvQcae=' from origin 'https://www.tiktok.com' has been blocked by CORS policy: Request header field upgrade-insecure-requests is not allowed by Access-Control-Allow-Headers in preflight response.
2025-12-29 23:54:22,204 - TikTok.ProfileScraper - DEBUG - [Browser ERROR] Failed to load resource: net::ERR_FAILED
2025-12-29 23:54:22,320 - TikTok.ProfileScraper - DEBUG - [Browser ERROR] Access to XMLHttpRequest at 'https://mon.tiktokv.com/monitor_web/settings/browser-settings?bid=verify_center_va&store=1' from origin 'https://www.tiktok.com' has been blocked by CORS policy: Request header field upgrade-insecure-requests is not allowed by Access-Control-Allow-Headers in preflight response.
2025-12-29 23:54:22,326 - TikTok.ProfileScraper - DEBUG - [Browser ERROR] Failed to load resource: net::ERR_FAILED
2025-12-29 23:54:22,331 - TikTok.ProfileScraper - DEBUG - [Browser ERROR] Access to XMLHttpRequest at 'https://mssdk-sg.tiktok.com/web/common?msToken=&X-Bogus=DFSzsIVOQDVSAVlZCm296v-21Y95&X-Gnarly=MFe8hIebU3YRH3b6nJBidNGnRekXvFECV-Abu2Ma6gG0Kcyopcp51XNsXjJ9wS4JDPtXb7CLHwShnulCAjQVKiFOlSksd-jjRjM31hqJnGNT08Oh9KwZ49jUjYdMaiF7oYMUJ9H0obr9k7CbQ-iLgrbwx9r2UaEaH2vRJmNJovmc6jR7f71dQHpRntHle5uEWyMl0MCtaV47KM3Atq9rqeXM8TNRkDUlRfJg-OvyXLeOzCkiBD1FvdqC/phT5516y8l9mY8xHYs9DwozPyF-eAuR-fO3XiWDC94kvr8jpe7t2/duWpbYpWGvbRwnU0I6hyk=' from origin 'https://www.tiktok.com' has been blocked by CORS policy: Request header field upgrade-insecure-requests is not allowed by Access-Control-Allow-Headers in preflight response.
2025-12-29 23:54:22,333 - TikTok.ProfileScraper - DEBUG - [Browser ERROR] Failed to load resource: net::ERR_FAILED
2025-12-29 23:54:22,467 - TikTok.ProfileScraper - DEBUG - [Browser ERROR] Access to XMLHttpRequest at 'https://verification-sg.tiktok.com/captcha/get?lang=en&app_name=&h5_sdk_version=2.33.11&h5_sdk_use_type=cdn&sdk_version=&iid=0&did=0&device_id=0&ch=web_text&aid=1988&os_type=2&mode=slide&tmp=1767027262135&platform=pc&webdriver=false&fp=verify_mjre1y4s_qSIupSDH_asJ1_4WXU_9j34_B473FQ8saWQx&type=verify&detail=-wxMDEmqNP7UyFday6fj5HbhrZW94Edis6jhH0op6*hfBWtARdxnEazszZiifZam9Bg7yLFIz65WPXEQRf1Ir1i7L3DmWYD20F3qUFh-bYxS**c2JpescfGI5zMhfL8vfzS30RVi036oTDx1oPS*xuE2yY*pKfaLeVPvlxABz9UGlzOUbDBjOz*nZIjxaKq0MiVMlWKDIcCuGdiDpT76MHdB7qofhz7hLNLbqemS8UxbOFR23br5Vliztn4Hnnuhb06eJ*FHZ2a*edLwiL2JwZig-gg9jU4cM5I-it2dPdZuFyXfXIHveAdJRwWPI06rTD-IcG5j0aaEnW8MbDjSU*XeTvhxYTtYvE6D-sql4qPh6RXAZJJQ1Q4uxr65Copp51qkWquZsoOIlK0ous-Sz4ZAWKY-SDeDZ8OU091NpvGclqVljsdDRlRJ2gUDEwwNBs7km8AG7XlM4NPGE1IDPZIlz7QvtTWOubAx25A9SlKX&server_sdk_env=%7B%22idc%22:%22my%22,%22region%22:%22ALISG%22,%22server_type%22:%22business%22%7D&imagex_domain=&subtype=slide&challenge_code=99999&os_name=windows&h5_check_version=3.8.27-alpha.3&region=sg&triggered_region=sg&cookie_enabled=true&screen_width=1536&screen_height=960&browser_language=en-US&browser_platform=Win32&browser_name=Mozilla&browser_version=5.0+(Windows+NT+10.0%3B+Win64%3B+x64)+AppleWebKit%2F537.36+(KHTML,+like+Gecko)+Chrome%2F143.0.0.0+Safari%2F537.36&msToken=&X-Bogus=DFSzsIVOnbzANVlZCm296v-21Y9a&X-Gnarly=MavXE3EHAhv6jqqQYyIKL7917QDM-0B/u42n1-6Q4jX8eeurmfjEJrdlRZwoZQ/lxbRYaMfFP5-4SltH0kWFo-m/h02RiJcCy8k76QABIEs7u71/NeZ8uagj0Y51/WbAtHmI4OKvukiu2PXrmRoQlnkF0cOn0UwDfjafM1DQqk7xDJMMzLzH3Pr4KuJw9ed7ybduuo7IBdCyY8TKpsEZQvQev9UF/LjhaEannEYCLI9Tk5ew12dsoaTICB9mxMJBx5jYIeRHaTIl0zP3wUF69A0qOSJU-fEfsLsRBs2qtg1L420uQ9xtk1jAkuFyW2x8tEZ=' from origin 'https://www.tiktok.com' has been blocked by CORS policy: Request header field upgrade-insecure-requests is not allowed by Access-Control-Allow-Headers in preflight response.
2025-12-29 23:54:22,494 - TikTok.ProfileScraper - DEBUG - [Browser ERROR] Failed to load resource: net::ERR_FAILED
2025-12-29 23:54:22,598 - TikTok.ProfileScraper - DEBUG - [Browser ERROR] Access to XMLHttpRequest at 'https://verification-sg.tiktok.com/captcha/get?lang=en&app_name=&h5_sdk_version=2.33.11&h5_sdk_use_type=cdn&sdk_version=&iid=0&did=0&device_id=0&ch=web_text&aid=1988&os_type=2&mode=slide&tmp=1767027262135&platform=pc&webdriver=false&fp=verify_mjre1y4s_qSIupSDH_asJ1_4WXU_9j34_B473FQ8saWQx&type=verify&detail=-wxMDEmqNP7UyFday6fj5HbhrZW94Edis6jhH0op6*hfBWtARdxnEazszZiifZam9Bg7yLFIz65WPXEQRf1Ir1i7L3DmWYD20F3qUFh-bYxS**c2JpescfGI5zMhfL8vfzS30RVi036oTDx1oPS*xuE2yY*pKfaLeVPvlxABz9UGlzOUbDBjOz*nZIjxaKq0MiVMlWKDIcCuGdiDpT76MHdB7qofhz7hLNLbqemS8UxbOFR23br5Vliztn4Hnnuhb06eJ*FHZ2a*edLwiL2JwZig-gg9jU4cM5I-it2dPdZuFyXfXIHveAdJRwWPI06rTD-IcG5j0aaEnW8MbDjSU*XeTvhxYTtYvE6D-sql4qPh6RXAZJJQ1Q4uxr65Copp51qkWquZsoOIlK0ous-Sz4ZAWKY-SDeDZ8OU091NpvGclqVljsdDRlRJ2gUDEwwNBs7km8AG7XlM4NPGE1IDPZIlz7QvtTWOubAx25A9SlKX&server_sdk_env=%7B%22idc%22:%22my%22,%22region%22:%22ALISG%22,%22server_type%22:%22business%22%7D&imagex_domain=&subtype=slide&challenge_code=99999&os_name=windows&h5_check_version=3.8.27-alpha.3&region=sg&triggered_region=sg&cookie_enabled=true&screen_width=1536&screen_height=960&browser_language=en-US&browser_platform=Win32&browser_name=Mozilla&browser_version=5.0+(Windows+NT+10.0%3B+Win64%3B+x64)+AppleWebKit%2F537.36+(KHTML,+like+Gecko)+Chrome%2F143.0.0.0+Safari%2F537.36&msToken=&X-Bogus=DFSzsIVOnbzANVlZCm296v-21Y9a&X-Gnarly=Mk56c210oaAbsIfM3Es1trJ2qeD-KX-emQPvXXA9snWLt2G2-M5MHI8sG4qTjsVh2xTrXBXS5wLTnk7YIQ/onH/q5sicHDxjuRNoI-cCVT0QO1atea3q/v-CVngCOWRrz/IoIYwTcCinIhRqyqc5zPo2Qdd9o5aQnyz-pjzAV4EsBHLVIGMlaoxMtIaJRe8Yu9mlv9sa7JyrsGwtK31YhpCx6VGvhZWpbjN1LuwBHJwawJH1vsRK-NfRKoH7kJmcJoqbEcRRBAWcoWFW7zkoJ3eGB5eubauatjwyzACvzASWzE6eXNcrTWDWBYfgJDuFzN/=' from origin 'https://www.tiktok.com' has been blocked by CORS policy: Request header field upgrade-insecure-requests is not allowed by Access-Control-Allow-Headers in preflight response.
2025-12-29 23:54:22,613 - TikTok.ProfileScraper - DEBUG - [Browser ERROR] Failed to load resource: net::ERR_FAILED
2025-12-29 23:54:22,759 - TikTok.ProfileScraper - DEBUG - [Browser ERROR] Access to XMLHttpRequest at 'https://mssdk-sg.tiktok.com/web/resource?eq=55bS-fJBd3EI6R/K/E8kC39RC6yLic4oLRoS-dgt8NhJUCWYBVB04XWhQ1WHP4RshzUqf8Sm3Urr9f==' from origin 'https://www.tiktok.com' has been blocked by CORS policy: Request header field upgrade-insecure-requests is not allowed by Access-Control-Allow-Headers in preflight response.
2025-12-29 23:54:22,760 - TikTok.ProfileScraper - DEBUG - [Browser ERROR] Failed to load resource: net::ERR_FAILED
2025-12-29 23:54:23,563 - ProfileScraper - ERROR -   Error: 'PlaywrightTimeSeriesScraper' object has no attribute 'scrape_user_profile'
2025-12-29 23:54:23,566 - ProfileScraper - DEBUG - Traceback (most recent call last):
  File "/home/thinh0704hcm/TikTok-Content-Scraper/run_crawler.py", line 382, in scrape_profiles
    summary = await scraper.scrape_user_profile(
                    ^^^^^^^^^^^^^^^^^^^^^^^^^^^
AttributeError: 'PlaywrightTimeSeriesScraper' object has no attribute 'scrape_user_profile'

2025-12-29 23:54:23,566 - ProfileTracker - WARNING - Marked account ising52hz as error: 'PlaywrightTimeSeriesScraper' object has no attribute 'scrape_user_profile'
2025-12-29 23:54:23,567 - ProfileScraper - INFO - 
[3/22] Processing: hansara.official
2025-12-29 23:54:24,688 - TikTok.ProfileScraper - DEBUG - [Browser ERROR] Access to XMLHttpRequest at 'https://mon.tiktokv.com/monitor_browser/collect/batch/?biz_id=tiktok_webapp' from origin 'https://www.tiktok.com' has been blocked by CORS policy: Request header field upgrade-insecure-requests is not allowed by Access-Control-Allow-Headers in preflight response.
2025-12-29 23:54:24,690 - TikTok.ProfileScraper - DEBUG - [Browser ERROR] Failed to load resource: net::ERR_FAILED
2025-12-29 23:54:24,964 - TikTok.ProfileScraper - DEBUG - [Browser ERROR] Access to fetch at 'https://mon.tiktokv.com/monitor_browser/collect/batch/?bid=tiktok_pns_web_runtime' from origin 'https://www.tiktok.com' has been blocked by CORS policy: Request header field upgrade-insecure-requests is not allowed by Access-Control-Allow-Headers in preflight response.
2025-12-29 23:54:24,965 - TikTok.ProfileScraper - DEBUG - [Browser ERROR] Failed to load resource: net::ERR_FAILED
2025-12-29 23:54:25,570 - ProfileScraper - ERROR -   Error: 'PlaywrightTimeSeriesScraper' object has no attribute 'scrape_user_profile'
2025-12-29 23:54:25,580 - ProfileScraper - DEBUG - Traceback (most recent call last):
  File "/home/thinh0704hcm/TikTok-Content-Scraper/run_crawler.py", line 382, in scrape_profiles
    summary = await scraper.scrape_user_profile(
                    ^^^^^^^^^^^^^^^^^^^^^^^^^^^
AttributeError: 'PlaywrightTimeSeriesScraper' object has no attribute 'scrape_user_profile'

2025-12-29 23:54:25,580 - ProfileTracker - WARNING - Marked account hansara.official as error: 'PlaywrightTimeSeriesScraper' object has no attribute 'scrape_user_profile'
2025-12-29 23:54:25,581 - ProfileScraper - INFO - 
[4/22] Processing: jukysan
2025-12-29 23:54:25,962 - TikTok.ProfileScraper - DEBUG - [Browser ERROR] Access to fetch at 'https://webcast.tiktok.com/webcast/wallet_api_tiktok/recharge/check_external_entry?WebIdLastTime=1767027257&aid=1988&app_language=en&app_name=tiktok_web&browser_language=en-US&browser_name=Mozilla&browser_online=true&browser_platform=Win32&browser_version=5.0%20%28Windows%20NT%2010.0%3B%20Win64%3B%20x64%29%20AppleWebKit%2F537.36%20%28KHTML%2C%20like%20Gecko%29%20Chrome%2F143.0.0.0%20Safari%2F537.36&channel=tiktok_web&cookie_enabled=true&data_collection_enabled=false&device_id=7589324254034871824&device_platform=web_pc&focus_state=true&from_page=&history_len=2&is_experiment_group=false&is_fullscreen=false&is_page_visible=true&odinId=7589324105088140295&os=windows&page_source=0&priority_region=&referer=&region=VN&screen_height=960&screen_width=1536&tz_name=Asia%2FSaigon&user_is_login=false&verifyFp=verify_mjre1y4s_qSIupSDH_asJ1_4WXU_9j34_B473FQ8saWQx&webcast_language=en&msToken=&X-Bogus=DFSzsIVOFKhANVlZCm29Bi-21YxY&X-Gnarly=MKLpdJdr2Gd3LZbgfceFSQRJOjnQQdehHN--1uK8xAXlj7dI-U0x6O6RnGOP/e6zU7Z6GNmXHGvb0l99uqV8YOPmtGsS5HzEEV45uvX3QNVzX9v2JJywO2ZqxKyg3mMCN2IbYFdG4DTi69OwhWPTgTB0hMJ13Q2D/wpk1NeiwnfASga7EDpR4daOTAyXIUIl-Hb2kLoJGaFi0ZRtceNmmftSNBBravX0HBUNfZZiXPouLknRtA3In1ydjKau8HLTDdKag3HgtOGryUP0nVt5XkVSVn6ICr3wIkotT-bgRG6arEzt5-6V6-5S-V4wx3NXWuR=' from origin 'https://www.tiktok.com' has been blocked by CORS policy: Request header field upgrade-insecure-requests is not allowed by Access-Control-Allow-Headers in preflight response.
2025-12-29 23:54:25,965 - TikTok.ProfileScraper - DEBUG - [Browser ERROR] Failed to load resource: net::ERR_FAILED
2025-12-29 23:54:25,966 - TikTok.ProfileScraper - DEBUG - [Browser ERROR] Check show get coins entrance failed TypeError: Cannot read properties of undefined (reading 'data')
2025-12-29 23:54:26,875 - TikTok.ProfileScraper - DEBUG - [Browser ERROR] Access to XMLHttpRequest at 'https://mssdk-sg.tiktok.com/web/resource?eq=55bS-fJBd3EI6R/K/E8kC39RC6yLic4oLRoS-dgt8NhJUCWYBVB04XWhQ1WHP4RshzUqf8Sm3Urr9f==' from origin 'https://www.tiktok.com' has been blocked by CORS policy: Request header field upgrade-insecure-requests is not allowed by Access-Control-Allow-Headers in preflight response.
2025-12-29 23:54:26,876 - TikTok.ProfileScraper - DEBUG - [Browser ERROR] Failed to load resource: net::ERR_FAILED
2025-12-29 23:54:27,036 - TikTok.ProfileScraper - DEBUG - [Browser ERROR] Access to XMLHttpRequest at 'https://mon.tiktokv.com/monitor_web/settings/browser-settings?bid=pns_cookie_banner_slardar&store=1' from origin 'https://www.tiktok.com' has been blocked by CORS policy: Request header field upgrade-insecure-requests is not allowed by Access-Control-Allow-Headers in preflight response.
2025-12-29 23:54:27,038 - TikTok.ProfileScraper - DEBUG - [Browser ERROR] Failed to load resource: net::ERR_FAILED
2025-12-29 23:54:27,286 - TikTok.ProfileScraper - DEBUG - [Browser ERROR] Access to XMLHttpRequest at 'https://mon.tiktokv.com/monitor_web/settings/browser-settings?bid=pns_consent_system&store=1' from origin 'https://www.tiktok.com' has been blocked by CORS policy: Request header field upgrade-insecure-requests is not allowed by Access-Control-Allow-Headers in preflight response.
2025-12-29 23:54:27,291 - TikTok.ProfileScraper - DEBUG - [Browser ERROR] Failed to load resource: net::ERR_FAILED
2025-12-29 23:54:27,583 - ProfileScraper - ERROR -   Error: 'PlaywrightTimeSeriesScraper' object has no attribute 'scrape_user_profile'
2025-12-29 23:54:27,589 - ProfileScraper - DEBUG - Traceback (most recent call last):
  File "/home/thinh0704hcm/TikTok-Content-Scraper/run_crawler.py", line 382, in scrape_profiles
    summary = await scraper.scrape_user_profile(
                    ^^^^^^^^^^^^^^^^^^^^^^^^^^^
AttributeError: 'PlaywrightTimeSeriesScraper' object has no attribute 'scrape_user_profile'

2025-12-29 23:54:27,590 - ProfileTracker - WARNING - Marked account jukysan as error: 'PlaywrightTimeSeriesScraper' object has no attribute 'scrape_user_profile'
2025-12-29 23:54:27,590 - ProfileScraper - INFO - 
[5/22] Processing: ocean.gill
2025-12-29 23:54:28,396 - TikTok.ProfileScraper - DEBUG - [Browser ERROR] Access to XMLHttpRequest at 'https://mon.tiktokv.com/monitor_browser/collect/batch/?biz_id=tiktok_webapp' from origin 'https://www.tiktok.com' has been blocked by CORS policy: Request header field upgrade-insecure-requests is not allowed by Access-Control-Allow-Headers in preflight response.
2025-12-29 23:54:28,397 - TikTok.ProfileScraper - DEBUG - [Browser ERROR] Failed to load resource: net::ERR_FAILED
2025-12-29 23:54:29,594 - ProfileScraper - ERROR -   Error: 'PlaywrightTimeSeriesScraper' object has no attribute 'scrape_user_profile'
2025-12-29 23:54:29,598 - ProfileScraper - DEBUG - Traceback (most recent call last):
  File "/home/thinh0704hcm/TikTok-Content-Scraper/run_crawler.py", line 382, in scrape_profiles
    summary = await scraper.scrape_user_profile(
                    ^^^^^^^^^^^^^^^^^^^^^^^^^^^
AttributeError: 'PlaywrightTimeSeriesScraper' object has no attribute 'scrape_user_profile'

2025-12-29 23:54:29,599 - ProfileTracker - WARNING - Marked account ocean.gill as error: 'PlaywrightTimeSeriesScraper' object has no attribute 'scrape_user_profile'
2025-12-29 23:54:29,599 - ProfileScraper - INFO - 
[6/22] Processing: congb_
2025-12-29 23:54:30,997 - TikTok.ProfileScraper - DEBUG - [Browser ERROR] Access to fetch at 'https://mon.tiktokv.com/monitor_browser/collect/batch/?bid=tiktok_pns_web_runtime' from origin 'https://www.tiktok.com' has been blocked by CORS policy: Request header field upgrade-insecure-requests is not allowed by Access-Control-Allow-Headers in preflight response.
2025-12-29 23:54:30,998 - TikTok.ProfileScraper - DEBUG - [Browser ERROR] Failed to load resource: net::ERR_FAILED
2025-12-29 23:54:31,600 - ProfileScraper - ERROR -   Error: 'PlaywrightTimeSeriesScraper' object has no attribute 'scrape_user_profile'
2025-12-29 23:54:31,603 - ProfileScraper - DEBUG - Traceback (most recent call last):
  File "/home/thinh0704hcm/TikTok-Content-Scraper/run_crawler.py", line 382, in scrape_profiles
    summary = await scraper.scrape_user_profile(
                    ^^^^^^^^^^^^^^^^^^^^^^^^^^^
AttributeError: 'PlaywrightTimeSeriesScraper' object has no attribute 'scrape_user_profile'

2025-12-29 23:54:31,603 - ProfileTracker - WARNING - Marked account congb_ as error: 'PlaywrightTimeSeriesScraper' object has no attribute 'scrape_user_profile'
2025-12-29 23:54:31,604 - ProfileScraper - INFO - 
[7/22] Processing: qh.masterd
2025-12-29 23:54:32,087 - TikTok.ProfileScraper - DEBUG - [Browser ERROR] Access to XMLHttpRequest at 'https://starling-sg.tiktokv.com/check_and_get_text/2e1fcc60aeaa11e99ef535aeebd27c9b/normal/account_server?lang=en,zh' from origin 'https://www.tiktok.com' has been blocked by CORS policy: Response to preflight request doesn't pass access control check: No 'Access-Control-Allow-Origin' header is present on the requested resource.
2025-12-29 23:54:32,089 - TikTok.ProfileScraper - DEBUG - [Browser ERROR] [I18nContext] load starling error Error: Network Error
    at new t (https://sf16-website-login.neutral.ttwstatic.com/obj/tiktok_web_login_static/tiktok/webapp/main/react-v18/webapp-desktop/static/js/i18n.04d6df56.js:2:15704)
    at i.onerror (https://sf16-website-login.neutral.ttwstatic.com/obj/tiktok_web_login_static/tiktok/webapp/main/react-v18/webapp-desktop/static/js/i18n.04d6df56.js:2:16589)
2025-12-29 23:54:32,093 - TikTok.ProfileScraper - DEBUG - [Browser ERROR] Failed to load resource: net::ERR_FAILED
2025-12-29 23:54:32,094 - TikTok.ProfileScraper - DEBUG - [Browser ERROR] Access to XMLHttpRequest at 'https://starling-sg.tiktokv.com/check_and_get_text/5dc26cf008d511e9b571e1bc0c9e23b5/normal/WebApp_Login?lang=en,zh' from origin 'https://www.tiktok.com' has been blocked by CORS policy: Response to preflight request doesn't pass access control check: No 'Access-Control-Allow-Origin' header is present on the requested resource.
2025-12-29 23:54:32,095 - TikTok.ProfileScraper - DEBUG - [Browser ERROR] [I18nContext] load starling error Error: Network Error
    at new t (https://sf16-website-login.neutral.ttwstatic.com/obj/tiktok_web_login_static/tiktok/webapp/main/react-v18/webapp-desktop/static/js/i18n.04d6df56.js:2:15704)
    at i.onerror (https://sf16-website-login.neutral.ttwstatic.com/obj/tiktok_web_login_static/tiktok/webapp/main/react-v18/webapp-desktop/static/js/i18n.04d6df56.js:2:16589)
2025-12-29 23:54:32,097 - TikTok.ProfileScraper - DEBUG - [Browser ERROR] Failed to load resource: net::ERR_FAILED
2025-12-29 23:54:32,213 - TikTok.ProfileScraper - DEBUG - [Browser ERROR] [I18nContext] load starling error Error: Network Error
    at new t (https://sf16-website-login.neutral.ttwstatic.com/obj/tiktok_web_login_static/tiktok/webapp/main/react-v18/webapp-desktop/static/js/i18n.04d6df56.js:2:15704)
    at i.onerror (https://sf16-website-login.neutral.ttwstatic.com/obj/tiktok_web_login_static/tiktok/webapp/main/react-v18/webapp-desktop/static/js/i18n.04d6df56.js:2:16589)
2025-12-29 23:54:32,214 - TikTok.ProfileScraper - DEBUG - [Browser ERROR] [I18nContext] load starling error Error: Network Error
    at new t (https://sf16-website-login.neutral.ttwstatic.com/obj/tiktok_web_login_static/tiktok/webapp/main/react-v18/webapp-desktop/static/js/i18n.04d6df56.js:2:15704)
    at i.onerror (https://sf16-website-login.neutral.ttwstatic.com/obj/tiktok_web_login_static/tiktok/webapp/main/react-v18/webapp-desktop/static/js/i18n.04d6df56.js:2:16589)
2025-12-29 23:54:32,887 - TikTok.ProfileScraper - DEBUG - [Browser WARNING] [GSI_LOGGER]: Your client application uses one of the Google One Tap prompt UI status methods that may stop functioning when FedCM becomes mandatory. Refer to the migration guide to update your code accordingly and opt-in to FedCM to test your changes. Learn more: https://developers.google.com/identity/gsi/web/guides/fedcm-migration?s=dc#display_moment and https://developers.google.com/identity/gsi/web/guides/fedcm-migration?s=dc#skipped_moment
2025-12-29 23:54:33,254 - TikTok.ProfileScraper - DEBUG - [Browser ERROR] Access to XMLHttpRequest at 'https://accounts.google.com/gsi/status?client_id=1096011445005-sdea0nf5jvj14eia93icpttv27cidkvk.apps.googleusercontent.com&cas=NVsErPdJnorFi0tuyMC7ixMS8YMzTgUAYYJTDGErHzg&bs=gBozI3sh3Tmi%2BHQnBgIBDJ25lwzTdPjFXIxORMz2CeU&has_opted_out_fedcm=false&is_itp=false' from origin 'https://www.tiktok.com' has been blocked by CORS policy: Response to preflight request doesn't pass access control check: No 'Access-Control-Allow-Origin' header is present on the requested resource.
2025-12-29 23:54:33,259 - TikTok.ProfileScraper - DEBUG - [Browser ERROR] [GSI_LOGGER]: Check credential status returns invalid response.
2025-12-29 23:54:33,260 - TikTok.ProfileScraper - DEBUG - [Browser ERROR] Failed to load resource: net::ERR_FAILED
2025-12-29 23:54:33,605 - ProfileScraper - ERROR -   Error: 'PlaywrightTimeSeriesScraper' object has no attribute 'scrape_user_profile'
2025-12-29 23:54:33,612 - ProfileScraper - DEBUG - Traceback (most recent call last):
  File "/home/thinh0704hcm/TikTok-Content-Scraper/run_crawler.py", line 382, in scrape_profiles
    summary = await scraper.scrape_user_profile(
                    ^^^^^^^^^^^^^^^^^^^^^^^^^^^
AttributeError: 'PlaywrightTimeSeriesScraper' object has no attribute 'scrape_user_profile'

2025-12-29 23:54:33,612 - ProfileTracker - WARNING - Marked account qh.masterd as error: 'PlaywrightTimeSeriesScraper' object has no attribute 'scrape_user_profile'
2025-12-29 23:54:33,614 - ProfileScraper - INFO - 
[8/22] Processing: bnh.trng.lui
2025-12-29 23:54:34,734 - TikTok.ProfileScraper - DEBUG - [Browser ERROR] Access to XMLHttpRequest at 'https://mon.tiktokv.com/monitor_browser/collect/batch/?biz_id=tiktok_webapp' from origin 'https://www.tiktok.com' has been blocked by CORS policy: Request header field upgrade-insecure-requests is not allowed by Access-Control-Allow-Headers in preflight response.
2025-12-29 23:54:34,735 - TikTok.ProfileScraper - DEBUG - [Browser ERROR] Failed to load resource: net::ERR_FAILED
2025-12-29 23:54:34,986 - TikTok.ProfileScraper - DEBUG - [Browser ERROR] Access to XMLHttpRequest at 'https://mssdk-sg.tiktok.com/web/resource?eq=55bS-fJBd3EI6R/K/E8kC39RC6yLic4oLRoS-dgt8NhJUCWYBVB04XWhQ1WHP4RshzUqf8Sm3Urr9f==' from origin 'https://www.tiktok.com' has been blocked by CORS policy: Request header field upgrade-insecure-requests is not allowed by Access-Control-Allow-Headers in preflight response.
2025-12-29 23:54:34,987 - TikTok.ProfileScraper - DEBUG - [Browser ERROR] Failed to load resource: net::ERR_FAILED
2025-12-29 23:54:35,616 - ProfileScraper - ERROR -   Error: 'PlaywrightTimeSeriesScraper' object has no attribute 'scrape_user_profile'
2025-12-29 23:54:35,619 - ProfileScraper - DEBUG - Traceback (most recent call last):
  File "/home/thinh0704hcm/TikTok-Content-Scraper/run_crawler.py", line 382, in scrape_profiles
    summary = await scraper.scrape_user_profile(
                    ^^^^^^^^^^^^^^^^^^^^^^^^^^^
AttributeError: 'PlaywrightTimeSeriesScraper' object has no attribute 'scrape_user_profile'

2025-12-29 23:54:35,620 - ProfileTracker - WARNING - Marked account bnh.trng.lui as error: 'PlaywrightTimeSeriesScraper' object has no attribute 'scrape_user_profile'
2025-12-29 23:54:35,620 - ProfileScraper - INFO - 
[9/22] Processing: atusmain
2025-12-29 23:54:36,453 - TikTok.ProfileScraper - DEBUG - [Browser ERROR] Access to XMLHttpRequest at 'https://mon.tiktokv.com/monitor_browser/collect/batch/?biz_id=tiktok_webapp' from origin 'https://www.tiktok.com' has been blocked by CORS policy: Request header field upgrade-insecure-requests is not allowed by Access-Control-Allow-Headers in preflight response.
2025-12-29 23:54:36,456 - TikTok.ProfileScraper - DEBUG - [Browser ERROR] Failed to load resource: net::ERR_FAILED
2025-12-29 23:54:36,985 - TikTok.ProfileScraper - INFO - Console logging stopped
2025-12-29 23:54:36,990 - TikTok.ProfileScraper - INFO - Console logs saved to JSON: logs/console/console_20251229_235436.json
2025-12-29 23:54:37,058 - TikTok.ProfileScraper - DEBUG - Error closing browser (expected if connection lost): Browser.close: Connection closed while reading from the driver
