2025-12-30 00:16:59,097 - ProfileScraper - INFO - ======================================================================
2025-12-30 00:16:59,097 - ProfileScraper - INFO - TIKTOK PROFILE & VIDEO SCRAPER
2025-12-30 00:16:59,097 - ProfileScraper - INFO - Total profiles: 22
2025-12-30 00:16:59,097 - ProfileScraper - INFO - ======================================================================
2025-12-30 00:16:59,098 - TTCS.ObjTracker - INFO - Connected to SQLite database: progress_tracking/profiles_20251230_progress.db
2025-12-30 00:16:59,098 - TTCS.ObjTracker - INFO - Database tables created successfully
2025-12-30 00:16:59,098 - TTCS.ObjTracker - INFO - Database indexes created successfully
2025-12-30 00:16:59,099 - ProfileTracker - INFO - Added 22 profiles to tracker
2025-12-30 00:16:59,099 - ProfileScraper - INFO - Resume mode: 0 already completed, 15 pending
2025-12-30 00:16:59,100 - TikTok.TimeSeriesScraper - INFO - ✓ Loaded fingerprint from browser_fingerprint.json
2025-12-30 00:16:59,100 - TikTok.TimeSeriesScraper - INFO -   Device: Win32
2025-12-30 00:16:59,100 - TikTok.TimeSeriesScraper - INFO -   GPU: ANGLE (AMD, AMD Radeon(TM) Graphics (0x00001681) Direct3D11 ...
2025-12-30 00:16:59,100 - TikTok.TimeSeriesScraper - INFO - Proxy server: http://14.224.198.119:44182
2025-12-30 00:16:59,100 - TikTok.TimeSeriesScraper - INFO - ======================================================================
2025-12-30 00:16:59,100 - TikTok.TimeSeriesScraper - INFO - STARTING PRODUCTION-READY STEALTH BROWSER (BRAVE)
2025-12-30 00:16:59,100 - TikTok.TimeSeriesScraper - INFO - ======================================================================
2025-12-30 00:16:59,506 - TikTok.TimeSeriesScraper - INFO - Found Brave: /usr/bin/brave-browser
2025-12-30 00:16:59,507 - TikTok.TimeSeriesScraper - INFO - ✓ Using Brave: /usr/bin/brave-browser
2025-12-30 00:16:59,507 - TikTok.TimeSeriesScraper - INFO - Proxy: http://14.224.198.119:44182
2025-12-30 00:16:59,859 - TikTok.TimeSeriesScraper - WARNING - tiktok_cookies.json not found. You may need to log in.
2025-12-30 00:17:00,355 - TikTok.TimeSeriesScraper - INFO - Console logging started: logs/console/console_20251230_001700.log
2025-12-30 00:17:00,403 - TikTok.TimeSeriesScraper - INFO - ✓ CDP session established
2025-12-30 00:17:00,415 - TikTok.TimeSeriesScraper - INFO - Navigating to TikTok...
