2025-12-24 05:45:11,255 - ProfileTimeSeries - INFO - ======================================================================
2025-12-24 05:45:11,255 - ProfileTimeSeries - INFO - TIKTOK PROFILE TIME SERIES SCRAPING
2025-12-24 05:45:11,255 - ProfileTimeSeries - INFO - Period: daily
2025-12-24 05:45:11,255 - ProfileTimeSeries - INFO - Lookback: 365 days
2025-12-24 05:45:11,255 - ProfileTimeSeries - INFO - Max videos per profile: 1000
2025-12-24 05:45:11,255 - ProfileTimeSeries - INFO - Total profiles: 2
2025-12-24 05:45:11,255 - ProfileTimeSeries - INFO - Headless mode: False
2025-12-24 05:45:11,255 - ProfileTimeSeries - INFO - ======================================================================
2025-12-24 05:45:11,256 - TTCS.ObjTracker - INFO - Connected to SQLite database: progress_tracking/timeseries_daily_20251224_progress.db
2025-12-24 05:45:11,256 - TTCS.ObjTracker - INFO - Database tables created successfully
2025-12-24 05:45:11,256 - TTCS.ObjTracker - INFO - Database indexes created successfully
2025-12-24 05:45:11,256 - ProfileTracker - INFO - Added 2 profiles to tracker
2025-12-24 05:45:11,256 - TikTok.ProfileScraper - INFO - ✓ Loaded fingerprint from browser_fingerprint.json
2025-12-24 05:45:11,257 - TikTok.ProfileScraper - INFO -   Device: Win32
2025-12-24 05:45:11,257 - TikTok.ProfileScraper - INFO -   GPU: ANGLE (AMD, AMD Radeon(TM) Graphics (0x00001681) Direct3D11 ...
2025-12-24 05:45:11,257 - TikTok.ProfileScraper - INFO - Proxy: http://14.224.198.119:44182
2025-12-24 05:45:11,257 - TikTok.ProfileScraper - INFO - Starting Patchright browser with fingerprint replay...
2025-12-24 05:45:11,257 - TikTok.ProfileScraper - INFO - Mode: VISIBLE
2025-12-24 05:45:11,257 - TikTok.ProfileScraper - INFO - Platform: linux
2025-12-24 05:45:11,257 - TikTok.ProfileScraper - INFO - Display: :1
2025-12-24 05:45:11,564 - TikTok.ProfileScraper - INFO - Proxy: http://14.224.198.119:44182
2025-12-24 05:45:11,881 - TikTok.ProfileScraper - INFO - Navigating to TikTok...
2025-12-24 05:45:18,124 - TikTok.ProfileScraper - INFO - ✓ Browser ready with fingerprint!
2025-12-24 05:45:18,124 - ProfileTimeSeries - INFO - 
[1/2] Processing: phuongmychiofficial
2025-12-24 05:45:18,124 - TikTok.ProfileScraper - INFO - Starting time series scrape for @phuongmychiofficial
2025-12-24 05:45:18,124 - TikTok.ProfileScraper - INFO - Period: daily, Lookback: 365 days
2025-12-24 05:45:18,124 - TikTok.ProfileScraper - INFO - Date range: 2024-12-24 to 2025-12-24
2025-12-24 05:45:18,125 - TikTok.ProfileScraper - INFO - Navigating to @phuongmychiofficial...
2025-12-24 05:45:19,605 - TikTok.ProfileScraper - DEBUG - Intercepted API: https://www.tiktok.com/api/post/item_list/?WebIdLastTime=1766555114&aid=1988&app_language=en&app_nam
2025-12-24 05:45:31,190 - TikTok.ProfileScraper - WARNING - Video grid not found, continuing anyway...
2025-12-24 05:45:31,195 - TikTok.ProfileScraper - DEBUG - Error extracting videos from page data: 'str' object has no attribute 'get'
2025-12-24 05:45:31,196 - TikTok.ProfileScraper - DEBUG - Traceback (most recent call last):
  File "/root/TikTok-Content-Scraper/TT_Content_Scraper/src/scraper_functions/playwright_scraper.py", line 673, in _extract_videos_from_page_data
    default_scope = data.get('__DEFAULT_SCOPE__', {})
                    ^^^^^^^^
AttributeError: 'str' object has no attribute 'get'

2025-12-24 05:45:31,196 - TikTok.ProfileScraper - INFO - Extracted 0 videos from page data
2025-12-24 05:45:36,221 - TikTok.ProfileScraper - INFO - No new videos in date range after 5 scrolls, stopping
2025-12-24 05:45:36,222 - TikTok.ProfileScraper - INFO - Total skipped (too old): 0 videos
2025-12-24 05:45:36,222 - TikTok.ProfileScraper - INFO - Total videos fetched: 0 (within 365 days)
2025-12-24 05:45:36,222 - TikTok.ProfileScraper - ERROR - No videos fetched
2025-12-24 05:45:36,223 - ProfileTimeSeries - WARNING -   Failed: No videos found
2025-12-24 05:45:36,226 - ProfileTracker - WARNING - Marked account phuongmychiofficial as error: No videos found
2025-12-24 05:45:36,226 - ProfileTimeSeries - INFO - 
[2/2] Processing: ising52hz
2025-12-24 05:45:38,227 - TikTok.ProfileScraper - INFO - Starting time series scrape for @ising52hz
2025-12-24 05:45:38,228 - TikTok.ProfileScraper - INFO - Period: daily, Lookback: 365 days
2025-12-24 05:45:38,228 - TikTok.ProfileScraper - INFO - Date range: 2024-12-24 to 2025-12-24
2025-12-24 05:45:38,228 - TikTok.ProfileScraper - INFO - Navigating to @ising52hz...
2025-12-24 05:45:39,517 - TikTok.ProfileScraper - DEBUG - Intercepted API: https://www.tiktok.com/api/post/item_list/?WebIdLastTime=1766555114&aid=1988&app_language=en&app_nam
2025-12-24 05:45:39,607 - TikTok.ProfileScraper - DEBUG - Intercepted API: https://www.tiktok.com/api/post/item_list/?WebIdLastTime=1766555114&aid=1988&app_language=en&app_nam
2025-12-24 05:45:50,935 - TikTok.ProfileScraper - WARNING - Video grid not found, continuing anyway...
2025-12-24 05:45:50,941 - TikTok.ProfileScraper - DEBUG - Error extracting videos from page data: 'str' object has no attribute 'get'
2025-12-24 05:45:50,942 - TikTok.ProfileScraper - DEBUG - Traceback (most recent call last):
  File "/root/TikTok-Content-Scraper/TT_Content_Scraper/src/scraper_functions/playwright_scraper.py", line 673, in _extract_videos_from_page_data
    default_scope = data.get('__DEFAULT_SCOPE__', {})
                    ^^^^^^^^
AttributeError: 'str' object has no attribute 'get'

2025-12-24 05:45:50,942 - TikTok.ProfileScraper - INFO - Extracted 0 videos from page data
2025-12-24 05:45:55,977 - TikTok.ProfileScraper - INFO - No new videos in date range after 5 scrolls, stopping
2025-12-24 05:45:55,978 - TikTok.ProfileScraper - INFO - Total skipped (too old): 0 videos
2025-12-24 05:45:55,978 - TikTok.ProfileScraper - INFO - Total videos fetched: 0 (within 365 days)
2025-12-24 05:45:55,978 - TikTok.ProfileScraper - ERROR - No videos fetched
2025-12-24 05:45:55,978 - ProfileTimeSeries - WARNING -   Failed: No videos found
2025-12-24 05:45:55,978 - ProfileTracker - WARNING - Marked account ising52hz as error: No videos found
2025-12-24 05:45:56,120 - ProfileTimeSeries - INFO - 
======================================================================
2025-12-24 05:45:56,120 - ProfileTimeSeries - INFO - SCRAPING COMPLETED!
2025-12-24 05:45:56,120 - ProfileTimeSeries - INFO - ======================================================================
2025-12-24 05:45:56,120 - ProfileTimeSeries - INFO - Processed: 2
2025-12-24 05:45:56,120 - ProfileTimeSeries - INFO - Success: 0
2025-12-24 05:45:56,120 - ProfileTimeSeries - INFO - Failed: 2
2025-12-24 05:45:56,120 - ProfileTimeSeries - INFO - Total videos: 0
2025-12-24 05:45:56,120 - ProfileTimeSeries - INFO - Total time points: 0
2025-12-24 05:45:56,120 - ProfileTimeSeries - INFO - Output: data/profile_time_series/daily_20251224_054511
2025-12-24 05:45:56,120 - ProfileTimeSeries - INFO - Summary: data/profile_time_series/daily_20251224_054511/run_summary_20251224_054511.json
2025-12-24 05:45:56,120 - ProfileTimeSeries - INFO - ======================================================================
