2025-12-24 05:21:11,226 - ProfileTimeSeries - INFO - ======================================================================
2025-12-24 05:21:11,227 - ProfileTimeSeries - INFO - TIKTOK PROFILE TIME SERIES SCRAPING
2025-12-24 05:21:11,227 - ProfileTimeSeries - INFO - Period: daily
2025-12-24 05:21:11,227 - ProfileTimeSeries - INFO - Lookback: 365 days
2025-12-24 05:21:11,227 - ProfileTimeSeries - INFO - Max videos per profile: 1000
2025-12-24 05:21:11,227 - ProfileTimeSeries - INFO - Total profiles: 2
2025-12-24 05:21:11,227 - ProfileTimeSeries - INFO - Headless mode: False
2025-12-24 05:21:11,227 - ProfileTimeSeries - INFO - ======================================================================
2025-12-24 05:21:11,228 - TTCS.ObjTracker - INFO - Connected to SQLite database: progress_tracking/timeseries_daily_20251224_progress.db
2025-12-24 05:21:11,228 - TTCS.ObjTracker - INFO - Database tables created successfully
2025-12-24 05:21:11,228 - TTCS.ObjTracker - INFO - Database indexes created successfully
2025-12-24 05:21:11,228 - ProfileTracker - INFO - Added 2 profiles to tracker
2025-12-24 05:21:11,228 - TikTok.ProfileScraper - INFO - Proxy credentials found: HcgsFh:***
2025-12-24 05:21:11,228 - TikTok.ProfileScraper - INFO - Proxy server: http://14.224.198.119:44182
2025-12-24 05:21:11,228 - TikTok.ProfileScraper - INFO - Starting Playwright browser...
2025-12-24 05:21:11,228 - TikTok.ProfileScraper - INFO - Browser mode: NON-HEADLESS (visible)
2025-12-24 05:21:11,228 - TikTok.ProfileScraper - INFO - Platform: linux
2025-12-24 05:21:11,228 - TikTok.ProfileScraper - INFO - X Display: :1
2025-12-24 05:21:11,553 - TikTok.ProfileScraper - INFO - Using proxy: http://14.224.198.119:44182
2025-12-24 05:21:11,781 - TikTok.ProfileScraper - INFO - Proxy credentials added
2025-12-24 05:21:11,896 - TikTok.ProfileScraper - INFO - Navigating to TikTok...
2025-12-24 05:21:18,929 - TikTok.ProfileScraper - INFO - Browser ready!
2025-12-24 05:21:18,929 - ProfileTimeSeries - INFO - 
[1/2] Processing: phuongmychiofficial
2025-12-24 05:21:18,929 - TikTok.ProfileScraper - INFO - Starting time series scrape for @phuongmychiofficial
2025-12-24 05:21:18,929 - TikTok.ProfileScraper - INFO - Period: daily, Lookback: 365 days
2025-12-24 05:21:18,929 - TikTok.ProfileScraper - INFO - Date range: 2024-12-24 to 2025-12-24
2025-12-24 05:21:18,929 - TikTok.ProfileScraper - INFO - Navigating to @phuongmychiofficial...
2025-12-24 05:21:21,580 - TikTok.ProfileScraper - DEBUG - Intercepted API response: https://www.tiktok.com/api/post/item_list/?WebIdLastTime=1766553674&aid=1988&app_language=en&app_nam
2025-12-24 05:21:21,686 - TikTok.ProfileScraper - DEBUG - Intercepted API response: https://www.tiktok.com/api/post/item_list/?WebIdLastTime=1766553674&aid=1988&app_language=en&app_nam
2025-12-24 05:21:31,948 - TikTok.ProfileScraper - WARNING - Video grid not found, continuing anyway...
2025-12-24 05:21:31,954 - TikTok.ProfileScraper - DEBUG - Error extracting videos from page data: 'str' object has no attribute 'get'
2025-12-24 05:21:31,955 - TikTok.ProfileScraper - DEBUG - Traceback (most recent call last):
  File "/root/TikTok-Content-Scraper/TT_Content_Scraper/src/scraper_functions/playwright_scraper.py", line 869, in _extract_videos_from_page_data
    default_scope = data.get('__DEFAULT_SCOPE__', {})
                    ^^^^^^^^
AttributeError: 'str' object has no attribute 'get'

2025-12-24 05:21:31,955 - TikTok.ProfileScraper - INFO - Extracted 0 videos from page data
2025-12-24 05:21:36,980 - TikTok.ProfileScraper - INFO - No new videos in date range after 5 scrolls, stopping
2025-12-24 05:21:36,981 - TikTok.ProfileScraper - INFO - Total skipped (too old): 0 videos
2025-12-24 05:21:36,981 - TikTok.ProfileScraper - INFO - Total videos fetched: 0 (within 365 days)
2025-12-24 05:21:36,981 - TikTok.ProfileScraper - ERROR - No videos fetched
2025-12-24 05:21:36,981 - ProfileTimeSeries - WARNING -   Failed: No videos found
2025-12-24 05:21:36,984 - ProfileTracker - WARNING - Marked account phuongmychiofficial as error: No videos found
2025-12-24 05:21:36,984 - ProfileTimeSeries - INFO - 
[2/2] Processing: ising52hz
2025-12-24 05:21:38,987 - TikTok.ProfileScraper - INFO - Starting time series scrape for @ising52hz
2025-12-24 05:21:38,987 - TikTok.ProfileScraper - INFO - Period: daily, Lookback: 365 days
2025-12-24 05:21:38,987 - TikTok.ProfileScraper - INFO - Date range: 2024-12-24 to 2025-12-24
2025-12-24 05:21:38,988 - TikTok.ProfileScraper - INFO - Navigating to @ising52hz...
2025-12-24 05:21:40,787 - TikTok.ProfileScraper - DEBUG - Intercepted API response: https://www.tiktok.com/api/post/item_list/?WebIdLastTime=1766553674&aid=1988&app_language=en&app_nam
2025-12-24 05:21:40,868 - TikTok.ProfileScraper - DEBUG - Intercepted API response: https://www.tiktok.com/api/post/item_list/?WebIdLastTime=1766553674&aid=1988&app_language=en&app_nam
2025-12-24 05:21:45,071 - TikTok.ProfileScraper - WARNING - Video grid not found, continuing anyway...
2025-12-24 05:21:45,085 - TikTok.ProfileScraper - DEBUG - Error extracting page data: Page.evaluate: Target page, context or browser has been closed
2025-12-24 05:21:45,088 - TikTok.ProfileScraper - ERROR - Error getting user videos: Page.evaluate: Target page, context or browser has been closed
2025-12-24 05:21:45,088 - TikTok.ProfileScraper - ERROR - No videos fetched
2025-12-24 05:21:45,088 - ProfileTimeSeries - WARNING -   Failed: No videos found
2025-12-24 05:21:45,088 - ProfileTracker - WARNING - Marked account ising52hz as error: No videos found
2025-12-24 05:21:45,197 - asyncio - ERROR - Future exception was never retrieved
future: <Future finished exception=TargetClosedError('Target page, context or browser has been closed\nCall log:\n  - waiting for locator("[data-e2e=\\"user-post-item\\"]") to be visible\n  - waiting for locator("[data-e2e=\\"user-post-item\\"]")\n')>
patchright._impl._errors.TargetClosedError: Target page, context or browser has been closed
Call log:
  - waiting for locator("[data-e2e=\"user-post-item\"]") to be visible
  - waiting for locator("[data-e2e=\"user-post-item\"]")

