2025-12-26 05:12:55,820 - ProfileScraper - INFO - ======================================================================
2025-12-26 05:12:55,820 - ProfileScraper - INFO - TIKTOK PROFILE & VIDEO SCRAPER
2025-12-26 05:12:55,820 - ProfileScraper - INFO - Lookback: 365 days
2025-12-26 05:12:55,820 - ProfileScraper - INFO - Max videos per profile: 1000
2025-12-26 05:12:55,820 - ProfileScraper - INFO - Include profile data: True
2025-12-26 05:12:55,820 - ProfileScraper - INFO - Total profiles: 2
2025-12-26 05:12:55,820 - ProfileScraper - INFO - Headless mode: False
2025-12-26 05:12:55,820 - ProfileScraper - INFO - ======================================================================
2025-12-26 05:12:55,823 - TTCS.ObjTracker - INFO - Connected to SQLite database: progress_tracking/profiles_20251226_progress.db
2025-12-26 05:12:55,825 - TTCS.ObjTracker - INFO - Database tables created successfully
2025-12-26 05:12:55,825 - TTCS.ObjTracker - INFO - Database indexes created successfully
2025-12-26 05:12:55,825 - ProfileTracker - INFO - Added 2 profiles to tracker
2025-12-26 05:12:55,826 - TikTok.ProfileScraper - INFO - ✓ Loaded fingerprint from browser_fingerprint.json
2025-12-26 05:12:55,827 - TikTok.ProfileScraper - INFO -   Device: Win32
2025-12-26 05:12:55,827 - TikTok.ProfileScraper - INFO -   GPU: ANGLE (AMD, AMD Radeon(TM) Graphics (0x00001681) Direct3D11 ...
2025-12-26 05:12:55,827 - TikTok.ProfileScraper - INFO - Proxy: http://14.224.198.119:44182
2025-12-26 05:12:55,827 - TikTok.ProfileScraper - INFO - ======================================================================
2025-12-26 05:12:55,827 - TikTok.ProfileScraper - INFO - STARTING PRODUCTION-READY STEALTH BROWSER
2025-12-26 05:12:55,827 - TikTok.ProfileScraper - INFO - ======================================================================
2025-12-26 05:12:55,827 - TikTok.ProfileScraper - INFO - Mode: VISIBLE
2025-12-26 05:12:55,827 - TikTok.ProfileScraper - INFO - Platform: linux
2025-12-26 05:12:55,827 - TikTok.ProfileScraper - INFO - Display: :1
2025-12-26 05:12:56,163 - TikTok.ProfileScraper - INFO - Found Chrome: /usr/bin/google-chrome-stable
2025-12-26 05:12:56,163 - TikTok.ProfileScraper - INFO - ✓ Using stable Chrome: /usr/bin/google-chrome-stable
2025-12-26 05:12:56,163 - TikTok.ProfileScraper - INFO - Proxy: http://14.224.198.119:44182
2025-12-26 05:12:56,582 - TikTok.ProfileScraper - INFO - ✓ CDP session established
2025-12-26 05:12:56,585 - TikTok.ProfileScraper - INFO - Navigating to TikTok...
2025-12-26 05:13:02,192 - TikTok.ProfileScraper - INFO - ✓ Browser ready!
2025-12-26 05:13:02,192 - TikTok.ProfileScraper - INFO - ======================================================================
2025-12-26 05:13:02,192 - ProfileScraper - INFO - 
[1/2] Processing: phuongmychiofficial
2025-12-26 05:13:02,192 - TikTok.ProfileScraper - INFO - ======================================================================
2025-12-26 05:13:02,192 - TikTok.ProfileScraper - INFO - Starting scrape for @phuongmychiofficial
2025-12-26 05:13:02,192 - TikTok.ProfileScraper - INFO - Max videos: 1000, Lookback: 365 days
2025-12-26 05:13:02,192 - TikTok.ProfileScraper - INFO - ======================================================================
2025-12-26 05:13:03,814 - TikTok.ProfileScraper - DEBUG - Intercepted API: https://www.tiktok.com/api/post/item_list/?WebIdLastTime=1766725978&aid=1988&app_language=en&app_nam
2025-12-26 05:13:04,852 - TikTok.ProfileScraper - INFO - Extracting profile data for @phuongmychiofficial...
2025-12-26 05:13:04,862 - TikTok.ProfileScraper - ERROR - Error extracting profile data: 'str' object has no attribute 'get'
2025-12-26 05:13:04,863 - TikTok.ProfileScraper - DEBUG - Traceback (most recent call last):
  File "/root/TikTok-Content-Scraper/TT_Content_Scraper/src/scraper_functions/playwright_scraper.py", line 538, in get_profile_data
    default_scope = data.get('__DEFAULT_SCOPE__', {})
                    ^^^^^^^^
AttributeError: 'str' object has no attribute 'get'

2025-12-26 05:13:04,863 - TikTok.ProfileScraper - INFO - Navigating to @phuongmychiofficial...
2025-12-26 05:13:06,452 - TikTok.ProfileScraper - DEBUG - Intercepted API: https://www.tiktok.com/api/post/item_list/?WebIdLastTime=1766725978&aid=1988&app_language=en&app_nam
2025-12-26 05:13:06,603 - TikTok.ProfileScraper - DEBUG - Intercepted API: https://www.tiktok.com/api/post/item_list/?WebIdLastTime=1766725978&aid=1988&app_language=en&app_nam
2025-12-26 05:13:17,567 - TikTok.ProfileScraper - WARNING - Video grid not found, continuing anyway...
2025-12-26 05:13:17,577 - TikTok.ProfileScraper - DEBUG - Error extracting videos from page data: 'str' object has no attribute 'get'
2025-12-26 05:13:17,577 - TikTok.ProfileScraper - INFO - Extracted 0 videos from page data
2025-12-26 05:13:22,602 - TikTok.ProfileScraper - INFO - No new videos in date range after 5 scrolls, stopping
2025-12-26 05:13:22,603 - TikTok.ProfileScraper - INFO - Total videos fetched: 0 (within 365 days)
2025-12-26 05:13:22,603 - TikTok.ProfileScraper - WARNING - No videos fetched
2025-12-26 05:13:22,603 - TikTok.ProfileScraper - INFO - ======================================================================
2025-12-26 05:13:22,603 - TikTok.ProfileScraper - INFO - SCRAPE COMPLETE
2025-12-26 05:13:22,603 - TikTok.ProfileScraper - INFO - ======================================================================
2025-12-26 05:13:22,603 - TikTok.ProfileScraper - INFO - Summary saved to data/profiles/run_20251226_051255/phuongmychiofficial/summary_20251226_051322.json
2025-12-26 05:13:22,603 - TikTok.ProfileScraper - INFO - ======================================================================
2025-12-26 05:13:22,603 - ProfileScraper - INFO -   ✓ Success: 0 videos scraped
2025-12-26 05:13:22,604 - ProfileTracker - DEBUG - Marked account phuongmychiofficial as completed
2025-12-26 05:13:22,604 - ProfileScraper - INFO - 
[2/2] Processing: ising52hz
2025-12-26 05:13:24,606 - TikTok.ProfileScraper - INFO - ======================================================================
2025-12-26 05:13:24,606 - TikTok.ProfileScraper - INFO - Starting scrape for @ising52hz
2025-12-26 05:13:24,606 - TikTok.ProfileScraper - INFO - Max videos: 1000, Lookback: 365 days
2025-12-26 05:13:24,606 - TikTok.ProfileScraper - INFO - ======================================================================
2025-12-26 05:13:25,483 - TikTok.ProfileScraper - DEBUG - Intercepted API: https://www.tiktok.com/api/post/item_list/?WebIdLastTime=1766725978&aid=1988&app_language=en&app_nam
2025-12-26 05:13:27,351 - TikTok.ProfileScraper - INFO - Extracting profile data for @ising52hz...
2025-12-26 05:13:27,446 - TikTok.ProfileScraper - ERROR - Error extracting profile data: 'str' object has no attribute 'get'
2025-12-26 05:13:27,447 - TikTok.ProfileScraper - DEBUG - Traceback (most recent call last):
  File "/root/TikTok-Content-Scraper/TT_Content_Scraper/src/scraper_functions/playwright_scraper.py", line 538, in get_profile_data
    default_scope = data.get('__DEFAULT_SCOPE__', {})
                    ^^^^^^^^
AttributeError: 'str' object has no attribute 'get'

2025-12-26 05:13:27,447 - TikTok.ProfileScraper - INFO - Navigating to @ising52hz...
2025-12-26 05:13:28,356 - TikTok.ProfileScraper - DEBUG - Intercepted API: https://www.tiktok.com/api/post/item_list/?WebIdLastTime=1766725978&aid=1988&app_language=en&app_nam
2025-12-26 05:13:40,217 - TikTok.ProfileScraper - WARNING - Video grid not found, continuing anyway...
2025-12-26 05:13:40,228 - TikTok.ProfileScraper - DEBUG - Error extracting videos from page data: 'str' object has no attribute 'get'
2025-12-26 05:13:40,228 - TikTok.ProfileScraper - INFO - Extracted 0 videos from page data
