2025-12-30 00:35:44,752 - Crawler - INFO - ======================================================================
2025-12-30 00:35:44,752 - Crawler - INFO - TIKTOK PROFILE TIME SERIES SCRAPER
2025-12-30 00:35:44,752 - Crawler - INFO - Target Profiles: 2
2025-12-30 00:35:44,752 - Crawler - INFO - Milestone Date: 2025-12-28 14:00:00
2025-12-30 00:35:44,752 - Crawler - INFO - ======================================================================
2025-12-30 00:35:44,759 - TTCS.ObjTracker - INFO - Connected to SQLite database: progress_tracking/run_list32_20251230_progress.db
2025-12-30 00:35:44,762 - TTCS.ObjTracker - INFO - Database tables created successfully
2025-12-30 00:35:44,762 - TTCS.ObjTracker - INFO - Database indexes created successfully
2025-12-30 00:35:44,763 - TikTok.TimeSeriesScraper - INFO - ✓ Loaded fingerprint from browser_fingerprint.json
2025-12-30 00:35:44,763 - TikTok.TimeSeriesScraper - INFO -   Device: Win32
2025-12-30 00:35:44,763 - TikTok.TimeSeriesScraper - INFO -   GPU: ANGLE (AMD, AMD Radeon(TM) Graphics (0x00001681) Direct3D11 ...
2025-12-30 00:35:44,763 - TikTok.TimeSeriesScraper - INFO - Proxy server: http://14.224.198.119:44182
2025-12-30 00:35:44,763 - TikTok.TimeSeriesScraper - INFO - ======================================================================
2025-12-30 00:35:44,763 - TikTok.TimeSeriesScraper - INFO - STARTING PRODUCTION-READY STEALTH BROWSER (BRAVE)
2025-12-30 00:35:44,763 - TikTok.TimeSeriesScraper - INFO - ======================================================================
2025-12-30 00:35:45,128 - TikTok.TimeSeriesScraper - INFO - Found Brave: /usr/bin/brave-browser
2025-12-30 00:35:45,128 - TikTok.TimeSeriesScraper - INFO - ✓ Using Brave: /usr/bin/brave-browser
2025-12-30 00:35:45,128 - TikTok.TimeSeriesScraper - INFO - Proxy: http://14.224.198.119:44182
2025-12-30 00:35:45,128 - TikTok.TimeSeriesScraper - INFO - Launching browser...
2025-12-30 00:35:45,416 - TikTok.TimeSeriesScraper - INFO - ✓ Browser launched successfully
2025-12-30 00:35:45,416 - TikTok.TimeSeriesScraper - INFO - Creating browser context...
2025-12-30 00:35:45,434 - TikTok.TimeSeriesScraper - INFO - ✓ Context created
2025-12-30 00:35:45,439 - TikTok.TimeSeriesScraper - WARNING - tiktok_cookies.json not found. You may need to log in.
2025-12-30 00:35:45,441 - TikTok.TimeSeriesScraper - INFO - Creating new page...
2025-12-30 00:35:45,765 - TikTok.TimeSeriesScraper - INFO - ✓ Page created
2025-12-30 00:35:45,767 - TikTok.TimeSeriesScraper - INFO - Console logging started: logs/console/console_20251230_003545.log
2025-12-30 00:35:45,778 - TikTok.TimeSeriesScraper - INFO - ✓ CDP session established
2025-12-30 00:35:45,786 - TikTok.TimeSeriesScraper - INFO - Navigating to TikTok...
2025-12-30 00:35:47,817 - TikTok.TimeSeriesScraper - INFO - ✓ Successfully loaded TikTok
2025-12-30 00:35:47,965 - TikTok.TimeSeriesScraper - DEBUG - [Browser WARNING] Reflect is already polyfilled.
2025-12-30 00:35:48,085 - TikTok.TimeSeriesScraper - DEBUG - [Browser WARNING] AppContext will be overwritten
2025-12-30 00:35:48,085 - TikTok.TimeSeriesScraper - DEBUG - [Browser WARNING] AppContext will be overwritten
2025-12-30 00:35:48,085 - TikTok.TimeSeriesScraper - DEBUG - [Browser WARNING] AppContext will be overwritten
2025-12-30 00:35:48,086 - TikTok.TimeSeriesScraper - DEBUG - [Browser WARNING] AppContext will be overwritten
2025-12-30 00:35:48,091 - TikTok.TimeSeriesScraper - DEBUG - [Browser WARNING] AppContext will be overwritten
2025-12-30 00:35:48,092 - TikTok.TimeSeriesScraper - DEBUG - [Browser WARNING] AppContext will be overwritten
2025-12-30 00:35:48,092 - TikTok.TimeSeriesScraper - DEBUG - [Browser WARNING] AppContext will be overwritten
2025-12-30 00:35:48,093 - TikTok.TimeSeriesScraper - DEBUG - [Browser WARNING] AppContext will be overwritten
2025-12-30 00:35:48,140 - TikTok.TimeSeriesScraper - DEBUG - [Browser WARNING] AppContext will be overwritten
2025-12-30 00:35:48,146 - TikTok.TimeSeriesScraper - DEBUG - [Browser WARNING] AppContext will be overwritten
2025-12-30 00:35:48,146 - TikTok.TimeSeriesScraper - DEBUG - [Browser WARNING] loadable: `loadableReady()` requires state, please use `getScriptTags` or `getScriptElements` server-side
2025-12-30 00:35:48,341 - TikTok.TimeSeriesScraper - DEBUG - [Browser ERROR] Error: Unable to determine theme from timezone. Falling back to local time-based method. Error: Timezone "Asia/Saigon" not found
    at w (https://sf16-website-login.neutral.ttwstatic.com/obj/tiktok_web_login_static/tiktok/webapp/main/landing-opt/webapp-desktop/static/js/93271.43d8d1c9.js:2:102006)
    at x (https://sf16-website-login.neutral.ttwstatic.com/obj/tiktok_web_login_static/tiktok/webapp/main/landing-opt/webapp-desktop/static/js/webapp-desktop.02006c2b.js:1:150765)
    at https://sf16-website-login.neutral.ttwstatic.com/obj/tiktok_web_login_static/tiktok/webapp/main/landing-opt/webapp-desktop/static/js/webapp-desktop.02006c2b.js:1:152027
    at lI (https://sf16-website-login.neutral.ttwstatic.com/obj/tiktok_web_login_static/tiktok/webapp/main/landing-opt/webapp-desktop/static/js/npm-react.c57fe319.js:2:165676)
    at iU (https://sf16-website-login.neutral.ttwstatic.com/obj/tiktok_web_login_static/tiktok/webapp/main/landing-opt/webapp-desktop/static/js/npm-react.c57fe319.js:2:194669)
    at iT (https://sf16-website-login.neutral.ttwstatic.com/obj/tiktok_web_login_static/tiktok/webapp/main/landing-opt/webapp-desktop/static/js/npm-react.c57fe319.js:2:177525)
    at r6 (https://sf16-website-login.neutral.ttwstatic.com/obj/tiktok_web_login_static/tiktok/webapp/main/landing-opt/webapp-desktop/static/js/npm-react.c57fe319.js:2:126479)
    at https://sf16-website-login.neutral.ttwstatic.com/obj/tiktok_web_login_static/tiktok/webapp/main/landing-opt/webapp-desktop/static/js/npm-react.c57fe319.js:2:193115
    at i$ (https://sf16-website-login.neutral.ttwstatic.com/obj/tiktok_web_login_static/tiktok/webapp/main/landing-opt/webapp-desktop/static/js/npm-react.c57fe319.js:2:193121)
    at iE (https://sf16-website-login.neutral.ttwstatic.com/obj/tiktok_web_login_static/tiktok/webapp/main/landing-opt/webapp-desktop/static/js/npm-react.c57fe319.js:2:176528)
2025-12-30 00:35:48,558 - TikTok.TimeSeriesScraper - DEBUG - [Browser ERROR] Error: Unable to determine theme from timezone. Falling back to local time-based method. Error: Timezone "Asia/Saigon" not found
    at w (https://sf16-website-login.neutral.ttwstatic.com/obj/tiktok_web_login_static/tiktok/webapp/main/landing-opt/webapp-desktop/static/js/93271.43d8d1c9.js:2:102006)
    at x (https://sf16-website-login.neutral.ttwstatic.com/obj/tiktok_web_login_static/tiktok/webapp/main/landing-opt/webapp-desktop/static/js/webapp-desktop.02006c2b.js:1:150765)
    at https://sf16-website-login.neutral.ttwstatic.com/obj/tiktok_web_login_static/tiktok/webapp/main/landing-opt/webapp-desktop/static/js/webapp-desktop.02006c2b.js:1:152027
    at lI (https://sf16-website-login.neutral.ttwstatic.com/obj/tiktok_web_login_static/tiktok/webapp/main/landing-opt/webapp-desktop/static/js/npm-react.c57fe319.js:2:165676)
    at iU (https://sf16-website-login.neutral.ttwstatic.com/obj/tiktok_web_login_static/tiktok/webapp/main/landing-opt/webapp-desktop/static/js/npm-react.c57fe319.js:2:194669)
    at iT (https://sf16-website-login.neutral.ttwstatic.com/obj/tiktok_web_login_static/tiktok/webapp/main/landing-opt/webapp-desktop/static/js/npm-react.c57fe319.js:2:177525)
    at r6 (https://sf16-website-login.neutral.ttwstatic.com/obj/tiktok_web_login_static/tiktok/webapp/main/landing-opt/webapp-desktop/static/js/npm-react.c57fe319.js:2:126479)
    at https://sf16-website-login.neutral.ttwstatic.com/obj/tiktok_web_login_static/tiktok/webapp/main/landing-opt/webapp-desktop/static/js/npm-react.c57fe319.js:2:193115
    at i$ (https://sf16-website-login.neutral.ttwstatic.com/obj/tiktok_web_login_static/tiktok/webapp/main/landing-opt/webapp-desktop/static/js/npm-react.c57fe319.js:2:193121)
    at iE (https://sf16-website-login.neutral.ttwstatic.com/obj/tiktok_web_login_static/tiktok/webapp/main/landing-opt/webapp-desktop/static/js/npm-react.c57fe319.js:2:176528)
2025-12-30 00:35:48,629 - TikTok.TimeSeriesScraper - DEBUG - [Browser ERROR] Access to XMLHttpRequest at 'https://libraweb-sg.tiktok.com/service/2/abtest_config/' from origin 'https://www.tiktok.com' has been blocked by CORS policy: Request header field upgrade-insecure-requests is not allowed by Access-Control-Allow-Headers in preflight response.
2025-12-30 00:35:48,635 - TikTok.TimeSeriesScraper - DEBUG - [Browser ERROR] Failed to load resource: net::ERR_FAILED
2025-12-30 00:35:48,924 - TikTok.TimeSeriesScraper - DEBUG - [Browser ERROR] Access to XMLHttpRequest at 'https://mon.tiktokv.com/monitor_web/settings/browser-settings?bid=pns_communication_service&store=1' from origin 'https://www.tiktok.com' has been blocked by CORS policy: Request header field upgrade-insecure-requests is not allowed by Access-Control-Allow-Headers in preflight response.
2025-12-30 00:35:48,927 - TikTok.TimeSeriesScraper - DEBUG - [Browser ERROR] Failed to load resource: net::ERR_FAILED
2025-12-30 00:35:49,261 - TikTok.TimeSeriesScraper - DEBUG - [Browser ERROR] Access to fetch at 'https://v16-webapp.tiktok.com/9b79cf55b17f45d28b7da1bb32e9e68e/69555cfb/video/tos/maliva/tos-maliva-ve-0068c799-us/o0JopINEBz1Q6ASBwifRAPQFiimLC0BCn2JIuH/?a=1988&bti=ODszNWYuMDE6&ch=0&cr=3&dr=0&lr=all&cd=0%7C0%7C0%7C&cv=1&br=3150&bt=1575&cs=0&ds=3&ft=4b~OyM3a8Zmo0MXdqx4jVPA9PpWrKsd.&mime_type=video_mp4&qs=0&rc=ZmQ6M2RkOzw8NjY3NTYzaEBpajRoNXA5cjluODMzZzczNEAyMl40NDYuXy4xLi9iMmAyYSMxMXJnMmRzZDBhLS1kMS9zcw%3D%3D&vvpl=1&l=20251230012712B0FC6817BC15D3122A78&btag=e000b0000' from origin 'https://www.tiktok.com' has been blocked by CORS policy: Request header field upgrade-insecure-requests is not allowed by Access-Control-Allow-Headers in preflight response.
2025-12-30 00:35:49,261 - TikTok.TimeSeriesScraper - DEBUG - [Browser ERROR] Failed to load resource: net::ERR_FAILED
2025-12-30 00:35:49,262 - TikTok.TimeSeriesScraper - DEBUG - [Browser WARNING] [00:02.435][warn][demux.fetch](6) TypeError: Failed to fetch
    at D.__splitFetch (https://sf16-website-login.neutral.ttwstatic.com/obj/tiktok_web_login_static/tiktok/webapp/main/landing-opt/webapp-desktop/static/js/async/54690.7856583b.js:11:41253)
    at D.loadRange (https://sf16-website-login.neutral.ttwstatic.com/obj/tiktok_web_login_static/tiktok/webapp/main/landing-opt/webapp-desktop/static/js/async/54690.7856583b.js:11:43786)
    at D.load (https://sf16-website-login.neutral.ttwstatic.com/obj/tiktok_web_login_static/tiktok/webapp/main/landing-opt/webapp-desktop/static/js/async/54690.7856583b.js:11:39155)
    at Z.load (https://sf16-website-login.neutral.ttwstatic.com/obj/tiktok_web_login_static/tiktok/webapp/main/landing-opt/webapp-desktop/static/js/async/54690.7856583b.js:12:14004)
    at ta._load (https://sf16-website-login.neutral.ttwstatic.com/obj/tiktok_web_login_static/tiktok/webapp/main/landing-opt/webapp-desktop/static/js/async/54690.7856583b.js:12:109006)
    at https://sf16-website-login.neutral.ttwstatic.com/obj/tiktok_web_login_static/tiktok/webapp/main/landing-opt/webapp-desktop/static/js/async/54690.7856583b.js:12:106103
    at Object.set (https://sf16-website-login.neutral.ttwstatic.com/obj/tiktok_web_login_static/tiktok/webapp/main/landing-opt/webapp-desktop/static/js/async/54690.7856583b.js:25:59172)
    at set src (https://sf16-website-login.neutral.ttwstatic.com/obj/tiktok_web_login_static/tiktok/webapp/main/landing-opt/webapp-desktop/static/js/async/54690.7856583b.js:25:66347)
    at tk.load (https://sf16-website-login.neutral.ttwstatic.com/obj/tiktok_web_login_static/tiktok/webapp/main/landing-opt/webapp-desktop/static/js/async/54690.7856583b.js:24:117122)
    at tk._init (https://sf16-website-login.neutral.ttwstatic.com/obj/tiktok_web_login_static/tiktok/webapp/main/landing-opt/webapp-desktop/static/js/async/54690.7856583b.js:24:111142)
2025-12-30 00:35:49,358 - TikTok.TimeSeriesScraper - DEBUG - [Browser ERROR] Access to fetch at 'https://v16-webapp.tiktok.com/9b79cf55b17f45d28b7da1bb32e9e68e/69555cfb/video/tos/maliva/tos-maliva-ve-0068c799-us/o0JopINEBz1Q6ASBwifRAPQFiimLC0BCn2JIuH/?a=1988&bti=ODszNWYuMDE6&ch=0&cr=3&dr=0&lr=all&cd=0%7C0%7C0%7C&cv=1&br=3150&bt=1575&cs=0&ds=3&ft=4b~OyM3a8Zmo0MXdqx4jVPA9PpWrKsd.&mime_type=video_mp4&qs=0&rc=ZmQ6M2RkOzw8NjY3NTYzaEBpajRoNXA5cjluODMzZzczNEAyMl40NDYuXy4xLi9iMmAyYSMxMXJnMmRzZDBhLS1kMS9zcw%3D%3D&vvpl=1&l=20251230012712B0FC6817BC15D3122A78&btag=e000b0000' from origin 'https://www.tiktok.com' has been blocked by CORS policy: Request header field upgrade-insecure-requests is not allowed by Access-Control-Allow-Headers in preflight response.
2025-12-30 00:35:49,359 - TikTok.TimeSeriesScraper - DEBUG - [Browser ERROR] Failed to load resource: net::ERR_FAILED
2025-12-30 00:35:49,359 - TikTok.TimeSeriesScraper - DEBUG - [Browser WARNING] [00:02.533][warn][demux.fetch](6) TypeError: Failed to fetch
    at I (https://sf16-website-login.neutral.ttwstatic.com/obj/tiktok_web_login_static/tiktok_privacy_protection_framework/loader/1.0.0.927/index.js:4:74444)
    at window.fetch (https://sf16-website-login.neutral.ttwstatic.com/obj/tiktok_web_login_static/tiktok_privacy_protection_framework/loader/1.0.0.927/index.js:4:74530)
    at https://sf16-website-login.neutral.ttwstatic.com/obj/tiktok_web_login_static/slardar/fe/sdk-web/browser.sg.js?bid=tiktok_webapp&globalName=SlardarClient:1:15616
    at o (https://sf16-website-login.neutral.ttwstatic.com/obj/tiktok_web_login_static/slardar/fe/sdk-web/browser.sg.js?bid=tiktok_webapp&globalName=SlardarClient:1:3178)
    at window.fetch (https://sf16-website-login.neutral.ttwstatic.com/obj/tiktok_web_login_static/secsdk/secsdk-lastest.umd.js:5211:40)
    at Array.d (https://sf16-website-login.neutral.ttwstatic.com/obj/tiktok_web_login_static/webmssdk/1.0.0.328/webmssdk.js:1:124784)
    at S (https://sf16-website-login.neutral.ttwstatic.com/obj/tiktok_web_login_static/webmssdk/1.0.0.328/webmssdk.js:1:226826)
    at https://sf16-website-login.neutral.ttwstatic.com/obj/tiktok_web_login_static/webmssdk/1.0.0.328/webmssdk.js:1:135236
    at D.__splitFetch (https://sf16-website-login.neutral.ttwstatic.com/obj/tiktok_web_login_static/tiktok/webapp/main/landing-opt/webapp-desktop/static/js/async/54690.7856583b.js:11:41253)
    at D.loadRange (https://sf16-website-login.neutral.ttwstatic.com/obj/tiktok_web_login_static/tiktok/webapp/main/landing-opt/webapp-desktop/static/js/async/54690.7856583b.js:11:43786)
2025-12-30 00:35:49,394 - TikTok.TimeSeriesScraper - DEBUG - [Browser ERROR] Access to XMLHttpRequest at 'https://mon.tiktokv.com/monitor_web/settings/browser-settings?bid=tiktok_webapp&store=1' from origin 'https://www.tiktok.com' has been blocked by CORS policy: Request header field upgrade-insecure-requests is not allowed by Access-Control-Allow-Headers in preflight response.
2025-12-30 00:35:49,397 - TikTok.TimeSeriesScraper - DEBUG - [Browser ERROR] Failed to load resource: net::ERR_FAILED
2025-12-30 00:35:49,538 - TikTok.TimeSeriesScraper - DEBUG - [Browser ERROR] Access to XMLHttpRequest at 'https://mon.tiktokv.com/monitor_web/settings/browser-settings?bid=webmssdk&store=1' from origin 'https://www.tiktok.com' has been blocked by CORS policy: Request header field upgrade-insecure-requests is not allowed by Access-Control-Allow-Headers in preflight response.
2025-12-30 00:35:49,541 - TikTok.TimeSeriesScraper - DEBUG - [Browser ERROR] Failed to load resource: net::ERR_FAILED
2025-12-30 00:35:49,855 - TikTok.TimeSeriesScraper - DEBUG - [Browser ERROR] Access to fetch at 'https://v16-web-newkey.tiktokcdn.com/4e89e369b19cdad7aa60a99a89955f46/6953105f/video/tos/maliva/tos-maliva-ve-0068c799-us/o0JopINEBz1Q6ASBwifRAPQFiimLC0BCn2JIuH/?a=1988&bti=bGRuZHxvMXIxcm53Zm1cYF9ebWFzaHFmOg%3D%3D&ch=0&cr=0&dr=0&er=0&cd=0%7C0%7C0%7C0&cv=1&br=3150&bt=1575&cs=0&ds=3&ft=JE3-IDHhNF6VQZqG0mq-sdPNrxXqYl3E5F5~hWLrK&mime_type=video_mp4&qs=0&rc=ZmQ6M2RkOzw8NjY3NTYzaEBpajRoNXA5cjluODMzZzczNEAyMl40NDYuXy4xLi9iMmAyYSMxMXJnMmRzZDBhLS1kMS9zcw%3D%3D&vvpl=1&l=2025123001354977650B67A1EFC80974C7&btag=e000b0000' (redirected from 'https://www.tiktok.com/aweme/v1/play/?faid=1988&file_id=5ec053e224134319b9189a7a70a75a5c&is_play_url=1&item_id=7586112300378033422&line=0&signaturev3=dmlkZW9faWQ7ZmlsZV9pZDtpdGVtX2lkLjIzOTY3NjU3N2VhOTMzMzVhZjZlNzdjNGJiMjVmZDY1&video_id=v12044gd0000d53kg6vog65mj2ue414g') from origin 'https://www.tiktok.com' has been blocked by CORS policy: Request header field upgrade-insecure-requests is not allowed by Access-Control-Allow-Headers in preflight response.
2025-12-30 00:35:49,856 - TikTok.TimeSeriesScraper - DEBUG - [Browser ERROR] Failed to load resource: net::ERR_FAILED
2025-12-30 00:35:49,856 - TikTok.TimeSeriesScraper - DEBUG - [Browser ERROR] [00:03.030][error][demux.fetch](6) TypeError: Failed to fetch
    at I (https://sf16-website-login.neutral.ttwstatic.com/obj/tiktok_web_login_static/tiktok_privacy_protection_framework/loader/1.0.0.927/index.js:4:74444)
    at window.fetch (https://sf16-website-login.neutral.ttwstatic.com/obj/tiktok_web_login_static/tiktok_privacy_protection_framework/loader/1.0.0.927/index.js:4:74530)
    at https://sf16-website-login.neutral.ttwstatic.com/obj/tiktok_web_login_static/slardar/fe/sdk-web/browser.sg.js?bid=tiktok_webapp&globalName=SlardarClient:1:15616
    at o (https://sf16-website-login.neutral.ttwstatic.com/obj/tiktok_web_login_static/slardar/fe/sdk-web/browser.sg.js?bid=tiktok_webapp&globalName=SlardarClient:1:3178)
    at window.fetch (https://sf16-website-login.neutral.ttwstatic.com/obj/tiktok_web_login_static/secsdk/secsdk-lastest.umd.js:5211:40)
    at Array.d (https://sf16-website-login.neutral.ttwstatic.com/obj/tiktok_web_login_static/webmssdk/1.0.0.328/webmssdk.js:1:124784)
    at S (https://sf16-website-login.neutral.ttwstatic.com/obj/tiktok_web_login_static/webmssdk/1.0.0.328/webmssdk.js:1:226826)
    at https://sf16-website-login.neutral.ttwstatic.com/obj/tiktok_web_login_static/webmssdk/1.0.0.328/webmssdk.js:1:135236
    at D.__splitFetch (https://sf16-website-login.neutral.ttwstatic.com/obj/tiktok_web_login_static/tiktok/webapp/main/landing-opt/webapp-desktop/static/js/async/54690.7856583b.js:11:41253)
    at D.loadRange (https://sf16-website-login.neutral.ttwstatic.com/obj/tiktok_web_login_static/tiktok/webapp/main/landing-opt/webapp-desktop/static/js/async/54690.7856583b.js:11:43786)
2025-12-30 00:35:49,859 - TikTok.TimeSeriesScraper - DEBUG - [Browser WARNING] [00:03.033][warn][controller](1) AbortError: The play() request was interrupted by a new load request. https://goo.gl/LdLk22
2025-12-30 00:35:49,860 - TikTok.TimeSeriesScraper - DEBUG - [Browser WARNING] [00:03.033][warn][controller](1) AbortError: The play() request was interrupted by a new load request. https://goo.gl/LdLk22
2025-12-30 00:35:50,550 - TikTok.TimeSeriesScraper - DEBUG - [Browser ERROR] Access to XMLHttpRequest at 'https://mssdk-sg.tiktok.com/web/resource?eq=HPTe2jViXvaf8lovYePz1xicthjnSknPoaVFMJACplI6fF4kBZabhQoC1DZaa8T4sgY4N6VLlFXlDE==' from origin 'https://www.tiktok.com' has been blocked by CORS policy: Request header field upgrade-insecure-requests is not allowed by Access-Control-Allow-Headers in preflight response.
2025-12-30 00:35:50,551 - TikTok.TimeSeriesScraper - DEBUG - [Browser ERROR] Failed to load resource: net::ERR_FAILED
2025-12-30 00:35:51,021 - TikTok.TimeSeriesScraper - INFO - ✓ Browser ready!
2025-12-30 00:35:51,021 - TikTok.TimeSeriesScraper - INFO - ======================================================================
2025-12-30 00:35:51,021 - Crawler - INFO - 
[1/2] Processing: phuongmychiofficial
2025-12-30 00:35:51,021 - TikTok.TimeSeriesScraper - INFO - Starting time series scrape for @phuongmychiofficial
2025-12-30 00:35:51,021 - TikTok.TimeSeriesScraper - INFO - Using milestone: 2025-12-28 14:00:00
2025-12-30 00:35:51,021 - TikTok.TimeSeriesScraper - INFO - Date range: 2025-12-28 to 2025-12-30
2025-12-30 00:35:51,021 - TikTok.TimeSeriesScraper - INFO - Using milestone datetime: 2025-12-28 14:00:00
2025-12-30 00:35:51,022 - TikTok.TimeSeriesScraper - INFO - Navigating to @phuongmychiofficial...
2025-12-30 00:35:51,871 - TikTok.TimeSeriesScraper - DEBUG - [Browser WARNING] Reflect is already polyfilled.
2025-12-30 00:35:51,904 - TikTok.TimeSeriesScraper - DEBUG - [Browser WARNING] AppContext will be overwritten
2025-12-30 00:35:51,905 - TikTok.TimeSeriesScraper - DEBUG - [Browser WARNING] AppContext will be overwritten
2025-12-30 00:35:51,905 - TikTok.TimeSeriesScraper - DEBUG - [Browser WARNING] AppContext will be overwritten
2025-12-30 00:35:51,906 - TikTok.TimeSeriesScraper - DEBUG - [Browser WARNING] AppContext will be overwritten
2025-12-30 00:35:51,907 - TikTok.TimeSeriesScraper - DEBUG - [Browser WARNING] AppContext will be overwritten
2025-12-30 00:35:51,907 - TikTok.TimeSeriesScraper - DEBUG - [Browser WARNING] AppContext will be overwritten
2025-12-30 00:35:51,908 - TikTok.TimeSeriesScraper - DEBUG - [Browser WARNING] AppContext will be overwritten
2025-12-30 00:35:51,909 - TikTok.TimeSeriesScraper - DEBUG - [Browser WARNING] AppContext will be overwritten
2025-12-30 00:35:51,919 - TikTok.TimeSeriesScraper - DEBUG - [Browser WARNING] AppContext will be overwritten
2025-12-30 00:35:51,922 - TikTok.TimeSeriesScraper - DEBUG - [Browser WARNING] AppContext will be overwritten
2025-12-30 00:35:51,922 - TikTok.TimeSeriesScraper - DEBUG - [Browser WARNING] loadable: `loadableReady()` requires state, please use `getScriptTags` or `getScriptElements` server-side
2025-12-30 00:35:52,059 - TikTok.TimeSeriesScraper - DEBUG - [Browser ERROR] Error: Unable to determine theme from timezone. Falling back to local time-based method. Error: Timezone "Asia/Saigon" not found
    at w (https://sf16-website-login.neutral.ttwstatic.com/obj/tiktok_web_login_static/tiktok/webapp/main/landing-opt/webapp-desktop/static/js/93271.43d8d1c9.js:2:102006)
    at x (https://sf16-website-login.neutral.ttwstatic.com/obj/tiktok_web_login_static/tiktok/webapp/main/landing-opt/webapp-desktop/static/js/webapp-desktop.02006c2b.js:1:150765)
    at https://sf16-website-login.neutral.ttwstatic.com/obj/tiktok_web_login_static/tiktok/webapp/main/landing-opt/webapp-desktop/static/js/webapp-desktop.02006c2b.js:1:152027
    at lI (https://sf16-website-login.neutral.ttwstatic.com/obj/tiktok_web_login_static/tiktok/webapp/main/landing-opt/webapp-desktop/static/js/npm-react.c57fe319.js:2:165676)
    at iU (https://sf16-website-login.neutral.ttwstatic.com/obj/tiktok_web_login_static/tiktok/webapp/main/landing-opt/webapp-desktop/static/js/npm-react.c57fe319.js:2:194669)
    at iT (https://sf16-website-login.neutral.ttwstatic.com/obj/tiktok_web_login_static/tiktok/webapp/main/landing-opt/webapp-desktop/static/js/npm-react.c57fe319.js:2:177525)
    at r6 (https://sf16-website-login.neutral.ttwstatic.com/obj/tiktok_web_login_static/tiktok/webapp/main/landing-opt/webapp-desktop/static/js/npm-react.c57fe319.js:2:126479)
    at https://sf16-website-login.neutral.ttwstatic.com/obj/tiktok_web_login_static/tiktok/webapp/main/landing-opt/webapp-desktop/static/js/npm-react.c57fe319.js:2:193115
    at i$ (https://sf16-website-login.neutral.ttwstatic.com/obj/tiktok_web_login_static/tiktok/webapp/main/landing-opt/webapp-desktop/static/js/npm-react.c57fe319.js:2:193121)
    at iE (https://sf16-website-login.neutral.ttwstatic.com/obj/tiktok_web_login_static/tiktok/webapp/main/landing-opt/webapp-desktop/static/js/npm-react.c57fe319.js:2:176528)
2025-12-30 00:35:52,090 - TikTok.TimeSeriesScraper - DEBUG - [Browser ERROR] Access to XMLHttpRequest at 'https://mon.tiktokv.com/monitor_web/settings/browser-settings?bid=webmssdk&store=1' from origin 'https://www.tiktok.com' has been blocked by CORS policy: Request header field upgrade-insecure-requests is not allowed by Access-Control-Allow-Headers in preflight response.
2025-12-30 00:35:52,091 - TikTok.TimeSeriesScraper - DEBUG - [Browser ERROR] Failed to load resource: net::ERR_FAILED
2025-12-30 00:35:52,119 - TikTok.TimeSeriesScraper - DEBUG - [Browser ERROR] Access to XMLHttpRequest at 'https://libraweb-sg.tiktok.com/service/2/abtest_config/' from origin 'https://www.tiktok.com' has been blocked by CORS policy: Request header field upgrade-insecure-requests is not allowed by Access-Control-Allow-Headers in preflight response.
2025-12-30 00:35:52,123 - TikTok.TimeSeriesScraper - DEBUG - [Browser ERROR] Failed to load resource: net::ERR_FAILED
2025-12-30 00:35:52,538 - TikTok.TimeSeriesScraper - DEBUG - [Browser ERROR] Access to XMLHttpRequest at 'https://mon.tiktokv.com/monitor_web/settings/browser-settings?bid=pns_communication_service&store=1' from origin 'https://www.tiktok.com' has been blocked by CORS policy: Request header field upgrade-insecure-requests is not allowed by Access-Control-Allow-Headers in preflight response.
2025-12-30 00:35:52,546 - TikTok.TimeSeriesScraper - DEBUG - [Browser ERROR] Failed to load resource: net::ERR_FAILED
2025-12-30 00:35:53,259 - TikTok.TimeSeriesScraper - DEBUG - Intercepted API response: https://www.tiktok.com/api/post/item_list/?WebIdLastTime=1767029747&aid=1988&app_language=en&app_nam
2025-12-30 00:35:53,377 - TikTok.TimeSeriesScraper - DEBUG - [Browser ERROR] Access to XMLHttpRequest at 'https://mon.tiktokv.com/monitor_web/settings/browser-settings?bid=tiktok_webapp&store=1' from origin 'https://www.tiktok.com' has been blocked by CORS policy: Request header field upgrade-insecure-requests is not allowed by Access-Control-Allow-Headers in preflight response.
2025-12-30 00:35:53,382 - TikTok.TimeSeriesScraper - DEBUG - [Browser ERROR] Failed to load resource: net::ERR_FAILED
2025-12-30 00:35:53,502 - TikTok.TimeSeriesScraper - DEBUG - [Browser ERROR] Access to XMLHttpRequest at 'https://mssdk-sg.tiktok.com/web/resource?eq=vFftIRrFZqF-ri81rRcJ-TrlshtONOv4gQzoPBv6Is0gkbJmrxz-3spaGtk0xdtj/cPyzbhyeQkZy7fAj5uQi-repki5AMf=' from origin 'https://www.tiktok.com' has been blocked by CORS policy: Request header field upgrade-insecure-requests is not allowed by Access-Control-Allow-Headers in preflight response.
2025-12-30 00:35:53,504 - TikTok.TimeSeriesScraper - DEBUG - [Browser ERROR] Failed to load resource: net::ERR_FAILED
2025-12-30 00:35:53,685 - TikTok.TimeSeriesScraper - DEBUG - [Browser ERROR] Access to fetch at 'https://v16-webapp-prime.tiktok.com/video/tos/alisg/tos-alisg-pve-0037/oUtlfADhUpaBRFVNoS83RQQCgIAFBIuEEneaEs/?a=1988&bti=ODszNWYuMDE6&ch=0&cr=3&dr=0&lr=all&cd=0%7C0%7C0%7C&cv=1&br=2246&bt=1123&cs=0&ds=6&ft=-Csk_m7nPD12NAB50d-UxQw2NY6e3wv25ucAp&mime_type=video_mp4&qs=0&rc=aDtkNzdoZTc1ODw6ZDc2NUBpM3ZwNXg5cnd0NTMzODgzNEAwXmFjYTNeNjAxLzNiMGM2YSNebS42MmRzNS9hLS1kLy1zcw%3D%3D&btag=e00088000&expire=1767202585&l=2025123001355100A401F649C2370C04C0&ply_type=2&policy=2&signature=35ba22e1774d41d63cb228477efe0a65&tk=tt_chain_token' from origin 'https://www.tiktok.com' has been blocked by CORS policy: Request header field upgrade-insecure-requests is not allowed by Access-Control-Allow-Headers in preflight response.
2025-12-30 00:35:53,686 - TikTok.TimeSeriesScraper - DEBUG - [Browser ERROR] Failed to load resource: net::ERR_FAILED
2025-12-30 00:35:53,686 - TikTok.TimeSeriesScraper - DEBUG - [Browser WARNING] [00:02.608][warn][demux.fetch](6) TypeError: Failed to fetch
    at Array.d (https://sf16-website-login.neutral.ttwstatic.com/obj/tiktok_web_login_static/webmssdk/1.0.0.328/webmssdk.js:1:124784)
    at S (https://sf16-website-login.neutral.ttwstatic.com/obj/tiktok_web_login_static/webmssdk/1.0.0.328/webmssdk.js:1:226826)
    at https://sf16-website-login.neutral.ttwstatic.com/obj/tiktok_web_login_static/webmssdk/1.0.0.328/webmssdk.js:1:135236
    at https://sf16-website-login.neutral.ttwstatic.com/obj/tiktok_web_login_static/webmssdk/1.0.0.328/webmssdk.js:1:29708
    at v (https://sf16-website-login.neutral.ttwstatic.com/obj/tiktok_web_login_static/webmssdk/1.0.0.328/webmssdk.js:1:19365)
    at I (https://sf16-website-login.neutral.ttwstatic.com/obj/tiktok_web_login_static/tiktok_privacy_protection_framework/loader/1.0.0.927/index.js:4:74444)
    at window.fetch (https://sf16-website-login.neutral.ttwstatic.com/obj/tiktok_web_login_static/tiktok_privacy_protection_framework/loader/1.0.0.927/index.js:4:74530)
    at window.fetch (https://sf16-website-login.neutral.ttwstatic.com/obj/tiktok_web_login_static/secsdk/secsdk-lastest.umd.js:5211:40)
    at D.__splitFetch (https://sf16-website-login.neutral.ttwstatic.com/obj/tiktok_web_login_static/tiktok/webapp/main/landing-opt/webapp-desktop/static/js/async/54690.7856583b.js:11:41253)
    at D.loadRange (https://sf16-website-login.neutral.ttwstatic.com/obj/tiktok_web_login_static/tiktok/webapp/main/landing-opt/webapp-desktop/static/js/async/54690.7856583b.js:11:43786)
2025-12-30 00:35:54,051 - TikTok.TimeSeriesScraper - DEBUG - [Browser ERROR] Access to fetch at 'https://v19-webapp-prime.tiktok.com/video/tos/alisg/tos-alisg-pve-0037/oUtlfADhUpaBRFVNoS83RQQCgIAFBIuEEneaEs/?a=1988&bti=ODszNWYuMDE6&ch=0&cr=3&dr=0&lr=all&cd=0%7C0%7C0%7C&cv=1&br=2246&bt=1123&cs=0&ds=6&ft=-Csk_m7nPD12NAB50d-UxQw2NY6e3wv25ucAp&mime_type=video_mp4&qs=0&rc=aDtkNzdoZTc1ODw6ZDc2NUBpM3ZwNXg5cnd0NTMzODgzNEAwXmFjYTNeNjAxLzNiMGM2YSNebS42MmRzNS9hLS1kLy1zcw%3D%3D&btag=e00088000&expire=1767202585&l=2025123001355100A401F649C2370C04C0&ply_type=2&policy=2&signature=35ba22e1774d41d63cb228477efe0a65&tk=tt_chain_token' from origin 'https://www.tiktok.com' has been blocked by CORS policy: Response to preflight request doesn't pass access control check: It does not have HTTP ok status.
2025-12-30 00:35:54,053 - TikTok.TimeSeriesScraper - DEBUG - [Browser ERROR] Failed to load resource: net::ERR_FAILED
2025-12-30 00:35:54,054 - TikTok.TimeSeriesScraper - DEBUG - [Browser WARNING] [00:03.009][warn][demux.fetch](6) TypeError: Failed to fetch
    at Array.d (https://sf16-website-login.neutral.ttwstatic.com/obj/tiktok_web_login_static/webmssdk/1.0.0.328/webmssdk.js:1:124784)
    at S (https://sf16-website-login.neutral.ttwstatic.com/obj/tiktok_web_login_static/webmssdk/1.0.0.328/webmssdk.js:1:226826)
    at https://sf16-website-login.neutral.ttwstatic.com/obj/tiktok_web_login_static/webmssdk/1.0.0.328/webmssdk.js:1:135236
    at https://sf16-website-login.neutral.ttwstatic.com/obj/tiktok_web_login_static/webmssdk/1.0.0.328/webmssdk.js:1:29708
    at v (https://sf16-website-login.neutral.ttwstatic.com/obj/tiktok_web_login_static/webmssdk/1.0.0.328/webmssdk.js:1:19365)
    at I (https://sf16-website-login.neutral.ttwstatic.com/obj/tiktok_web_login_static/tiktok_privacy_protection_framework/loader/1.0.0.927/index.js:4:74444)
    at window.fetch (https://sf16-website-login.neutral.ttwstatic.com/obj/tiktok_web_login_static/tiktok_privacy_protection_framework/loader/1.0.0.927/index.js:4:74530)
    at window.fetch (https://sf16-website-login.neutral.ttwstatic.com/obj/tiktok_web_login_static/secsdk/secsdk-lastest.umd.js:5211:40)
    at D.__splitFetch (https://sf16-website-login.neutral.ttwstatic.com/obj/tiktok_web_login_static/tiktok/webapp/main/landing-opt/webapp-desktop/static/js/async/54690.7856583b.js:11:41253)
    at D.loadRange (https://sf16-website-login.neutral.ttwstatic.com/obj/tiktok_web_login_static/tiktok/webapp/main/landing-opt/webapp-desktop/static/js/async/54690.7856583b.js:11:43786)
2025-12-30 00:35:54,446 - TikTok.TimeSeriesScraper - DEBUG - [Browser ERROR] Access to fetch at 'https://v16-webapp-prime.tiktok.com/video/tos/alisg/tos-alisg-pve-0037/oUtlfADhUpaBRFVNoS83RQQCgIAFBIuEEneaEs/?a=1988&bti=bGRuZHxvMXIxcm53Zm1cYF9ebWFzaHFmOg%3D%3D&ch=0&cr=0&dr=0&er=0&cd=0%7C0%7C0%7C0&cv=1&br=2246&bt=1123&cs=0&ds=6&ft=7S~-gDHhNF6VQZqG0mq-sdWNrxXqYl3E5F5~hWLrK&mime_type=video_mp4&qs=0&rc=aDtkNzdoZTc1ODw6ZDc2NUBpM3ZwNXg5cnd0NTMzODgzNEAwXmFjYTNeNjAxLzNiMGM2YSNebS42MmRzNS9hLS1kLy1zcw%3D%3D&btag=e00088000&expire=1767051387&l=202512300135544ED1041962E31916D9E7&ply_type=2&policy=2&signature=32fe0b6ebd2be91dda654078075e0498&tk=tt_chain_token' (redirected from 'https://www.tiktok.com/aweme/v1/play/?faid=1988&file_id=92f334ea6729453294ab6ed4f4daa83e&is_play_url=1&item_id=7531607103568416016&line=0&ply_type=2&signaturev3=dmlkZW9faWQ7ZmlsZV9pZDtpdGVtX2lkLmRmOTE1MjE2YTJjZjFkYmVkZjdlNzAxZWNkODYxYWNk&tk=tt_chain_token&video_id=v10025g50000d22q8tvog65u921mpsa0') from origin 'https://www.tiktok.com' has been blocked by CORS policy: Request header field upgrade-insecure-requests is not allowed by Access-Control-Allow-Headers in preflight response.
2025-12-30 00:35:54,446 - TikTok.TimeSeriesScraper - DEBUG - [Browser ERROR] Failed to load resource: net::ERR_FAILED
2025-12-30 00:35:54,450 - TikTok.TimeSeriesScraper - DEBUG - [Browser ERROR] [00:03.403][error][demux.fetch](6) TypeError: Failed to fetch
    at Array.d (https://sf16-website-login.neutral.ttwstatic.com/obj/tiktok_web_login_static/webmssdk/1.0.0.328/webmssdk.js:1:124784)
    at S (https://sf16-website-login.neutral.ttwstatic.com/obj/tiktok_web_login_static/webmssdk/1.0.0.328/webmssdk.js:1:226826)
    at https://sf16-website-login.neutral.ttwstatic.com/obj/tiktok_web_login_static/webmssdk/1.0.0.328/webmssdk.js:1:135236
    at https://sf16-website-login.neutral.ttwstatic.com/obj/tiktok_web_login_static/webmssdk/1.0.0.328/webmssdk.js:1:29708
    at v (https://sf16-website-login.neutral.ttwstatic.com/obj/tiktok_web_login_static/webmssdk/1.0.0.328/webmssdk.js:1:19365)
    at I (https://sf16-website-login.neutral.ttwstatic.com/obj/tiktok_web_login_static/tiktok_privacy_protection_framework/loader/1.0.0.927/index.js:4:74444)
    at window.fetch (https://sf16-website-login.neutral.ttwstatic.com/obj/tiktok_web_login_static/tiktok_privacy_protection_framework/loader/1.0.0.927/index.js:4:74530)
    at window.fetch (https://sf16-website-login.neutral.ttwstatic.com/obj/tiktok_web_login_static/secsdk/secsdk-lastest.umd.js:5211:40)
    at D.__splitFetch (https://sf16-website-login.neutral.ttwstatic.com/obj/tiktok_web_login_static/tiktok/webapp/main/landing-opt/webapp-desktop/static/js/async/54690.7856583b.js:11:41253)
    at D.loadRange (https://sf16-website-login.neutral.ttwstatic.com/obj/tiktok_web_login_static/tiktok/webapp/main/landing-opt/webapp-desktop/static/js/async/54690.7856583b.js:11:43786)
2025-12-30 00:35:54,456 - TikTok.TimeSeriesScraper - DEBUG - [Browser WARNING] [00:03.406][warn][controller](1) AbortError: The play() request was interrupted by a new load request. https://goo.gl/LdLk22
2025-12-30 00:35:54,457 - TikTok.TimeSeriesScraper - DEBUG - [Browser WARNING] [00:03.406][warn][controller](1) AbortError: The play() request was interrupted by a new load request. https://goo.gl/LdLk22
2025-12-30 00:35:55,463 - TikTok.TimeSeriesScraper - DEBUG - [Browser WARNING] [i18n] missing key [en] Webapp Close_button Close_button
2025-12-30 00:35:56,017 - TikTok.TimeSeriesScraper - DEBUG - [Browser ERROR] Access to XMLHttpRequest at 'https://starling-sg.tiktokv.com/check_and_get_text/5dc26cf008d511e9b571e1bc0c9e23b5/normal/WebApp_Login?lang=en,zh' from origin 'https://www.tiktok.com' has been blocked by CORS policy: Response to preflight request doesn't pass access control check: No 'Access-Control-Allow-Origin' header is present on the requested resource.
2025-12-30 00:35:56,023 - TikTok.TimeSeriesScraper - DEBUG - [Browser ERROR] [I18nContext] load starling error Error: Network Error
    at new t (https://sf16-website-login.neutral.ttwstatic.com/obj/tiktok_web_login_static/tiktok/webapp/main/landing-opt/webapp-desktop/static/js/i18n.04d6df56.js:2:15704)
    at i.onerror (https://sf16-website-login.neutral.ttwstatic.com/obj/tiktok_web_login_static/tiktok/webapp/main/landing-opt/webapp-desktop/static/js/i18n.04d6df56.js:2:16589)
2025-12-30 00:35:56,024 - TikTok.TimeSeriesScraper - DEBUG - [Browser ERROR] Failed to load resource: net::ERR_FAILED
2025-12-30 00:35:56,025 - TikTok.TimeSeriesScraper - DEBUG - [Browser ERROR] Access to XMLHttpRequest at 'https://starling-sg.tiktokv.com/check_and_get_text/2e1fcc60aeaa11e99ef535aeebd27c9b/normal/account_server?lang=en,zh' from origin 'https://www.tiktok.com' has been blocked by CORS policy: Response to preflight request doesn't pass access control check: No 'Access-Control-Allow-Origin' header is present on the requested resource.
2025-12-30 00:35:56,026 - TikTok.TimeSeriesScraper - DEBUG - [Browser ERROR] [I18nContext] load starling error Error: Network Error
    at new t (https://sf16-website-login.neutral.ttwstatic.com/obj/tiktok_web_login_static/tiktok/webapp/main/landing-opt/webapp-desktop/static/js/i18n.04d6df56.js:2:15704)
    at i.onerror (https://sf16-website-login.neutral.ttwstatic.com/obj/tiktok_web_login_static/tiktok/webapp/main/landing-opt/webapp-desktop/static/js/i18n.04d6df56.js:2:16589)
2025-12-30 00:35:56,034 - TikTok.TimeSeriesScraper - DEBUG - [Browser ERROR] Failed to load resource: net::ERR_FAILED
2025-12-30 00:35:56,036 - TikTok.TimeSeriesScraper - DEBUG - [Browser ERROR] Access to XMLHttpRequest at 'https://mon.tiktokv.com/monitor_browser/collect/batch/?biz_id=tiktok_webapp' from origin 'https://www.tiktok.com' has been blocked by CORS policy: Request header field upgrade-insecure-requests is not allowed by Access-Control-Allow-Headers in preflight response.
2025-12-30 00:35:56,038 - TikTok.TimeSeriesScraper - DEBUG - [Browser ERROR] Failed to load resource: net::ERR_FAILED
2025-12-30 00:35:56,041 - TikTok.TimeSeriesScraper - DEBUG - [Browser WARNING] [TikTok desktop app SDK Monitor]:   WARN:[printFirstFeedShow]The current environment is not inside the client.
2025-12-30 00:35:56,071 - TikTok.TimeSeriesScraper - DEBUG - [Browser ERROR] Access to XMLHttpRequest at 'https://mssdk-sg.tiktok.com/web/resource?eq=vFftIRrFZqF-ri81rRcJ-TrlshtONOv4gQzoPBv6Is0gkbJmrxz-3spaGtk0xdtj/cPyzbhyeQkZy7fAj5uQi-repki5AMf=' from origin 'https://www.tiktok.com' has been blocked by CORS policy: Request header field upgrade-insecure-requests is not allowed by Access-Control-Allow-Headers in preflight response.
2025-12-30 00:35:56,072 - TikTok.TimeSeriesScraper - DEBUG - [Browser ERROR] Failed to load resource: net::ERR_FAILED
2025-12-30 00:35:56,098 - TikTok.TimeSeriesScraper - DEBUG - [Browser ERROR] Access to fetch at 'https://webcast.tiktok.com/webcast/wallet_api_tiktok/recharge/check_external_entry?WebIdLastTime=1767029747&aid=1988&app_language=en&app_name=tiktok_web&browser_language=en-US&browser_name=Mozilla&browser_online=true&browser_platform=Win32&browser_version=5.0%20%28Windows%20NT%2010.0%3B%20Win64%3B%20x64%29%20AppleWebKit%2F537.36%20%28KHTML%2C%20like%20Gecko%29%20Chrome%2F143.0.0.0%20Safari%2F537.36&channel=tiktok_web&cookie_enabled=true&data_collection_enabled=false&device_id=7589334951049938439&device_platform=web_pc&focus_state=true&from_page=user&history_len=3&is_experiment_group=false&is_fullscreen=false&is_page_visible=true&odinId=7589334693318853650&os=windows&page_source=0&priority_region=&referer=&region=VN&screen_height=960&screen_width=1536&tz_name=Asia%2FSaigon&user_is_login=false&webcast_language=en&msToken=BkpI8FhRL-VVSh2XNETQELZhsIE6iq8nD7DmWwhCHdC1-pFyFXUU62A4BsoNp74jQTn4ad5RgIftRPZucdwnHFHKyZGfJsQ0zOXaaRNRMiia9gJuamXCuGb7yGqTfA==&X-Bogus=DFSzsIVOQjvANVlZCm2ebp8qkZwJ&X-Gnarly=MJ6LpZLidNWrvgyWXZ2UaZhRCS7d1D-mHL22K0g5xp3RloAxEn86YBVJfPNXWiOkOHF1bylyyXa/92apfUK5SN-sk4GCJvCi8SkREYWJTiZen6POnTSQPCSMEEJxDwDA7dnPA16-9MhmEZRp1ZCGaiWhO/vAaxJKc4RsAEw-lnEC0CE0bw0eJS-7kNvTqjLbDZGPA3zh3-3G/ohhzZ0kHgJrmPm9kEoL/5/bMUz5T0v5pUJykAtjjJSl-sWRxfv6iBiVyCpzNDoR6n4UViffZlPH2ieMsgti8vosXyX9bUEIQ0NG2X9UQo28q1UsctOe9tk=' from origin 'https://www.tiktok.com' has been blocked by CORS policy: Request header field upgrade-insecure-requests is not allowed by Access-Control-Allow-Headers in preflight response.
2025-12-30 00:35:56,099 - TikTok.TimeSeriesScraper - DEBUG - [Browser ERROR] Failed to load resource: net::ERR_FAILED
2025-12-30 00:35:56,100 - TikTok.TimeSeriesScraper - DEBUG - [Browser ERROR] Check show get coins entrance failed TypeError: Cannot read properties of undefined (reading 'data')
2025-12-30 00:35:56,642 - TikTok.TimeSeriesScraper - DEBUG - [Browser ERROR] Access to XMLHttpRequest at 'https://mon.tiktokv.com/monitor_web/settings/browser-settings?bid=pns_consent_system&store=1' from origin 'https://www.tiktok.com' has been blocked by CORS policy: Request header field upgrade-insecure-requests is not allowed by Access-Control-Allow-Headers in preflight response.
2025-12-30 00:35:56,643 - TikTok.TimeSeriesScraper - DEBUG - [Browser ERROR] Failed to load resource: net::ERR_FAILED
2025-12-30 00:35:56,646 - TikTok.TimeSeriesScraper - DEBUG - [Browser ERROR] Access to XMLHttpRequest at 'https://mon.tiktokv.com/monitor_web/settings/browser-settings?bid=pns_cookie_banner_slardar&store=1' from origin 'https://www.tiktok.com' has been blocked by CORS policy: Request header field upgrade-insecure-requests is not allowed by Access-Control-Allow-Headers in preflight response.
2025-12-30 00:35:56,647 - TikTok.TimeSeriesScraper - DEBUG - [Browser ERROR] Failed to load resource: net::ERR_FAILED
2025-12-30 00:35:57,036 - TikTok.TimeSeriesScraper - DEBUG - [Browser ERROR] [I18nContext] load starling error Error: Network Error
    at new t (https://sf16-website-login.neutral.ttwstatic.com/obj/tiktok_web_login_static/tiktok/webapp/main/landing-opt/webapp-desktop/static/js/i18n.04d6df56.js:2:15704)
    at i.onerror (https://sf16-website-login.neutral.ttwstatic.com/obj/tiktok_web_login_static/tiktok/webapp/main/landing-opt/webapp-desktop/static/js/i18n.04d6df56.js:2:16589)
2025-12-30 00:35:57,037 - TikTok.TimeSeriesScraper - DEBUG - [Browser ERROR] [I18nContext] load starling error Error: Network Error
    at new t (https://sf16-website-login.neutral.ttwstatic.com/obj/tiktok_web_login_static/tiktok/webapp/main/landing-opt/webapp-desktop/static/js/i18n.04d6df56.js:2:15704)
    at i.onerror (https://sf16-website-login.neutral.ttwstatic.com/obj/tiktok_web_login_static/tiktok/webapp/main/landing-opt/webapp-desktop/static/js/i18n.04d6df56.js:2:16589)
2025-12-30 00:35:57,552 - TikTok.TimeSeriesScraper - DEBUG - [Browser WARNING] [GSI_LOGGER]: Your client application uses one of the Google One Tap prompt UI status methods that may stop functioning when FedCM becomes mandatory. Refer to the migration guide to update your code accordingly and opt-in to FedCM to test your changes. Learn more: https://developers.google.com/identity/gsi/web/guides/fedcm-migration?s=dc#display_moment and https://developers.google.com/identity/gsi/web/guides/fedcm-migration?s=dc#skipped_moment
2025-12-30 00:35:57,929 - TikTok.TimeSeriesScraper - DEBUG - [Browser ERROR] Access to XMLHttpRequest at 'https://accounts.google.com/gsi/status?client_id=1096011445005-sdea0nf5jvj14eia93icpttv27cidkvk.apps.googleusercontent.com&cas=Ce3vtVvuW8yqP8uuiVLeWjnkXHUQfmjJLij3uVTqb2k&bs=LvrZcTuPkI1iSejz1xyX9Tj5NA%2FRvB6%2FdlN8%2Fj8qm88&has_opted_out_fedcm=false&is_itp=false' from origin 'https://www.tiktok.com' has been blocked by CORS policy: Response to preflight request doesn't pass access control check: No 'Access-Control-Allow-Origin' header is present on the requested resource.
2025-12-30 00:35:57,930 - TikTok.TimeSeriesScraper - DEBUG - [Browser ERROR] [GSI_LOGGER]: Check credential status returns invalid response.
2025-12-30 00:35:57,931 - TikTok.TimeSeriesScraper - DEBUG - [Browser ERROR] Failed to load resource: net::ERR_FAILED
2025-12-30 00:35:58,363 - TikTok.TimeSeriesScraper - DEBUG - [Browser ERROR] Access to XMLHttpRequest at 'https://mon.tiktokv.com/monitor_browser/collect/batch/?biz_id=tiktok_webapp' from origin 'https://www.tiktok.com' has been blocked by CORS policy: Request header field upgrade-insecure-requests is not allowed by Access-Control-Allow-Headers in preflight response.
2025-12-30 00:35:58,365 - TikTok.TimeSeriesScraper - DEBUG - [Browser ERROR] Failed to load resource: net::ERR_FAILED
2025-12-30 00:35:58,954 - TikTok.TimeSeriesScraper - DEBUG - Processing response with 38 items
2025-12-30 00:35:58,954 - TikTok.TimeSeriesScraper - DEBUG - Skipping pinned video: 7531607103568416016
2025-12-30 00:35:58,954 - TikTok.TimeSeriesScraper - DEBUG - Skipping pinned video: 7528400600875257095
2025-12-30 00:35:58,954 - TikTok.TimeSeriesScraper - DEBUG - Skipping pinned video: 7226346908309130502
2025-12-30 00:35:58,954 - TikTok.TimeSeriesScraper - DEBUG - Added video 7589275369362967826 from 2025-12-29T20:44:33
2025-12-30 00:35:58,954 - TikTok.TimeSeriesScraper - DEBUG - Added video 7589186532024634642 from 2025-12-29T14:59:53
2025-12-30 00:35:58,954 - TikTok.TimeSeriesScraper - DEBUG - Added video 7588911912805698824 from 2025-12-28T21:14:10
2025-12-30 00:35:58,954 - TikTok.TimeSeriesScraper - INFO - Found video before milestone: 7588377004890770706 from 2025-12-27T10:38:32. Stopping scroll.
2025-12-30 00:35:58,954 - TikTok.TimeSeriesScraper - INFO - Stopped at milestone. Total videos collected: 3
2025-12-30 00:35:58,954 - TikTok.TimeSeriesScraper - INFO - Total videos fetched: 3
2025-12-30 00:35:58,955 - TikTok.TimeSeriesScraper - INFO - Fetched 3 videos
2025-12-30 00:35:58,955 - TikTok.TimeSeriesScraper - INFO - Saved 3 videos to data/profiles/list32_20251230_003544/phuongmychiofficial/videos_raw_20251230_003558.json
2025-12-30 00:35:58,955 - TikTok.TimeSeriesScraper - INFO - Saved time series to data/profiles/list32_20251230_003544/phuongmychiofficial/time_series_20251230_003558.json
2025-12-30 00:35:58,956 - TikTok.TimeSeriesScraper - INFO - Saved CSV to data/profiles/list32_20251230_003544/phuongmychiofficial/time_series_20251230_003558.csv
2025-12-30 00:35:58,957 - TikTok.TimeSeriesScraper - INFO - Saved summary to data/profiles/list32_20251230_003544/phuongmychiofficial/summary_20251230_003558.json
2025-12-30 00:35:58,957 - Crawler - INFO -   ✓ Success: 0 videos, 0 days/periods
2025-12-30 00:35:58,957 - Crawler - INFO - 
[2/2] Processing: ising52hz
2025-12-30 00:35:59,401 - TikTok.TimeSeriesScraper - DEBUG - [Browser ERROR] Access to fetch at 'https://mon.tiktokv.com/monitor_browser/collect/batch/?bid=tiktok_pns_web_runtime' from origin 'https://www.tiktok.com' has been blocked by CORS policy: Request header field upgrade-insecure-requests is not allowed by Access-Control-Allow-Headers in preflight response.
2025-12-30 00:35:59,402 - TikTok.TimeSeriesScraper - DEBUG - [Browser ERROR] Failed to load resource: net::ERR_FAILED
2025-12-30 00:35:59,682 - TikTok.TimeSeriesScraper - DEBUG - [Browser ERROR] Access to XMLHttpRequest at 'https://mon.tiktokv.com/monitor_browser/collect/batch/?biz_id=tiktok_webapp' from origin 'https://www.tiktok.com' has been blocked by CORS policy: Request header field upgrade-insecure-requests is not allowed by Access-Control-Allow-Headers in preflight response.
2025-12-30 00:35:59,683 - TikTok.TimeSeriesScraper - DEBUG - [Browser ERROR] Failed to load resource: net::ERR_FAILED
2025-12-30 00:35:59,938 - TikTok.TimeSeriesScraper - DEBUG - [Browser ERROR] Access to XMLHttpRequest at 'https://mssdk-sg.tiktok.com/web/report?msToken=H5-E1zWzXTlITITT2BQN4ub9H8lpFWpp3IAURSV5czGWJ1oS5VHNvfTyJkNRDyS1mMTypI7-LQgzzzd4AcctKlvGh-n4p9aIuqgKewYs7zyKZa3SjPGefdkxH09AiQ==&X-Bogus=DFSzsIVOOz-r/RlZCm2eLp8qkZ3t&X-Gnarly=M/nhW6kGKjELGmAJEYZxIZHzaI-ZxRVCG4PpzVDLa3B4plRAUoqgXd-3Ha1r9WL/jMcqdhzjnj1YMp4bNmPwajxwgLXOMzRDXx91QkPAFJfHAIs0fA4NMk5FBoz8uUvR-Zk8I7Bwp3kEZR2QKoFMdsufAkA-TvdMJZbVJQ-HHWNkgOpGS8LWo9AYETICw4htV4/AjHgg2qtjs2r-Sx/TuB2BJmZkKpYwaP8/u0OjmH4s/NMUf4EW/hdYbT6FDxS2iP7sBGqSmwyHbhIuAYQmQB4n/Vl-TAxfy-ZPLmStvgmL0DYgVk6DOhKrMYlkf/BWw5n=' from origin 'https://www.tiktok.com' has been blocked by CORS policy: Request header field upgrade-insecure-requests is not allowed by Access-Control-Allow-Headers in preflight response.
2025-12-30 00:35:59,954 - TikTok.TimeSeriesScraper - DEBUG - [Browser ERROR] Failed to load resource: net::ERR_FAILED
2025-12-30 00:36:00,051 - TikTok.TimeSeriesScraper - DEBUG - [Browser ERROR] Access to XMLHttpRequest at 'https://mssdk-sg.tiktok.com/web/report?msToken=H5-E1zWzXTlITITT2BQN4ub9H8lpFWpp3IAURSV5czGWJ1oS5VHNvfTyJkNRDyS1mMTypI7-LQgzzzd4AcctKlvGh-n4p9aIuqgKewYs7zyKZa3SjPGefdkxH09AiQ==&X-Bogus=DFSzsIVOOz-qOYlZCm2eLp8qkZvc&X-Gnarly=MJ44pmbDkLUHv5bFy8r5DV2cW-sUIU81A74SFts5B2p3fNXEYCzHvwy353zpUI9GiVJeFBAvU3ehJEFFtKA09tTPxO2il0abA9RRl4Nf1Z6URX5FU5gVEvmWaU6R-asYz6pdTcucM-w8zOT/-2Qs4xvoM4uwHh-ANlChgQ0u-ggN6hIiRXFstkbz5Ej3A5ZGtTrhu6ZPBqDGtMb2B4a/tYdsu1GznGG1S/S2ibU-e-fX-sDnRT40jF7dxtT0um4aNS-3MVtxGnhxcFVUARHVQbhzMKKd8cqoPUUG4lvdbqwAJeOYMeueZi/PH4ha8ohc/0v=' from origin 'https://www.tiktok.com' has been blocked by CORS policy: Request header field upgrade-insecure-requests is not allowed by Access-Control-Allow-Headers in preflight response.
2025-12-30 00:36:00,068 - TikTok.TimeSeriesScraper - DEBUG - [Browser ERROR] Failed to load resource: net::ERR_FAILED
2025-12-30 00:36:00,100 - TikTok.TimeSeriesScraper - DEBUG - [Browser ERROR] Access to XMLHttpRequest at 'https://mssdk-sg.tiktok.com/web/common?msToken=H5-E1zWzXTlITITT2BQN4ub9H8lpFWpp3IAURSV5czGWJ1oS5VHNvfTyJkNRDyS1mMTypI7-LQgzzzd4AcctKlvGh-n4p9aIuqgKewYs7zyKZa3SjPGefdkxH09AiQ==&X-Bogus=DFSzsIVOOz-r/RlZCm2eLp8qkZ3t&X-Gnarly=MCbyIcGB0dXrOQBQvwWHn19lmvqlWKP83eAXlD//9jy1A6eVuXljej-w0ZiWtOSpFj1/WCHY109KxCTTtz8nUs-1Hu8fsjQjANU1E9qD06KkNALrQx/y2mJGlYk1ZT/y-yYQMNYmvX6P7QWCG4FAQxmDFpc5Fl2MkUFAbpjAGzD-T9SCfwDtROIji8cwFK017Fhsau8cUqlB740XjCdjT0BXZTaUEXwjE9d1xkTPvnwEV0xvzIhfvvD/x79CxyaWF-7NCWscj4G7tw0heRdnWgC2HbAK38TJjaEW7CJZ-0To6rHJ77txHSb9czKB2aUN8Jw=' from origin 'https://www.tiktok.com' has been blocked by CORS policy: Request header field upgrade-insecure-requests is not allowed by Access-Control-Allow-Headers in preflight response.
2025-12-30 00:36:00,100 - TikTok.TimeSeriesScraper - DEBUG - [Browser ERROR] Failed to load resource: net::ERR_FAILED
2025-12-30 00:36:00,172 - TikTok.TimeSeriesScraper - DEBUG - [Browser ERROR] Access to XMLHttpRequest at 'https://mssdk-sg.tiktok.com/web/resource?eq=vFftIRrFZqF-ri81rRcJ-TrlshtONOv4gQzoPBv6Is0gkbJmrxz-3spaGtk0xdtj/cPyzbhyeQkZy7fAj5uQi-repki5AMf=' from origin 'https://www.tiktok.com' has been blocked by CORS policy: Request header field upgrade-insecure-requests is not allowed by Access-Control-Allow-Headers in preflight response.
2025-12-30 00:36:00,173 - TikTok.TimeSeriesScraper - DEBUG - [Browser ERROR] Failed to load resource: net::ERR_FAILED
2025-12-30 00:36:00,185 - TikTok.TimeSeriesScraper - DEBUG - [Browser ERROR] Access to XMLHttpRequest at 'https://mssdk-sg.tiktok.com/web/common?msToken=H5-E1zWzXTlITITT2BQN4ub9H8lpFWpp3IAURSV5czGWJ1oS5VHNvfTyJkNRDyS1mMTypI7-LQgzzzd4AcctKlvGh-n4p9aIuqgKewYs7zyKZa3SjPGefdkxH09AiQ==&X-Bogus=DFSzsIVOOz-qOYlZCm2V-r8qkZwd&X-Gnarly=MFWTjCDLDJp3928bhHDZg2WZEngR-EgOm1WgPMXsw55WGYqSy8p9ahuHES6DqdURSLevzP19sjauJr4X1tkCSmcupOHuo4FymFiXo79nEyyqn6xQ6EHVEvBl2QasoRV2Nsq5oAciMcLdo894bx47KIP5LjrEyFQdUntQlT3qfIvmD56RfgXeyxn3fW1JtxhexcEHUoxzqbfZczRQJLQ6QgMEAIMc44M3trHzZKvunR2K5a5rOG3DDAyWZl5cIeC-kIpJv4PCgOri9vblGcxGIC7fo4xHq3bCzEdVlK8wb-qGUe5hKgzJYy0x/4OIbqbr-Zk=' from origin 'https://www.tiktok.com' has been blocked by CORS policy: Request header field upgrade-insecure-requests is not allowed by Access-Control-Allow-Headers in preflight response.
2025-12-30 00:36:00,186 - TikTok.TimeSeriesScraper - DEBUG - [Browser ERROR] Failed to load resource: net::ERR_FAILED
2025-12-30 00:36:00,958 - TikTok.TimeSeriesScraper - INFO - Starting time series scrape for @ising52hz
2025-12-30 00:36:00,958 - TikTok.TimeSeriesScraper - INFO - Using milestone: 2025-12-28 14:00:00
2025-12-30 00:36:00,958 - TikTok.TimeSeriesScraper - INFO - Date range: 2025-12-28 to 2025-12-30
2025-12-30 00:36:00,958 - TikTok.TimeSeriesScraper - INFO - Using milestone datetime: 2025-12-28 14:00:00
2025-12-30 00:36:00,959 - TikTok.TimeSeriesScraper - INFO - Navigating to @ising52hz...
2025-12-30 00:36:01,025 - TikTok.TimeSeriesScraper - DEBUG - [Browser ERROR] Access to fetch at 'https://v16-webapp-prime.tiktok.com/video/tos/alisg/tos-alisg-pve-0037/oYfDRIgrZEfISnGVDkALN9yDgeAsQtICRAF6pA/?a=1988&bti=ODszNWYuMDE6&ch=0&cr=3&dr=0&lr=all&cd=0%7C0%7C0%7C&cv=1&br=2524&bt=1262&cs=0&ds=6&ft=-Csk_m7nPD12NAB50d-UxQw2NY6e3wv25ucAp&mime_type=video_mp4&qs=0&rc=ZjNpODRnMzs4PDU5OzU2aUBpM21mPHg5cmc3NDMzODgzNEAxLS8yXzUvNjYxNl4zNjRgYSM2XjBmMmRrLnFhLS1kLy1zcw%3D%3D&btag=e00088000&expire=1767202611&l=2025123001355100A401F649C2370C04C0&ply_type=2&policy=2&signature=d4e12f5c03204ea2f2901d3a7b03907d&tk=tt_chain_token' from origin 'https://www.tiktok.com' has been blocked by CORS policy: Request header field upgrade-insecure-requests is not allowed by Access-Control-Allow-Headers in preflight response.
2025-12-30 00:36:01,026 - TikTok.TimeSeriesScraper - DEBUG - [Browser ERROR] Failed to load resource: net::ERR_FAILED
2025-12-30 00:36:01,027 - TikTok.TimeSeriesScraper - DEBUG - [Browser WARNING] [00:09.983][warn][preload.demux.fetch](11) TypeError: Failed to fetch
    at Array.d (https://sf16-website-login.neutral.ttwstatic.com/obj/tiktok_web_login_static/webmssdk/1.0.0.328/webmssdk.js:1:124784)
    at S (https://sf16-website-login.neutral.ttwstatic.com/obj/tiktok_web_login_static/webmssdk/1.0.0.328/webmssdk.js:1:226826)
    at https://sf16-website-login.neutral.ttwstatic.com/obj/tiktok_web_login_static/webmssdk/1.0.0.328/webmssdk.js:1:135236
    at https://sf16-website-login.neutral.ttwstatic.com/obj/tiktok_web_login_static/webmssdk/1.0.0.328/webmssdk.js:1:29708
    at v (https://sf16-website-login.neutral.ttwstatic.com/obj/tiktok_web_login_static/webmssdk/1.0.0.328/webmssdk.js:1:19365)
    at I (https://sf16-website-login.neutral.ttwstatic.com/obj/tiktok_web_login_static/tiktok_privacy_protection_framework/loader/1.0.0.927/index.js:4:74444)
    at window.fetch (https://sf16-website-login.neutral.ttwstatic.com/obj/tiktok_web_login_static/tiktok_privacy_protection_framework/loader/1.0.0.927/index.js:4:74530)
    at window.fetch (https://sf16-website-login.neutral.ttwstatic.com/obj/tiktok_web_login_static/secsdk/secsdk-lastest.umd.js:5211:40)
    at D.__splitFetch (https://sf16-website-login.neutral.ttwstatic.com/obj/tiktok_web_login_static/tiktok/webapp/main/landing-opt/webapp-desktop/static/js/async/54690.7856583b.js:11:41253)
    at D.loadRange (https://sf16-website-login.neutral.ttwstatic.com/obj/tiktok_web_login_static/tiktok/webapp/main/landing-opt/webapp-desktop/static/js/async/54690.7856583b.js:11:43786)
2025-12-30 00:36:01,121 - TikTok.TimeSeriesScraper - DEBUG - [Browser ERROR] Access to fetch at 'https://v19-webapp-prime.tiktok.com/video/tos/alisg/tos-alisg-pve-0037/oYfDRIgrZEfISnGVDkALN9yDgeAsQtICRAF6pA/?a=1988&bti=ODszNWYuMDE6&ch=0&cr=3&dr=0&lr=all&cd=0%7C0%7C0%7C&cv=1&br=2524&bt=1262&cs=0&ds=6&ft=-Csk_m7nPD12NAB50d-UxQw2NY6e3wv25ucAp&mime_type=video_mp4&qs=0&rc=ZjNpODRnMzs4PDU5OzU2aUBpM21mPHg5cmc3NDMzODgzNEAxLS8yXzUvNjYxNl4zNjRgYSM2XjBmMmRrLnFhLS1kLy1zcw%3D%3D&btag=e00088000&expire=1767202611&l=2025123001355100A401F649C2370C04C0&ply_type=2&policy=2&signature=d4e12f5c03204ea2f2901d3a7b03907d&tk=tt_chain_token' from origin 'https://www.tiktok.com' has been blocked by CORS policy: Response to preflight request doesn't pass access control check: It does not have HTTP ok status.
2025-12-30 00:36:01,122 - TikTok.TimeSeriesScraper - DEBUG - [Browser ERROR] Failed to load resource: net::ERR_FAILED
2025-12-30 00:36:01,123 - TikTok.TimeSeriesScraper - DEBUG - [Browser WARNING] [00:10.079][warn][preload.demux.fetch](11) TypeError: Failed to fetch
    at Array.d (https://sf16-website-login.neutral.ttwstatic.com/obj/tiktok_web_login_static/webmssdk/1.0.0.328/webmssdk.js:1:124784)
    at S (https://sf16-website-login.neutral.ttwstatic.com/obj/tiktok_web_login_static/webmssdk/1.0.0.328/webmssdk.js:1:226826)
    at https://sf16-website-login.neutral.ttwstatic.com/obj/tiktok_web_login_static/webmssdk/1.0.0.328/webmssdk.js:1:135236
    at https://sf16-website-login.neutral.ttwstatic.com/obj/tiktok_web_login_static/webmssdk/1.0.0.328/webmssdk.js:1:29708
    at v (https://sf16-website-login.neutral.ttwstatic.com/obj/tiktok_web_login_static/webmssdk/1.0.0.328/webmssdk.js:1:19365)
    at I (https://sf16-website-login.neutral.ttwstatic.com/obj/tiktok_web_login_static/tiktok_privacy_protection_framework/loader/1.0.0.927/index.js:4:74444)
    at window.fetch (https://sf16-website-login.neutral.ttwstatic.com/obj/tiktok_web_login_static/tiktok_privacy_protection_framework/loader/1.0.0.927/index.js:4:74530)
    at window.fetch (https://sf16-website-login.neutral.ttwstatic.com/obj/tiktok_web_login_static/secsdk/secsdk-lastest.umd.js:5211:40)
    at D.__splitFetch (https://sf16-website-login.neutral.ttwstatic.com/obj/tiktok_web_login_static/tiktok/webapp/main/landing-opt/webapp-desktop/static/js/async/54690.7856583b.js:11:41253)
    at D.loadRange (https://sf16-website-login.neutral.ttwstatic.com/obj/tiktok_web_login_static/tiktok/webapp/main/landing-opt/webapp-desktop/static/js/async/54690.7856583b.js:11:43786)
2025-12-30 00:36:01,298 - TikTok.TimeSeriesScraper - DEBUG - [Browser ERROR] [00:10.253][error][preload.demux.fetch](11) TypeError: Failed to fetch
    at Array.d (https://sf16-website-login.neutral.ttwstatic.com/obj/tiktok_web_login_static/webmssdk/1.0.0.328/webmssdk.js:1:124784)
    at S (https://sf16-website-login.neutral.ttwstatic.com/obj/tiktok_web_login_static/webmssdk/1.0.0.328/webmssdk.js:1:226826)
    at https://sf16-website-login.neutral.ttwstatic.com/obj/tiktok_web_login_static/webmssdk/1.0.0.328/webmssdk.js:1:135236
    at https://sf16-website-login.neutral.ttwstatic.com/obj/tiktok_web_login_static/webmssdk/1.0.0.328/webmssdk.js:1:29708
    at v (https://sf16-website-login.neutral.ttwstatic.com/obj/tiktok_web_login_static/webmssdk/1.0.0.328/webmssdk.js:1:19365)
    at I (https://sf16-website-login.neutral.ttwstatic.com/obj/tiktok_web_login_static/tiktok_privacy_protection_framework/loader/1.0.0.927/index.js:4:74444)
    at window.fetch (https://sf16-website-login.neutral.ttwstatic.com/obj/tiktok_web_login_static/tiktok_privacy_protection_framework/loader/1.0.0.927/index.js:4:74530)
    at window.fetch (https://sf16-website-login.neutral.ttwstatic.com/obj/tiktok_web_login_static/secsdk/secsdk-lastest.umd.js:5211:40)
    at D.__splitFetch (https://sf16-website-login.neutral.ttwstatic.com/obj/tiktok_web_login_static/tiktok/webapp/main/landing-opt/webapp-desktop/static/js/async/54690.7856583b.js:11:41253)
    at D.loadRange (https://sf16-website-login.neutral.ttwstatic.com/obj/tiktok_web_login_static/tiktok/webapp/main/landing-opt/webapp-desktop/static/js/async/54690.7856583b.js:11:43786)
2025-12-30 00:36:01,751 - TikTok.TimeSeriesScraper - DEBUG - [Browser WARNING] Reflect is already polyfilled.
2025-12-30 00:36:01,784 - TikTok.TimeSeriesScraper - DEBUG - [Browser WARNING] AppContext will be overwritten
2025-12-30 00:36:01,785 - TikTok.TimeSeriesScraper - DEBUG - [Browser WARNING] AppContext will be overwritten
2025-12-30 00:36:01,785 - TikTok.TimeSeriesScraper - DEBUG - [Browser WARNING] AppContext will be overwritten
2025-12-30 00:36:01,786 - TikTok.TimeSeriesScraper - DEBUG - [Browser WARNING] AppContext will be overwritten
2025-12-30 00:36:01,786 - TikTok.TimeSeriesScraper - DEBUG - [Browser WARNING] AppContext will be overwritten
2025-12-30 00:36:01,787 - TikTok.TimeSeriesScraper - DEBUG - [Browser WARNING] AppContext will be overwritten
2025-12-30 00:36:01,787 - TikTok.TimeSeriesScraper - DEBUG - [Browser WARNING] AppContext will be overwritten
2025-12-30 00:36:01,788 - TikTok.TimeSeriesScraper - DEBUG - [Browser WARNING] AppContext will be overwritten
2025-12-30 00:36:01,797 - TikTok.TimeSeriesScraper - DEBUG - [Browser WARNING] AppContext will be overwritten
2025-12-30 00:36:01,802 - TikTok.TimeSeriesScraper - DEBUG - [Browser WARNING] AppContext will be overwritten
2025-12-30 00:36:01,802 - TikTok.TimeSeriesScraper - DEBUG - [Browser WARNING] loadable: `loadableReady()` requires state, please use `getScriptTags` or `getScriptElements` server-side
2025-12-30 00:36:01,908 - TikTok.TimeSeriesScraper - DEBUG - [Browser ERROR] Error: Unable to determine theme from timezone. Falling back to local time-based method. Error: Timezone "Asia/Saigon" not found
    at w (https://sf16-website-login.neutral.ttwstatic.com/obj/tiktok_web_login_static/tiktok/webapp/main/landing-opt/webapp-desktop/static/js/93271.43d8d1c9.js:2:102006)
    at x (https://sf16-website-login.neutral.ttwstatic.com/obj/tiktok_web_login_static/tiktok/webapp/main/landing-opt/webapp-desktop/static/js/webapp-desktop.02006c2b.js:1:150765)
    at https://sf16-website-login.neutral.ttwstatic.com/obj/tiktok_web_login_static/tiktok/webapp/main/landing-opt/webapp-desktop/static/js/webapp-desktop.02006c2b.js:1:152027
    at lI (https://sf16-website-login.neutral.ttwstatic.com/obj/tiktok_web_login_static/tiktok/webapp/main/landing-opt/webapp-desktop/static/js/npm-react.c57fe319.js:2:165676)
    at iU (https://sf16-website-login.neutral.ttwstatic.com/obj/tiktok_web_login_static/tiktok/webapp/main/landing-opt/webapp-desktop/static/js/npm-react.c57fe319.js:2:194669)
    at iT (https://sf16-website-login.neutral.ttwstatic.com/obj/tiktok_web_login_static/tiktok/webapp/main/landing-opt/webapp-desktop/static/js/npm-react.c57fe319.js:2:177525)
    at r6 (https://sf16-website-login.neutral.ttwstatic.com/obj/tiktok_web_login_static/tiktok/webapp/main/landing-opt/webapp-desktop/static/js/npm-react.c57fe319.js:2:126479)
    at https://sf16-website-login.neutral.ttwstatic.com/obj/tiktok_web_login_static/tiktok/webapp/main/landing-opt/webapp-desktop/static/js/npm-react.c57fe319.js:2:193115
    at i$ (https://sf16-website-login.neutral.ttwstatic.com/obj/tiktok_web_login_static/tiktok/webapp/main/landing-opt/webapp-desktop/static/js/npm-react.c57fe319.js:2:193121)
    at iE (https://sf16-website-login.neutral.ttwstatic.com/obj/tiktok_web_login_static/tiktok/webapp/main/landing-opt/webapp-desktop/static/js/npm-react.c57fe319.js:2:176528)
2025-12-30 00:36:02,004 - TikTok.TimeSeriesScraper - DEBUG - [Browser ERROR] Access to XMLHttpRequest at 'https://mon.tiktokv.com/monitor_web/settings/browser-settings?bid=webmssdk&store=1' from origin 'https://www.tiktok.com' has been blocked by CORS policy: Request header field upgrade-insecure-requests is not allowed by Access-Control-Allow-Headers in preflight response.
2025-12-30 00:36:02,008 - TikTok.TimeSeriesScraper - DEBUG - [Browser ERROR] Failed to load resource: net::ERR_FAILED
2025-12-30 00:36:02,041 - TikTok.TimeSeriesScraper - DEBUG - [Browser ERROR] Access to XMLHttpRequest at 'https://libraweb-sg.tiktok.com/service/2/abtest_config/' from origin 'https://www.tiktok.com' has been blocked by CORS policy: Request header field upgrade-insecure-requests is not allowed by Access-Control-Allow-Headers in preflight response.
2025-12-30 00:36:02,050 - TikTok.TimeSeriesScraper - DEBUG - [Browser ERROR] Failed to load resource: net::ERR_FAILED
2025-12-30 00:36:02,335 - TikTok.TimeSeriesScraper - DEBUG - [Browser ERROR] Access to XMLHttpRequest at 'https://mon.tiktokv.com/monitor_web/settings/browser-settings?bid=pns_communication_service&store=1' from origin 'https://www.tiktok.com' has been blocked by CORS policy: Request header field upgrade-insecure-requests is not allowed by Access-Control-Allow-Headers in preflight response.
2025-12-30 00:36:02,362 - TikTok.TimeSeriesScraper - DEBUG - [Browser ERROR] Failed to load resource: net::ERR_FAILED
2025-12-30 00:36:02,471 - TikTok.TimeSeriesScraper - DEBUG - Intercepted API response: https://www.tiktok.com/api/post/item_list/?WebIdLastTime=1767029747&aid=1988&app_language=en&app_nam
2025-12-30 00:36:03,137 - TikTok.TimeSeriesScraper - DEBUG - [Browser ERROR] Access to fetch at 'https://v16-webapp-prime.tiktok.com/video/tos/alisg/tos-alisg-pve-0037c001/osE2MGQgcQAFuEnfysRCyUfJZ1DzBBQIigYpKk/?a=1988&bti=ODszNWYuMDE6&ch=0&cr=3&dr=0&lr=all&cd=0%7C0%7C0%7C&cv=1&br=4104&bt=2052&cs=0&ds=6&ft=-Csk_m7nPD12N4Z50d-Uxsv5VY6e3wv25XcAp&mime_type=video_mp4&qs=0&rc=MzU2ZTw2ZWU0ZGQ7OmRnNkBpajRna3M5cms6ODMzODczNEBhNTZfMl4uNi0xYTIvLzQyYSNfLzQvMmRrbjZhLS1kMWBzcw%3D%3D&btag=e00088000&expire=1767202593&l=2025123001360100A401F649C2370C079A&ply_type=2&policy=2&signature=e2f212cc6ffed889bfd32b5889ccd135&tk=tt_chain_token' from origin 'https://www.tiktok.com' has been blocked by CORS policy: Request header field upgrade-insecure-requests is not allowed by Access-Control-Allow-Headers in preflight response.
2025-12-30 00:36:03,139 - TikTok.TimeSeriesScraper - DEBUG - [Browser ERROR] Failed to load resource: net::ERR_FAILED
2025-12-30 00:36:03,139 - TikTok.TimeSeriesScraper - DEBUG - [Browser WARNING] [00:02.155][warn][demux.fetch](6) TypeError: Failed to fetch
    at Array.d (https://sf16-website-login.neutral.ttwstatic.com/obj/tiktok_web_login_static/webmssdk/1.0.0.328/webmssdk.js:1:124784)
    at S (https://sf16-website-login.neutral.ttwstatic.com/obj/tiktok_web_login_static/webmssdk/1.0.0.328/webmssdk.js:1:226826)
    at https://sf16-website-login.neutral.ttwstatic.com/obj/tiktok_web_login_static/webmssdk/1.0.0.328/webmssdk.js:1:135236
    at https://sf16-website-login.neutral.ttwstatic.com/obj/tiktok_web_login_static/webmssdk/1.0.0.328/webmssdk.js:1:29708
    at v (https://sf16-website-login.neutral.ttwstatic.com/obj/tiktok_web_login_static/webmssdk/1.0.0.328/webmssdk.js:1:19365)
    at I (https://sf16-website-login.neutral.ttwstatic.com/obj/tiktok_web_login_static/tiktok_privacy_protection_framework/loader/1.0.0.927/index.js:4:74444)
    at window.fetch (https://sf16-website-login.neutral.ttwstatic.com/obj/tiktok_web_login_static/tiktok_privacy_protection_framework/loader/1.0.0.927/index.js:4:74530)
    at D.__splitFetch (https://sf16-website-login.neutral.ttwstatic.com/obj/tiktok_web_login_static/tiktok/webapp/main/landing-opt/webapp-desktop/static/js/async/54690.7856583b.js:11:41253)
    at D.loadRange (https://sf16-website-login.neutral.ttwstatic.com/obj/tiktok_web_login_static/tiktok/webapp/main/landing-opt/webapp-desktop/static/js/async/54690.7856583b.js:11:43786)
    at D.load (https://sf16-website-login.neutral.ttwstatic.com/obj/tiktok_web_login_static/tiktok/webapp/main/landing-opt/webapp-desktop/static/js/async/54690.7856583b.js:11:39155)
2025-12-30 00:36:03,265 - TikTok.TimeSeriesScraper - DEBUG - [Browser ERROR] Access to XMLHttpRequest at 'https://mssdk-sg.tiktok.com/web/resource?eq=7kyKlNK3vF4CYr/2G-4l6OTuV-8a7qAfw9sXJSOpEM4LoVBxa8E768nXDQCtirZp2wMemqFnOxt8wWgwFE==' from origin 'https://www.tiktok.com' has been blocked by CORS policy: Request header field upgrade-insecure-requests is not allowed by Access-Control-Allow-Headers in preflight response.
2025-12-30 00:36:03,268 - TikTok.TimeSeriesScraper - DEBUG - [Browser ERROR] Failed to load resource: net::ERR_FAILED
2025-12-30 00:36:03,493 - TikTok.TimeSeriesScraper - DEBUG - [Browser ERROR] Access to fetch at 'https://v19-webapp-prime.tiktok.com/video/tos/alisg/tos-alisg-pve-0037c001/osE2MGQgcQAFuEnfysRCyUfJZ1DzBBQIigYpKk/?a=1988&bti=ODszNWYuMDE6&ch=0&cr=3&dr=0&lr=all&cd=0%7C0%7C0%7C&cv=1&br=4104&bt=2052&cs=0&ds=6&ft=-Csk_m7nPD12N4Z50d-Uxsv5VY6e3wv25XcAp&mime_type=video_mp4&qs=0&rc=MzU2ZTw2ZWU0ZGQ7OmRnNkBpajRna3M5cms6ODMzODczNEBhNTZfMl4uNi0xYTIvLzQyYSNfLzQvMmRrbjZhLS1kMWBzcw%3D%3D&btag=e00088000&expire=1767202593&l=2025123001360100A401F649C2370C079A&ply_type=2&policy=2&signature=e2f212cc6ffed889bfd32b5889ccd135&tk=tt_chain_token' from origin 'https://www.tiktok.com' has been blocked by CORS policy: Response to preflight request doesn't pass access control check: It does not have HTTP ok status.
2025-12-30 00:36:03,494 - TikTok.TimeSeriesScraper - DEBUG - [Browser ERROR] Failed to load resource: net::ERR_FAILED
2025-12-30 00:36:03,502 - TikTok.TimeSeriesScraper - DEBUG - [Browser WARNING] [00:02.511][warn][demux.fetch](6) TypeError: Failed to fetch
    at Array.d (https://sf16-website-login.neutral.ttwstatic.com/obj/tiktok_web_login_static/webmssdk/1.0.0.328/webmssdk.js:1:124784)
    at S (https://sf16-website-login.neutral.ttwstatic.com/obj/tiktok_web_login_static/webmssdk/1.0.0.328/webmssdk.js:1:226826)
    at https://sf16-website-login.neutral.ttwstatic.com/obj/tiktok_web_login_static/webmssdk/1.0.0.328/webmssdk.js:1:135236
    at https://sf16-website-login.neutral.ttwstatic.com/obj/tiktok_web_login_static/webmssdk/1.0.0.328/webmssdk.js:1:29708
    at v (https://sf16-website-login.neutral.ttwstatic.com/obj/tiktok_web_login_static/webmssdk/1.0.0.328/webmssdk.js:1:19365)
    at I (https://sf16-website-login.neutral.ttwstatic.com/obj/tiktok_web_login_static/tiktok_privacy_protection_framework/loader/1.0.0.927/index.js:4:74444)
    at window.fetch (https://sf16-website-login.neutral.ttwstatic.com/obj/tiktok_web_login_static/tiktok_privacy_protection_framework/loader/1.0.0.927/index.js:4:74530)
    at D.__splitFetch (https://sf16-website-login.neutral.ttwstatic.com/obj/tiktok_web_login_static/tiktok/webapp/main/landing-opt/webapp-desktop/static/js/async/54690.7856583b.js:11:41253)
    at D.loadRange (https://sf16-website-login.neutral.ttwstatic.com/obj/tiktok_web_login_static/tiktok/webapp/main/landing-opt/webapp-desktop/static/js/async/54690.7856583b.js:11:43786)
    at D.$processErrorAndFallback (https://sf16-website-login.neutral.ttwstatic.com/obj/tiktok_web_login_static/tiktok/webapp/main/landing-opt/webapp-desktop/static/js/async/54690.7856583b.js:11:37860)
2025-12-30 00:36:03,624 - TikTok.TimeSeriesScraper - DEBUG - [Browser ERROR] Access to XMLHttpRequest at 'https://mon.tiktokv.com/monitor_web/settings/browser-settings?bid=tiktok_webapp&store=1' from origin 'https://www.tiktok.com' has been blocked by CORS policy: Request header field upgrade-insecure-requests is not allowed by Access-Control-Allow-Headers in preflight response.
2025-12-30 00:36:03,626 - TikTok.TimeSeriesScraper - DEBUG - [Browser ERROR] Failed to load resource: net::ERR_FAILED
2025-12-30 00:36:03,832 - TikTok.TimeSeriesScraper - DEBUG - [Browser ERROR] Access to fetch at 'https://v16-webapp-prime.tiktok.com/video/tos/alisg/tos-alisg-pve-0037c001/osE2MGQgcQAFuEnfysRCyUfJZ1DzBBQIigYpKk/?a=1988&bti=bGRuZHxvMXIxcm53Zm1cYF9ebWFzaHFmOg%3D%3D&ch=0&cr=0&dr=0&er=0&cd=0%7C0%7C0%7C0&cv=1&br=4104&bt=2052&cs=0&ds=6&ft=7S~-gDHhNF6VQZqG0mq-sd09rxXqYl3E5F5~hWLrK&mime_type=video_mp4&qs=0&rc=MzU2ZTw2ZWU0ZGQ7OmRnNkBpajRna3M5cms6ODMzODczNEBhNTZfMl4uNi0xYTIvLzQyYSNfLzQvMmRrbjZhLS1kMWBzcw%3D%3D&btag=e00088000&expire=1767051395&l=20251230013603D2D04143AEB62D0B4872&ply_type=2&policy=2&signature=9462f2b570e4110c1fa7fdf2d9a74a1c&tk=tt_chain_token' (redirected from 'https://www.tiktok.com/aweme/v1/play/?faid=1988&file_id=537d2a2758da4a019b1ba359bb9382d0&is_play_url=1&item_id=7589266290787749140&line=0&ply_type=2&signaturev3=dmlkZW9faWQ7ZmlsZV9pZDtpdGVtX2lkLmE1MmJlMzU1MjEzN2VlMzY1MTgzMmZiOTI1NjBiM2I5&tk=tt_chain_token&video_id=v1c044g50000d597qhnog65p2h7d21bg') from origin 'https://www.tiktok.com' has been blocked by CORS policy: Request header field upgrade-insecure-requests is not allowed by Access-Control-Allow-Headers in preflight response.
2025-12-30 00:36:03,835 - TikTok.TimeSeriesScraper - DEBUG - [Browser ERROR] Failed to load resource: net::ERR_FAILED
2025-12-30 00:36:03,837 - TikTok.TimeSeriesScraper - DEBUG - [Browser ERROR] [00:02.861][error][demux.fetch](6) TypeError: Failed to fetch
    at Array.d (https://sf16-website-login.neutral.ttwstatic.com/obj/tiktok_web_login_static/webmssdk/1.0.0.328/webmssdk.js:1:124784)
    at S (https://sf16-website-login.neutral.ttwstatic.com/obj/tiktok_web_login_static/webmssdk/1.0.0.328/webmssdk.js:1:226826)
    at https://sf16-website-login.neutral.ttwstatic.com/obj/tiktok_web_login_static/webmssdk/1.0.0.328/webmssdk.js:1:135236
    at https://sf16-website-login.neutral.ttwstatic.com/obj/tiktok_web_login_static/webmssdk/1.0.0.328/webmssdk.js:1:29708
    at v (https://sf16-website-login.neutral.ttwstatic.com/obj/tiktok_web_login_static/webmssdk/1.0.0.328/webmssdk.js:1:19365)
    at I (https://sf16-website-login.neutral.ttwstatic.com/obj/tiktok_web_login_static/tiktok_privacy_protection_framework/loader/1.0.0.927/index.js:4:74444)
    at window.fetch (https://sf16-website-login.neutral.ttwstatic.com/obj/tiktok_web_login_static/tiktok_privacy_protection_framework/loader/1.0.0.927/index.js:4:74530)
    at window.fetch (https://sf16-website-login.neutral.ttwstatic.com/obj/tiktok_web_login_static/secsdk/secsdk-lastest.umd.js:5211:40)
    at D.__splitFetch (https://sf16-website-login.neutral.ttwstatic.com/obj/tiktok_web_login_static/tiktok/webapp/main/landing-opt/webapp-desktop/static/js/async/54690.7856583b.js:11:41253)
    at D.loadRange (https://sf16-website-login.neutral.ttwstatic.com/obj/tiktok_web_login_static/tiktok/webapp/main/landing-opt/webapp-desktop/static/js/async/54690.7856583b.js:11:43786)
2025-12-30 00:36:03,838 - TikTok.TimeSeriesScraper - DEBUG - [Browser WARNING] [00:02.864][warn][controller](1) AbortError: The play() request was interrupted by a new load request. https://goo.gl/LdLk22
2025-12-30 00:36:03,839 - TikTok.TimeSeriesScraper - DEBUG - [Browser WARNING] [00:02.865][warn][controller](1) AbortError: The play() request was interrupted by a new load request. https://goo.gl/LdLk22
2025-12-30 00:36:04,172 - TikTok.TimeSeriesScraper - DEBUG - [Browser WARNING] The AudioContext was not allowed to start. It must be resumed (or created) after a user gesture on the page. https://developer.chrome.com/blog/autoplay/#web_audio
2025-12-30 00:36:04,198 - TikTok.TimeSeriesScraper - DEBUG - [Browser WARNING] The AudioContext was not allowed to start. It must be resumed (or created) after a user gesture on the page. https://developer.chrome.com/blog/autoplay/#web_audio
2025-12-30 00:36:04,198 - TikTok.TimeSeriesScraper - DEBUG - [Browser WARNING] [TikTok desktop app SDK Monitor]:   WARN:[printFirstFeedShow]The current environment is not inside the client.
2025-12-30 00:36:04,212 - TikTok.TimeSeriesScraper - DEBUG - [Browser WARNING] The AudioContext was not allowed to start. It must be resumed (or created) after a user gesture on the page. https://developer.chrome.com/blog/autoplay/#web_audio
2025-12-30 00:36:05,096 - TikTok.TimeSeriesScraper - DEBUG - [Browser WARNING] [i18n] missing key [en] Webapp Close_button Close_button
2025-12-30 00:36:05,317 - TikTok.TimeSeriesScraper - DEBUG - [Browser ERROR] Access to XMLHttpRequest at 'https://mon.tiktokv.com/monitor_browser/collect/batch/?biz_id=tiktok_webapp' from origin 'https://www.tiktok.com' has been blocked by CORS policy: Request header field upgrade-insecure-requests is not allowed by Access-Control-Allow-Headers in preflight response.
2025-12-30 00:36:05,325 - TikTok.TimeSeriesScraper - DEBUG - [Browser ERROR] Failed to load resource: net::ERR_FAILED
2025-12-30 00:36:05,369 - TikTok.TimeSeriesScraper - DEBUG - [Browser ERROR] Access to XMLHttpRequest at 'https://starling-sg.tiktokv.com/check_and_get_text/2e1fcc60aeaa11e99ef535aeebd27c9b/normal/account_server?lang=en,zh' from origin 'https://www.tiktok.com' has been blocked by CORS policy: Response to preflight request doesn't pass access control check: No 'Access-Control-Allow-Origin' header is present on the requested resource.
2025-12-30 00:36:05,375 - TikTok.TimeSeriesScraper - DEBUG - [Browser ERROR] [I18nContext] load starling error Error: Network Error
    at new t (https://sf16-website-login.neutral.ttwstatic.com/obj/tiktok_web_login_static/tiktok/webapp/main/landing-opt/webapp-desktop/static/js/i18n.04d6df56.js:2:15704)
    at i.onerror (https://sf16-website-login.neutral.ttwstatic.com/obj/tiktok_web_login_static/tiktok/webapp/main/landing-opt/webapp-desktop/static/js/i18n.04d6df56.js:2:16589)
2025-12-30 00:36:05,380 - TikTok.TimeSeriesScraper - DEBUG - [Browser ERROR] Failed to load resource: net::ERR_FAILED
2025-12-30 00:36:05,386 - TikTok.TimeSeriesScraper - DEBUG - [Browser ERROR] Access to XMLHttpRequest at 'https://starling-sg.tiktokv.com/check_and_get_text/5dc26cf008d511e9b571e1bc0c9e23b5/normal/WebApp_Login?lang=en,zh' from origin 'https://www.tiktok.com' has been blocked by CORS policy: Response to preflight request doesn't pass access control check: No 'Access-Control-Allow-Origin' header is present on the requested resource.
2025-12-30 00:36:05,387 - TikTok.TimeSeriesScraper - DEBUG - [Browser ERROR] [I18nContext] load starling error Error: Network Error
    at new t (https://sf16-website-login.neutral.ttwstatic.com/obj/tiktok_web_login_static/tiktok/webapp/main/landing-opt/webapp-desktop/static/js/i18n.04d6df56.js:2:15704)
    at i.onerror (https://sf16-website-login.neutral.ttwstatic.com/obj/tiktok_web_login_static/tiktok/webapp/main/landing-opt/webapp-desktop/static/js/i18n.04d6df56.js:2:16589)
2025-12-30 00:36:05,390 - TikTok.TimeSeriesScraper - DEBUG - [Browser ERROR] Failed to load resource: net::ERR_FAILED
2025-12-30 00:36:05,679 - TikTok.TimeSeriesScraper - DEBUG - [Browser ERROR] Access to fetch at 'https://webcast.tiktok.com/webcast/wallet_api_tiktok/recharge/check_external_entry?WebIdLastTime=1767029747&aid=1988&app_language=en&app_name=tiktok_web&browser_language=en-US&browser_name=Mozilla&browser_online=true&browser_platform=Win32&browser_version=5.0%20%28Windows%20NT%2010.0%3B%20Win64%3B%20x64%29%20AppleWebKit%2F537.36%20%28KHTML%2C%20like%20Gecko%29%20Chrome%2F143.0.0.0%20Safari%2F537.36&channel=tiktok_web&cookie_enabled=true&data_collection_enabled=false&device_id=7589334951049938439&device_platform=web_pc&focus_state=true&from_page=user&history_len=4&is_experiment_group=false&is_fullscreen=false&is_page_visible=true&odinId=7589334693318853650&os=windows&page_source=0&priority_region=&referer=&region=VN&screen_height=960&screen_width=1536&tz_name=Asia%2FSaigon&user_is_login=false&webcast_language=en&msToken=1CELkqpWPMJ2LSx-hsMxZDowSz4OsWdvcPXWzHW6rKZbDaM-2qOijmKYSZC0T9xVjg6u3jS4ZQ6pAqrjxdnJMlqS2AurVl2R9G8EZz7Ypz5MonLWeVSsd1vCOKHE_Q==&X-Bogus=DFSzsIVOjGGANVlZCm2V5N8qkZfc&X-Gnarly=M5XuFm2UzHDmZo67jOna1/ZnwnnXmMJvL2DbVqRz/NhZZOFBc6J5QXFGO2g8M3BRCsGYRSacnFgh3QVuPJsScku9f3TpWKtqgKqfez-UMuCMuD3QEVkn6G5XAEtXP9G0K87MvnMlhpyPtz0595LxiezB4rlaZz5wgVnkQG7q2rz1eZU8Y6hpKu9HVLtbQ4vjzrymBRZ6QJCB4SzdHufRz3ELb016lz3JoQH6yLK2SoeeDwF2aQThu2Txi6ThD3sn1C8kTybd2wdxlXHvfeX2VchmNlGQE34kVz1LuStL8uYKTVf2uxt2emstf/qCmyL9AuA=' from origin 'https://www.tiktok.com' has been blocked by CORS policy: Request header field upgrade-insecure-requests is not allowed by Access-Control-Allow-Headers in preflight response.
2025-12-30 00:36:05,681 - TikTok.TimeSeriesScraper - DEBUG - [Browser ERROR] Failed to load resource: net::ERR_FAILED
2025-12-30 00:36:05,682 - TikTok.TimeSeriesScraper - DEBUG - [Browser ERROR] Check show get coins entrance failed TypeError: Cannot read properties of undefined (reading 'data')
2025-12-30 00:36:05,848 - TikTok.TimeSeriesScraper - DEBUG - [Browser ERROR] Access to XMLHttpRequest at 'https://mssdk-sg.tiktok.com/web/resource?eq=7kyKlNK3vF4CYr/2G-4l6OTuV-8a7qAfw9sXJSOpEM4LoVBxa8E768nXDQCtirZp2wMemqFnOxt8wWgwFE==' from origin 'https://www.tiktok.com' has been blocked by CORS policy: Request header field upgrade-insecure-requests is not allowed by Access-Control-Allow-Headers in preflight response.
2025-12-30 00:36:05,849 - TikTok.TimeSeriesScraper - DEBUG - [Browser ERROR] Failed to load resource: net::ERR_FAILED
2025-12-30 00:36:06,161 - TikTok.TimeSeriesScraper - DEBUG - [Browser ERROR] [I18nContext] load starling error Error: Network Error
    at new t (https://sf16-website-login.neutral.ttwstatic.com/obj/tiktok_web_login_static/tiktok/webapp/main/landing-opt/webapp-desktop/static/js/i18n.04d6df56.js:2:15704)
    at i.onerror (https://sf16-website-login.neutral.ttwstatic.com/obj/tiktok_web_login_static/tiktok/webapp/main/landing-opt/webapp-desktop/static/js/i18n.04d6df56.js:2:16589)
2025-12-30 00:36:06,162 - TikTok.TimeSeriesScraper - DEBUG - [Browser ERROR] [I18nContext] load starling error Error: Network Error
    at new t (https://sf16-website-login.neutral.ttwstatic.com/obj/tiktok_web_login_static/tiktok/webapp/main/landing-opt/webapp-desktop/static/js/i18n.04d6df56.js:2:15704)
    at i.onerror (https://sf16-website-login.neutral.ttwstatic.com/obj/tiktok_web_login_static/tiktok/webapp/main/landing-opt/webapp-desktop/static/js/i18n.04d6df56.js:2:16589)
2025-12-30 00:36:06,234 - TikTok.TimeSeriesScraper - DEBUG - [Browser ERROR] Access to XMLHttpRequest at 'https://mon.tiktokv.com/monitor_web/settings/browser-settings?bid=pns_cookie_banner_slardar&store=1' from origin 'https://www.tiktok.com' has been blocked by CORS policy: Request header field upgrade-insecure-requests is not allowed by Access-Control-Allow-Headers in preflight response.
2025-12-30 00:36:06,238 - TikTok.TimeSeriesScraper - DEBUG - [Browser ERROR] Failed to load resource: net::ERR_FAILED
2025-12-30 00:36:06,243 - TikTok.TimeSeriesScraper - DEBUG - [Browser ERROR] Access to XMLHttpRequest at 'https://mon.tiktokv.com/monitor_web/settings/browser-settings?bid=pns_consent_system&store=1' from origin 'https://www.tiktok.com' has been blocked by CORS policy: Request header field upgrade-insecure-requests is not allowed by Access-Control-Allow-Headers in preflight response.
2025-12-30 00:36:06,247 - TikTok.TimeSeriesScraper - DEBUG - [Browser ERROR] Failed to load resource: net::ERR_FAILED
2025-12-30 00:36:06,379 - TikTok.TimeSeriesScraper - DEBUG - [Browser WARNING] [GSI_LOGGER]: Your client application uses one of the Google One Tap prompt UI status methods that may stop functioning when FedCM becomes mandatory. Refer to the migration guide to update your code accordingly and opt-in to FedCM to test your changes. Learn more: https://developers.google.com/identity/gsi/web/guides/fedcm-migration?s=dc#display_moment and https://developers.google.com/identity/gsi/web/guides/fedcm-migration?s=dc#skipped_moment
2025-12-30 00:36:06,521 - TikTok.TimeSeriesScraper - DEBUG - [Browser ERROR] Access to XMLHttpRequest at 'https://accounts.google.com/gsi/status?client_id=1096011445005-sdea0nf5jvj14eia93icpttv27cidkvk.apps.googleusercontent.com&cas=8SqJ2PpneAWufDYlcT%2FkgY%2FHy1eGf%2FpK6ZJfW2G5Rbc&bs=LvrZcTuPkI1iSejz1xyX9Tj5NA%2FRvB6%2FdlN8%2Fj8qm88&has_opted_out_fedcm=false&is_itp=false' from origin 'https://www.tiktok.com' has been blocked by CORS policy: Response to preflight request doesn't pass access control check: No 'Access-Control-Allow-Origin' header is present on the requested resource.
2025-12-30 00:36:06,523 - TikTok.TimeSeriesScraper - DEBUG - [Browser ERROR] [GSI_LOGGER]: Check credential status returns invalid response.
2025-12-30 00:36:06,526 - TikTok.TimeSeriesScraper - DEBUG - [Browser ERROR] Failed to load resource: net::ERR_FAILED
2025-12-30 00:36:06,960 - TikTok.TimeSeriesScraper - DEBUG - Intercepted API response: https://www.tiktok.com/api/post/item_list/?WebIdLastTime=1767029747&aid=1988&app_language=en&app_nam
2025-12-30 00:36:07,343 - TikTok.TimeSeriesScraper - DEBUG - [Browser ERROR] Access to XMLHttpRequest at 'https://mon.tiktokv.com/monitor_browser/collect/batch/?biz_id=tiktok_webapp' from origin 'https://www.tiktok.com' has been blocked by CORS policy: Request header field upgrade-insecure-requests is not allowed by Access-Control-Allow-Headers in preflight response.
2025-12-30 00:36:07,345 - TikTok.TimeSeriesScraper - DEBUG - [Browser ERROR] Failed to load resource: net::ERR_FAILED
2025-12-30 00:36:08,117 - TikTok.TimeSeriesScraper - DEBUG - Processing response with 31 items
2025-12-30 00:36:08,118 - TikTok.TimeSeriesScraper - DEBUG - Added video 7589266290787749140 from 2025-12-29T20:09:21
2025-12-30 00:36:08,118 - TikTok.TimeSeriesScraper - INFO - Found video before milestone: 7588131842839022869 from 2025-12-26T18:47:08. Stopping scroll.
2025-12-30 00:36:08,118 - TikTok.TimeSeriesScraper - INFO - Stopped at milestone. Total videos collected: 1
2025-12-30 00:36:08,118 - TikTok.TimeSeriesScraper - INFO - Total videos fetched: 1
2025-12-30 00:36:08,118 - TikTok.TimeSeriesScraper - INFO - Fetched 1 videos
2025-12-30 00:36:08,119 - TikTok.TimeSeriesScraper - INFO - Saved 1 videos to data/profiles/list32_20251230_003544/ising52hz/videos_raw_20251230_003608.json
2025-12-30 00:36:08,120 - TikTok.TimeSeriesScraper - INFO - Saved time series to data/profiles/list32_20251230_003544/ising52hz/time_series_20251230_003608.json
2025-12-30 00:36:08,120 - TikTok.TimeSeriesScraper - INFO - Saved CSV to data/profiles/list32_20251230_003544/ising52hz/time_series_20251230_003608.csv
2025-12-30 00:36:08,121 - TikTok.TimeSeriesScraper - INFO - Saved summary to data/profiles/list32_20251230_003544/ising52hz/summary_20251230_003608.json
2025-12-30 00:36:08,121 - Crawler - INFO -   ✓ Success: 0 videos, 0 days/periods
2025-12-30 00:36:08,121 - TikTok.TimeSeriesScraper - INFO - Console logging stopped
2025-12-30 00:36:08,126 - TikTok.TimeSeriesScraper - INFO - Console logs saved to JSON: logs/console/console_20251230_003608.json
