2025-12-30 00:45:43,985 - Crawler - INFO - ======================================================================
2025-12-30 00:45:43,985 - Crawler - INFO - TIKTOK PROFILE TIME SERIES SCRAPER
2025-12-30 00:45:43,985 - Crawler - INFO - Target Profiles: 32
2025-12-30 00:45:43,985 - Crawler - INFO - Milestone Date: 2025-12-28 14:00:00
2025-12-30 00:45:43,985 - Crawler - INFO - ======================================================================
2025-12-30 00:45:43,986 - TTCS.ObjTracker - INFO - Connected to SQLite database: progress_tracking/run_list32_20251230_progress.db
2025-12-30 00:45:43,986 - TTCS.ObjTracker - INFO - Database tables created successfully
2025-12-30 00:45:43,986 - TTCS.ObjTracker - INFO - Database indexes created successfully
2025-12-30 00:45:43,987 - TikTok.TimeSeriesScraper - INFO - ✓ Loaded fingerprint from browser_fingerprint.json
2025-12-30 00:45:43,987 - TikTok.TimeSeriesScraper - INFO -   Device: Win32
2025-12-30 00:45:43,987 - TikTok.TimeSeriesScraper - INFO -   GPU: ANGLE (AMD, AMD Radeon(TM) Graphics (0x00001681) Direct3D11 ...
2025-12-30 00:45:43,987 - TikTok.TimeSeriesScraper - INFO - Proxy server: http://14.224.198.119:44182
2025-12-30 00:45:43,987 - TikTok.TimeSeriesScraper - INFO - ======================================================================
2025-12-30 00:45:43,987 - TikTok.TimeSeriesScraper - INFO - STARTING PRODUCTION-READY STEALTH BROWSER (BRAVE)
2025-12-30 00:45:43,987 - TikTok.TimeSeriesScraper - INFO - ======================================================================
2025-12-30 00:45:44,345 - TikTok.TimeSeriesScraper - INFO - Found Brave: /usr/bin/brave-browser
2025-12-30 00:45:44,346 - TikTok.TimeSeriesScraper - INFO - ✓ Using Brave: /usr/bin/brave-browser
2025-12-30 00:45:44,346 - TikTok.TimeSeriesScraper - INFO - Proxy: http://14.224.198.119:44182
2025-12-30 00:45:44,346 - TikTok.TimeSeriesScraper - INFO - Launching browser...
2025-12-30 00:45:44,636 - TikTok.TimeSeriesScraper - INFO - ✓ Browser launched successfully
2025-12-30 00:45:44,636 - TikTok.TimeSeriesScraper - INFO - Creating browser context...
2025-12-30 00:45:44,656 - TikTok.TimeSeriesScraper - INFO - ✓ Context created
2025-12-30 00:45:44,660 - TikTok.TimeSeriesScraper - WARNING - tiktok_cookies.json not found. You may need to log in.
2025-12-30 00:45:44,663 - TikTok.TimeSeriesScraper - INFO - Creating new page...
2025-12-30 00:45:44,965 - TikTok.TimeSeriesScraper - INFO - ✓ Page created
2025-12-30 00:45:44,973 - TikTok.TimeSeriesScraper - INFO - Console logging started: logs/console/console_20251230_004544.log
2025-12-30 00:45:44,983 - TikTok.TimeSeriesScraper - INFO - ✓ CDP session established
2025-12-30 00:45:44,989 - TikTok.TimeSeriesScraper - INFO - Navigating to TikTok...
2025-12-30 00:45:47,378 - TikTok.TimeSeriesScraper - ERROR - ❌ Failed to load TikTok: Page.goto: Target page, context or browser has been closed
Call log:
  - navigating to "https://www.tiktok.com/", waiting until "domcontentloaded"

