2025-12-30 06:50:30,418 - Crawler - INFO - ======================================================================
2025-12-30 06:50:30,418 - Crawler - INFO - TIKTOK PROFILE TIME SERIES SCRAPER
2025-12-30 06:50:30,418 - Crawler - INFO - Target Profiles: 32
2025-12-30 06:50:30,419 - Crawler - INFO - Milestone Date: 2025-12-30 13:00:00
2025-12-30 06:50:30,419 - Crawler - INFO - ======================================================================
2025-12-30 06:50:30,420 - TTCS.ObjTracker - INFO - Connected to SQLite database: progress_tracking/run_list32_20251230_progress.db
2025-12-30 06:50:30,421 - TTCS.ObjTracker - INFO - Database tables created successfully
2025-12-30 06:50:30,421 - TTCS.ObjTracker - INFO - Database indexes created successfully
2025-12-30 06:50:30,423 - TikTok.TimeSeriesScraper - INFO - ✓ Loaded fingerprint from browser_fingerprint.json
2025-12-30 06:50:30,424 - TikTok.TimeSeriesScraper - INFO -   Device: Win32
2025-12-30 06:50:30,424 - TikTok.TimeSeriesScraper - INFO -   GPU: ANGLE (AMD, AMD Radeon(TM) Graphics (0x00001681) Direct3D11 ...
2025-12-30 06:50:30,424 - TikTok.TimeSeriesScraper - INFO - ======================================================================
2025-12-30 06:50:30,424 - TikTok.TimeSeriesScraper - INFO - STARTING PRODUCTION-READY STEALTH BROWSER (BRAVE)
2025-12-30 06:50:30,425 - TikTok.TimeSeriesScraper - INFO - ======================================================================
2025-12-30 06:50:31,034 - TikTok.TimeSeriesScraper - INFO - Found Brave: /usr/bin/brave-browser
2025-12-30 06:50:31,035 - TikTok.TimeSeriesScraper - INFO - ✓ Using Brave: /usr/bin/brave-browser
2025-12-30 06:50:31,035 - TikTok.TimeSeriesScraper - INFO - Launching browser...
2025-12-30 06:50:31,255 - TikTok.TimeSeriesScraper - ERROR - ❌ Browser launch failed: Target page, context or browser has been closed
Browser logs:

╔════════════════════════════════════════════════════════════════════════════════════════════════╗
║ Looks like you launched a headed browser without having a XServer running.                     ║
║ Set either 'headless: true' or use 'xvfb-run <your-playwright-app>' before running Playwright. ║
║                                                                                                ║
║ <3 Playwright Team                                                                             ║
╚════════════════════════════════════════════════════════════════════════════════════════════════╝
2025-12-30 06:50:31,255 - TikTok.TimeSeriesScraper - INFO - Trying fallback: Chromium without Brave...
2025-12-30 06:50:32,505 - TikTok.TimeSeriesScraper - ERROR - ❌ Chromium also failed: Target page, context or browser has been closed
Browser logs:

╔════════════════════════════════════════════════════════════════════════════════════════════════╗
║ Looks like you launched a headed browser without having a XServer running.                     ║
║ Set either 'headless: true' or use 'xvfb-run <your-playwright-app>' before running Playwright. ║
║                                                                                                ║
║ <3 Playwright Team                                                                             ║
╚════════════════════════════════════════════════════════════════════════════════════════════════╝
