2025-12-30 12:26:40,475 - Crawler - INFO - ======================================================================
2025-12-30 12:26:40,476 - Crawler - INFO - TIKTOK PROFILE TIME SERIES SCRAPER
2025-12-30 12:26:40,476 - Crawler - INFO - Target Profiles: 32
2025-12-30 12:26:40,476 - Crawler - INFO - Milestone Date: 2025-12-28 14:00:00
2025-12-30 12:26:40,476 - Crawler - INFO - ======================================================================
2025-12-30 12:26:40,477 - TTCS.ObjTracker - INFO - Connected to SQLite database: progress_tracking/run_list32_20251230_progress.db
2025-12-30 12:26:40,477 - TTCS.ObjTracker - INFO - Database tables created successfully
2025-12-30 12:26:40,477 - TTCS.ObjTracker - INFO - Database indexes created successfully
2025-12-30 12:26:40,478 - TikTok.TimeSeriesScraper - INFO - ✓ Loaded fingerprint from browser_fingerprint.json
2025-12-30 12:26:40,478 - TikTok.TimeSeriesScraper - INFO -   Device: Win32
2025-12-30 12:26:40,478 - TikTok.TimeSeriesScraper - INFO -   GPU: ANGLE (AMD, AMD Radeon(TM) Graphics (0x00001681) Direct3D11 ...
2025-12-30 12:26:40,479 - TikTok.TimeSeriesScraper - INFO - ======================================================================
2025-12-30 12:26:40,479 - TikTok.TimeSeriesScraper - INFO - STARTING PRODUCTION-READY STEALTH BROWSER (BRAVE)
2025-12-30 12:26:40,479 - TikTok.TimeSeriesScraper - INFO - ======================================================================
2025-12-30 12:26:40,960 - TikTok.TimeSeriesScraper - INFO - Found Brave: /usr/bin/brave-browser
2025-12-30 12:26:40,960 - TikTok.TimeSeriesScraper - INFO - ✓ Using Brave: /usr/bin/brave-browser
2025-12-30 12:26:40,960 - TikTok.TimeSeriesScraper - INFO - Launching browser...
2025-12-30 12:26:41,481 - TikTok.TimeSeriesScraper - INFO - ✓ Browser launched successfully
2025-12-30 12:26:41,484 - TikTok.TimeSeriesScraper - INFO - Creating browser context...
2025-12-30 12:26:41,531 - TikTok.TimeSeriesScraper - INFO - ✓ Context created
2025-12-30 12:26:41,549 - TikTok.TimeSeriesScraper - INFO - ✓ Loaded 0 cookies from tiktok_cookies.json
2025-12-30 12:26:41,555 - TikTok.TimeSeriesScraper - INFO - Creating new page...
2025-12-30 12:26:42,044 - TikTok.TimeSeriesScraper - INFO - ✓ Page created
2025-12-30 12:26:42,049 - TikTok.TimeSeriesScraper - INFO - Console logging started: logs/console/console_20251230_122642.log
2025-12-30 12:26:42,063 - TikTok.TimeSeriesScraper - INFO - ✓ CDP session established
2025-12-30 12:26:42,069 - TikTok.TimeSeriesScraper - INFO - Navigating to TikTok...
2025-12-30 12:26:45,549 - TikTok.TimeSeriesScraper - DEBUG - [Browser WARNING] Reflect is already polyfilled.
2025-12-30 12:26:45,565 - TikTok.TimeSeriesScraper - INFO - ✓ Successfully loaded TikTok
2025-12-30 12:26:45,711 - TikTok.TimeSeriesScraper - DEBUG - [Browser WARNING] AppContext will be overwritten
2025-12-30 12:26:45,714 - TikTok.TimeSeriesScraper - DEBUG - [Browser WARNING] AppContext will be overwritten
2025-12-30 12:26:45,715 - TikTok.TimeSeriesScraper - DEBUG - [Browser WARNING] AppContext will be overwritten
2025-12-30 12:26:45,715 - TikTok.TimeSeriesScraper - DEBUG - [Browser WARNING] AppContext will be overwritten
2025-12-30 12:26:45,722 - TikTok.TimeSeriesScraper - DEBUG - [Browser WARNING] AppContext will be overwritten
2025-12-30 12:26:45,726 - TikTok.TimeSeriesScraper - DEBUG - [Browser WARNING] AppContext will be overwritten
2025-12-30 12:26:45,727 - TikTok.TimeSeriesScraper - DEBUG - [Browser WARNING] AppContext will be overwritten
2025-12-30 12:26:45,729 - TikTok.TimeSeriesScraper - DEBUG - [Browser WARNING] AppContext will be overwritten
2025-12-30 12:26:45,826 - TikTok.TimeSeriesScraper - DEBUG - [Browser WARNING] AppContext will be overwritten
2025-12-30 12:26:45,827 - TikTok.TimeSeriesScraper - DEBUG - [Browser WARNING] AppContext will be overwritten
2025-12-30 12:26:45,827 - TikTok.TimeSeriesScraper - DEBUG - [Browser WARNING] loadable: `loadableReady()` requires state, please use `getScriptTags` or `getScriptElements` server-side
2025-12-30 12:26:46,074 - TikTok.TimeSeriesScraper - DEBUG - [Browser ERROR] Error: Unable to determine theme from timezone. Falling back to local time-based method. Error: Timezone "Asia/Saigon" not found
    at w (https://sf16-website-login.neutral.ttwstatic.com/obj/tiktok_web_login_static/tiktok/webapp/main/react-v18/webapp-desktop/static/js/64709.b132f7f3.js:2:102006)
    at I (https://sf16-website-login.neutral.ttwstatic.com/obj/tiktok_web_login_static/tiktok/webapp/main/react-v18/webapp-desktop/static/js/webapp-desktop.b0db16dd.js:1:155831)
    at https://sf16-website-login.neutral.ttwstatic.com/obj/tiktok_web_login_static/tiktok/webapp/main/react-v18/webapp-desktop/static/js/webapp-desktop.b0db16dd.js:1:157092
    at lI (https://sf16-website-login.neutral.ttwstatic.com/obj/tiktok_web_login_static/tiktok/webapp/main/react-v18/webapp-desktop/static/js/npm-react.c57fe319.js:2:165676)
    at iU (https://sf16-website-login.neutral.ttwstatic.com/obj/tiktok_web_login_static/tiktok/webapp/main/react-v18/webapp-desktop/static/js/npm-react.c57fe319.js:2:194669)
    at iT (https://sf16-website-login.neutral.ttwstatic.com/obj/tiktok_web_login_static/tiktok/webapp/main/react-v18/webapp-desktop/static/js/npm-react.c57fe319.js:2:177525)
    at r6 (https://sf16-website-login.neutral.ttwstatic.com/obj/tiktok_web_login_static/tiktok/webapp/main/react-v18/webapp-desktop/static/js/npm-react.c57fe319.js:2:126479)
    at https://sf16-website-login.neutral.ttwstatic.com/obj/tiktok_web_login_static/tiktok/webapp/main/react-v18/webapp-desktop/static/js/npm-react.c57fe319.js:2:193115
    at i$ (https://sf16-website-login.neutral.ttwstatic.com/obj/tiktok_web_login_static/tiktok/webapp/main/react-v18/webapp-desktop/static/js/npm-react.c57fe319.js:2:193121)
    at iE (https://sf16-website-login.neutral.ttwstatic.com/obj/tiktok_web_login_static/tiktok/webapp/main/react-v18/webapp-desktop/static/js/npm-react.c57fe319.js:2:176528)
2025-12-30 12:26:46,423 - TikTok.TimeSeriesScraper - DEBUG - [Browser ERROR] Error: Unable to determine theme from timezone. Falling back to local time-based method. Error: Timezone "Asia/Saigon" not found
    at w (https://sf16-website-login.neutral.ttwstatic.com/obj/tiktok_web_login_static/tiktok/webapp/main/react-v18/webapp-desktop/static/js/64709.b132f7f3.js:2:102006)
    at I (https://sf16-website-login.neutral.ttwstatic.com/obj/tiktok_web_login_static/tiktok/webapp/main/react-v18/webapp-desktop/static/js/webapp-desktop.b0db16dd.js:1:155831)
    at https://sf16-website-login.neutral.ttwstatic.com/obj/tiktok_web_login_static/tiktok/webapp/main/react-v18/webapp-desktop/static/js/webapp-desktop.b0db16dd.js:1:157092
    at lI (https://sf16-website-login.neutral.ttwstatic.com/obj/tiktok_web_login_static/tiktok/webapp/main/react-v18/webapp-desktop/static/js/npm-react.c57fe319.js:2:165676)
    at iU (https://sf16-website-login.neutral.ttwstatic.com/obj/tiktok_web_login_static/tiktok/webapp/main/react-v18/webapp-desktop/static/js/npm-react.c57fe319.js:2:194669)
    at iT (https://sf16-website-login.neutral.ttwstatic.com/obj/tiktok_web_login_static/tiktok/webapp/main/react-v18/webapp-desktop/static/js/npm-react.c57fe319.js:2:177525)
    at r6 (https://sf16-website-login.neutral.ttwstatic.com/obj/tiktok_web_login_static/tiktok/webapp/main/react-v18/webapp-desktop/static/js/npm-react.c57fe319.js:2:126479)
    at https://sf16-website-login.neutral.ttwstatic.com/obj/tiktok_web_login_static/tiktok/webapp/main/react-v18/webapp-desktop/static/js/npm-react.c57fe319.js:2:193115
    at i$ (https://sf16-website-login.neutral.ttwstatic.com/obj/tiktok_web_login_static/tiktok/webapp/main/react-v18/webapp-desktop/static/js/npm-react.c57fe319.js:2:193121)
    at iE (https://sf16-website-login.neutral.ttwstatic.com/obj/tiktok_web_login_static/tiktok/webapp/main/react-v18/webapp-desktop/static/js/npm-react.c57fe319.js:2:176528)
2025-12-30 12:26:46,527 - TikTok.TimeSeriesScraper - DEBUG - [Browser ERROR] Access to XMLHttpRequest at 'https://mon.tiktokv.com/monitor_web/settings/browser-settings?bid=pns_communication_service&store=1' from origin 'https://www.tiktok.com' has been blocked by CORS policy: Response to preflight request doesn't pass access control check: The value of the 'Access-Control-Allow-Credentials' header in the response is '' which must be 'true' when the request's credentials mode is 'include'. The credentials mode of requests initiated by the XMLHttpRequest is controlled by the withCredentials attribute.
2025-12-30 12:26:46,528 - TikTok.TimeSeriesScraper - DEBUG - [Browser ERROR] Failed to load resource: net::ERR_FAILED
2025-12-30 12:26:47,049 - TikTok.TimeSeriesScraper - DEBUG - [Browser ERROR] Access to XMLHttpRequest at 'https://mon.tiktokv.com/monitor_web/settings/browser-settings?bid=tiktok_webapp&store=1' from origin 'https://www.tiktok.com' has been blocked by CORS policy: Response to preflight request doesn't pass access control check: The value of the 'Access-Control-Allow-Credentials' header in the response is '' which must be 'true' when the request's credentials mode is 'include'. The credentials mode of requests initiated by the XMLHttpRequest is controlled by the withCredentials attribute.
2025-12-30 12:26:47,053 - TikTok.TimeSeriesScraper - DEBUG - [Browser ERROR] Failed to load resource: net::ERR_FAILED
2025-12-30 12:26:47,511 - TikTok.TimeSeriesScraper - DEBUG - [Browser WARNING] The AudioContext was not allowed to start. It must be resumed (or created) after a user gesture on the page. https://developer.chrome.com/blog/autoplay/#web_audio
2025-12-30 12:26:48,260 - TikTok.TimeSeriesScraper - DEBUG - [Browser ERROR] Access to XMLHttpRequest at 'https://mon.tiktokv.com/monitor_web/settings/browser-settings?bid=webmssdk&store=1' from origin 'https://www.tiktok.com' has been blocked by CORS policy: Response to preflight request doesn't pass access control check: The value of the 'Access-Control-Allow-Credentials' header in the response is '' which must be 'true' when the request's credentials mode is 'include'. The credentials mode of requests initiated by the XMLHttpRequest is controlled by the withCredentials attribute.
2025-12-30 12:26:48,270 - TikTok.TimeSeriesScraper - DEBUG - [Browser ERROR] Failed to load resource: net::ERR_FAILED
2025-12-30 12:26:48,615 - TikTok.TimeSeriesScraper - DEBUG - [Browser WARNING] The AudioContext was not allowed to start. It must be resumed (or created) after a user gesture on the page. https://developer.chrome.com/blog/autoplay/#web_audio
2025-12-30 12:26:48,615 - TikTok.TimeSeriesScraper - DEBUG - [Browser WARNING] The AudioContext was not allowed to start. It must be resumed (or created) after a user gesture on the page. https://developer.chrome.com/blog/autoplay/#web_audio
2025-12-30 12:26:48,784 - TikTok.TimeSeriesScraper - INFO - ✓ Browser ready!
2025-12-30 12:26:48,784 - TikTok.TimeSeriesScraper - INFO - ======================================================================
2025-12-30 12:26:48,784 - Crawler - INFO - 
[1/32] Processing: phuongmychiofficial
2025-12-30 12:26:48,784 - TikTok.TimeSeriesScraper - INFO - Starting time series scrape for @phuongmychiofficial
2025-12-30 12:26:48,784 - TikTok.TimeSeriesScraper - INFO - Using milestone: 2025-12-28 14:00:00
2025-12-30 12:26:48,786 - TikTok.TimeSeriesScraper - INFO - Date range: 2025-12-28 to 2025-12-30
2025-12-30 12:26:48,789 - TikTok.TimeSeriesScraper - INFO - Using milestone datetime: 2025-12-28 14:00:00
2025-12-30 12:26:48,791 - TikTok.TimeSeriesScraper - INFO - Navigating to @phuongmychiofficial...
2025-12-30 12:26:49,435 - TikTok.TimeSeriesScraper - DEBUG - [Browser ERROR] Feature access control initialization error Response
2025-12-30 12:26:49,436 - TikTok.TimeSeriesScraper - DEBUG - [Browser ERROR] Check show get coins entrance failed TypeError: Cannot read properties of undefined (reading 'data')
2025-12-30 12:26:50,162 - TikTok.TimeSeriesScraper - DEBUG - [Browser ERROR] Access to XMLHttpRequest at 'https://mon.tiktokv.com/monitor_web/settings/browser-settings?bid=webmssdk&store=1' from origin 'https://www.tiktok.com' has been blocked by CORS policy: Response to preflight request doesn't pass access control check: The value of the 'Access-Control-Allow-Credentials' header in the response is '' which must be 'true' when the request's credentials mode is 'include'. The credentials mode of requests initiated by the XMLHttpRequest is controlled by the withCredentials attribute.
2025-12-30 12:26:50,167 - TikTok.TimeSeriesScraper - DEBUG - [Browser ERROR] Failed to load resource: net::ERR_FAILED
2025-12-30 12:26:50,183 - TikTok.TimeSeriesScraper - DEBUG - [Browser WARNING] Reflect is already polyfilled.
2025-12-30 12:26:50,219 - TikTok.TimeSeriesScraper - DEBUG - [Browser WARNING] AppContext will be overwritten
2025-12-30 12:26:50,221 - TikTok.TimeSeriesScraper - DEBUG - [Browser WARNING] AppContext will be overwritten
2025-12-30 12:26:50,224 - TikTok.TimeSeriesScraper - DEBUG - [Browser WARNING] AppContext will be overwritten
2025-12-30 12:26:50,225 - TikTok.TimeSeriesScraper - DEBUG - [Browser WARNING] AppContext will be overwritten
2025-12-30 12:26:50,226 - TikTok.TimeSeriesScraper - DEBUG - [Browser WARNING] AppContext will be overwritten
2025-12-30 12:26:50,226 - TikTok.TimeSeriesScraper - DEBUG - [Browser WARNING] AppContext will be overwritten
2025-12-30 12:26:50,227 - TikTok.TimeSeriesScraper - DEBUG - [Browser WARNING] AppContext will be overwritten
2025-12-30 12:26:50,227 - TikTok.TimeSeriesScraper - DEBUG - [Browser WARNING] AppContext will be overwritten
2025-12-30 12:26:50,260 - TikTok.TimeSeriesScraper - DEBUG - [Browser WARNING] AppContext will be overwritten
2025-12-30 12:26:50,262 - TikTok.TimeSeriesScraper - DEBUG - [Browser WARNING] AppContext will be overwritten
2025-12-30 12:26:50,263 - TikTok.TimeSeriesScraper - DEBUG - [Browser WARNING] loadable: `loadableReady()` requires state, please use `getScriptTags` or `getScriptElements` server-side
2025-12-30 12:26:50,280 - TikTok.TimeSeriesScraper - DEBUG - [Browser ERROR] prefetch image SyntaxError: Failed to execute 'json' on 'Response': Unexpected end of JSON input
    at https://sf16-website-login.neutral.ttwstatic.com/obj/tiktok_web_login_static/tiktok/webapp/main/react-v18/webapp-desktop/user-prefetch.46d1dc82.js:2:86732
    at Object.next (https://sf16-website-login.neutral.ttwstatic.com/obj/tiktok_web_login_static/tiktok/webapp/main/react-v18/webapp-desktop/user-prefetch.46d1dc82.js:2:20381)
    at e (https://sf16-website-login.neutral.ttwstatic.com/obj/tiktok_web_login_static/tiktok/webapp/main/react-v18/webapp-desktop/user-prefetch.46d1dc82.js:2:16717)
    at o (https://sf16-website-login.neutral.ttwstatic.com/obj/tiktok_web_login_static/tiktok/webapp/main/react-v18/webapp-desktop/user-prefetch.46d1dc82.js:2:16914)
    at https://sf16-website-login.neutral.ttwstatic.com/obj/tiktok_web_login_static/tiktok/webapp/main/react-v18/webapp-desktop/user-prefetch.46d1dc82.js:2:16973
    at new Promise (<anonymous>)
    at https://sf16-website-login.neutral.ttwstatic.com/obj/tiktok_web_login_static/tiktok/webapp/main/react-v18/webapp-desktop/user-prefetch.46d1dc82.js:2:16855
    at tT (https://sf16-website-login.neutral.ttwstatic.com/obj/tiktok_web_login_static/tiktok/webapp/main/react-v18/webapp-desktop/user-prefetch.46d1dc82.js:2:87096)
    at https://sf16-website-login.neutral.ttwstatic.com/obj/tiktok_web_login_static/tiktok/webapp/main/react-v18/webapp-desktop/user-prefetch.46d1dc82.js:2:91016
2025-12-30 12:26:50,398 - TikTok.TimeSeriesScraper - DEBUG - [Browser ERROR] Error: Unable to determine theme from timezone. Falling back to local time-based method. Error: Timezone "Asia/Saigon" not found
    at w (https://sf16-website-login.neutral.ttwstatic.com/obj/tiktok_web_login_static/tiktok/webapp/main/react-v18/webapp-desktop/static/js/64709.b132f7f3.js:2:102006)
    at I (https://sf16-website-login.neutral.ttwstatic.com/obj/tiktok_web_login_static/tiktok/webapp/main/react-v18/webapp-desktop/static/js/webapp-desktop.b0db16dd.js:1:155831)
    at https://sf16-website-login.neutral.ttwstatic.com/obj/tiktok_web_login_static/tiktok/webapp/main/react-v18/webapp-desktop/static/js/webapp-desktop.b0db16dd.js:1:157092
    at lI (https://sf16-website-login.neutral.ttwstatic.com/obj/tiktok_web_login_static/tiktok/webapp/main/react-v18/webapp-desktop/static/js/npm-react.c57fe319.js:2:165676)
    at iU (https://sf16-website-login.neutral.ttwstatic.com/obj/tiktok_web_login_static/tiktok/webapp/main/react-v18/webapp-desktop/static/js/npm-react.c57fe319.js:2:194669)
    at iT (https://sf16-website-login.neutral.ttwstatic.com/obj/tiktok_web_login_static/tiktok/webapp/main/react-v18/webapp-desktop/static/js/npm-react.c57fe319.js:2:177525)
    at r6 (https://sf16-website-login.neutral.ttwstatic.com/obj/tiktok_web_login_static/tiktok/webapp/main/react-v18/webapp-desktop/static/js/npm-react.c57fe319.js:2:126479)
    at https://sf16-website-login.neutral.ttwstatic.com/obj/tiktok_web_login_static/tiktok/webapp/main/react-v18/webapp-desktop/static/js/npm-react.c57fe319.js:2:193115
    at i$ (https://sf16-website-login.neutral.ttwstatic.com/obj/tiktok_web_login_static/tiktok/webapp/main/react-v18/webapp-desktop/static/js/npm-react.c57fe319.js:2:193121)
    at iE (https://sf16-website-login.neutral.ttwstatic.com/obj/tiktok_web_login_static/tiktok/webapp/main/react-v18/webapp-desktop/static/js/npm-react.c57fe319.js:2:176528)
2025-12-30 12:26:50,598 - TikTok.TimeSeriesScraper - DEBUG - Intercepted API response: https://www.tiktok.com/api/post/item_list/?WebIdLastTime=1767072404&aid=1988&app_language=en&app_nam
2025-12-30 12:26:50,615 - TikTok.TimeSeriesScraper - DEBUG - [Browser ERROR] Access to XMLHttpRequest at 'https://mon.tiktokv.com/monitor_web/settings/browser-settings?bid=pns_communication_service&store=1' from origin 'https://www.tiktok.com' has been blocked by CORS policy: Response to preflight request doesn't pass access control check: The value of the 'Access-Control-Allow-Credentials' header in the response is '' which must be 'true' when the request's credentials mode is 'include'. The credentials mode of requests initiated by the XMLHttpRequest is controlled by the withCredentials attribute.
2025-12-30 12:26:50,616 - TikTok.TimeSeriesScraper - DEBUG - [Browser ERROR] Failed to load resource: net::ERR_FAILED
2025-12-30 12:26:51,137 - TikTok.TimeSeriesScraper - DEBUG - [Browser ERROR] Access to XMLHttpRequest at 'https://mon.tiktokv.com/monitor_web/settings/browser-settings?bid=tiktok_webapp&store=1' from origin 'https://www.tiktok.com' has been blocked by CORS policy: Response to preflight request doesn't pass access control check: The value of the 'Access-Control-Allow-Credentials' header in the response is '' which must be 'true' when the request's credentials mode is 'include'. The credentials mode of requests initiated by the XMLHttpRequest is controlled by the withCredentials attribute.
2025-12-30 12:26:51,143 - TikTok.TimeSeriesScraper - DEBUG - [Browser ERROR] Failed to load resource: net::ERR_FAILED
2025-12-30 12:26:51,397 - TikTok.TimeSeriesScraper - DEBUG - [Browser WARNING] [i18n] missing key [en] Webapp Close_button Close_button
2025-12-30 12:26:51,445 - TikTok.TimeSeriesScraper - DEBUG - [Browser WARNING] user post atom, error getItemList! Response
2025-12-30 12:26:51,494 - TikTok.TimeSeriesScraper - DEBUG - Intercepted API response: https://www.tiktok.com/api/post/item_list/?WebIdLastTime=1767072404&aid=1988&app_language=en&app_nam
2025-12-30 12:26:58,819 - TikTok.TimeSeriesScraper - DEBUG - [Browser ERROR] Error: Unable to determine theme from timezone. Falling back to local time-based method. Error: Timezone "Asia/Saigon" not found
    at w (https://sf16-website-login.neutral.ttwstatic.com/obj/tiktok_web_login_static/tiktok/webapp/main/react-v18/webapp-desktop/static/js/64709.b132f7f3.js:2:102006)
    at I (https://sf16-website-login.neutral.ttwstatic.com/obj/tiktok_web_login_static/tiktok/webapp/main/react-v18/webapp-desktop/static/js/webapp-desktop.b0db16dd.js:1:155831)
    at https://sf16-website-login.neutral.ttwstatic.com/obj/tiktok_web_login_static/tiktok/webapp/main/react-v18/webapp-desktop/static/js/webapp-desktop.b0db16dd.js:1:157092
    at lI (https://sf16-website-login.neutral.ttwstatic.com/obj/tiktok_web_login_static/tiktok/webapp/main/react-v18/webapp-desktop/static/js/npm-react.c57fe319.js:2:165676)
    at iU (https://sf16-website-login.neutral.ttwstatic.com/obj/tiktok_web_login_static/tiktok/webapp/main/react-v18/webapp-desktop/static/js/npm-react.c57fe319.js:2:194669)
    at https://sf16-website-login.neutral.ttwstatic.com/obj/tiktok_web_login_static/tiktok/webapp/main/react-v18/webapp-desktop/static/js/npm-react.c57fe319.js:2:193055
    at i$ (https://sf16-website-login.neutral.ttwstatic.com/obj/tiktok_web_login_static/tiktok/webapp/main/react-v18/webapp-desktop/static/js/npm-react.c57fe319.js:2:193121)
    at iT (https://sf16-website-login.neutral.ttwstatic.com/obj/tiktok_web_login_static/tiktok/webapp/main/react-v18/webapp-desktop/static/js/npm-react.c57fe319.js:2:177787)
    at r6 (https://sf16-website-login.neutral.ttwstatic.com/obj/tiktok_web_login_static/tiktok/webapp/main/react-v18/webapp-desktop/static/js/npm-react.c57fe319.js:2:126479)
    at https://sf16-website-login.neutral.ttwstatic.com/obj/tiktok_web_login_static/tiktok/webapp/main/react-v18/webapp-desktop/static/js/npm-react.c57fe319.js:2:175165
2025-12-30 12:27:01,863 - TikTok.TimeSeriesScraper - DEBUG - [Browser ERROR] Access to XMLHttpRequest at 'https://mon.tiktokv.com/monitor_web/settings/browser-settings?bid=pns_cookie_banner_slardar&store=1' from origin 'https://www.tiktok.com' has been blocked by CORS policy: Response to preflight request doesn't pass access control check: The value of the 'Access-Control-Allow-Credentials' header in the response is '' which must be 'true' when the request's credentials mode is 'include'. The credentials mode of requests initiated by the XMLHttpRequest is controlled by the withCredentials attribute.
2025-12-30 12:27:01,865 - TikTok.TimeSeriesScraper - DEBUG - [Browser ERROR] Failed to load resource: net::ERR_FAILED
2025-12-30 12:27:01,928 - TikTok.TimeSeriesScraper - DEBUG - [Browser ERROR] Access to XMLHttpRequest at 'https://mon.tiktokv.com/monitor_web/settings/browser-settings?bid=pns_consent_system&store=1' from origin 'https://www.tiktok.com' has been blocked by CORS policy: Response to preflight request doesn't pass access control check: The value of the 'Access-Control-Allow-Credentials' header in the response is '' which must be 'true' when the request's credentials mode is 'include'. The credentials mode of requests initiated by the XMLHttpRequest is controlled by the withCredentials attribute.
2025-12-30 12:27:01,931 - TikTok.TimeSeriesScraper - DEBUG - [Browser ERROR] Failed to load resource: net::ERR_FAILED
2025-12-30 12:27:06,402 - TikTok.TimeSeriesScraper - DEBUG - [Browser WARNING] [GSI_LOGGER]: Your client application uses one of the Google One Tap prompt UI status methods that may stop functioning when FedCM becomes mandatory. Refer to the migration guide to update your code accordingly and opt-in to FedCM to test your changes. Learn more: https://developers.google.com/identity/gsi/web/guides/fedcm-migration?s=dc#display_moment and https://developers.google.com/identity/gsi/web/guides/fedcm-migration?s=dc#skipped_moment
2025-12-30 12:27:07,748 - TikTok.TimeSeriesScraper - WARNING - Video grid not found, continuing anyway...
2025-12-30 12:27:07,804 - TikTok.TimeSeriesScraper - DEBUG - Error extracting page data: Page.evaluate: Target page, context or browser has been closed
2025-12-30 12:27:07,812 - TikTok.TimeSeriesScraper - ERROR - Error getting user videos: Page.evaluate: Target page, context or browser has been closed
2025-12-30 12:27:07,812 - TikTok.TimeSeriesScraper - ERROR - No videos fetched
2025-12-30 12:27:07,812 - Crawler - WARNING -   Failed: No videos found
2025-12-30 12:27:07,813 - Crawler - INFO - 
[2/32] Processing: ising52hz
