2025-12-30 12:29:08,323 - Crawler - INFO - ======================================================================
2025-12-30 12:29:08,323 - Crawler - INFO - TIKTOK PROFILE TIME SERIES SCRAPER
2025-12-30 12:29:08,324 - Crawler - INFO - Target Profiles: 32
2025-12-30 12:29:08,324 - Crawler - INFO - Milestone Date: 2025-12-28 14:00:00
2025-12-30 12:29:08,324 - Crawler - INFO - ======================================================================
2025-12-30 12:29:08,325 - TTCS.ObjTracker - INFO - Connected to SQLite database: progress_tracking/run_list32_20251230_progress.db
2025-12-30 12:29:08,325 - TTCS.ObjTracker - INFO - Database tables created successfully
2025-12-30 12:29:08,325 - TTCS.ObjTracker - INFO - Database indexes created successfully
2025-12-30 12:29:08,327 - TikTok.TimeSeriesScraper - INFO - ✓ Loaded fingerprint from browser_fingerprint.json
2025-12-30 12:29:08,327 - TikTok.TimeSeriesScraper - INFO -   Device: Win32
2025-12-30 12:29:08,327 - TikTok.TimeSeriesScraper - INFO -   GPU: ANGLE (AMD, AMD Radeon(TM) Graphics (0x00001681) Direct3D11 ...
2025-12-30 12:29:08,327 - TikTok.TimeSeriesScraper - INFO - ======================================================================
2025-12-30 12:29:08,328 - TikTok.TimeSeriesScraper - INFO - STARTING PRODUCTION-READY STEALTH BROWSER (BRAVE)
2025-12-30 12:29:08,328 - TikTok.TimeSeriesScraper - INFO - ======================================================================
2025-12-30 12:29:08,874 - TikTok.TimeSeriesScraper - INFO - Found Brave: /usr/bin/brave-browser
2025-12-30 12:29:08,874 - TikTok.TimeSeriesScraper - INFO - ✓ Using Brave: /usr/bin/brave-browser
2025-12-30 12:29:08,874 - TikTok.TimeSeriesScraper - INFO - Launching browser...
2025-12-30 12:29:09,373 - TikTok.TimeSeriesScraper - INFO - ✓ Browser launched successfully
2025-12-30 12:29:09,373 - TikTok.TimeSeriesScraper - INFO - Creating browser context...
2025-12-30 12:29:09,406 - TikTok.TimeSeriesScraper - INFO - ✓ Context created
2025-12-30 12:29:09,420 - TikTok.TimeSeriesScraper - INFO - ✓ Loaded 0 cookies from tiktok_cookies.json
2025-12-30 12:29:09,425 - TikTok.TimeSeriesScraper - INFO - Creating new page...
2025-12-30 12:29:09,950 - TikTok.TimeSeriesScraper - INFO - ✓ Page created
2025-12-30 12:29:09,968 - TikTok.TimeSeriesScraper - INFO - Console logging started: logs/console/console_20251230_122909.log
2025-12-30 12:29:10,000 - TikTok.TimeSeriesScraper - INFO - ✓ CDP session established
2025-12-30 12:29:10,015 - TikTok.TimeSeriesScraper - INFO - Navigating to TikTok...
2025-12-30 12:29:12,720 - TikTok.TimeSeriesScraper - DEBUG - [Browser WARNING] Reflect is already polyfilled.
2025-12-30 12:29:12,953 - TikTok.TimeSeriesScraper - DEBUG - [Browser WARNING] AppContext will be overwritten
2025-12-30 12:29:12,954 - TikTok.TimeSeriesScraper - DEBUG - [Browser WARNING] AppContext will be overwritten
2025-12-30 12:29:12,957 - TikTok.TimeSeriesScraper - DEBUG - [Browser WARNING] AppContext will be overwritten
2025-12-30 12:29:12,958 - TikTok.TimeSeriesScraper - DEBUG - [Browser WARNING] AppContext will be overwritten
2025-12-30 12:29:12,967 - TikTok.TimeSeriesScraper - DEBUG - [Browser WARNING] AppContext will be overwritten
2025-12-30 12:29:12,975 - TikTok.TimeSeriesScraper - DEBUG - [Browser WARNING] AppContext will be overwritten
2025-12-30 12:29:12,979 - TikTok.TimeSeriesScraper - DEBUG - [Browser WARNING] AppContext will be overwritten
2025-12-30 12:29:12,988 - TikTok.TimeSeriesScraper - DEBUG - [Browser WARNING] AppContext will be overwritten
2025-12-30 12:29:13,101 - TikTok.TimeSeriesScraper - DEBUG - [Browser WARNING] AppContext will be overwritten
2025-12-30 12:29:13,110 - TikTok.TimeSeriesScraper - DEBUG - [Browser WARNING] AppContext will be overwritten
2025-12-30 12:29:13,111 - TikTok.TimeSeriesScraper - DEBUG - [Browser WARNING] loadable: `loadableReady()` requires state, please use `getScriptTags` or `getScriptElements` server-side
2025-12-30 12:29:13,347 - TikTok.TimeSeriesScraper - INFO - ✓ Successfully loaded TikTok
2025-12-30 12:29:13,518 - TikTok.TimeSeriesScraper - DEBUG - [Browser ERROR] Error: Unable to determine theme from timezone. Falling back to local time-based method. Error: Timezone "Asia/Saigon" not found
    at w (https://sf16-website-login.neutral.ttwstatic.com/obj/tiktok_web_login_static/tiktok/webapp/main/react-v18/webapp-desktop/static/js/64709.b132f7f3.js:2:102006)
    at I (https://sf16-website-login.neutral.ttwstatic.com/obj/tiktok_web_login_static/tiktok/webapp/main/react-v18/webapp-desktop/static/js/webapp-desktop.b0db16dd.js:1:155831)
    at https://sf16-website-login.neutral.ttwstatic.com/obj/tiktok_web_login_static/tiktok/webapp/main/react-v18/webapp-desktop/static/js/webapp-desktop.b0db16dd.js:1:157092
    at lI (https://sf16-website-login.neutral.ttwstatic.com/obj/tiktok_web_login_static/tiktok/webapp/main/react-v18/webapp-desktop/static/js/npm-react.c57fe319.js:2:165676)
    at iU (https://sf16-website-login.neutral.ttwstatic.com/obj/tiktok_web_login_static/tiktok/webapp/main/react-v18/webapp-desktop/static/js/npm-react.c57fe319.js:2:194669)
    at iT (https://sf16-website-login.neutral.ttwstatic.com/obj/tiktok_web_login_static/tiktok/webapp/main/react-v18/webapp-desktop/static/js/npm-react.c57fe319.js:2:177525)
    at r6 (https://sf16-website-login.neutral.ttwstatic.com/obj/tiktok_web_login_static/tiktok/webapp/main/react-v18/webapp-desktop/static/js/npm-react.c57fe319.js:2:126479)
    at https://sf16-website-login.neutral.ttwstatic.com/obj/tiktok_web_login_static/tiktok/webapp/main/react-v18/webapp-desktop/static/js/npm-react.c57fe319.js:2:193115
    at i$ (https://sf16-website-login.neutral.ttwstatic.com/obj/tiktok_web_login_static/tiktok/webapp/main/react-v18/webapp-desktop/static/js/npm-react.c57fe319.js:2:193121)
    at iE (https://sf16-website-login.neutral.ttwstatic.com/obj/tiktok_web_login_static/tiktok/webapp/main/react-v18/webapp-desktop/static/js/npm-react.c57fe319.js:2:176528)
2025-12-30 12:29:14,055 - TikTok.TimeSeriesScraper - DEBUG - [Browser ERROR] Error: Unable to determine theme from timezone. Falling back to local time-based method. Error: Timezone "Asia/Saigon" not found
    at w (https://sf16-website-login.neutral.ttwstatic.com/obj/tiktok_web_login_static/tiktok/webapp/main/react-v18/webapp-desktop/static/js/64709.b132f7f3.js:2:102006)
    at I (https://sf16-website-login.neutral.ttwstatic.com/obj/tiktok_web_login_static/tiktok/webapp/main/react-v18/webapp-desktop/static/js/webapp-desktop.b0db16dd.js:1:155831)
    at https://sf16-website-login.neutral.ttwstatic.com/obj/tiktok_web_login_static/tiktok/webapp/main/react-v18/webapp-desktop/static/js/webapp-desktop.b0db16dd.js:1:157092
    at lI (https://sf16-website-login.neutral.ttwstatic.com/obj/tiktok_web_login_static/tiktok/webapp/main/react-v18/webapp-desktop/static/js/npm-react.c57fe319.js:2:165676)
    at iU (https://sf16-website-login.neutral.ttwstatic.com/obj/tiktok_web_login_static/tiktok/webapp/main/react-v18/webapp-desktop/static/js/npm-react.c57fe319.js:2:194669)
    at iT (https://sf16-website-login.neutral.ttwstatic.com/obj/tiktok_web_login_static/tiktok/webapp/main/react-v18/webapp-desktop/static/js/npm-react.c57fe319.js:2:177525)
    at r6 (https://sf16-website-login.neutral.ttwstatic.com/obj/tiktok_web_login_static/tiktok/webapp/main/react-v18/webapp-desktop/static/js/npm-react.c57fe319.js:2:126479)
    at https://sf16-website-login.neutral.ttwstatic.com/obj/tiktok_web_login_static/tiktok/webapp/main/react-v18/webapp-desktop/static/js/npm-react.c57fe319.js:2:193115
    at i$ (https://sf16-website-login.neutral.ttwstatic.com/obj/tiktok_web_login_static/tiktok/webapp/main/react-v18/webapp-desktop/static/js/npm-react.c57fe319.js:2:193121)
    at iE (https://sf16-website-login.neutral.ttwstatic.com/obj/tiktok_web_login_static/tiktok/webapp/main/react-v18/webapp-desktop/static/js/npm-react.c57fe319.js:2:176528)
2025-12-30 12:29:15,459 - TikTok.TimeSeriesScraper - DEBUG - [Browser WARNING] The AudioContext was not allowed to start. It must be resumed (or created) after a user gesture on the page. https://developer.chrome.com/blog/autoplay/#web_audio
2025-12-30 12:29:16,375 - TikTok.TimeSeriesScraper - INFO - ✓ Browser ready!
2025-12-30 12:29:16,385 - TikTok.TimeSeriesScraper - INFO - ======================================================================
2025-12-30 12:29:16,391 - Crawler - INFO - 
[1/32] Processing: phuongmychiofficial
2025-12-30 12:29:16,396 - TikTok.TimeSeriesScraper - INFO - Starting time series scrape for @phuongmychiofficial
2025-12-30 12:29:16,401 - TikTok.TimeSeriesScraper - INFO - Using milestone: 2025-12-28 14:00:00
2025-12-30 12:29:16,406 - TikTok.TimeSeriesScraper - INFO - Date range: 2025-12-28 to 2025-12-30
2025-12-30 12:29:16,412 - TikTok.TimeSeriesScraper - INFO - Using milestone datetime: 2025-12-28 14:00:00
2025-12-30 12:29:16,416 - TikTok.TimeSeriesScraper - INFO - Navigating to @phuongmychiofficial...
2025-12-30 12:29:16,977 - TikTok.TimeSeriesScraper - DEBUG - [Browser WARNING] [00:05.389][warn][multiplex](1) demux waterlevel change to full, abort request
2025-12-30 12:29:17,539 - TikTok.TimeSeriesScraper - DEBUG - [Browser ERROR] Check show get coins entrance failed [object Response]
2025-12-30 12:29:18,548 - TikTok.TimeSeriesScraper - DEBUG - [Browser WARNING] Reflect is already polyfilled.
2025-12-30 12:29:18,593 - TikTok.TimeSeriesScraper - DEBUG - [Browser WARNING] AppContext will be overwritten
2025-12-30 12:29:18,597 - TikTok.TimeSeriesScraper - DEBUG - [Browser WARNING] AppContext will be overwritten
2025-12-30 12:29:18,599 - TikTok.TimeSeriesScraper - DEBUG - [Browser WARNING] AppContext will be overwritten
2025-12-30 12:29:18,600 - TikTok.TimeSeriesScraper - DEBUG - [Browser WARNING] AppContext will be overwritten
2025-12-30 12:29:18,600 - TikTok.TimeSeriesScraper - DEBUG - [Browser WARNING] AppContext will be overwritten
2025-12-30 12:29:18,601 - TikTok.TimeSeriesScraper - DEBUG - [Browser WARNING] AppContext will be overwritten
2025-12-30 12:29:18,602 - TikTok.TimeSeriesScraper - DEBUG - [Browser WARNING] AppContext will be overwritten
2025-12-30 12:29:18,603 - TikTok.TimeSeriesScraper - DEBUG - [Browser WARNING] AppContext will be overwritten
2025-12-30 12:29:18,648 - TikTok.TimeSeriesScraper - DEBUG - [Browser WARNING] AppContext will be overwritten
2025-12-30 12:29:18,658 - TikTok.TimeSeriesScraper - DEBUG - [Browser WARNING] AppContext will be overwritten
2025-12-30 12:29:18,659 - TikTok.TimeSeriesScraper - DEBUG - [Browser WARNING] loadable: `loadableReady()` requires state, please use `getScriptTags` or `getScriptElements` server-side
2025-12-30 12:29:18,776 - TikTok.TimeSeriesScraper - DEBUG - [Browser ERROR] prefetch image SyntaxError: Failed to execute 'json' on 'Response': Unexpected end of JSON input
    at https://sf16-website-login.neutral.ttwstatic.com/obj/tiktok_web_login_static/tiktok/webapp/main/react-v18/webapp-desktop/user-prefetch.46d1dc82.js:2:86732
    at Object.next (https://sf16-website-login.neutral.ttwstatic.com/obj/tiktok_web_login_static/tiktok/webapp/main/react-v18/webapp-desktop/user-prefetch.46d1dc82.js:2:20381)
    at e (https://sf16-website-login.neutral.ttwstatic.com/obj/tiktok_web_login_static/tiktok/webapp/main/react-v18/webapp-desktop/user-prefetch.46d1dc82.js:2:16717)
    at o (https://sf16-website-login.neutral.ttwstatic.com/obj/tiktok_web_login_static/tiktok/webapp/main/react-v18/webapp-desktop/user-prefetch.46d1dc82.js:2:16914)
    at https://sf16-website-login.neutral.ttwstatic.com/obj/tiktok_web_login_static/tiktok/webapp/main/react-v18/webapp-desktop/user-prefetch.46d1dc82.js:2:16973
    at new Promise (<anonymous>)
    at https://sf16-website-login.neutral.ttwstatic.com/obj/tiktok_web_login_static/tiktok/webapp/main/react-v18/webapp-desktop/user-prefetch.46d1dc82.js:2:16855
    at tT (https://sf16-website-login.neutral.ttwstatic.com/obj/tiktok_web_login_static/tiktok/webapp/main/react-v18/webapp-desktop/user-prefetch.46d1dc82.js:2:87096)
    at https://sf16-website-login.neutral.ttwstatic.com/obj/tiktok_web_login_static/tiktok/webapp/main/react-v18/webapp-desktop/user-prefetch.46d1dc82.js:2:91016
2025-12-30 12:29:18,908 - TikTok.TimeSeriesScraper - DEBUG - [Browser ERROR] Error: Unable to determine theme from timezone. Falling back to local time-based method. Error: Timezone "Asia/Saigon" not found
    at w (https://sf16-website-login.neutral.ttwstatic.com/obj/tiktok_web_login_static/tiktok/webapp/main/react-v18/webapp-desktop/static/js/64709.b132f7f3.js:2:102006)
    at I (https://sf16-website-login.neutral.ttwstatic.com/obj/tiktok_web_login_static/tiktok/webapp/main/react-v18/webapp-desktop/static/js/webapp-desktop.b0db16dd.js:1:155831)
    at https://sf16-website-login.neutral.ttwstatic.com/obj/tiktok_web_login_static/tiktok/webapp/main/react-v18/webapp-desktop/static/js/webapp-desktop.b0db16dd.js:1:157092
    at lI (https://sf16-website-login.neutral.ttwstatic.com/obj/tiktok_web_login_static/tiktok/webapp/main/react-v18/webapp-desktop/static/js/npm-react.c57fe319.js:2:165676)
    at iU (https://sf16-website-login.neutral.ttwstatic.com/obj/tiktok_web_login_static/tiktok/webapp/main/react-v18/webapp-desktop/static/js/npm-react.c57fe319.js:2:194669)
    at iT (https://sf16-website-login.neutral.ttwstatic.com/obj/tiktok_web_login_static/tiktok/webapp/main/react-v18/webapp-desktop/static/js/npm-react.c57fe319.js:2:177525)
    at r6 (https://sf16-website-login.neutral.ttwstatic.com/obj/tiktok_web_login_static/tiktok/webapp/main/react-v18/webapp-desktop/static/js/npm-react.c57fe319.js:2:126479)
    at https://sf16-website-login.neutral.ttwstatic.com/obj/tiktok_web_login_static/tiktok/webapp/main/react-v18/webapp-desktop/static/js/npm-react.c57fe319.js:2:193115
    at i$ (https://sf16-website-login.neutral.ttwstatic.com/obj/tiktok_web_login_static/tiktok/webapp/main/react-v18/webapp-desktop/static/js/npm-react.c57fe319.js:2:193121)
    at iE (https://sf16-website-login.neutral.ttwstatic.com/obj/tiktok_web_login_static/tiktok/webapp/main/react-v18/webapp-desktop/static/js/npm-react.c57fe319.js:2:176528)
2025-12-30 12:29:19,398 - TikTok.TimeSeriesScraper - DEBUG - Intercepted API response: https://www.tiktok.com/api/post/item_list/?WebIdLastTime=1767072551&aid=1988&app_language=en&app_nam
2025-12-30 12:29:20,026 - TikTok.TimeSeriesScraper - DEBUG - [Browser WARNING] [i18n] missing key [en] Webapp Close_button Close_button
2025-12-30 12:29:20,506 - TikTok.TimeSeriesScraper - DEBUG - [Browser WARNING] user post atom, error getItemList! Response
2025-12-30 12:29:21,256 - TikTok.TimeSeriesScraper - DEBUG - Intercepted API response: https://www.tiktok.com/api/post/item_list/?WebIdLastTime=1767072551&aid=1988&app_language=en&app_nam
2025-12-30 12:29:39,456 - TikTok.TimeSeriesScraper - WARNING - Video grid not found, continuing anyway...
2025-12-30 12:29:49,475 - TikTok.TimeSeriesScraper - INFO - Response status: 200
2025-12-30 12:29:49,475 - TikTok.TimeSeriesScraper - INFO - Response URL: https://www.tiktok.com/api/post/item_list/?WebIdLastTime=1767072551&aid=1988&app_language=en&app_nam
2025-12-30 12:29:49,475 - TikTok.TimeSeriesScraper - ERROR - Response body is None or empty!
2025-12-30 12:29:49,476 - TikTok.TimeSeriesScraper - INFO - Response status: 200
2025-12-30 12:29:49,476 - TikTok.TimeSeriesScraper - INFO - Response URL: https://www.tiktok.com/api/post/item_list/?WebIdLastTime=1767072551&aid=1988&app_language=en&app_nam
2025-12-30 12:29:49,476 - TikTok.TimeSeriesScraper - ERROR - Response body is None or empty!
2025-12-30 12:29:59,489 - TikTok.TimeSeriesScraper - INFO - Response status: 200
2025-12-30 12:29:59,489 - TikTok.TimeSeriesScraper - INFO - Response URL: https://www.tiktok.com/api/post/item_list/?WebIdLastTime=1767072551&aid=1988&app_language=en&app_nam
2025-12-30 12:29:59,489 - TikTok.TimeSeriesScraper - ERROR - Response body is None or empty!
2025-12-30 12:29:59,489 - TikTok.TimeSeriesScraper - INFO - Response status: 200
2025-12-30 12:29:59,489 - TikTok.TimeSeriesScraper - INFO - Response URL: https://www.tiktok.com/api/post/item_list/?WebIdLastTime=1767072551&aid=1988&app_language=en&app_nam
2025-12-30 12:29:59,489 - TikTok.TimeSeriesScraper - ERROR - Response body is None or empty!
2025-12-30 12:30:00,472 - TikTok.TimeSeriesScraper - INFO - Console logging stopped
2025-12-30 12:30:00,475 - TikTok.TimeSeriesScraper - INFO - Console logs saved to JSON: logs/console/console_20251230_123000.json
